[2025-12-14T15:13:18.257+0000] {taskinstance.py:1103} INFO - Dependencies all met for dep_context=non-requeueable deps ti=<TaskInstance: exchange_rates_batch_layer.spark_batch_layer scheduled__2025-12-13T00:00:00+00:00 [queued]>
[2025-12-14T15:13:18.281+0000] {taskinstance.py:1103} INFO - Dependencies all met for dep_context=requeueable deps ti=<TaskInstance: exchange_rates_batch_layer.spark_batch_layer scheduled__2025-12-13T00:00:00+00:00 [queued]>
[2025-12-14T15:13:18.283+0000] {taskinstance.py:1308} INFO - Starting attempt 2 of 2
[2025-12-14T15:13:18.322+0000] {taskinstance.py:1327} INFO - Executing <Task(SparkSubmitOperator): spark_batch_layer> on 2025-12-13 00:00:00+00:00
[2025-12-14T15:13:18.327+0000] {standard_task_runner.py:57} INFO - Started process 91 to run task
[2025-12-14T15:13:18.333+0000] {standard_task_runner.py:84} INFO - Running: ['airflow', 'tasks', 'run', 'exchange_rates_batch_layer', 'spark_batch_layer', 'scheduled__2025-12-13T00:00:00+00:00', '--job-id', '7', '--raw', '--subdir', 'DAGS_FOLDER/exchange_rates_batch_dag.py', '--cfg-path', '/tmp/tmpbb93ruds']
[2025-12-14T15:13:18.337+0000] {standard_task_runner.py:85} INFO - Job 7: Subtask spark_batch_layer
[2025-12-14T15:13:18.428+0000] {task_command.py:410} INFO - Running <TaskInstance: exchange_rates_batch_layer.spark_batch_layer scheduled__2025-12-13T00:00:00+00:00 [running]> on host 28da05533060
[2025-12-14T15:13:18.568+0000] {taskinstance.py:1547} INFO - Exporting env vars: AIRFLOW_CTX_DAG_OWNER='airflow' AIRFLOW_CTX_DAG_ID='exchange_rates_batch_layer' AIRFLOW_CTX_TASK_ID='spark_batch_layer' AIRFLOW_CTX_EXECUTION_DATE='2025-12-13T00:00:00+00:00' AIRFLOW_CTX_TRY_NUMBER='2' AIRFLOW_CTX_DAG_RUN_ID='scheduled__2025-12-13T00:00:00+00:00'
[2025-12-14T15:13:18.580+0000] {base.py:73} INFO - Using connection ID 'spark_default' for task execution.
[2025-12-14T15:13:18.585+0000] {spark_submit.py:339} INFO - Spark-Submit cmd: spark-submit --master yarn --packages org.apache.spark:spark-sql-kafka-0-10_2.12:3.5.0 --executor-memory 2g --driver-memory 1g --name ExchangeRatesBatchLayer --verbose --queue root.default /opt/spark/jobs/batch_layer.py
[2025-12-14T15:13:19.043+0000] {spark_submit.py:490} INFO - /home/airflow/.local/lib/python3.7/site-packages/pyspark/bin/load-spark-env.sh: line 68: ps: command not found
[2025-12-14T15:13:19.046+0000] {spark_submit.py:490} INFO - JAVA_HOME is not set
[2025-12-14T15:13:19.107+0000] {taskinstance.py:1824} ERROR - Task failed with exception
Traceback (most recent call last):
  File "/home/airflow/.local/lib/python3.7/site-packages/airflow/providers/apache/spark/operators/spark_submit.py", line 157, in execute
    self._hook.submit(self._application)
  File "/home/airflow/.local/lib/python3.7/site-packages/airflow/providers/apache/spark/hooks/spark_submit.py", line 422, in submit
    f"Cannot execute: {self._mask_cmd(spark_submit_cmd)}. Error code is: {returncode}."
airflow.exceptions.AirflowException: Cannot execute: spark-submit --master yarn --packages org.apache.spark:spark-sql-kafka-0-10_2.12:3.5.0 --executor-memory 2g --driver-memory 1g --name ExchangeRatesBatchLayer --verbose --queue root.default /opt/spark/jobs/batch_layer.py. Error code is: 1.
[2025-12-14T15:13:19.120+0000] {taskinstance.py:1350} INFO - Marking task as FAILED. dag_id=exchange_rates_batch_layer, task_id=spark_batch_layer, execution_date=20251213T000000, start_date=20251214T151318, end_date=20251214T151319
[2025-12-14T15:13:19.145+0000] {standard_task_runner.py:109} ERROR - Failed to execute job 7 for task spark_batch_layer (Cannot execute: spark-submit --master yarn --packages org.apache.spark:spark-sql-kafka-0-10_2.12:3.5.0 --executor-memory 2g --driver-memory 1g --name ExchangeRatesBatchLayer --verbose --queue root.default /opt/spark/jobs/batch_layer.py. Error code is: 1.; 91)
[2025-12-14T15:13:19.189+0000] {local_task_job_runner.py:225} INFO - Task exited with return code 1
[2025-12-14T15:13:19.297+0000] {taskinstance.py:2653} INFO - 0 downstream tasks scheduled from follow-on schedule check
