[2025-12-14T21:02:54.409+0000] {local_task_job_runner.py:123} INFO - ::group::Pre task execution logs
[2025-12-14T21:02:54.430+0000] {taskinstance.py:2603} INFO - Dependencies all met for dep_context=non-requeueable deps ti=<TaskInstance: batch_layer_pipeline.run_batch_layer scheduled__2025-12-14T20:00:00+00:00 [queued]>
[2025-12-14T21:02:54.442+0000] {taskinstance.py:2603} INFO - Dependencies all met for dep_context=requeueable deps ti=<TaskInstance: batch_layer_pipeline.run_batch_layer scheduled__2025-12-14T20:00:00+00:00 [queued]>
[2025-12-14T21:02:54.443+0000] {taskinstance.py:2856} INFO - Starting attempt 1 of 2
[2025-12-14T21:02:54.468+0000] {taskinstance.py:2879} INFO - Executing <Task(BashOperator): run_batch_layer> on 2025-12-14 20:00:00+00:00
[2025-12-14T21:02:54.472+0000] {standard_task_runner.py:72} INFO - Started process 120 to run task
[2025-12-14T21:02:54.476+0000] {standard_task_runner.py:104} INFO - Running: ['airflow', 'tasks', 'run', 'batch_layer_pipeline', 'run_batch_layer', 'scheduled__2025-12-14T20:00:00+00:00', '--job-id', '3', '--raw', '--subdir', 'DAGS_FOLDER/batch_pipeline_dag.py', '--cfg-path', '/tmp/tmp42zsqz67']
[2025-12-14T21:02:54.478+0000] {standard_task_runner.py:105} INFO - Job 3: Subtask run_batch_layer
[2025-12-14T21:02:54.542+0000] {task_command.py:467} INFO - Running <TaskInstance: batch_layer_pipeline.run_batch_layer scheduled__2025-12-14T20:00:00+00:00 [running]> on host f25e7924945e
[2025-12-14T21:02:54.653+0000] {taskinstance.py:3122} INFO - Exporting env vars: AIRFLOW_CTX_DAG_OWNER='airflow' AIRFLOW_CTX_DAG_ID='batch_layer_pipeline' AIRFLOW_CTX_TASK_ID='run_batch_layer' AIRFLOW_CTX_EXECUTION_DATE='2025-12-14T20:00:00+00:00' AIRFLOW_CTX_TRY_NUMBER='1' AIRFLOW_CTX_DAG_RUN_ID='scheduled__2025-12-14T20:00:00+00:00'
[2025-12-14T21:02:54.655+0000] {taskinstance.py:731} INFO - ::endgroup::
[2025-12-14T21:02:54.717+0000] {subprocess.py:63} INFO - Tmp dir root location: /tmp
[2025-12-14T21:02:54.718+0000] {subprocess.py:75} INFO - Running command: ['/usr/bin/bash', '-c', '\n        docker exec spark-master         /opt/spark/bin/spark-submit         --master spark://spark-master:7077         --driver-memory 1g         --executor-memory 1g         --packages org.apache.spark:spark-sql-kafka-0-10_2.12:3.5.0,org.apache.spark:spark-avro_2.12:3.5.0         /opt/spark/jobs/batch_layer.py\n        ']
[2025-12-14T21:02:54.727+0000] {subprocess.py:86} INFO - Output:
[2025-12-14T21:02:58.673+0000] {subprocess.py:93} INFO - :: loading settings :: url = jar:file:/opt/spark/jars/ivy-2.5.1.jar!/org/apache/ivy/core/settings/ivysettings.xml
[2025-12-14T21:02:58.824+0000] {subprocess.py:93} INFO - Ivy Default Cache set to: /home/spark/.ivy2/cache
[2025-12-14T21:02:58.825+0000] {subprocess.py:93} INFO - The jars for the packages stored in: /home/spark/.ivy2/jars
[2025-12-14T21:02:58.832+0000] {subprocess.py:93} INFO - org.apache.spark#spark-sql-kafka-0-10_2.12 added as a dependency
[2025-12-14T21:02:58.833+0000] {subprocess.py:93} INFO - org.apache.spark#spark-avro_2.12 added as a dependency
[2025-12-14T21:02:58.834+0000] {subprocess.py:93} INFO - :: resolving dependencies :: org.apache.spark#spark-submit-parent-ac22cfbf-02a6-4d0c-b672-89bd4dc936f9;1.0
[2025-12-14T21:02:58.835+0000] {subprocess.py:93} INFO - 	confs: [default]
[2025-12-14T21:03:02.204+0000] {subprocess.py:93} INFO - 	found org.apache.spark#spark-sql-kafka-0-10_2.12;3.5.0 in central
[2025-12-14T21:03:02.944+0000] {subprocess.py:93} INFO - 	found org.apache.spark#spark-token-provider-kafka-0-10_2.12;3.5.0 in central
[2025-12-14T21:03:03.231+0000] {subprocess.py:93} INFO - 	found org.apache.kafka#kafka-clients;3.4.1 in central
[2025-12-14T21:03:03.530+0000] {subprocess.py:93} INFO - 	found org.lz4#lz4-java;1.8.0 in central
[2025-12-14T21:03:03.864+0000] {subprocess.py:93} INFO - 	found org.xerial.snappy#snappy-java;1.1.10.3 in central
[2025-12-14T21:03:04.714+0000] {subprocess.py:93} INFO - 	found org.slf4j#slf4j-api;2.0.7 in central
[2025-12-14T21:03:06.070+0000] {subprocess.py:93} INFO - 	found org.apache.hadoop#hadoop-client-runtime;3.3.4 in central
[2025-12-14T21:03:06.311+0000] {subprocess.py:93} INFO - 	found org.apache.hadoop#hadoop-client-api;3.3.4 in central
[2025-12-14T21:03:07.817+0000] {subprocess.py:93} INFO - 	found commons-logging#commons-logging;1.1.3 in central
[2025-12-14T21:03:08.067+0000] {subprocess.py:93} INFO - 	found com.google.code.findbugs#jsr305;3.0.0 in central
[2025-12-14T21:03:09.867+0000] {subprocess.py:93} INFO - 	found org.apache.commons#commons-pool2;2.11.1 in central
[2025-12-14T21:03:10.112+0000] {subprocess.py:93} INFO - 	found org.apache.spark#spark-avro_2.12;3.5.0 in central
[2025-12-14T21:03:10.385+0000] {subprocess.py:93} INFO - 	found org.tukaani#xz;1.9 in central
[2025-12-14T21:03:10.613+0000] {subprocess.py:93} INFO - downloading https://repo1.maven.org/maven2/org/apache/spark/spark-sql-kafka-0-10_2.12/3.5.0/spark-sql-kafka-0-10_2.12-3.5.0.jar ...
[2025-12-14T21:03:10.919+0000] {subprocess.py:93} INFO - 	[SUCCESSFUL ] org.apache.spark#spark-sql-kafka-0-10_2.12;3.5.0!spark-sql-kafka-0-10_2.12.jar (520ms)
[2025-12-14T21:03:10.998+0000] {subprocess.py:93} INFO - downloading https://repo1.maven.org/maven2/org/apache/spark/spark-avro_2.12/3.5.0/spark-avro_2.12-3.5.0.jar ...
[2025-12-14T21:03:11.098+0000] {subprocess.py:93} INFO - 	[SUCCESSFUL ] org.apache.spark#spark-avro_2.12;3.5.0!spark-avro_2.12.jar (178ms)
[2025-12-14T21:03:11.171+0000] {subprocess.py:93} INFO - downloading https://repo1.maven.org/maven2/org/apache/spark/spark-token-provider-kafka-0-10_2.12/3.5.0/spark-token-provider-kafka-0-10_2.12-3.5.0.jar ...
[2025-12-14T21:03:11.271+0000] {subprocess.py:93} INFO - 	[SUCCESSFUL ] org.apache.spark#spark-token-provider-kafka-0-10_2.12;3.5.0!spark-token-provider-kafka-0-10_2.12.jar (164ms)
[2025-12-14T21:03:11.350+0000] {subprocess.py:93} INFO - downloading https://repo1.maven.org/maven2/org/apache/kafka/kafka-clients/3.4.1/kafka-clients-3.4.1.jar ...
[2025-12-14T21:03:12.808+0000] {subprocess.py:93} INFO - 	[SUCCESSFUL ] org.apache.kafka#kafka-clients;3.4.1!kafka-clients.jar (1542ms)
[2025-12-14T21:03:12.884+0000] {subprocess.py:93} INFO - downloading https://repo1.maven.org/maven2/com/google/code/findbugs/jsr305/3.0.0/jsr305-3.0.0.jar ...
[2025-12-14T21:03:12.981+0000] {subprocess.py:93} INFO - 	[SUCCESSFUL ] com.google.code.findbugs#jsr305;3.0.0!jsr305.jar (171ms)
[2025-12-14T21:03:13.065+0000] {subprocess.py:93} INFO - downloading https://repo1.maven.org/maven2/org/apache/commons/commons-pool2/2.11.1/commons-pool2-2.11.1.jar ...
[2025-12-14T21:03:13.184+0000] {subprocess.py:93} INFO - 	[SUCCESSFUL ] org.apache.commons#commons-pool2;2.11.1!commons-pool2.jar (197ms)
[2025-12-14T21:03:13.250+0000] {subprocess.py:93} INFO - downloading https://repo1.maven.org/maven2/org/apache/hadoop/hadoop-client-runtime/3.3.4/hadoop-client-runtime-3.3.4.jar ...
[2025-12-14T21:03:18.944+0000] {subprocess.py:93} INFO - 	[SUCCESSFUL ] org.apache.hadoop#hadoop-client-runtime;3.3.4!hadoop-client-runtime.jar (5764ms)
[2025-12-14T21:03:19.016+0000] {subprocess.py:93} INFO - downloading https://repo1.maven.org/maven2/org/lz4/lz4-java/1.8.0/lz4-java-1.8.0.jar ...
[2025-12-14T21:03:19.209+0000] {subprocess.py:93} INFO - 	[SUCCESSFUL ] org.lz4#lz4-java;1.8.0!lz4-java.jar (260ms)
[2025-12-14T21:03:19.286+0000] {subprocess.py:93} INFO - downloading https://repo1.maven.org/maven2/org/xerial/snappy/snappy-java/1.1.10.3/snappy-java-1.1.10.3.jar ...
[2025-12-14T21:03:19.657+0000] {subprocess.py:93} INFO - 	[SUCCESSFUL ] org.xerial.snappy#snappy-java;1.1.10.3!snappy-java.jar(bundle) (446ms)
[2025-12-14T21:03:19.731+0000] {subprocess.py:93} INFO - downloading https://repo1.maven.org/maven2/org/slf4j/slf4j-api/2.0.7/slf4j-api-2.0.7.jar ...
[2025-12-14T21:03:19.809+0000] {subprocess.py:93} INFO - 	[SUCCESSFUL ] org.slf4j#slf4j-api;2.0.7!slf4j-api.jar (150ms)
[2025-12-14T21:03:19.886+0000] {subprocess.py:93} INFO - downloading https://repo1.maven.org/maven2/org/apache/hadoop/hadoop-client-api/3.3.4/hadoop-client-api-3.3.4.jar ...
[2025-12-14T21:03:22.653+0000] {subprocess.py:93} INFO - 	[SUCCESSFUL ] org.apache.hadoop#hadoop-client-api;3.3.4!hadoop-client-api.jar (2840ms)
[2025-12-14T21:03:22.738+0000] {subprocess.py:93} INFO - downloading https://repo1.maven.org/maven2/commons-logging/commons-logging/1.1.3/commons-logging-1.1.3.jar ...
[2025-12-14T21:03:22.824+0000] {subprocess.py:93} INFO - 	[SUCCESSFUL ] commons-logging#commons-logging;1.1.3!commons-logging.jar (170ms)
[2025-12-14T21:03:22.913+0000] {subprocess.py:93} INFO - downloading https://repo1.maven.org/maven2/org/tukaani/xz/1.9/xz-1.9.jar ...
[2025-12-14T21:03:23.021+0000] {subprocess.py:93} INFO - 	[SUCCESSFUL ] org.tukaani#xz;1.9!xz.jar (184ms)
[2025-12-14T21:03:23.022+0000] {subprocess.py:93} INFO - :: resolution report :: resolve 11563ms :: artifacts dl 12614ms
[2025-12-14T21:03:23.022+0000] {subprocess.py:93} INFO - 	:: modules in use:
[2025-12-14T21:03:23.023+0000] {subprocess.py:93} INFO - 	com.google.code.findbugs#jsr305;3.0.0 from central in [default]
[2025-12-14T21:03:23.024+0000] {subprocess.py:93} INFO - 	commons-logging#commons-logging;1.1.3 from central in [default]
[2025-12-14T21:03:23.024+0000] {subprocess.py:93} INFO - 	org.apache.commons#commons-pool2;2.11.1 from central in [default]
[2025-12-14T21:03:23.025+0000] {subprocess.py:93} INFO - 	org.apache.hadoop#hadoop-client-api;3.3.4 from central in [default]
[2025-12-14T21:03:23.026+0000] {subprocess.py:93} INFO - 	org.apache.hadoop#hadoop-client-runtime;3.3.4 from central in [default]
[2025-12-14T21:03:23.027+0000] {subprocess.py:93} INFO - 	org.apache.kafka#kafka-clients;3.4.1 from central in [default]
[2025-12-14T21:03:23.027+0000] {subprocess.py:93} INFO - 	org.apache.spark#spark-avro_2.12;3.5.0 from central in [default]
[2025-12-14T21:03:23.029+0000] {subprocess.py:93} INFO - 	org.apache.spark#spark-sql-kafka-0-10_2.12;3.5.0 from central in [default]
[2025-12-14T21:03:23.030+0000] {subprocess.py:93} INFO - 	org.apache.spark#spark-token-provider-kafka-0-10_2.12;3.5.0 from central in [default]
[2025-12-14T21:03:23.031+0000] {subprocess.py:93} INFO - 	org.lz4#lz4-java;1.8.0 from central in [default]
[2025-12-14T21:03:23.031+0000] {subprocess.py:93} INFO - 	org.slf4j#slf4j-api;2.0.7 from central in [default]
[2025-12-14T21:03:23.032+0000] {subprocess.py:93} INFO - 	org.tukaani#xz;1.9 from central in [default]
[2025-12-14T21:03:23.032+0000] {subprocess.py:93} INFO - 	org.xerial.snappy#snappy-java;1.1.10.3 from central in [default]
[2025-12-14T21:03:23.033+0000] {subprocess.py:93} INFO - 	---------------------------------------------------------------------
[2025-12-14T21:03:23.035+0000] {subprocess.py:93} INFO - 	|                  |            modules            ||   artifacts   |
[2025-12-14T21:03:23.036+0000] {subprocess.py:93} INFO - 	|       conf       | number| search|dwnlded|evicted|| number|dwnlded|
[2025-12-14T21:03:23.036+0000] {subprocess.py:93} INFO - 	---------------------------------------------------------------------
[2025-12-14T21:03:23.037+0000] {subprocess.py:93} INFO - 	|      default     |   13  |   13  |   13  |   0   ||   13  |   13  |
[2025-12-14T21:03:23.037+0000] {subprocess.py:93} INFO - 	---------------------------------------------------------------------
[2025-12-14T21:03:23.038+0000] {subprocess.py:93} INFO - :: retrieving :: org.apache.spark#spark-submit-parent-ac22cfbf-02a6-4d0c-b672-89bd4dc936f9
[2025-12-14T21:03:23.038+0000] {subprocess.py:93} INFO - 	confs: [default]
[2025-12-14T21:03:23.116+0000] {subprocess.py:93} INFO - 	13 artifacts copied, 0 already retrieved (57081kB/91ms)
[2025-12-14T21:03:23.652+0000] {subprocess.py:93} INFO - 25/12/14 21:03:23 WARN NativeCodeLoader: Unable to load native-hadoop library for your platform... using builtin-java classes where applicable
[2025-12-14T21:03:25.275+0000] {subprocess.py:93} INFO - 25/12/14 21:03:25 INFO SparkContext: Running Spark version 3.5.0
[2025-12-14T21:03:25.276+0000] {subprocess.py:93} INFO - 25/12/14 21:03:25 INFO SparkContext: OS info Linux, 5.15.167.4-microsoft-standard-WSL2, amd64
[2025-12-14T21:03:25.277+0000] {subprocess.py:93} INFO - 25/12/14 21:03:25 INFO SparkContext: Java version 11.0.20.1
[2025-12-14T21:03:25.321+0000] {subprocess.py:93} INFO - 25/12/14 21:03:25 INFO ResourceUtils: ==============================================================
[2025-12-14T21:03:25.322+0000] {subprocess.py:93} INFO - 25/12/14 21:03:25 INFO ResourceUtils: No custom resources configured for spark.driver.
[2025-12-14T21:03:25.332+0000] {subprocess.py:93} INFO - 25/12/14 21:03:25 INFO ResourceUtils: ==============================================================
[2025-12-14T21:03:25.336+0000] {subprocess.py:93} INFO - 25/12/14 21:03:25 INFO SparkContext: Submitted application: ExchangeRatesBatchLayer
[2025-12-14T21:03:25.393+0000] {subprocess.py:93} INFO - 25/12/14 21:03:25 INFO ResourceProfile: Default ResourceProfile created, executor resources: Map(memory -> name: memory, amount: 1024, script: , vendor: , offHeap -> name: offHeap, amount: 0, script: , vendor: ), task resources: Map(cpus -> name: cpus, amount: 1.0)
[2025-12-14T21:03:25.423+0000] {subprocess.py:93} INFO - 25/12/14 21:03:25 INFO ResourceProfile: Limiting resource is cpu
[2025-12-14T21:03:25.427+0000] {subprocess.py:93} INFO - 25/12/14 21:03:25 INFO ResourceProfileManager: Added ResourceProfile id: 0
[2025-12-14T21:03:25.593+0000] {subprocess.py:93} INFO - 25/12/14 21:03:25 INFO SecurityManager: Changing view acls to: spark
[2025-12-14T21:03:25.594+0000] {subprocess.py:93} INFO - 25/12/14 21:03:25 INFO SecurityManager: Changing modify acls to: spark
[2025-12-14T21:03:25.596+0000] {subprocess.py:93} INFO - 25/12/14 21:03:25 INFO SecurityManager: Changing view acls groups to:
[2025-12-14T21:03:25.598+0000] {subprocess.py:93} INFO - 25/12/14 21:03:25 INFO SecurityManager: Changing modify acls groups to:
[2025-12-14T21:03:25.599+0000] {subprocess.py:93} INFO - 25/12/14 21:03:25 INFO SecurityManager: SecurityManager: authentication disabled; ui acls disabled; users with view permissions: spark; groups with view permissions: EMPTY; users with modify permissions: spark; groups with modify permissions: EMPTY
[2025-12-14T21:03:25.944+0000] {subprocess.py:93} INFO - 25/12/14 21:03:25 INFO Utils: Successfully started service 'sparkDriver' on port 46465.
[2025-12-14T21:03:25.982+0000] {subprocess.py:93} INFO - 25/12/14 21:03:25 INFO SparkEnv: Registering MapOutputTracker
[2025-12-14T21:03:26.037+0000] {subprocess.py:93} INFO - 25/12/14 21:03:26 INFO SparkEnv: Registering BlockManagerMaster
[2025-12-14T21:03:26.068+0000] {subprocess.py:93} INFO - 25/12/14 21:03:26 INFO BlockManagerMasterEndpoint: Using org.apache.spark.storage.DefaultTopologyMapper for getting topology information
[2025-12-14T21:03:26.069+0000] {subprocess.py:93} INFO - 25/12/14 21:03:26 INFO BlockManagerMasterEndpoint: BlockManagerMasterEndpoint up
[2025-12-14T21:03:26.075+0000] {subprocess.py:93} INFO - 25/12/14 21:03:26 INFO SparkEnv: Registering BlockManagerMasterHeartbeat
[2025-12-14T21:03:26.104+0000] {subprocess.py:93} INFO - 25/12/14 21:03:26 INFO DiskBlockManager: Created local directory at /tmp/blockmgr-6349259b-4005-43fc-9597-c53dcf144956
[2025-12-14T21:03:26.130+0000] {subprocess.py:93} INFO - 25/12/14 21:03:26 INFO MemoryStore: MemoryStore started with capacity 434.4 MiB
[2025-12-14T21:03:26.153+0000] {subprocess.py:93} INFO - 25/12/14 21:03:26 INFO SparkEnv: Registering OutputCommitCoordinator
[2025-12-14T21:03:26.320+0000] {subprocess.py:93} INFO - 25/12/14 21:03:26 INFO JettyUtils: Start Jetty 0.0.0.0:4040 for SparkUI
[2025-12-14T21:03:26.402+0000] {subprocess.py:93} INFO - 25/12/14 21:03:26 INFO Utils: Successfully started service 'SparkUI' on port 4040.
[2025-12-14T21:03:26.465+0000] {subprocess.py:93} INFO - 25/12/14 21:03:26 INFO SparkContext: Added JAR file:///home/spark/.ivy2/jars/org.apache.spark_spark-sql-kafka-0-10_2.12-3.5.0.jar at spark://b9c93a2c0a22:46465/jars/org.apache.spark_spark-sql-kafka-0-10_2.12-3.5.0.jar with timestamp 1765746205246
[2025-12-14T21:03:26.466+0000] {subprocess.py:93} INFO - 25/12/14 21:03:26 INFO SparkContext: Added JAR file:///home/spark/.ivy2/jars/org.apache.spark_spark-avro_2.12-3.5.0.jar at spark://b9c93a2c0a22:46465/jars/org.apache.spark_spark-avro_2.12-3.5.0.jar with timestamp 1765746205246
[2025-12-14T21:03:26.468+0000] {subprocess.py:93} INFO - 25/12/14 21:03:26 INFO SparkContext: Added JAR file:///home/spark/.ivy2/jars/org.apache.spark_spark-token-provider-kafka-0-10_2.12-3.5.0.jar at spark://b9c93a2c0a22:46465/jars/org.apache.spark_spark-token-provider-kafka-0-10_2.12-3.5.0.jar with timestamp 1765746205246
[2025-12-14T21:03:26.469+0000] {subprocess.py:93} INFO - 25/12/14 21:03:26 INFO SparkContext: Added JAR file:///home/spark/.ivy2/jars/org.apache.kafka_kafka-clients-3.4.1.jar at spark://b9c93a2c0a22:46465/jars/org.apache.kafka_kafka-clients-3.4.1.jar with timestamp 1765746205246
[2025-12-14T21:03:26.470+0000] {subprocess.py:93} INFO - 25/12/14 21:03:26 INFO SparkContext: Added JAR file:///home/spark/.ivy2/jars/com.google.code.findbugs_jsr305-3.0.0.jar at spark://b9c93a2c0a22:46465/jars/com.google.code.findbugs_jsr305-3.0.0.jar with timestamp 1765746205246
[2025-12-14T21:03:26.471+0000] {subprocess.py:93} INFO - 25/12/14 21:03:26 INFO SparkContext: Added JAR file:///home/spark/.ivy2/jars/org.apache.commons_commons-pool2-2.11.1.jar at spark://b9c93a2c0a22:46465/jars/org.apache.commons_commons-pool2-2.11.1.jar with timestamp 1765746205246
[2025-12-14T21:03:26.472+0000] {subprocess.py:93} INFO - 25/12/14 21:03:26 INFO SparkContext: Added JAR file:///home/spark/.ivy2/jars/org.apache.hadoop_hadoop-client-runtime-3.3.4.jar at spark://b9c93a2c0a22:46465/jars/org.apache.hadoop_hadoop-client-runtime-3.3.4.jar with timestamp 1765746205246
[2025-12-14T21:03:26.473+0000] {subprocess.py:93} INFO - 25/12/14 21:03:26 INFO SparkContext: Added JAR file:///home/spark/.ivy2/jars/org.lz4_lz4-java-1.8.0.jar at spark://b9c93a2c0a22:46465/jars/org.lz4_lz4-java-1.8.0.jar with timestamp 1765746205246
[2025-12-14T21:03:26.473+0000] {subprocess.py:93} INFO - 25/12/14 21:03:26 INFO SparkContext: Added JAR file:///home/spark/.ivy2/jars/org.xerial.snappy_snappy-java-1.1.10.3.jar at spark://b9c93a2c0a22:46465/jars/org.xerial.snappy_snappy-java-1.1.10.3.jar with timestamp 1765746205246
[2025-12-14T21:03:26.474+0000] {subprocess.py:93} INFO - 25/12/14 21:03:26 INFO SparkContext: Added JAR file:///home/spark/.ivy2/jars/org.slf4j_slf4j-api-2.0.7.jar at spark://b9c93a2c0a22:46465/jars/org.slf4j_slf4j-api-2.0.7.jar with timestamp 1765746205246
[2025-12-14T21:03:26.476+0000] {subprocess.py:93} INFO - 25/12/14 21:03:26 INFO SparkContext: Added JAR file:///home/spark/.ivy2/jars/org.apache.hadoop_hadoop-client-api-3.3.4.jar at spark://b9c93a2c0a22:46465/jars/org.apache.hadoop_hadoop-client-api-3.3.4.jar with timestamp 1765746205246
[2025-12-14T21:03:26.477+0000] {subprocess.py:93} INFO - 25/12/14 21:03:26 INFO SparkContext: Added JAR file:///home/spark/.ivy2/jars/commons-logging_commons-logging-1.1.3.jar at spark://b9c93a2c0a22:46465/jars/commons-logging_commons-logging-1.1.3.jar with timestamp 1765746205246
[2025-12-14T21:03:26.478+0000] {subprocess.py:93} INFO - 25/12/14 21:03:26 INFO SparkContext: Added JAR file:///home/spark/.ivy2/jars/org.tukaani_xz-1.9.jar at spark://b9c93a2c0a22:46465/jars/org.tukaani_xz-1.9.jar with timestamp 1765746205246
[2025-12-14T21:03:26.482+0000] {subprocess.py:93} INFO - 25/12/14 21:03:26 INFO SparkContext: Added file file:///home/spark/.ivy2/jars/org.apache.spark_spark-sql-kafka-0-10_2.12-3.5.0.jar at spark://b9c93a2c0a22:46465/files/org.apache.spark_spark-sql-kafka-0-10_2.12-3.5.0.jar with timestamp 1765746205246
[2025-12-14T21:03:26.485+0000] {subprocess.py:93} INFO - 25/12/14 21:03:26 INFO Utils: Copying /home/spark/.ivy2/jars/org.apache.spark_spark-sql-kafka-0-10_2.12-3.5.0.jar to /tmp/spark-d579185a-0ccc-498c-b1f6-763c28ec1095/userFiles-ed06b8ba-4232-4233-9f35-955c8acbd2bc/org.apache.spark_spark-sql-kafka-0-10_2.12-3.5.0.jar
[2025-12-14T21:03:26.501+0000] {subprocess.py:93} INFO - 25/12/14 21:03:26 INFO SparkContext: Added file file:///home/spark/.ivy2/jars/org.apache.spark_spark-avro_2.12-3.5.0.jar at spark://b9c93a2c0a22:46465/files/org.apache.spark_spark-avro_2.12-3.5.0.jar with timestamp 1765746205246
[2025-12-14T21:03:26.502+0000] {subprocess.py:93} INFO - 25/12/14 21:03:26 INFO Utils: Copying /home/spark/.ivy2/jars/org.apache.spark_spark-avro_2.12-3.5.0.jar to /tmp/spark-d579185a-0ccc-498c-b1f6-763c28ec1095/userFiles-ed06b8ba-4232-4233-9f35-955c8acbd2bc/org.apache.spark_spark-avro_2.12-3.5.0.jar
[2025-12-14T21:03:26.507+0000] {subprocess.py:93} INFO - 25/12/14 21:03:26 INFO SparkContext: Added file file:///home/spark/.ivy2/jars/org.apache.spark_spark-token-provider-kafka-0-10_2.12-3.5.0.jar at spark://b9c93a2c0a22:46465/files/org.apache.spark_spark-token-provider-kafka-0-10_2.12-3.5.0.jar with timestamp 1765746205246
[2025-12-14T21:03:26.507+0000] {subprocess.py:93} INFO - 25/12/14 21:03:26 INFO Utils: Copying /home/spark/.ivy2/jars/org.apache.spark_spark-token-provider-kafka-0-10_2.12-3.5.0.jar to /tmp/spark-d579185a-0ccc-498c-b1f6-763c28ec1095/userFiles-ed06b8ba-4232-4233-9f35-955c8acbd2bc/org.apache.spark_spark-token-provider-kafka-0-10_2.12-3.5.0.jar
[2025-12-14T21:03:26.514+0000] {subprocess.py:93} INFO - 25/12/14 21:03:26 INFO SparkContext: Added file file:///home/spark/.ivy2/jars/org.apache.kafka_kafka-clients-3.4.1.jar at spark://b9c93a2c0a22:46465/files/org.apache.kafka_kafka-clients-3.4.1.jar with timestamp 1765746205246
[2025-12-14T21:03:26.515+0000] {subprocess.py:93} INFO - 25/12/14 21:03:26 INFO Utils: Copying /home/spark/.ivy2/jars/org.apache.kafka_kafka-clients-3.4.1.jar to /tmp/spark-d579185a-0ccc-498c-b1f6-763c28ec1095/userFiles-ed06b8ba-4232-4233-9f35-955c8acbd2bc/org.apache.kafka_kafka-clients-3.4.1.jar
[2025-12-14T21:03:26.544+0000] {subprocess.py:93} INFO - 25/12/14 21:03:26 INFO SparkContext: Added file file:///home/spark/.ivy2/jars/com.google.code.findbugs_jsr305-3.0.0.jar at spark://b9c93a2c0a22:46465/files/com.google.code.findbugs_jsr305-3.0.0.jar with timestamp 1765746205246
[2025-12-14T21:03:26.545+0000] {subprocess.py:93} INFO - 25/12/14 21:03:26 INFO Utils: Copying /home/spark/.ivy2/jars/com.google.code.findbugs_jsr305-3.0.0.jar to /tmp/spark-d579185a-0ccc-498c-b1f6-763c28ec1095/userFiles-ed06b8ba-4232-4233-9f35-955c8acbd2bc/com.google.code.findbugs_jsr305-3.0.0.jar
[2025-12-14T21:03:26.550+0000] {subprocess.py:93} INFO - 25/12/14 21:03:26 INFO SparkContext: Added file file:///home/spark/.ivy2/jars/org.apache.commons_commons-pool2-2.11.1.jar at spark://b9c93a2c0a22:46465/files/org.apache.commons_commons-pool2-2.11.1.jar with timestamp 1765746205246
[2025-12-14T21:03:26.551+0000] {subprocess.py:93} INFO - 25/12/14 21:03:26 INFO Utils: Copying /home/spark/.ivy2/jars/org.apache.commons_commons-pool2-2.11.1.jar to /tmp/spark-d579185a-0ccc-498c-b1f6-763c28ec1095/userFiles-ed06b8ba-4232-4233-9f35-955c8acbd2bc/org.apache.commons_commons-pool2-2.11.1.jar
[2025-12-14T21:03:26.560+0000] {subprocess.py:93} INFO - 25/12/14 21:03:26 INFO SparkContext: Added file file:///home/spark/.ivy2/jars/org.apache.hadoop_hadoop-client-runtime-3.3.4.jar at spark://b9c93a2c0a22:46465/files/org.apache.hadoop_hadoop-client-runtime-3.3.4.jar with timestamp 1765746205246
[2025-12-14T21:03:26.561+0000] {subprocess.py:93} INFO - 25/12/14 21:03:26 INFO Utils: Copying /home/spark/.ivy2/jars/org.apache.hadoop_hadoop-client-runtime-3.3.4.jar to /tmp/spark-d579185a-0ccc-498c-b1f6-763c28ec1095/userFiles-ed06b8ba-4232-4233-9f35-955c8acbd2bc/org.apache.hadoop_hadoop-client-runtime-3.3.4.jar
[2025-12-14T21:03:26.602+0000] {subprocess.py:93} INFO - 25/12/14 21:03:26 INFO SparkContext: Added file file:///home/spark/.ivy2/jars/org.lz4_lz4-java-1.8.0.jar at spark://b9c93a2c0a22:46465/files/org.lz4_lz4-java-1.8.0.jar with timestamp 1765746205246
[2025-12-14T21:03:26.603+0000] {subprocess.py:93} INFO - 25/12/14 21:03:26 INFO Utils: Copying /home/spark/.ivy2/jars/org.lz4_lz4-java-1.8.0.jar to /tmp/spark-d579185a-0ccc-498c-b1f6-763c28ec1095/userFiles-ed06b8ba-4232-4233-9f35-955c8acbd2bc/org.lz4_lz4-java-1.8.0.jar
[2025-12-14T21:03:26.608+0000] {subprocess.py:93} INFO - 25/12/14 21:03:26 INFO SparkContext: Added file file:///home/spark/.ivy2/jars/org.xerial.snappy_snappy-java-1.1.10.3.jar at spark://b9c93a2c0a22:46465/files/org.xerial.snappy_snappy-java-1.1.10.3.jar with timestamp 1765746205246
[2025-12-14T21:03:26.609+0000] {subprocess.py:93} INFO - 25/12/14 21:03:26 INFO Utils: Copying /home/spark/.ivy2/jars/org.xerial.snappy_snappy-java-1.1.10.3.jar to /tmp/spark-d579185a-0ccc-498c-b1f6-763c28ec1095/userFiles-ed06b8ba-4232-4233-9f35-955c8acbd2bc/org.xerial.snappy_snappy-java-1.1.10.3.jar
[2025-12-14T21:03:26.619+0000] {subprocess.py:93} INFO - 25/12/14 21:03:26 INFO SparkContext: Added file file:///home/spark/.ivy2/jars/org.slf4j_slf4j-api-2.0.7.jar at spark://b9c93a2c0a22:46465/files/org.slf4j_slf4j-api-2.0.7.jar with timestamp 1765746205246
[2025-12-14T21:03:26.620+0000] {subprocess.py:93} INFO - 25/12/14 21:03:26 INFO Utils: Copying /home/spark/.ivy2/jars/org.slf4j_slf4j-api-2.0.7.jar to /tmp/spark-d579185a-0ccc-498c-b1f6-763c28ec1095/userFiles-ed06b8ba-4232-4233-9f35-955c8acbd2bc/org.slf4j_slf4j-api-2.0.7.jar
[2025-12-14T21:03:26.625+0000] {subprocess.py:93} INFO - 25/12/14 21:03:26 INFO SparkContext: Added file file:///home/spark/.ivy2/jars/org.apache.hadoop_hadoop-client-api-3.3.4.jar at spark://b9c93a2c0a22:46465/files/org.apache.hadoop_hadoop-client-api-3.3.4.jar with timestamp 1765746205246
[2025-12-14T21:03:26.626+0000] {subprocess.py:93} INFO - 25/12/14 21:03:26 INFO Utils: Copying /home/spark/.ivy2/jars/org.apache.hadoop_hadoop-client-api-3.3.4.jar to /tmp/spark-d579185a-0ccc-498c-b1f6-763c28ec1095/userFiles-ed06b8ba-4232-4233-9f35-955c8acbd2bc/org.apache.hadoop_hadoop-client-api-3.3.4.jar
[2025-12-14T21:03:26.657+0000] {subprocess.py:93} INFO - 25/12/14 21:03:26 INFO SparkContext: Added file file:///home/spark/.ivy2/jars/commons-logging_commons-logging-1.1.3.jar at spark://b9c93a2c0a22:46465/files/commons-logging_commons-logging-1.1.3.jar with timestamp 1765746205246
[2025-12-14T21:03:26.658+0000] {subprocess.py:93} INFO - 25/12/14 21:03:26 INFO Utils: Copying /home/spark/.ivy2/jars/commons-logging_commons-logging-1.1.3.jar to /tmp/spark-d579185a-0ccc-498c-b1f6-763c28ec1095/userFiles-ed06b8ba-4232-4233-9f35-955c8acbd2bc/commons-logging_commons-logging-1.1.3.jar
[2025-12-14T21:03:26.665+0000] {subprocess.py:93} INFO - 25/12/14 21:03:26 INFO SparkContext: Added file file:///home/spark/.ivy2/jars/org.tukaani_xz-1.9.jar at spark://b9c93a2c0a22:46465/files/org.tukaani_xz-1.9.jar with timestamp 1765746205246
[2025-12-14T21:03:26.666+0000] {subprocess.py:93} INFO - 25/12/14 21:03:26 INFO Utils: Copying /home/spark/.ivy2/jars/org.tukaani_xz-1.9.jar to /tmp/spark-d579185a-0ccc-498c-b1f6-763c28ec1095/userFiles-ed06b8ba-4232-4233-9f35-955c8acbd2bc/org.tukaani_xz-1.9.jar
[2025-12-14T21:03:26.813+0000] {subprocess.py:93} INFO - 25/12/14 21:03:26 INFO StandaloneAppClient$ClientEndpoint: Connecting to master spark://spark-master:7077...
[2025-12-14T21:03:26.893+0000] {subprocess.py:93} INFO - 25/12/14 21:03:26 INFO TransportClientFactory: Successfully created connection to spark-master/172.18.0.5:7077 after 50 ms (0 ms spent in bootstraps)
[2025-12-14T21:03:27.426+0000] {subprocess.py:93} INFO - 25/12/14 21:03:27 INFO StandaloneSchedulerBackend: Connected to Spark cluster with app ID app-20251214210327-0000
[2025-12-14T21:03:27.452+0000] {subprocess.py:93} INFO - 25/12/14 21:03:27 INFO Utils: Successfully started service 'org.apache.spark.network.netty.NettyBlockTransferService' on port 41633.
[2025-12-14T21:03:27.454+0000] {subprocess.py:93} INFO - 25/12/14 21:03:27 INFO NettyBlockTransferService: Server created on b9c93a2c0a22:41633
[2025-12-14T21:03:27.456+0000] {subprocess.py:93} INFO - 25/12/14 21:03:27 INFO BlockManager: Using org.apache.spark.storage.RandomBlockReplicationPolicy for block replication policy
[2025-12-14T21:03:27.471+0000] {subprocess.py:93} INFO - 25/12/14 21:03:27 INFO BlockManagerMaster: Registering BlockManager BlockManagerId(driver, b9c93a2c0a22, 41633, None)
[2025-12-14T21:03:27.477+0000] {subprocess.py:93} INFO - 25/12/14 21:03:27 INFO BlockManagerMasterEndpoint: Registering block manager b9c93a2c0a22:41633 with 434.4 MiB RAM, BlockManagerId(driver, b9c93a2c0a22, 41633, None)
[2025-12-14T21:03:27.493+0000] {subprocess.py:93} INFO - 25/12/14 21:03:27 INFO BlockManagerMaster: Registered BlockManager BlockManagerId(driver, b9c93a2c0a22, 41633, None)
[2025-12-14T21:03:27.496+0000] {subprocess.py:93} INFO - 25/12/14 21:03:27 INFO BlockManager: Initialized BlockManager: BlockManagerId(driver, b9c93a2c0a22, 41633, None)
[2025-12-14T21:03:27.568+0000] {subprocess.py:93} INFO - 25/12/14 21:03:27 INFO StandaloneAppClient$ClientEndpoint: Executor added: app-20251214210327-0000/0 on worker-20251214205119-172.18.0.6-37287 (172.18.0.6:37287) with 2 core(s)
[2025-12-14T21:03:27.575+0000] {subprocess.py:93} INFO - 25/12/14 21:03:27 INFO StandaloneSchedulerBackend: Granted executor ID app-20251214210327-0000/0 on hostPort 172.18.0.6:37287 with 2 core(s), 1024.0 MiB RAM
[2025-12-14T21:03:28.086+0000] {subprocess.py:93} INFO - 25/12/14 21:03:28 INFO StandaloneAppClient$ClientEndpoint: Executor updated: app-20251214210327-0000/0 is now RUNNING
[2025-12-14T21:03:28.374+0000] {subprocess.py:93} INFO - 25/12/14 21:03:28 INFO StandaloneSchedulerBackend: SchedulerBackend is ready for scheduling beginning after reached minRegisteredResourcesRatio: 0.0
[2025-12-14T21:03:38.322+0000] {subprocess.py:93} INFO - 25/12/14 21:03:38 WARN HiveConf: HiveConf of name hive.stats.jdbc.timeout does not exist
[2025-12-14T21:03:38.326+0000] {subprocess.py:93} INFO - 25/12/14 21:03:38 WARN HiveConf: HiveConf of name hive.stats.retries.wait does not exist
[2025-12-14T21:03:44.373+0000] {subprocess.py:93} INFO - 25/12/14 21:03:44 WARN ObjectStore: Version information not found in metastore. hive.metastore.schema.verification is not enabled so recording the schema version 2.3.0
[2025-12-14T21:03:44.374+0000] {subprocess.py:93} INFO - 25/12/14 21:03:44 WARN ObjectStore: setMetaStoreSchemaVersion called but recording version is disabled: version = 2.3.0, comment = Set by MetaStore UNKNOWN@172.18.0.5
[2025-12-14T21:03:44.415+0000] {subprocess.py:93} INFO - 25/12/14 21:03:44 WARN ObjectStore: Failed to get database default, returning NoSuchObjectException
[2025-12-14T21:03:45.069+0000] {subprocess.py:93} INFO - 25/12/14 21:03:45 WARN SessionState: METASTORE_FILTER_HOOK will be ignored, since hive.security.authorization.manager is set to instance of HiveAuthorizerFactory.
[2025-12-14T21:03:45.313+0000] {subprocess.py:93} INFO - 25/12/14 21:03:45 WARN HiveConf: HiveConf of name hive.internal.ss.authz.settings.applied.marker does not exist
[2025-12-14T21:03:45.315+0000] {subprocess.py:93} INFO - 25/12/14 21:03:45 WARN HiveConf: HiveConf of name hive.stats.jdbc.timeout does not exist
[2025-12-14T21:03:45.316+0000] {subprocess.py:93} INFO - 25/12/14 21:03:45 WARN HiveConf: HiveConf of name hive.stats.retries.wait does not exist
[2025-12-14T21:03:45.333+0000] {subprocess.py:93} INFO - 25/12/14 21:03:45 WARN HiveMetaStore: Location: file:/opt/spark/work-dir/spark-warehouse/exchange_rates_master specified for non-external table:exchange_rates_master
[2025-12-14T21:03:50.410+0000] {subprocess.py:93} INFO - 25/12/14 21:03:50 WARN ClientUtils: Couldn't resolve server kafka:29092 from bootstrap.servers as DNS resolution failed for kafka
[2025-12-14T21:03:50.615+0000] {subprocess.py:93} INFO - Traceback (most recent call last):
[2025-12-14T21:03:50.616+0000] {subprocess.py:93} INFO -   File "/opt/spark/jobs/batch_layer.py", line 70, in <module>
[2025-12-14T21:03:50.618+0000] {subprocess.py:93} INFO -     rates_df.write \
[2025-12-14T21:03:50.619+0000] {subprocess.py:93} INFO -   File "/opt/spark/python/lib/pyspark.zip/pyspark/sql/readwriter.py", line 1586, in saveAsTable
[2025-12-14T21:03:50.620+0000] {subprocess.py:93} INFO -   File "/opt/spark/python/lib/py4j-0.10.9.7-src.zip/py4j/java_gateway.py", line 1322, in __call__
[2025-12-14T21:03:50.621+0000] {subprocess.py:93} INFO -   File "/opt/spark/python/lib/pyspark.zip/pyspark/errors/exceptions/captured.py", line 179, in deco
[2025-12-14T21:03:50.622+0000] {subprocess.py:93} INFO -   File "/opt/spark/python/lib/py4j-0.10.9.7-src.zip/py4j/protocol.py", line 326, in get_return_value
[2025-12-14T21:03:50.666+0000] {subprocess.py:93} INFO - py4j.protocol.Py4JJavaError: An error occurred while calling o65.saveAsTable.
[2025-12-14T21:03:50.667+0000] {subprocess.py:93} INFO - : org.apache.kafka.common.KafkaException: Failed to create new KafkaAdminClient
[2025-12-14T21:03:50.667+0000] {subprocess.py:93} INFO - 	at org.apache.kafka.clients.admin.KafkaAdminClient.createInternal(KafkaAdminClient.java:551)
[2025-12-14T21:03:50.668+0000] {subprocess.py:93} INFO - 	at org.apache.kafka.clients.admin.Admin.create(Admin.java:144)
[2025-12-14T21:03:50.669+0000] {subprocess.py:93} INFO - 	at org.apache.spark.sql.kafka010.ConsumerStrategy.createAdmin(ConsumerStrategy.scala:50)
[2025-12-14T21:03:50.669+0000] {subprocess.py:93} INFO - 	at org.apache.spark.sql.kafka010.ConsumerStrategy.createAdmin$(ConsumerStrategy.scala:47)
[2025-12-14T21:03:50.670+0000] {subprocess.py:93} INFO - 	at org.apache.spark.sql.kafka010.SubscribeStrategy.createAdmin(ConsumerStrategy.scala:102)
[2025-12-14T21:03:50.670+0000] {subprocess.py:93} INFO - 	at org.apache.spark.sql.kafka010.KafkaOffsetReaderAdmin.admin(KafkaOffsetReaderAdmin.scala:70)
[2025-12-14T21:03:50.671+0000] {subprocess.py:93} INFO - 	at org.apache.spark.sql.kafka010.KafkaOffsetReaderAdmin.fetchPartitionOffsets(KafkaOffsetReaderAdmin.scala:128)
[2025-12-14T21:03:50.671+0000] {subprocess.py:93} INFO - 	at org.apache.spark.sql.kafka010.KafkaOffsetReaderAdmin.getOffsetRangesFromUnresolvedOffsets(KafkaOffsetReaderAdmin.scala:374)
[2025-12-14T21:03:50.672+0000] {subprocess.py:93} INFO - 	at org.apache.spark.sql.kafka010.KafkaRelation.buildScan(KafkaRelation.scala:67)
[2025-12-14T21:03:50.672+0000] {subprocess.py:93} INFO - 	at org.apache.spark.sql.execution.datasources.DataSourceStrategy$.apply(DataSourceStrategy.scala:349)
[2025-12-14T21:03:50.673+0000] {subprocess.py:93} INFO - 	at org.apache.spark.sql.catalyst.planning.QueryPlanner.$anonfun$plan$1(QueryPlanner.scala:63)
[2025-12-14T21:03:50.674+0000] {subprocess.py:93} INFO - 	at scala.collection.Iterator$$anon$11.nextCur(Iterator.scala:486)
[2025-12-14T21:03:50.674+0000] {subprocess.py:93} INFO - 	at scala.collection.Iterator$$anon$11.hasNext(Iterator.scala:492)
[2025-12-14T21:03:50.676+0000] {subprocess.py:93} INFO - 	at scala.collection.Iterator$$anon$11.hasNext(Iterator.scala:491)
[2025-12-14T21:03:50.676+0000] {subprocess.py:93} INFO - 	at org.apache.spark.sql.catalyst.planning.QueryPlanner.plan(QueryPlanner.scala:93)
[2025-12-14T21:03:50.677+0000] {subprocess.py:93} INFO - 	at org.apache.spark.sql.execution.SparkStrategies.plan(SparkStrategies.scala:70)
[2025-12-14T21:03:50.677+0000] {subprocess.py:93} INFO - 	at org.apache.spark.sql.catalyst.planning.QueryPlanner.$anonfun$plan$3(QueryPlanner.scala:78)
[2025-12-14T21:03:50.678+0000] {subprocess.py:93} INFO - 	at scala.collection.TraversableOnce$folder$1.apply(TraversableOnce.scala:196)
[2025-12-14T21:03:50.678+0000] {subprocess.py:93} INFO - 	at scala.collection.TraversableOnce$folder$1.apply(TraversableOnce.scala:194)
[2025-12-14T21:03:50.679+0000] {subprocess.py:93} INFO - 	at scala.collection.Iterator.foreach(Iterator.scala:943)
[2025-12-14T21:03:50.679+0000] {subprocess.py:93} INFO - 	at scala.collection.Iterator.foreach$(Iterator.scala:943)
[2025-12-14T21:03:50.680+0000] {subprocess.py:93} INFO - 	at scala.collection.AbstractIterator.foreach(Iterator.scala:1431)
[2025-12-14T21:03:50.680+0000] {subprocess.py:93} INFO - 	at scala.collection.TraversableOnce.foldLeft(TraversableOnce.scala:199)
[2025-12-14T21:03:50.681+0000] {subprocess.py:93} INFO - 	at scala.collection.TraversableOnce.foldLeft$(TraversableOnce.scala:192)
[2025-12-14T21:03:50.681+0000] {subprocess.py:93} INFO - 	at scala.collection.AbstractIterator.foldLeft(Iterator.scala:1431)
[2025-12-14T21:03:50.682+0000] {subprocess.py:93} INFO - 	at org.apache.spark.sql.catalyst.planning.QueryPlanner.$anonfun$plan$2(QueryPlanner.scala:75)
[2025-12-14T21:03:50.682+0000] {subprocess.py:93} INFO - 	at scala.collection.Iterator$$anon$11.nextCur(Iterator.scala:486)
[2025-12-14T21:03:50.683+0000] {subprocess.py:93} INFO - 	at scala.collection.Iterator$$anon$11.hasNext(Iterator.scala:492)
[2025-12-14T21:03:50.684+0000] {subprocess.py:93} INFO - 	at org.apache.spark.sql.catalyst.planning.QueryPlanner.plan(QueryPlanner.scala:93)
[2025-12-14T21:03:50.684+0000] {subprocess.py:93} INFO - 	at org.apache.spark.sql.execution.SparkStrategies.plan(SparkStrategies.scala:70)
[2025-12-14T21:03:50.685+0000] {subprocess.py:93} INFO - 	at org.apache.spark.sql.catalyst.planning.QueryPlanner.$anonfun$plan$3(QueryPlanner.scala:78)
[2025-12-14T21:03:50.685+0000] {subprocess.py:93} INFO - 	at scala.collection.TraversableOnce$folder$1.apply(TraversableOnce.scala:196)
[2025-12-14T21:03:50.685+0000] {subprocess.py:93} INFO - 	at scala.collection.TraversableOnce$folder$1.apply(TraversableOnce.scala:194)
[2025-12-14T21:03:50.686+0000] {subprocess.py:93} INFO - 	at scala.collection.Iterator.foreach(Iterator.scala:943)
[2025-12-14T21:03:50.686+0000] {subprocess.py:93} INFO - 	at scala.collection.Iterator.foreach$(Iterator.scala:943)
[2025-12-14T21:03:50.687+0000] {subprocess.py:93} INFO - 	at scala.collection.AbstractIterator.foreach(Iterator.scala:1431)
[2025-12-14T21:03:50.687+0000] {subprocess.py:93} INFO - 	at scala.collection.TraversableOnce.foldLeft(TraversableOnce.scala:199)
[2025-12-14T21:03:50.688+0000] {subprocess.py:93} INFO - 	at scala.collection.TraversableOnce.foldLeft$(TraversableOnce.scala:192)
[2025-12-14T21:03:50.688+0000] {subprocess.py:93} INFO - 	at scala.collection.AbstractIterator.foldLeft(Iterator.scala:1431)
[2025-12-14T21:03:50.689+0000] {subprocess.py:93} INFO - 	at org.apache.spark.sql.catalyst.planning.QueryPlanner.$anonfun$plan$2(QueryPlanner.scala:75)
[2025-12-14T21:03:50.690+0000] {subprocess.py:93} INFO - 	at scala.collection.Iterator$$anon$11.nextCur(Iterator.scala:486)
[2025-12-14T21:03:50.690+0000] {subprocess.py:93} INFO - 	at scala.collection.Iterator$$anon$11.hasNext(Iterator.scala:492)
[2025-12-14T21:03:50.691+0000] {subprocess.py:93} INFO - 	at org.apache.spark.sql.catalyst.planning.QueryPlanner.plan(QueryPlanner.scala:93)
[2025-12-14T21:03:50.692+0000] {subprocess.py:93} INFO - 	at org.apache.spark.sql.execution.SparkStrategies.plan(SparkStrategies.scala:70)
[2025-12-14T21:03:50.693+0000] {subprocess.py:93} INFO - 	at org.apache.spark.sql.catalyst.planning.QueryPlanner.$anonfun$plan$3(QueryPlanner.scala:78)
[2025-12-14T21:03:50.694+0000] {subprocess.py:93} INFO - 	at scala.collection.TraversableOnce$folder$1.apply(TraversableOnce.scala:196)
[2025-12-14T21:03:50.694+0000] {subprocess.py:93} INFO - 	at scala.collection.TraversableOnce$folder$1.apply(TraversableOnce.scala:194)
[2025-12-14T21:03:50.695+0000] {subprocess.py:93} INFO - 	at scala.collection.Iterator.foreach(Iterator.scala:943)
[2025-12-14T21:03:50.695+0000] {subprocess.py:93} INFO - 	at scala.collection.Iterator.foreach$(Iterator.scala:943)
[2025-12-14T21:03:50.696+0000] {subprocess.py:93} INFO - 	at scala.collection.AbstractIterator.foreach(Iterator.scala:1431)
[2025-12-14T21:03:50.696+0000] {subprocess.py:93} INFO - 	at scala.collection.TraversableOnce.foldLeft(TraversableOnce.scala:199)
[2025-12-14T21:03:50.697+0000] {subprocess.py:93} INFO - 	at scala.collection.TraversableOnce.foldLeft$(TraversableOnce.scala:192)
[2025-12-14T21:03:50.697+0000] {subprocess.py:93} INFO - 	at scala.collection.AbstractIterator.foldLeft(Iterator.scala:1431)
[2025-12-14T21:03:50.698+0000] {subprocess.py:93} INFO - 	at org.apache.spark.sql.catalyst.planning.QueryPlanner.$anonfun$plan$2(QueryPlanner.scala:75)
[2025-12-14T21:03:50.699+0000] {subprocess.py:93} INFO - 	at scala.collection.Iterator$$anon$11.nextCur(Iterator.scala:486)
[2025-12-14T21:03:50.699+0000] {subprocess.py:93} INFO - 	at scala.collection.Iterator$$anon$11.hasNext(Iterator.scala:492)
[2025-12-14T21:03:50.700+0000] {subprocess.py:93} INFO - 	at org.apache.spark.sql.catalyst.planning.QueryPlanner.plan(QueryPlanner.scala:93)
[2025-12-14T21:03:50.700+0000] {subprocess.py:93} INFO - 	at org.apache.spark.sql.execution.SparkStrategies.plan(SparkStrategies.scala:70)
[2025-12-14T21:03:50.701+0000] {subprocess.py:93} INFO - 	at org.apache.spark.sql.catalyst.planning.QueryPlanner.$anonfun$plan$3(QueryPlanner.scala:78)
[2025-12-14T21:03:50.701+0000] {subprocess.py:93} INFO - 	at scala.collection.TraversableOnce$folder$1.apply(TraversableOnce.scala:196)
[2025-12-14T21:03:50.702+0000] {subprocess.py:93} INFO - 	at scala.collection.TraversableOnce$folder$1.apply(TraversableOnce.scala:194)
[2025-12-14T21:03:50.702+0000] {subprocess.py:93} INFO - 	at scala.collection.Iterator.foreach(Iterator.scala:943)
[2025-12-14T21:03:50.703+0000] {subprocess.py:93} INFO - 	at scala.collection.Iterator.foreach$(Iterator.scala:943)
[2025-12-14T21:03:50.703+0000] {subprocess.py:93} INFO - 	at scala.collection.AbstractIterator.foreach(Iterator.scala:1431)
[2025-12-14T21:03:50.704+0000] {subprocess.py:93} INFO - 	at scala.collection.TraversableOnce.foldLeft(TraversableOnce.scala:199)
[2025-12-14T21:03:50.704+0000] {subprocess.py:93} INFO - 	at scala.collection.TraversableOnce.foldLeft$(TraversableOnce.scala:192)
[2025-12-14T21:03:50.705+0000] {subprocess.py:93} INFO - 	at scala.collection.AbstractIterator.foldLeft(Iterator.scala:1431)
[2025-12-14T21:03:50.705+0000] {subprocess.py:93} INFO - 	at org.apache.spark.sql.catalyst.planning.QueryPlanner.$anonfun$plan$2(QueryPlanner.scala:75)
[2025-12-14T21:03:50.706+0000] {subprocess.py:93} INFO - 	at scala.collection.Iterator$$anon$11.nextCur(Iterator.scala:486)
[2025-12-14T21:03:50.706+0000] {subprocess.py:93} INFO - 	at scala.collection.Iterator$$anon$11.hasNext(Iterator.scala:492)
[2025-12-14T21:03:50.707+0000] {subprocess.py:93} INFO - 	at org.apache.spark.sql.catalyst.planning.QueryPlanner.plan(QueryPlanner.scala:93)
[2025-12-14T21:03:50.707+0000] {subprocess.py:93} INFO - 	at org.apache.spark.sql.execution.SparkStrategies.plan(SparkStrategies.scala:70)
[2025-12-14T21:03:50.709+0000] {subprocess.py:93} INFO - 	at org.apache.spark.sql.catalyst.planning.QueryPlanner.$anonfun$plan$3(QueryPlanner.scala:78)
[2025-12-14T21:03:50.710+0000] {subprocess.py:93} INFO - 	at scala.collection.TraversableOnce$folder$1.apply(TraversableOnce.scala:196)
[2025-12-14T21:03:50.711+0000] {subprocess.py:93} INFO - 	at scala.collection.TraversableOnce$folder$1.apply(TraversableOnce.scala:194)
[2025-12-14T21:03:50.712+0000] {subprocess.py:93} INFO - 	at scala.collection.Iterator.foreach(Iterator.scala:943)
[2025-12-14T21:03:50.712+0000] {subprocess.py:93} INFO - 	at scala.collection.Iterator.foreach$(Iterator.scala:943)
[2025-12-14T21:03:50.713+0000] {subprocess.py:93} INFO - 	at scala.collection.AbstractIterator.foreach(Iterator.scala:1431)
[2025-12-14T21:03:50.713+0000] {subprocess.py:93} INFO - 	at scala.collection.TraversableOnce.foldLeft(TraversableOnce.scala:199)
[2025-12-14T21:03:50.714+0000] {subprocess.py:93} INFO - 	at scala.collection.TraversableOnce.foldLeft$(TraversableOnce.scala:192)
[2025-12-14T21:03:50.715+0000] {subprocess.py:93} INFO - 	at scala.collection.AbstractIterator.foldLeft(Iterator.scala:1431)
[2025-12-14T21:03:50.715+0000] {subprocess.py:93} INFO - 	at org.apache.spark.sql.catalyst.planning.QueryPlanner.$anonfun$plan$2(QueryPlanner.scala:75)
[2025-12-14T21:03:50.716+0000] {subprocess.py:93} INFO - 	at scala.collection.Iterator$$anon$11.nextCur(Iterator.scala:486)
[2025-12-14T21:03:50.716+0000] {subprocess.py:93} INFO - 	at scala.collection.Iterator$$anon$11.hasNext(Iterator.scala:492)
[2025-12-14T21:03:50.717+0000] {subprocess.py:93} INFO - 	at org.apache.spark.sql.catalyst.planning.QueryPlanner.plan(QueryPlanner.scala:93)
[2025-12-14T21:03:50.718+0000] {subprocess.py:93} INFO - 	at org.apache.spark.sql.execution.SparkStrategies.plan(SparkStrategies.scala:70)
[2025-12-14T21:03:50.718+0000] {subprocess.py:93} INFO - 	at org.apache.spark.sql.catalyst.planning.QueryPlanner.$anonfun$plan$3(QueryPlanner.scala:78)
[2025-12-14T21:03:50.719+0000] {subprocess.py:93} INFO - 	at scala.collection.TraversableOnce$folder$1.apply(TraversableOnce.scala:196)
[2025-12-14T21:03:50.720+0000] {subprocess.py:93} INFO - 	at scala.collection.TraversableOnce$folder$1.apply(TraversableOnce.scala:194)
[2025-12-14T21:03:50.720+0000] {subprocess.py:93} INFO - 	at scala.collection.Iterator.foreach(Iterator.scala:943)
[2025-12-14T21:03:50.721+0000] {subprocess.py:93} INFO - 	at scala.collection.Iterator.foreach$(Iterator.scala:943)
[2025-12-14T21:03:50.721+0000] {subprocess.py:93} INFO - 	at scala.collection.AbstractIterator.foreach(Iterator.scala:1431)
[2025-12-14T21:03:50.722+0000] {subprocess.py:93} INFO - 	at scala.collection.TraversableOnce.foldLeft(TraversableOnce.scala:199)
[2025-12-14T21:03:50.723+0000] {subprocess.py:93} INFO - 	at scala.collection.TraversableOnce.foldLeft$(TraversableOnce.scala:192)
[2025-12-14T21:03:50.724+0000] {subprocess.py:93} INFO - 	at scala.collection.AbstractIterator.foldLeft(Iterator.scala:1431)
[2025-12-14T21:03:50.724+0000] {subprocess.py:93} INFO - 	at org.apache.spark.sql.catalyst.planning.QueryPlanner.$anonfun$plan$2(QueryPlanner.scala:75)
[2025-12-14T21:03:50.725+0000] {subprocess.py:93} INFO - 	at scala.collection.Iterator$$anon$11.nextCur(Iterator.scala:486)
[2025-12-14T21:03:50.726+0000] {subprocess.py:93} INFO - 	at scala.collection.Iterator$$anon$11.hasNext(Iterator.scala:492)
[2025-12-14T21:03:50.727+0000] {subprocess.py:93} INFO - 	at org.apache.spark.sql.catalyst.planning.QueryPlanner.plan(QueryPlanner.scala:93)
[2025-12-14T21:03:50.727+0000] {subprocess.py:93} INFO - 	at org.apache.spark.sql.execution.SparkStrategies.plan(SparkStrategies.scala:70)
[2025-12-14T21:03:50.728+0000] {subprocess.py:93} INFO - 	at org.apache.spark.sql.execution.QueryExecution$.createSparkPlan(QueryExecution.scala:496)
[2025-12-14T21:03:50.729+0000] {subprocess.py:93} INFO - 	at org.apache.spark.sql.execution.QueryExecution.$anonfun$sparkPlan$1(QueryExecution.scala:171)
[2025-12-14T21:03:50.729+0000] {subprocess.py:93} INFO - 	at org.apache.spark.sql.catalyst.QueryPlanningTracker.measurePhase(QueryPlanningTracker.scala:138)
[2025-12-14T21:03:50.730+0000] {subprocess.py:93} INFO - 	at org.apache.spark.sql.execution.QueryExecution.$anonfun$executePhase$2(QueryExecution.scala:219)
[2025-12-14T21:03:50.731+0000] {subprocess.py:93} INFO - 	at org.apache.spark.sql.execution.QueryExecution$.withInternalError(QueryExecution.scala:546)
[2025-12-14T21:03:50.732+0000] {subprocess.py:93} INFO - 	at org.apache.spark.sql.execution.QueryExecution.$anonfun$executePhase$1(QueryExecution.scala:219)
[2025-12-14T21:03:50.733+0000] {subprocess.py:93} INFO - 	at org.apache.spark.sql.SparkSession.withActive(SparkSession.scala:900)
[2025-12-14T21:03:50.733+0000] {subprocess.py:93} INFO - 	at org.apache.spark.sql.execution.QueryExecution.executePhase(QueryExecution.scala:218)
[2025-12-14T21:03:50.734+0000] {subprocess.py:93} INFO - 	at org.apache.spark.sql.execution.QueryExecution.sparkPlan$lzycompute(QueryExecution.scala:171)
[2025-12-14T21:03:50.735+0000] {subprocess.py:93} INFO - 	at org.apache.spark.sql.execution.QueryExecution.sparkPlan(QueryExecution.scala:164)
[2025-12-14T21:03:50.735+0000] {subprocess.py:93} INFO - 	at org.apache.spark.sql.execution.QueryExecution.$anonfun$executedPlan$1(QueryExecution.scala:186)
[2025-12-14T21:03:50.736+0000] {subprocess.py:93} INFO - 	at org.apache.spark.sql.catalyst.QueryPlanningTracker.measurePhase(QueryPlanningTracker.scala:138)
[2025-12-14T21:03:50.736+0000] {subprocess.py:93} INFO - 	at org.apache.spark.sql.execution.QueryExecution.$anonfun$executePhase$2(QueryExecution.scala:219)
[2025-12-14T21:03:50.737+0000] {subprocess.py:93} INFO - 	at org.apache.spark.sql.execution.QueryExecution$.withInternalError(QueryExecution.scala:546)
[2025-12-14T21:03:50.738+0000] {subprocess.py:93} INFO - 	at org.apache.spark.sql.execution.QueryExecution.$anonfun$executePhase$1(QueryExecution.scala:219)
[2025-12-14T21:03:50.739+0000] {subprocess.py:93} INFO - 	at org.apache.spark.sql.SparkSession.withActive(SparkSession.scala:900)
[2025-12-14T21:03:50.740+0000] {subprocess.py:93} INFO - 	at org.apache.spark.sql.execution.QueryExecution.executePhase(QueryExecution.scala:218)
[2025-12-14T21:03:50.741+0000] {subprocess.py:93} INFO - 	at org.apache.spark.sql.execution.QueryExecution.executedPlan$lzycompute(QueryExecution.scala:186)
[2025-12-14T21:03:50.743+0000] {subprocess.py:93} INFO - 	at org.apache.spark.sql.execution.QueryExecution.executedPlan(QueryExecution.scala:179)
[2025-12-14T21:03:50.743+0000] {subprocess.py:93} INFO - 	at org.apache.spark.sql.execution.QueryExecution.simpleString(QueryExecution.scala:238)
[2025-12-14T21:03:50.744+0000] {subprocess.py:93} INFO - 	at org.apache.spark.sql.execution.QueryExecution.org$apache$spark$sql$execution$QueryExecution$$explainString(QueryExecution.scala:284)
[2025-12-14T21:03:50.745+0000] {subprocess.py:93} INFO - 	at org.apache.spark.sql.execution.QueryExecution.explainString(QueryExecution.scala:252)
[2025-12-14T21:03:50.746+0000] {subprocess.py:93} INFO - 	at org.apache.spark.sql.execution.SQLExecution$.$anonfun$withNewExecutionId$6(SQLExecution.scala:117)
[2025-12-14T21:03:50.747+0000] {subprocess.py:93} INFO - 	at org.apache.spark.sql.execution.SQLExecution$.withSQLConfPropagated(SQLExecution.scala:201)
[2025-12-14T21:03:50.748+0000] {subprocess.py:93} INFO - 	at org.apache.spark.sql.execution.SQLExecution$.$anonfun$withNewExecutionId$1(SQLExecution.scala:108)
[2025-12-14T21:03:50.749+0000] {subprocess.py:93} INFO - 	at org.apache.spark.sql.SparkSession.withActive(SparkSession.scala:900)
[2025-12-14T21:03:50.750+0000] {subprocess.py:93} INFO - 	at org.apache.spark.sql.execution.SQLExecution$.withNewExecutionId(SQLExecution.scala:66)
[2025-12-14T21:03:50.750+0000] {subprocess.py:93} INFO - 	at org.apache.spark.sql.execution.QueryExecution$$anonfun$eagerlyExecuteCommands$1.applyOrElse(QueryExecution.scala:107)
[2025-12-14T21:03:50.751+0000] {subprocess.py:93} INFO - 	at org.apache.spark.sql.execution.QueryExecution$$anonfun$eagerlyExecuteCommands$1.applyOrElse(QueryExecution.scala:98)
[2025-12-14T21:03:50.752+0000] {subprocess.py:93} INFO - 	at org.apache.spark.sql.catalyst.trees.TreeNode.$anonfun$transformDownWithPruning$1(TreeNode.scala:461)
[2025-12-14T21:03:50.752+0000] {subprocess.py:93} INFO - 	at org.apache.spark.sql.catalyst.trees.CurrentOrigin$.withOrigin(origin.scala:76)
[2025-12-14T21:03:50.753+0000] {subprocess.py:93} INFO - 	at org.apache.spark.sql.catalyst.trees.TreeNode.transformDownWithPruning(TreeNode.scala:461)
[2025-12-14T21:03:50.754+0000] {subprocess.py:93} INFO - 	at org.apache.spark.sql.catalyst.plans.logical.LogicalPlan.org$apache$spark$sql$catalyst$plans$logical$AnalysisHelper$$super$transformDownWithPruning(LogicalPlan.scala:32)
[2025-12-14T21:03:50.755+0000] {subprocess.py:93} INFO - 	at org.apache.spark.sql.catalyst.plans.logical.AnalysisHelper.transformDownWithPruning(AnalysisHelper.scala:267)
[2025-12-14T21:03:50.756+0000] {subprocess.py:93} INFO - 	at org.apache.spark.sql.catalyst.plans.logical.AnalysisHelper.transformDownWithPruning$(AnalysisHelper.scala:263)
[2025-12-14T21:03:50.757+0000] {subprocess.py:93} INFO - 	at org.apache.spark.sql.catalyst.plans.logical.LogicalPlan.transformDownWithPruning(LogicalPlan.scala:32)
[2025-12-14T21:03:50.757+0000] {subprocess.py:93} INFO - 	at org.apache.spark.sql.catalyst.plans.logical.LogicalPlan.transformDownWithPruning(LogicalPlan.scala:32)
[2025-12-14T21:03:50.760+0000] {subprocess.py:93} INFO - 	at org.apache.spark.sql.catalyst.trees.TreeNode.transformDown(TreeNode.scala:437)
[2025-12-14T21:03:50.761+0000] {subprocess.py:93} INFO - 	at org.apache.spark.sql.execution.QueryExecution.eagerlyExecuteCommands(QueryExecution.scala:98)
[2025-12-14T21:03:50.761+0000] {subprocess.py:93} INFO - 	at org.apache.spark.sql.execution.QueryExecution.commandExecuted$lzycompute(QueryExecution.scala:85)
[2025-12-14T21:03:50.762+0000] {subprocess.py:93} INFO - 	at org.apache.spark.sql.execution.QueryExecution.commandExecuted(QueryExecution.scala:83)
[2025-12-14T21:03:50.763+0000] {subprocess.py:93} INFO - 	at org.apache.spark.sql.execution.QueryExecution.assertCommandExecuted(QueryExecution.scala:142)
[2025-12-14T21:03:50.764+0000] {subprocess.py:93} INFO - 	at org.apache.spark.sql.hive.execution.CreateHiveTableAsSelectCommand.run(CreateHiveTableAsSelectCommand.scala:65)
[2025-12-14T21:03:50.765+0000] {subprocess.py:93} INFO - 	at org.apache.spark.sql.execution.command.ExecutedCommandExec.sideEffectResult$lzycompute(commands.scala:75)
[2025-12-14T21:03:50.766+0000] {subprocess.py:93} INFO - 	at org.apache.spark.sql.execution.command.ExecutedCommandExec.sideEffectResult(commands.scala:73)
[2025-12-14T21:03:50.767+0000] {subprocess.py:93} INFO - 	at org.apache.spark.sql.execution.command.ExecutedCommandExec.executeCollect(commands.scala:84)
[2025-12-14T21:03:50.768+0000] {subprocess.py:93} INFO - 	at org.apache.spark.sql.execution.QueryExecution$$anonfun$eagerlyExecuteCommands$1.$anonfun$applyOrElse$1(QueryExecution.scala:107)
[2025-12-14T21:03:50.769+0000] {subprocess.py:93} INFO - 	at org.apache.spark.sql.execution.SQLExecution$.$anonfun$withNewExecutionId$6(SQLExecution.scala:125)
[2025-12-14T21:03:50.770+0000] {subprocess.py:93} INFO - 	at org.apache.spark.sql.execution.SQLExecution$.withSQLConfPropagated(SQLExecution.scala:201)
[2025-12-14T21:03:50.771+0000] {subprocess.py:93} INFO - 	at org.apache.spark.sql.execution.SQLExecution$.$anonfun$withNewExecutionId$1(SQLExecution.scala:108)
[2025-12-14T21:03:50.771+0000] {subprocess.py:93} INFO - 	at org.apache.spark.sql.SparkSession.withActive(SparkSession.scala:900)
[2025-12-14T21:03:50.772+0000] {subprocess.py:93} INFO - 	at org.apache.spark.sql.execution.SQLExecution$.withNewExecutionId(SQLExecution.scala:66)
[2025-12-14T21:03:50.773+0000] {subprocess.py:93} INFO - 	at org.apache.spark.sql.execution.QueryExecution$$anonfun$eagerlyExecuteCommands$1.applyOrElse(QueryExecution.scala:107)
[2025-12-14T21:03:50.773+0000] {subprocess.py:93} INFO - 	at org.apache.spark.sql.execution.QueryExecution$$anonfun$eagerlyExecuteCommands$1.applyOrElse(QueryExecution.scala:98)
[2025-12-14T21:03:50.774+0000] {subprocess.py:93} INFO - 	at org.apache.spark.sql.catalyst.trees.TreeNode.$anonfun$transformDownWithPruning$1(TreeNode.scala:461)
[2025-12-14T21:03:50.776+0000] {subprocess.py:93} INFO - 	at org.apache.spark.sql.catalyst.trees.CurrentOrigin$.withOrigin(origin.scala:76)
[2025-12-14T21:03:50.777+0000] {subprocess.py:93} INFO - 	at org.apache.spark.sql.catalyst.trees.TreeNode.transformDownWithPruning(TreeNode.scala:461)
[2025-12-14T21:03:50.778+0000] {subprocess.py:93} INFO - 	at org.apache.spark.sql.catalyst.plans.logical.LogicalPlan.org$apache$spark$sql$catalyst$plans$logical$AnalysisHelper$$super$transformDownWithPruning(LogicalPlan.scala:32)
[2025-12-14T21:03:50.778+0000] {subprocess.py:93} INFO - 	at org.apache.spark.sql.catalyst.plans.logical.AnalysisHelper.transformDownWithPruning(AnalysisHelper.scala:267)
[2025-12-14T21:03:50.779+0000] {subprocess.py:93} INFO - 	at org.apache.spark.sql.catalyst.plans.logical.AnalysisHelper.transformDownWithPruning$(AnalysisHelper.scala:263)
[2025-12-14T21:03:50.779+0000] {subprocess.py:93} INFO - 	at org.apache.spark.sql.catalyst.plans.logical.LogicalPlan.transformDownWithPruning(LogicalPlan.scala:32)
[2025-12-14T21:03:50.780+0000] {subprocess.py:93} INFO - 	at org.apache.spark.sql.catalyst.plans.logical.LogicalPlan.transformDownWithPruning(LogicalPlan.scala:32)
[2025-12-14T21:03:50.786+0000] {subprocess.py:93} INFO - 	at org.apache.spark.sql.catalyst.trees.TreeNode.transformDown(TreeNode.scala:437)
[2025-12-14T21:03:50.787+0000] {subprocess.py:93} INFO - 	at org.apache.spark.sql.execution.QueryExecution.eagerlyExecuteCommands(QueryExecution.scala:98)
[2025-12-14T21:03:50.787+0000] {subprocess.py:93} INFO - 	at org.apache.spark.sql.execution.QueryExecution.commandExecuted$lzycompute(QueryExecution.scala:85)
[2025-12-14T21:03:50.788+0000] {subprocess.py:93} INFO - 	at org.apache.spark.sql.execution.QueryExecution.commandExecuted(QueryExecution.scala:83)
[2025-12-14T21:03:50.789+0000] {subprocess.py:93} INFO - 	at org.apache.spark.sql.execution.QueryExecution.assertCommandExecuted(QueryExecution.scala:142)
[2025-12-14T21:03:50.789+0000] {subprocess.py:93} INFO - 	at org.apache.spark.sql.DataFrameWriter.runCommand(DataFrameWriter.scala:859)
[2025-12-14T21:03:50.790+0000] {subprocess.py:93} INFO - 	at org.apache.spark.sql.DataFrameWriter.createTable(DataFrameWriter.scala:700)
[2025-12-14T21:03:50.791+0000] {subprocess.py:93} INFO - 	at org.apache.spark.sql.DataFrameWriter.saveAsTable(DataFrameWriter.scala:678)
[2025-12-14T21:03:50.793+0000] {subprocess.py:93} INFO - 	at org.apache.spark.sql.DataFrameWriter.saveAsTable(DataFrameWriter.scala:571)
[2025-12-14T21:03:50.794+0000] {subprocess.py:93} INFO - 	at java.base/jdk.internal.reflect.NativeMethodAccessorImpl.invoke0(Native Method)
[2025-12-14T21:03:50.795+0000] {subprocess.py:93} INFO - 	at java.base/jdk.internal.reflect.NativeMethodAccessorImpl.invoke(Unknown Source)
[2025-12-14T21:03:50.795+0000] {subprocess.py:93} INFO - 	at java.base/jdk.internal.reflect.DelegatingMethodAccessorImpl.invoke(Unknown Source)
[2025-12-14T21:03:50.796+0000] {subprocess.py:93} INFO - 	at java.base/java.lang.reflect.Method.invoke(Unknown Source)
[2025-12-14T21:03:50.797+0000] {subprocess.py:93} INFO - 	at py4j.reflection.MethodInvoker.invoke(MethodInvoker.java:244)
[2025-12-14T21:03:50.797+0000] {subprocess.py:93} INFO - 	at py4j.reflection.ReflectionEngine.invoke(ReflectionEngine.java:374)
[2025-12-14T21:03:50.798+0000] {subprocess.py:93} INFO - 	at py4j.Gateway.invoke(Gateway.java:282)
[2025-12-14T21:03:50.799+0000] {subprocess.py:93} INFO - 	at py4j.commands.AbstractCommand.invokeMethod(AbstractCommand.java:132)
[2025-12-14T21:03:50.800+0000] {subprocess.py:93} INFO - 	at py4j.commands.CallCommand.execute(CallCommand.java:79)
[2025-12-14T21:03:50.801+0000] {subprocess.py:93} INFO - 	at py4j.ClientServerConnection.waitForCommands(ClientServerConnection.java:182)
[2025-12-14T21:03:50.801+0000] {subprocess.py:93} INFO - 	at py4j.ClientServerConnection.run(ClientServerConnection.java:106)
[2025-12-14T21:03:50.802+0000] {subprocess.py:93} INFO - 	at java.base/java.lang.Thread.run(Unknown Source)
[2025-12-14T21:03:50.803+0000] {subprocess.py:93} INFO - Caused by: org.apache.kafka.common.config.ConfigException: No resolvable bootstrap urls given in bootstrap.servers
[2025-12-14T21:03:50.803+0000] {subprocess.py:93} INFO - 	at org.apache.kafka.clients.ClientUtils.parseAndValidateAddresses(ClientUtils.java:89)
[2025-12-14T21:03:50.804+0000] {subprocess.py:93} INFO - 	at org.apache.kafka.clients.ClientUtils.parseAndValidateAddresses(ClientUtils.java:48)
[2025-12-14T21:03:50.805+0000] {subprocess.py:93} INFO - 	at org.apache.kafka.clients.admin.KafkaAdminClient.createInternal(KafkaAdminClient.java:508)
[2025-12-14T21:03:50.805+0000] {subprocess.py:93} INFO - 	... 182 more
[2025-12-14T21:03:50.810+0000] {subprocess.py:93} INFO - 
[2025-12-14T21:03:51.046+0000] {subprocess.py:97} INFO - Command exited with return code 1
[2025-12-14T21:03:51.054+0000] {taskinstance.py:3301} ERROR - Task failed with exception
Traceback (most recent call last):
  File "/home/airflow/.local/lib/python3.12/site-packages/airflow/models/taskinstance.py", line 767, in _execute_task
    result = _execute_callable(context=context, **execute_callable_kwargs)
             ^^^^^^^^^^^^^^^^^^^^^^^^^^^^^^^^^^^^^^^^^^^^^^^^^^^^^^^^^^^^^
  File "/home/airflow/.local/lib/python3.12/site-packages/airflow/models/taskinstance.py", line 733, in _execute_callable
    return ExecutionCallableRunner(
           ^^^^^^^^^^^^^^^^^^^^^^^^
  File "/home/airflow/.local/lib/python3.12/site-packages/airflow/utils/operator_helpers.py", line 252, in run
    return self.func(*args, **kwargs)
           ^^^^^^^^^^^^^^^^^^^^^^^^^^
  File "/home/airflow/.local/lib/python3.12/site-packages/airflow/models/baseoperator.py", line 406, in wrapper
    return func(self, *args, **kwargs)
           ^^^^^^^^^^^^^^^^^^^^^^^^^^^
  File "/home/airflow/.local/lib/python3.12/site-packages/airflow/operators/bash.py", line 249, in execute
    raise AirflowException(
airflow.exceptions.AirflowException: Bash command failed. The command returned a non-zero exit code 1.
[2025-12-14T21:03:51.064+0000] {taskinstance.py:1225} INFO - Marking task as UP_FOR_RETRY. dag_id=batch_layer_pipeline, task_id=run_batch_layer, run_id=scheduled__2025-12-14T20:00:00+00:00, execution_date=20251214T200000, start_date=20251214T210254, end_date=20251214T210351
[2025-12-14T21:03:51.087+0000] {taskinstance.py:340} INFO - ::group::Post task execution logs
[2025-12-14T21:03:51.088+0000] {standard_task_runner.py:124} ERROR - Failed to execute job 3 for task run_batch_layer (Bash command failed. The command returned a non-zero exit code 1.; 120)
Traceback (most recent call last):
  File "/home/airflow/.local/lib/python3.12/site-packages/airflow/task/task_runner/standard_task_runner.py", line 117, in _start_by_fork
    ret = args.func(args, dag=self.dag)
          ^^^^^^^^^^^^^^^^^^^^^^^^^^^^^
  File "/home/airflow/.local/lib/python3.12/site-packages/airflow/cli/cli_config.py", line 49, in command
    return func(*args, **kwargs)
           ^^^^^^^^^^^^^^^^^^^^^
  File "/home/airflow/.local/lib/python3.12/site-packages/airflow/utils/cli.py", line 115, in wrapper
    return f(*args, **kwargs)
           ^^^^^^^^^^^^^^^^^^
  File "/home/airflow/.local/lib/python3.12/site-packages/airflow/cli/commands/task_command.py", line 483, in task_run
    task_return_code = _run_task_by_selected_method(args, _dag, ti)
                       ^^^^^^^^^^^^^^^^^^^^^^^^^^^^^^^^^^^^^^^^^^^^
  File "/home/airflow/.local/lib/python3.12/site-packages/airflow/cli/commands/task_command.py", line 256, in _run_task_by_selected_method
    return _run_raw_task(args, ti)
           ^^^^^^^^^^^^^^^^^^^^^^^
  File "/home/airflow/.local/lib/python3.12/site-packages/airflow/cli/commands/task_command.py", line 341, in _run_raw_task
    return ti._run_raw_task(
           ^^^^^^^^^^^^^^^^^
  File "/home/airflow/.local/lib/python3.12/site-packages/airflow/utils/session.py", line 97, in wrapper
    return func(*args, session=session, **kwargs)
           ^^^^^^^^^^^^^^^^^^^^^^^^^^^^^^^^^^^^^^
  File "/home/airflow/.local/lib/python3.12/site-packages/airflow/models/taskinstance.py", line 2995, in _run_raw_task
    return _run_raw_task(
           ^^^^^^^^^^^^^^
  File "/home/airflow/.local/lib/python3.12/site-packages/airflow/models/taskinstance.py", line 273, in _run_raw_task
    TaskInstance._execute_task_with_callbacks(
  File "/home/airflow/.local/lib/python3.12/site-packages/airflow/models/taskinstance.py", line 3149, in _execute_task_with_callbacks
    result = self._execute_task(context, task_orig)
             ^^^^^^^^^^^^^^^^^^^^^^^^^^^^^^^^^^^^^^
  File "/home/airflow/.local/lib/python3.12/site-packages/airflow/models/taskinstance.py", line 3173, in _execute_task
    return _execute_task(self, context, task_orig)
           ^^^^^^^^^^^^^^^^^^^^^^^^^^^^^^^^^^^^^^^
  File "/home/airflow/.local/lib/python3.12/site-packages/airflow/models/taskinstance.py", line 767, in _execute_task
    result = _execute_callable(context=context, **execute_callable_kwargs)
             ^^^^^^^^^^^^^^^^^^^^^^^^^^^^^^^^^^^^^^^^^^^^^^^^^^^^^^^^^^^^^
  File "/home/airflow/.local/lib/python3.12/site-packages/airflow/models/taskinstance.py", line 733, in _execute_callable
    return ExecutionCallableRunner(
           ^^^^^^^^^^^^^^^^^^^^^^^^
  File "/home/airflow/.local/lib/python3.12/site-packages/airflow/utils/operator_helpers.py", line 252, in run
    return self.func(*args, **kwargs)
           ^^^^^^^^^^^^^^^^^^^^^^^^^^
  File "/home/airflow/.local/lib/python3.12/site-packages/airflow/models/baseoperator.py", line 406, in wrapper
    return func(self, *args, **kwargs)
           ^^^^^^^^^^^^^^^^^^^^^^^^^^^
  File "/home/airflow/.local/lib/python3.12/site-packages/airflow/operators/bash.py", line 249, in execute
    raise AirflowException(
airflow.exceptions.AirflowException: Bash command failed. The command returned a non-zero exit code 1.
[2025-12-14T21:03:51.138+0000] {local_task_job_runner.py:261} INFO - Task exited with return code 1
[2025-12-14T21:03:51.159+0000] {taskinstance.py:3891} INFO - 0 downstream tasks scheduled from follow-on schedule check
[2025-12-14T21:03:51.160+0000] {local_task_job_runner.py:240} INFO - ::endgroup::
[2025-12-14T21:23:08.022+0000] {local_task_job_runner.py:123} INFO - ::group::Pre task execution logs
[2025-12-14T21:23:08.034+0000] {taskinstance.py:2603} INFO - Dependencies all met for dep_context=non-requeueable deps ti=<TaskInstance: batch_layer_pipeline.run_batch_layer scheduled__2025-12-14T20:00:00+00:00 [queued]>
[2025-12-14T21:23:08.043+0000] {taskinstance.py:2603} INFO - Dependencies all met for dep_context=requeueable deps ti=<TaskInstance: batch_layer_pipeline.run_batch_layer scheduled__2025-12-14T20:00:00+00:00 [queued]>
[2025-12-14T21:23:08.044+0000] {taskinstance.py:2856} INFO - Starting attempt 1 of 2
[2025-12-14T21:23:08.065+0000] {taskinstance.py:2879} INFO - Executing <Task(BashOperator): run_batch_layer> on 2025-12-14 20:00:00+00:00
[2025-12-14T21:23:08.069+0000] {standard_task_runner.py:72} INFO - Started process 100 to run task
[2025-12-14T21:23:08.074+0000] {standard_task_runner.py:104} INFO - Running: ['airflow', 'tasks', 'run', 'batch_layer_pipeline', 'run_batch_layer', 'scheduled__2025-12-14T20:00:00+00:00', '--job-id', '3', '--raw', '--subdir', 'DAGS_FOLDER/batch_pipeline_dag.py', '--cfg-path', '/tmp/tmph0qsx_rw']
[2025-12-14T21:23:08.076+0000] {standard_task_runner.py:105} INFO - Job 3: Subtask run_batch_layer
[2025-12-14T21:23:08.127+0000] {task_command.py:467} INFO - Running <TaskInstance: batch_layer_pipeline.run_batch_layer scheduled__2025-12-14T20:00:00+00:00 [running]> on host 137ed86f2410
[2025-12-14T21:23:08.220+0000] {taskinstance.py:3122} INFO - Exporting env vars: AIRFLOW_CTX_DAG_OWNER='airflow' AIRFLOW_CTX_DAG_ID='batch_layer_pipeline' AIRFLOW_CTX_TASK_ID='run_batch_layer' AIRFLOW_CTX_EXECUTION_DATE='2025-12-14T20:00:00+00:00' AIRFLOW_CTX_TRY_NUMBER='1' AIRFLOW_CTX_DAG_RUN_ID='scheduled__2025-12-14T20:00:00+00:00'
[2025-12-14T21:23:08.224+0000] {taskinstance.py:731} INFO - ::endgroup::
[2025-12-14T21:23:08.335+0000] {subprocess.py:63} INFO - Tmp dir root location: /tmp
[2025-12-14T21:23:08.336+0000] {subprocess.py:75} INFO - Running command: ['/usr/bin/bash', '-c', '\n        docker exec spark-master         /opt/spark/bin/spark-submit         --master spark://spark-master:7077         --driver-memory 1g         --executor-memory 1g         --packages org.apache.spark:spark-sql-kafka-0-10_2.12:3.5.0,org.apache.spark:spark-avro_2.12:3.5.0         /opt/spark/jobs/batch_layer.py\n        ']
[2025-12-14T21:23:08.348+0000] {subprocess.py:86} INFO - Output:
[2025-12-14T21:23:12.977+0000] {subprocess.py:93} INFO - :: loading settings :: url = jar:file:/opt/spark/jars/ivy-2.5.1.jar!/org/apache/ivy/core/settings/ivysettings.xml
[2025-12-14T21:23:13.156+0000] {subprocess.py:93} INFO - Ivy Default Cache set to: /home/spark/.ivy2/cache
[2025-12-14T21:23:13.157+0000] {subprocess.py:93} INFO - The jars for the packages stored in: /home/spark/.ivy2/jars
[2025-12-14T21:23:13.171+0000] {subprocess.py:93} INFO - org.apache.spark#spark-sql-kafka-0-10_2.12 added as a dependency
[2025-12-14T21:23:13.176+0000] {subprocess.py:93} INFO - org.apache.spark#spark-avro_2.12 added as a dependency
[2025-12-14T21:23:13.177+0000] {subprocess.py:93} INFO - :: resolving dependencies :: org.apache.spark#spark-submit-parent-8662af2d-6ee1-4d05-a34a-7bc7b1037d1a;1.0
[2025-12-14T21:23:13.178+0000] {subprocess.py:93} INFO - 	confs: [default]
[2025-12-14T21:23:18.220+0000] {subprocess.py:93} INFO - You probably access the destination server through a proxy server that is not well configured.
[2025-12-14T21:23:18.221+0000] {subprocess.py:93} INFO - You probably access the destination server through a proxy server that is not well configured.
[2025-12-14T21:23:22.224+0000] {subprocess.py:93} INFO - You probably access the destination server through a proxy server that is not well configured.
[2025-12-14T21:23:22.225+0000] {subprocess.py:93} INFO - You probably access the destination server through a proxy server that is not well configured.
[2025-12-14T21:23:22.235+0000] {subprocess.py:93} INFO - You probably access the destination server through a proxy server that is not well configured.
[2025-12-14T21:23:22.237+0000] {subprocess.py:93} INFO - You probably access the destination server through a proxy server that is not well configured.
[2025-12-14T21:23:22.239+0000] {subprocess.py:93} INFO - You probably access the destination server through a proxy server that is not well configured.
[2025-12-14T21:23:22.241+0000] {subprocess.py:93} INFO - You probably access the destination server through a proxy server that is not well configured.
[2025-12-14T21:23:22.266+0000] {subprocess.py:93} INFO - :: resolution report :: resolve 9090ms :: artifacts dl 0ms
[2025-12-14T21:23:22.268+0000] {subprocess.py:93} INFO - 	:: modules in use:
[2025-12-14T21:23:22.269+0000] {subprocess.py:93} INFO - 	---------------------------------------------------------------------
[2025-12-14T21:23:22.270+0000] {subprocess.py:93} INFO - 	|                  |            modules            ||   artifacts   |
[2025-12-14T21:23:22.271+0000] {subprocess.py:93} INFO - 	|       conf       | number| search|dwnlded|evicted|| number|dwnlded|
[2025-12-14T21:23:22.272+0000] {subprocess.py:93} INFO - 	---------------------------------------------------------------------
[2025-12-14T21:23:22.272+0000] {subprocess.py:93} INFO - 	|      default     |   2   |   0   |   0   |   0   ||   0   |   0   |
[2025-12-14T21:23:22.273+0000] {subprocess.py:93} INFO - 	---------------------------------------------------------------------
[2025-12-14T21:23:22.278+0000] {subprocess.py:93} INFO - 
[2025-12-14T21:23:22.283+0000] {subprocess.py:93} INFO - :: problems summary ::
[2025-12-14T21:23:22.290+0000] {subprocess.py:93} INFO - :::: WARNINGS
[2025-12-14T21:23:22.291+0000] {subprocess.py:93} INFO - 	Host repo1.maven.org not found. url=https://repo1.maven.org/maven2/org/apache/spark/spark-sql-kafka-0-10_2.12/3.5.0/spark-sql-kafka-0-10_2.12-3.5.0.pom
[2025-12-14T21:23:22.292+0000] {subprocess.py:93} INFO - 
[2025-12-14T21:23:22.293+0000] {subprocess.py:93} INFO - 	Host repo1.maven.org not found. url=https://repo1.maven.org/maven2/org/apache/spark/spark-sql-kafka-0-10_2.12/3.5.0/spark-sql-kafka-0-10_2.12-3.5.0.jar
[2025-12-14T21:23:22.295+0000] {subprocess.py:93} INFO - 
[2025-12-14T21:23:22.296+0000] {subprocess.py:93} INFO - 	Host repos.spark-packages.org not found. url=https://repos.spark-packages.org/org/apache/spark/spark-sql-kafka-0-10_2.12/3.5.0/spark-sql-kafka-0-10_2.12-3.5.0.pom
[2025-12-14T21:23:22.297+0000] {subprocess.py:93} INFO - 
[2025-12-14T21:23:22.298+0000] {subprocess.py:93} INFO - 	Host repos.spark-packages.org not found. url=https://repos.spark-packages.org/org/apache/spark/spark-sql-kafka-0-10_2.12/3.5.0/spark-sql-kafka-0-10_2.12-3.5.0.jar
[2025-12-14T21:23:22.299+0000] {subprocess.py:93} INFO - 
[2025-12-14T21:23:22.299+0000] {subprocess.py:93} INFO - 		module not found: org.apache.spark#spark-sql-kafka-0-10_2.12;3.5.0
[2025-12-14T21:23:22.300+0000] {subprocess.py:93} INFO - 
[2025-12-14T21:23:22.301+0000] {subprocess.py:93} INFO - 	==== local-m2-cache: tried
[2025-12-14T21:23:22.301+0000] {subprocess.py:93} INFO - 
[2025-12-14T21:23:22.301+0000] {subprocess.py:93} INFO - 	  file:/home/spark/.m2/repository/org/apache/spark/spark-sql-kafka-0-10_2.12/3.5.0/spark-sql-kafka-0-10_2.12-3.5.0.pom
[2025-12-14T21:23:22.302+0000] {subprocess.py:93} INFO - 
[2025-12-14T21:23:22.303+0000] {subprocess.py:93} INFO - 	  -- artifact org.apache.spark#spark-sql-kafka-0-10_2.12;3.5.0!spark-sql-kafka-0-10_2.12.jar:
[2025-12-14T21:23:22.303+0000] {subprocess.py:93} INFO - 
[2025-12-14T21:23:22.304+0000] {subprocess.py:93} INFO - 	  file:/home/spark/.m2/repository/org/apache/spark/spark-sql-kafka-0-10_2.12/3.5.0/spark-sql-kafka-0-10_2.12-3.5.0.jar
[2025-12-14T21:23:22.304+0000] {subprocess.py:93} INFO - 
[2025-12-14T21:23:22.305+0000] {subprocess.py:93} INFO - 	==== local-ivy-cache: tried
[2025-12-14T21:23:22.305+0000] {subprocess.py:93} INFO - 
[2025-12-14T21:23:22.306+0000] {subprocess.py:93} INFO - 	  /home/spark/.ivy2/local/org.apache.spark/spark-sql-kafka-0-10_2.12/3.5.0/ivys/ivy.xml
[2025-12-14T21:23:22.306+0000] {subprocess.py:93} INFO - 
[2025-12-14T21:23:22.306+0000] {subprocess.py:93} INFO - 	  -- artifact org.apache.spark#spark-sql-kafka-0-10_2.12;3.5.0!spark-sql-kafka-0-10_2.12.jar:
[2025-12-14T21:23:22.307+0000] {subprocess.py:93} INFO - 
[2025-12-14T21:23:22.307+0000] {subprocess.py:93} INFO - 	  /home/spark/.ivy2/local/org.apache.spark/spark-sql-kafka-0-10_2.12/3.5.0/jars/spark-sql-kafka-0-10_2.12.jar
[2025-12-14T21:23:22.308+0000] {subprocess.py:93} INFO - 
[2025-12-14T21:23:22.308+0000] {subprocess.py:93} INFO - 	==== central: tried
[2025-12-14T21:23:22.309+0000] {subprocess.py:93} INFO - 
[2025-12-14T21:23:22.310+0000] {subprocess.py:93} INFO - 	  https://repo1.maven.org/maven2/org/apache/spark/spark-sql-kafka-0-10_2.12/3.5.0/spark-sql-kafka-0-10_2.12-3.5.0.pom
[2025-12-14T21:23:22.310+0000] {subprocess.py:93} INFO - 
[2025-12-14T21:23:22.311+0000] {subprocess.py:93} INFO - 	  -- artifact org.apache.spark#spark-sql-kafka-0-10_2.12;3.5.0!spark-sql-kafka-0-10_2.12.jar:
[2025-12-14T21:23:22.311+0000] {subprocess.py:93} INFO - 
[2025-12-14T21:23:22.316+0000] {subprocess.py:93} INFO - 	  https://repo1.maven.org/maven2/org/apache/spark/spark-sql-kafka-0-10_2.12/3.5.0/spark-sql-kafka-0-10_2.12-3.5.0.jar
[2025-12-14T21:23:22.318+0000] {subprocess.py:93} INFO - 
[2025-12-14T21:23:22.319+0000] {subprocess.py:93} INFO - 	==== spark-packages: tried
[2025-12-14T21:23:22.320+0000] {subprocess.py:93} INFO - 
[2025-12-14T21:23:22.321+0000] {subprocess.py:93} INFO - 	  https://repos.spark-packages.org/org/apache/spark/spark-sql-kafka-0-10_2.12/3.5.0/spark-sql-kafka-0-10_2.12-3.5.0.pom
[2025-12-14T21:23:22.322+0000] {subprocess.py:93} INFO - 
[2025-12-14T21:23:22.323+0000] {subprocess.py:93} INFO - 	  -- artifact org.apache.spark#spark-sql-kafka-0-10_2.12;3.5.0!spark-sql-kafka-0-10_2.12.jar:
[2025-12-14T21:23:22.323+0000] {subprocess.py:93} INFO - 
[2025-12-14T21:23:22.323+0000] {subprocess.py:93} INFO - 	  https://repos.spark-packages.org/org/apache/spark/spark-sql-kafka-0-10_2.12/3.5.0/spark-sql-kafka-0-10_2.12-3.5.0.jar
[2025-12-14T21:23:22.324+0000] {subprocess.py:93} INFO - 
[2025-12-14T21:23:22.324+0000] {subprocess.py:93} INFO - 	Host repo1.maven.org not found. url=https://repo1.maven.org/maven2/org/apache/spark/spark-avro_2.12/3.5.0/spark-avro_2.12-3.5.0.pom
[2025-12-14T21:23:22.324+0000] {subprocess.py:93} INFO - 
[2025-12-14T21:23:22.325+0000] {subprocess.py:93} INFO - 	Host repo1.maven.org not found. url=https://repo1.maven.org/maven2/org/apache/spark/spark-avro_2.12/3.5.0/spark-avro_2.12-3.5.0.jar
[2025-12-14T21:23:22.325+0000] {subprocess.py:93} INFO - 
[2025-12-14T21:23:22.326+0000] {subprocess.py:93} INFO - 	Host repos.spark-packages.org not found. url=https://repos.spark-packages.org/org/apache/spark/spark-avro_2.12/3.5.0/spark-avro_2.12-3.5.0.pom
[2025-12-14T21:23:22.326+0000] {subprocess.py:93} INFO - 
[2025-12-14T21:23:22.326+0000] {subprocess.py:93} INFO - 	Host repos.spark-packages.org not found. url=https://repos.spark-packages.org/org/apache/spark/spark-avro_2.12/3.5.0/spark-avro_2.12-3.5.0.jar
[2025-12-14T21:23:22.327+0000] {subprocess.py:93} INFO - 
[2025-12-14T21:23:22.327+0000] {subprocess.py:93} INFO - 		module not found: org.apache.spark#spark-avro_2.12;3.5.0
[2025-12-14T21:23:22.327+0000] {subprocess.py:93} INFO - 
[2025-12-14T21:23:22.328+0000] {subprocess.py:93} INFO - 	==== local-m2-cache: tried
[2025-12-14T21:23:22.328+0000] {subprocess.py:93} INFO - 
[2025-12-14T21:23:22.329+0000] {subprocess.py:93} INFO - 	  file:/home/spark/.m2/repository/org/apache/spark/spark-avro_2.12/3.5.0/spark-avro_2.12-3.5.0.pom
[2025-12-14T21:23:22.330+0000] {subprocess.py:93} INFO - 
[2025-12-14T21:23:22.331+0000] {subprocess.py:93} INFO - 	  -- artifact org.apache.spark#spark-avro_2.12;3.5.0!spark-avro_2.12.jar:
[2025-12-14T21:23:22.331+0000] {subprocess.py:93} INFO - 
[2025-12-14T21:23:22.332+0000] {subprocess.py:93} INFO - 	  file:/home/spark/.m2/repository/org/apache/spark/spark-avro_2.12/3.5.0/spark-avro_2.12-3.5.0.jar
[2025-12-14T21:23:22.332+0000] {subprocess.py:93} INFO - 
[2025-12-14T21:23:22.332+0000] {subprocess.py:93} INFO - 	==== local-ivy-cache: tried
[2025-12-14T21:23:22.333+0000] {subprocess.py:93} INFO - 
[2025-12-14T21:23:22.333+0000] {subprocess.py:93} INFO - 	  /home/spark/.ivy2/local/org.apache.spark/spark-avro_2.12/3.5.0/ivys/ivy.xml
[2025-12-14T21:23:22.333+0000] {subprocess.py:93} INFO - 
[2025-12-14T21:23:22.333+0000] {subprocess.py:93} INFO - 	  -- artifact org.apache.spark#spark-avro_2.12;3.5.0!spark-avro_2.12.jar:
[2025-12-14T21:23:22.334+0000] {subprocess.py:93} INFO - 
[2025-12-14T21:23:22.334+0000] {subprocess.py:93} INFO - 	  /home/spark/.ivy2/local/org.apache.spark/spark-avro_2.12/3.5.0/jars/spark-avro_2.12.jar
[2025-12-14T21:23:22.334+0000] {subprocess.py:93} INFO - 
[2025-12-14T21:23:22.335+0000] {subprocess.py:93} INFO - 	==== central: tried
[2025-12-14T21:23:22.335+0000] {subprocess.py:93} INFO - 
[2025-12-14T21:23:22.335+0000] {subprocess.py:93} INFO - 	  https://repo1.maven.org/maven2/org/apache/spark/spark-avro_2.12/3.5.0/spark-avro_2.12-3.5.0.pom
[2025-12-14T21:23:22.335+0000] {subprocess.py:93} INFO - 
[2025-12-14T21:23:22.336+0000] {subprocess.py:93} INFO - 	  -- artifact org.apache.spark#spark-avro_2.12;3.5.0!spark-avro_2.12.jar:
[2025-12-14T21:23:22.336+0000] {subprocess.py:93} INFO - 
[2025-12-14T21:23:22.336+0000] {subprocess.py:93} INFO - 	  https://repo1.maven.org/maven2/org/apache/spark/spark-avro_2.12/3.5.0/spark-avro_2.12-3.5.0.jar
[2025-12-14T21:23:22.337+0000] {subprocess.py:93} INFO - 
[2025-12-14T21:23:22.337+0000] {subprocess.py:93} INFO - 	==== spark-packages: tried
[2025-12-14T21:23:22.337+0000] {subprocess.py:93} INFO - 
[2025-12-14T21:23:22.338+0000] {subprocess.py:93} INFO - 	  https://repos.spark-packages.org/org/apache/spark/spark-avro_2.12/3.5.0/spark-avro_2.12-3.5.0.pom
[2025-12-14T21:23:22.338+0000] {subprocess.py:93} INFO - 
[2025-12-14T21:23:22.338+0000] {subprocess.py:93} INFO - 	  -- artifact org.apache.spark#spark-avro_2.12;3.5.0!spark-avro_2.12.jar:
[2025-12-14T21:23:22.338+0000] {subprocess.py:93} INFO - 
[2025-12-14T21:23:22.339+0000] {subprocess.py:93} INFO - 	  https://repos.spark-packages.org/org/apache/spark/spark-avro_2.12/3.5.0/spark-avro_2.12-3.5.0.jar
[2025-12-14T21:23:22.339+0000] {subprocess.py:93} INFO - 
[2025-12-14T21:23:22.339+0000] {subprocess.py:93} INFO - 		::::::::::::::::::::::::::::::::::::::::::::::
[2025-12-14T21:23:22.340+0000] {subprocess.py:93} INFO - 
[2025-12-14T21:23:22.340+0000] {subprocess.py:93} INFO - 		::          UNRESOLVED DEPENDENCIES         ::
[2025-12-14T21:23:22.340+0000] {subprocess.py:93} INFO - 
[2025-12-14T21:23:22.340+0000] {subprocess.py:93} INFO - 		::::::::::::::::::::::::::::::::::::::::::::::
[2025-12-14T21:23:22.341+0000] {subprocess.py:93} INFO - 
[2025-12-14T21:23:22.341+0000] {subprocess.py:93} INFO - 		:: org.apache.spark#spark-sql-kafka-0-10_2.12;3.5.0: not found
[2025-12-14T21:23:22.341+0000] {subprocess.py:93} INFO - 
[2025-12-14T21:23:22.342+0000] {subprocess.py:93} INFO - 		:: org.apache.spark#spark-avro_2.12;3.5.0: not found
[2025-12-14T21:23:22.342+0000] {subprocess.py:93} INFO - 
[2025-12-14T21:23:22.342+0000] {subprocess.py:93} INFO - 		::::::::::::::::::::::::::::::::::::::::::::::
[2025-12-14T21:23:22.343+0000] {subprocess.py:93} INFO - 
[2025-12-14T21:23:22.343+0000] {subprocess.py:93} INFO - 
[2025-12-14T21:23:22.343+0000] {subprocess.py:93} INFO - 
[2025-12-14T21:23:22.343+0000] {subprocess.py:93} INFO - :: USE VERBOSE OR DEBUG MESSAGE LEVEL FOR MORE DETAILS
[2025-12-14T21:23:22.344+0000] {subprocess.py:93} INFO - Exception in thread "main" java.lang.RuntimeException: [unresolved dependency: org.apache.spark#spark-sql-kafka-0-10_2.12;3.5.0: not found, unresolved dependency: org.apache.spark#spark-avro_2.12;3.5.0: not found]
[2025-12-14T21:23:22.344+0000] {subprocess.py:93} INFO - 	at org.apache.spark.deploy.SparkSubmitUtils$.resolveMavenCoordinates(SparkSubmit.scala:1537)
[2025-12-14T21:23:22.344+0000] {subprocess.py:93} INFO - 	at org.apache.spark.util.DependencyUtils$.resolveMavenDependencies(DependencyUtils.scala:185)
[2025-12-14T21:23:22.345+0000] {subprocess.py:93} INFO - 	at org.apache.spark.deploy.SparkSubmit.prepareSubmitEnvironment(SparkSubmit.scala:334)
[2025-12-14T21:23:22.345+0000] {subprocess.py:93} INFO - 	at org.apache.spark.deploy.SparkSubmit.org$apache$spark$deploy$SparkSubmit$$runMain(SparkSubmit.scala:964)
[2025-12-14T21:23:22.346+0000] {subprocess.py:93} INFO - 	at org.apache.spark.deploy.SparkSubmit.doRunMain$1(SparkSubmit.scala:194)
[2025-12-14T21:23:22.347+0000] {subprocess.py:93} INFO - 	at org.apache.spark.deploy.SparkSubmit.submit(SparkSubmit.scala:217)
[2025-12-14T21:23:22.347+0000] {subprocess.py:93} INFO - 	at org.apache.spark.deploy.SparkSubmit.doSubmit(SparkSubmit.scala:91)
[2025-12-14T21:23:22.348+0000] {subprocess.py:93} INFO - 	at org.apache.spark.deploy.SparkSubmit$$anon$2.doSubmit(SparkSubmit.scala:1120)
[2025-12-14T21:23:22.348+0000] {subprocess.py:93} INFO - 	at org.apache.spark.deploy.SparkSubmit$.main(SparkSubmit.scala:1129)
[2025-12-14T21:23:22.348+0000] {subprocess.py:93} INFO - 	at org.apache.spark.deploy.SparkSubmit.main(SparkSubmit.scala)
[2025-12-14T21:23:22.349+0000] {subprocess.py:97} INFO - Command exited with return code 1
[2025-12-14T21:23:22.356+0000] {taskinstance.py:3301} ERROR - Task failed with exception
Traceback (most recent call last):
  File "/home/airflow/.local/lib/python3.12/site-packages/airflow/models/taskinstance.py", line 767, in _execute_task
    result = _execute_callable(context=context, **execute_callable_kwargs)
             ^^^^^^^^^^^^^^^^^^^^^^^^^^^^^^^^^^^^^^^^^^^^^^^^^^^^^^^^^^^^^
  File "/home/airflow/.local/lib/python3.12/site-packages/airflow/models/taskinstance.py", line 733, in _execute_callable
    return ExecutionCallableRunner(
           ^^^^^^^^^^^^^^^^^^^^^^^^
  File "/home/airflow/.local/lib/python3.12/site-packages/airflow/utils/operator_helpers.py", line 252, in run
    return self.func(*args, **kwargs)
           ^^^^^^^^^^^^^^^^^^^^^^^^^^
  File "/home/airflow/.local/lib/python3.12/site-packages/airflow/models/baseoperator.py", line 406, in wrapper
    return func(self, *args, **kwargs)
           ^^^^^^^^^^^^^^^^^^^^^^^^^^^
  File "/home/airflow/.local/lib/python3.12/site-packages/airflow/operators/bash.py", line 249, in execute
    raise AirflowException(
airflow.exceptions.AirflowException: Bash command failed. The command returned a non-zero exit code 1.
[2025-12-14T21:23:22.363+0000] {taskinstance.py:1225} INFO - Marking task as UP_FOR_RETRY. dag_id=batch_layer_pipeline, task_id=run_batch_layer, run_id=scheduled__2025-12-14T20:00:00+00:00, execution_date=20251214T200000, start_date=20251214T212308, end_date=20251214T212322
[2025-12-14T21:23:22.382+0000] {taskinstance.py:340} INFO - ::group::Post task execution logs
[2025-12-14T21:23:22.383+0000] {standard_task_runner.py:124} ERROR - Failed to execute job 3 for task run_batch_layer (Bash command failed. The command returned a non-zero exit code 1.; 100)
Traceback (most recent call last):
  File "/home/airflow/.local/lib/python3.12/site-packages/airflow/task/task_runner/standard_task_runner.py", line 117, in _start_by_fork
    ret = args.func(args, dag=self.dag)
          ^^^^^^^^^^^^^^^^^^^^^^^^^^^^^
  File "/home/airflow/.local/lib/python3.12/site-packages/airflow/cli/cli_config.py", line 49, in command
    return func(*args, **kwargs)
           ^^^^^^^^^^^^^^^^^^^^^
  File "/home/airflow/.local/lib/python3.12/site-packages/airflow/utils/cli.py", line 115, in wrapper
    return f(*args, **kwargs)
           ^^^^^^^^^^^^^^^^^^
  File "/home/airflow/.local/lib/python3.12/site-packages/airflow/cli/commands/task_command.py", line 483, in task_run
    task_return_code = _run_task_by_selected_method(args, _dag, ti)
                       ^^^^^^^^^^^^^^^^^^^^^^^^^^^^^^^^^^^^^^^^^^^^
  File "/home/airflow/.local/lib/python3.12/site-packages/airflow/cli/commands/task_command.py", line 256, in _run_task_by_selected_method
    return _run_raw_task(args, ti)
           ^^^^^^^^^^^^^^^^^^^^^^^
  File "/home/airflow/.local/lib/python3.12/site-packages/airflow/cli/commands/task_command.py", line 341, in _run_raw_task
    return ti._run_raw_task(
           ^^^^^^^^^^^^^^^^^
  File "/home/airflow/.local/lib/python3.12/site-packages/airflow/utils/session.py", line 97, in wrapper
    return func(*args, session=session, **kwargs)
           ^^^^^^^^^^^^^^^^^^^^^^^^^^^^^^^^^^^^^^
  File "/home/airflow/.local/lib/python3.12/site-packages/airflow/models/taskinstance.py", line 2995, in _run_raw_task
    return _run_raw_task(
           ^^^^^^^^^^^^^^
  File "/home/airflow/.local/lib/python3.12/site-packages/airflow/models/taskinstance.py", line 273, in _run_raw_task
    TaskInstance._execute_task_with_callbacks(
  File "/home/airflow/.local/lib/python3.12/site-packages/airflow/models/taskinstance.py", line 3149, in _execute_task_with_callbacks
    result = self._execute_task(context, task_orig)
             ^^^^^^^^^^^^^^^^^^^^^^^^^^^^^^^^^^^^^^
  File "/home/airflow/.local/lib/python3.12/site-packages/airflow/models/taskinstance.py", line 3173, in _execute_task
    return _execute_task(self, context, task_orig)
           ^^^^^^^^^^^^^^^^^^^^^^^^^^^^^^^^^^^^^^^
  File "/home/airflow/.local/lib/python3.12/site-packages/airflow/models/taskinstance.py", line 767, in _execute_task
    result = _execute_callable(context=context, **execute_callable_kwargs)
             ^^^^^^^^^^^^^^^^^^^^^^^^^^^^^^^^^^^^^^^^^^^^^^^^^^^^^^^^^^^^^
  File "/home/airflow/.local/lib/python3.12/site-packages/airflow/models/taskinstance.py", line 733, in _execute_callable
    return ExecutionCallableRunner(
           ^^^^^^^^^^^^^^^^^^^^^^^^
  File "/home/airflow/.local/lib/python3.12/site-packages/airflow/utils/operator_helpers.py", line 252, in run
    return self.func(*args, **kwargs)
           ^^^^^^^^^^^^^^^^^^^^^^^^^^
  File "/home/airflow/.local/lib/python3.12/site-packages/airflow/models/baseoperator.py", line 406, in wrapper
    return func(self, *args, **kwargs)
           ^^^^^^^^^^^^^^^^^^^^^^^^^^^
  File "/home/airflow/.local/lib/python3.12/site-packages/airflow/operators/bash.py", line 249, in execute
    raise AirflowException(
airflow.exceptions.AirflowException: Bash command failed. The command returned a non-zero exit code 1.
[2025-12-14T21:23:22.431+0000] {local_task_job_runner.py:261} INFO - Task exited with return code 1
[2025-12-14T21:23:22.450+0000] {taskinstance.py:3891} INFO - 0 downstream tasks scheduled from follow-on schedule check
[2025-12-14T21:23:22.451+0000] {local_task_job_runner.py:240} INFO - ::endgroup::
