[2025-12-14T17:08:09.688+0000] {taskinstance.py:1103} INFO - Dependencies all met for dep_context=non-requeueable deps ti=<TaskInstance: exchange_rates_batch_layer.spark_batch_layer manual__2025-12-14T17:02:51.934180+00:00 [queued]>
[2025-12-14T17:08:09.697+0000] {taskinstance.py:1103} INFO - Dependencies all met for dep_context=requeueable deps ti=<TaskInstance: exchange_rates_batch_layer.spark_batch_layer manual__2025-12-14T17:02:51.934180+00:00 [queued]>
[2025-12-14T17:08:09.698+0000] {taskinstance.py:1308} INFO - Starting attempt 2 of 2
[2025-12-14T17:08:09.724+0000] {taskinstance.py:1327} INFO - Executing <Task(SparkSubmitOperator): spark_batch_layer> on 2025-12-14 17:02:51.934180+00:00
[2025-12-14T17:08:09.728+0000] {standard_task_runner.py:57} INFO - Started process 498 to run task
[2025-12-14T17:08:09.732+0000] {standard_task_runner.py:84} INFO - Running: ['airflow', 'tasks', 'run', 'exchange_rates_batch_layer', 'spark_batch_layer', 'manual__2025-12-14T17:02:51.934180+00:00', '--job-id', '14', '--raw', '--subdir', 'DAGS_FOLDER/exchange_rates_batch_dag.py', '--cfg-path', '/tmp/tmpmd_26q4k']
[2025-12-14T17:08:09.734+0000] {standard_task_runner.py:85} INFO - Job 14: Subtask spark_batch_layer
[2025-12-14T17:08:09.786+0000] {task_command.py:410} INFO - Running <TaskInstance: exchange_rates_batch_layer.spark_batch_layer manual__2025-12-14T17:02:51.934180+00:00 [running]> on host 0a6cd546f6b5
[2025-12-14T17:08:09.897+0000] {taskinstance.py:1547} INFO - Exporting env vars: AIRFLOW_CTX_DAG_OWNER='airflow' AIRFLOW_CTX_DAG_ID='exchange_rates_batch_layer' AIRFLOW_CTX_TASK_ID='spark_batch_layer' AIRFLOW_CTX_EXECUTION_DATE='2025-12-14T17:02:51.934180+00:00' AIRFLOW_CTX_TRY_NUMBER='2' AIRFLOW_CTX_DAG_RUN_ID='manual__2025-12-14T17:02:51.934180+00:00'
[2025-12-14T17:08:09.905+0000] {base.py:73} INFO - Using connection ID 'spark_default' for task execution.
[2025-12-14T17:08:09.906+0000] {spark_submit.py:339} INFO - Spark-Submit cmd: spark-submit --master spark-master:7077 --packages org.apache.spark:spark-sql-kafka-0-10_2.12:3.5.0 --executor-memory 2g --driver-memory 1g --name ExchangeRatesBatchLayer --verbose /opt/spark/jobs/batch_layer.py
[2025-12-14T17:08:12.060+0000] {spark_submit.py:490} INFO - Using properties file: null
[2025-12-14T17:08:12.233+0000] {spark_submit.py:490} INFO - Parsed arguments:
[2025-12-14T17:08:12.234+0000] {spark_submit.py:490} INFO - master                  spark-master:7077
[2025-12-14T17:08:12.234+0000] {spark_submit.py:490} INFO - remote                  null
[2025-12-14T17:08:12.234+0000] {spark_submit.py:490} INFO - deployMode              null
[2025-12-14T17:08:12.235+0000] {spark_submit.py:490} INFO - executorMemory          2g
[2025-12-14T17:08:12.235+0000] {spark_submit.py:490} INFO - executorCores           null
[2025-12-14T17:08:12.235+0000] {spark_submit.py:490} INFO - totalExecutorCores      null
[2025-12-14T17:08:12.236+0000] {spark_submit.py:490} INFO - propertiesFile          null
[2025-12-14T17:08:12.236+0000] {spark_submit.py:490} INFO - driverMemory            1g
[2025-12-14T17:08:12.236+0000] {spark_submit.py:490} INFO - driverCores             null
[2025-12-14T17:08:12.237+0000] {spark_submit.py:490} INFO - driverExtraClassPath    null
[2025-12-14T17:08:12.237+0000] {spark_submit.py:490} INFO - driverExtraLibraryPath  null
[2025-12-14T17:08:12.237+0000] {spark_submit.py:490} INFO - driverExtraJavaOptions  null
[2025-12-14T17:08:12.238+0000] {spark_submit.py:490} INFO - supervise               false
[2025-12-14T17:08:12.238+0000] {spark_submit.py:490} INFO - queue                   null
[2025-12-14T17:08:12.238+0000] {spark_submit.py:490} INFO - numExecutors            null
[2025-12-14T17:08:12.239+0000] {spark_submit.py:490} INFO - files                   null
[2025-12-14T17:08:12.239+0000] {spark_submit.py:490} INFO - pyFiles                 null
[2025-12-14T17:08:12.239+0000] {spark_submit.py:490} INFO - archives                null
[2025-12-14T17:08:12.240+0000] {spark_submit.py:490} INFO - mainClass               null
[2025-12-14T17:08:12.240+0000] {spark_submit.py:490} INFO - primaryResource         file:/opt/spark/jobs/batch_layer.py
[2025-12-14T17:08:12.240+0000] {spark_submit.py:490} INFO - name                    ExchangeRatesBatchLayer
[2025-12-14T17:08:12.241+0000] {spark_submit.py:490} INFO - childArgs               []
[2025-12-14T17:08:12.241+0000] {spark_submit.py:490} INFO - jars                    null
[2025-12-14T17:08:12.242+0000] {spark_submit.py:490} INFO - packages                org.apache.spark:spark-sql-kafka-0-10_2.12:3.5.0
[2025-12-14T17:08:12.242+0000] {spark_submit.py:490} INFO - packagesExclusions      null
[2025-12-14T17:08:12.243+0000] {spark_submit.py:490} INFO - repositories            null
[2025-12-14T17:08:12.243+0000] {spark_submit.py:490} INFO - verbose                 true
[2025-12-14T17:08:12.244+0000] {spark_submit.py:490} INFO - 
[2025-12-14T17:08:12.244+0000] {spark_submit.py:490} INFO - Spark properties used, including those specified through
[2025-12-14T17:08:12.245+0000] {spark_submit.py:490} INFO - --conf and those from the properties file null:
[2025-12-14T17:08:12.245+0000] {spark_submit.py:490} INFO - (spark.driver.memory,1g)
[2025-12-14T17:08:12.246+0000] {spark_submit.py:490} INFO - 
[2025-12-14T17:08:12.246+0000] {spark_submit.py:490} INFO - 
[2025-12-14T17:08:12.465+0000] {spark_submit.py:490} INFO - :: loading settings :: url = jar:file:/home/airflow/.local/lib/python3.7/site-packages/pyspark/jars/ivy-2.5.1.jar!/org/apache/ivy/core/settings/ivysettings.xml
[2025-12-14T17:08:12.690+0000] {spark_submit.py:490} INFO - Ivy Default Cache set to: /home/airflow/.ivy2/cache
[2025-12-14T17:08:12.690+0000] {spark_submit.py:490} INFO - The jars for the packages stored in: /home/airflow/.ivy2/jars
[2025-12-14T17:08:12.701+0000] {spark_submit.py:490} INFO - org.apache.spark#spark-sql-kafka-0-10_2.12 added as a dependency
[2025-12-14T17:08:12.703+0000] {spark_submit.py:490} INFO - :: resolving dependencies :: org.apache.spark#spark-submit-parent-1a889425-6df0-480f-97f2-93e01469dd78;1.0
[2025-12-14T17:08:12.704+0000] {spark_submit.py:490} INFO - confs: [default]
[2025-12-14T17:08:12.955+0000] {spark_submit.py:490} INFO - found org.apache.spark#spark-sql-kafka-0-10_2.12;3.5.0 in central
[2025-12-14T17:08:13.149+0000] {spark_submit.py:490} INFO - found org.apache.spark#spark-token-provider-kafka-0-10_2.12;3.5.0 in central
[2025-12-14T17:08:13.224+0000] {spark_submit.py:490} INFO - found org.apache.kafka#kafka-clients;3.4.1 in central
[2025-12-14T17:08:13.256+0000] {spark_submit.py:490} INFO - found org.lz4#lz4-java;1.8.0 in central
[2025-12-14T17:08:13.284+0000] {spark_submit.py:490} INFO - found org.xerial.snappy#snappy-java;1.1.10.3 in central
[2025-12-14T17:08:13.307+0000] {spark_submit.py:490} INFO - found org.slf4j#slf4j-api;2.0.7 in central
[2025-12-14T17:08:13.342+0000] {spark_submit.py:490} INFO - found org.apache.hadoop#hadoop-client-runtime;3.3.4 in central
[2025-12-14T17:08:13.375+0000] {spark_submit.py:490} INFO - found org.apache.hadoop#hadoop-client-api;3.3.4 in central
[2025-12-14T17:08:13.407+0000] {spark_submit.py:490} INFO - found commons-logging#commons-logging;1.1.3 in central
[2025-12-14T17:08:13.428+0000] {spark_submit.py:490} INFO - found com.google.code.findbugs#jsr305;3.0.0 in central
[2025-12-14T17:08:13.450+0000] {spark_submit.py:490} INFO - found org.apache.commons#commons-pool2;2.11.1 in central
[2025-12-14T17:08:13.507+0000] {spark_submit.py:490} INFO - :: resolution report :: resolve 771ms :: artifacts dl 29ms
[2025-12-14T17:08:13.507+0000] {spark_submit.py:490} INFO - :: modules in use:
[2025-12-14T17:08:13.508+0000] {spark_submit.py:490} INFO - com.google.code.findbugs#jsr305;3.0.0 from central in [default]
[2025-12-14T17:08:13.509+0000] {spark_submit.py:490} INFO - commons-logging#commons-logging;1.1.3 from central in [default]
[2025-12-14T17:08:13.512+0000] {spark_submit.py:490} INFO - org.apache.commons#commons-pool2;2.11.1 from central in [default]
[2025-12-14T17:08:13.516+0000] {spark_submit.py:490} INFO - org.apache.hadoop#hadoop-client-api;3.3.4 from central in [default]
[2025-12-14T17:08:13.518+0000] {spark_submit.py:490} INFO - org.apache.hadoop#hadoop-client-runtime;3.3.4 from central in [default]
[2025-12-14T17:08:13.520+0000] {spark_submit.py:490} INFO - org.apache.kafka#kafka-clients;3.4.1 from central in [default]
[2025-12-14T17:08:13.520+0000] {spark_submit.py:490} INFO - org.apache.spark#spark-sql-kafka-0-10_2.12;3.5.0 from central in [default]
[2025-12-14T17:08:13.521+0000] {spark_submit.py:490} INFO - org.apache.spark#spark-token-provider-kafka-0-10_2.12;3.5.0 from central in [default]
[2025-12-14T17:08:13.522+0000] {spark_submit.py:490} INFO - org.lz4#lz4-java;1.8.0 from central in [default]
[2025-12-14T17:08:13.522+0000] {spark_submit.py:490} INFO - org.slf4j#slf4j-api;2.0.7 from central in [default]
[2025-12-14T17:08:13.523+0000] {spark_submit.py:490} INFO - org.xerial.snappy#snappy-java;1.1.10.3 from central in [default]
[2025-12-14T17:08:13.523+0000] {spark_submit.py:490} INFO - ---------------------------------------------------------------------
[2025-12-14T17:08:13.524+0000] {spark_submit.py:490} INFO - |                  |            modules            ||   artifacts   |
[2025-12-14T17:08:13.524+0000] {spark_submit.py:490} INFO - |       conf       | number| search|dwnlded|evicted|| number|dwnlded|
[2025-12-14T17:08:13.524+0000] {spark_submit.py:490} INFO - ---------------------------------------------------------------------
[2025-12-14T17:08:13.525+0000] {spark_submit.py:490} INFO - |      default     |   11  |   0   |   0   |   0   ||   11  |   0   |
[2025-12-14T17:08:13.525+0000] {spark_submit.py:490} INFO - ---------------------------------------------------------------------
[2025-12-14T17:08:13.526+0000] {spark_submit.py:490} INFO - :: retrieving :: org.apache.spark#spark-submit-parent-1a889425-6df0-480f-97f2-93e01469dd78
[2025-12-14T17:08:13.526+0000] {spark_submit.py:490} INFO - confs: [default]
[2025-12-14T17:08:13.545+0000] {spark_submit.py:490} INFO - 0 artifacts copied, 11 already retrieved (0kB/20ms)
[2025-12-14T17:08:13.840+0000] {spark_submit.py:490} INFO - 25/12/14 17:08:13 WARN NativeCodeLoader: Unable to load native-hadoop library for your platform... using builtin-java classes where applicable
[2025-12-14T17:08:14.141+0000] {spark_submit.py:490} INFO - Main class:
[2025-12-14T17:08:14.142+0000] {spark_submit.py:490} INFO - org.apache.spark.deploy.PythonRunner
[2025-12-14T17:08:14.142+0000] {spark_submit.py:490} INFO - Arguments:
[2025-12-14T17:08:14.143+0000] {spark_submit.py:490} INFO - file:/opt/spark/jobs/batch_layer.py
[2025-12-14T17:08:14.143+0000] {spark_submit.py:490} INFO - file:///home/airflow/.ivy2/jars/org.apache.spark_spark-sql-kafka-0-10_2.12-3.5.0.jar,file:///home/airflow/.ivy2/jars/org.apache.spark_spark-token-provider-kafka-0-10_2.12-3.5.0.jar,file:///home/airflow/.ivy2/jars/org.apache.kafka_kafka-clients-3.4.1.jar,file:///home/airflow/.ivy2/jars/com.google.code.findbugs_jsr305-3.0.0.jar,file:///home/airflow/.ivy2/jars/org.apache.commons_commons-pool2-2.11.1.jar,file:///home/airflow/.ivy2/jars/org.apache.hadoop_hadoop-client-runtime-3.3.4.jar,file:///home/airflow/.ivy2/jars/org.lz4_lz4-java-1.8.0.jar,file:///home/airflow/.ivy2/jars/org.xerial.snappy_snappy-java-1.1.10.3.jar,file:///home/airflow/.ivy2/jars/org.slf4j_slf4j-api-2.0.7.jar,file:///home/airflow/.ivy2/jars/org.apache.hadoop_hadoop-client-api-3.3.4.jar,file:///home/airflow/.ivy2/jars/commons-logging_commons-logging-1.1.3.jar
[2025-12-14T17:08:14.146+0000] {spark_submit.py:490} INFO - Spark config:
[2025-12-14T17:08:14.147+0000] {spark_submit.py:490} INFO - (spark.app.name,ExchangeRatesBatchLayer)
[2025-12-14T17:08:14.148+0000] {spark_submit.py:490} INFO - (spark.app.submitTime,1765732094118)
[2025-12-14T17:08:14.148+0000] {spark_submit.py:490} INFO - (spark.driver.memory,1g)
[2025-12-14T17:08:14.149+0000] {spark_submit.py:490} INFO - (spark.executor.memory,2g)
[2025-12-14T17:08:14.149+0000] {spark_submit.py:490} INFO - (spark.files,*********(redacted))
[2025-12-14T17:08:14.149+0000] {spark_submit.py:490} INFO - (spark.jars,*********(redacted))
[2025-12-14T17:08:14.150+0000] {spark_submit.py:490} INFO - (spark.master,spark-master:7077)
[2025-12-14T17:08:14.150+0000] {spark_submit.py:490} INFO - (spark.repl.local.jars,*********(redacted))
[2025-12-14T17:08:14.151+0000] {spark_submit.py:490} INFO - (spark.submit.deployMode,client)
[2025-12-14T17:08:14.151+0000] {spark_submit.py:490} INFO - (spark.submit.pyFiles,*********(redacted))
[2025-12-14T17:08:14.152+0000] {spark_submit.py:490} INFO - Classpath elements:
[2025-12-14T17:08:14.153+0000] {spark_submit.py:490} INFO - file:///home/airflow/.ivy2/jars/org.apache.spark_spark-sql-kafka-0-10_2.12-3.5.0.jar
[2025-12-14T17:08:14.153+0000] {spark_submit.py:490} INFO - file:///home/airflow/.ivy2/jars/org.apache.spark_spark-token-provider-kafka-0-10_2.12-3.5.0.jar
[2025-12-14T17:08:14.153+0000] {spark_submit.py:490} INFO - file:///home/airflow/.ivy2/jars/org.apache.kafka_kafka-clients-3.4.1.jar
[2025-12-14T17:08:14.154+0000] {spark_submit.py:490} INFO - file:///home/airflow/.ivy2/jars/com.google.code.findbugs_jsr305-3.0.0.jar
[2025-12-14T17:08:14.154+0000] {spark_submit.py:490} INFO - file:///home/airflow/.ivy2/jars/org.apache.commons_commons-pool2-2.11.1.jar
[2025-12-14T17:08:14.155+0000] {spark_submit.py:490} INFO - file:///home/airflow/.ivy2/jars/org.apache.hadoop_hadoop-client-runtime-3.3.4.jar
[2025-12-14T17:08:14.155+0000] {spark_submit.py:490} INFO - file:///home/airflow/.ivy2/jars/org.lz4_lz4-java-1.8.0.jar
[2025-12-14T17:08:14.156+0000] {spark_submit.py:490} INFO - file:///home/airflow/.ivy2/jars/org.xerial.snappy_snappy-java-1.1.10.3.jar
[2025-12-14T17:08:14.156+0000] {spark_submit.py:490} INFO - file:///home/airflow/.ivy2/jars/org.slf4j_slf4j-api-2.0.7.jar
[2025-12-14T17:08:14.156+0000] {spark_submit.py:490} INFO - file:///home/airflow/.ivy2/jars/org.apache.hadoop_hadoop-client-api-3.3.4.jar
[2025-12-14T17:08:14.157+0000] {spark_submit.py:490} INFO - file:///home/airflow/.ivy2/jars/commons-logging_commons-logging-1.1.3.jar
[2025-12-14T17:08:14.157+0000] {spark_submit.py:490} INFO - 
[2025-12-14T17:08:14.158+0000] {spark_submit.py:490} INFO - 
[2025-12-14T17:08:14.366+0000] {spark_submit.py:490} INFO - python3: can't open file '/opt/spark/jobs/batch_layer.py': [Errno 2] No such file or directory
[2025-12-14T17:08:14.390+0000] {spark_submit.py:490} INFO - 25/12/14 17:08:14 INFO ShutdownHookManager: Shutdown hook called
[2025-12-14T17:08:14.391+0000] {spark_submit.py:490} INFO - 25/12/14 17:08:14 INFO ShutdownHookManager: Deleting directory /tmp/spark-43da758b-538a-4354-87e3-227093bdf8d3
[2025-12-14T17:08:14.480+0000] {taskinstance.py:1824} ERROR - Task failed with exception
Traceback (most recent call last):
  File "/home/airflow/.local/lib/python3.7/site-packages/airflow/providers/apache/spark/operators/spark_submit.py", line 157, in execute
    self._hook.submit(self._application)
  File "/home/airflow/.local/lib/python3.7/site-packages/airflow/providers/apache/spark/hooks/spark_submit.py", line 422, in submit
    f"Cannot execute: {self._mask_cmd(spark_submit_cmd)}. Error code is: {returncode}."
airflow.exceptions.AirflowException: Cannot execute: spark-submit --master spark-master:7077 --packages org.apache.spark:spark-sql-kafka-0-10_2.12:3.5.0 --executor-memory 2g --driver-memory 1g --name ExchangeRatesBatchLayer --verbose /opt/spark/jobs/batch_layer.py. Error code is: 2.
[2025-12-14T17:08:14.487+0000] {taskinstance.py:1350} INFO - Marking task as FAILED. dag_id=exchange_rates_batch_layer, task_id=spark_batch_layer, execution_date=20251214T170251, start_date=20251214T170809, end_date=20251214T170814
[2025-12-14T17:08:14.504+0000] {standard_task_runner.py:109} ERROR - Failed to execute job 14 for task spark_batch_layer (Cannot execute: spark-submit --master spark-master:7077 --packages org.apache.spark:spark-sql-kafka-0-10_2.12:3.5.0 --executor-memory 2g --driver-memory 1g --name ExchangeRatesBatchLayer --verbose /opt/spark/jobs/batch_layer.py. Error code is: 2.; 498)
[2025-12-14T17:08:14.530+0000] {local_task_job_runner.py:225} INFO - Task exited with return code 1
[2025-12-14T17:08:14.552+0000] {taskinstance.py:2653} INFO - 0 downstream tasks scheduled from follow-on schedule check
