[2025-12-14T17:37:44.883+0000] {taskinstance.py:1103} INFO - Dependencies all met for dep_context=non-requeueable deps ti=<TaskInstance: exchange_rates_batch_layer.spark_batch_layer manual__2025-12-14T17:32:21.584485+00:00 [queued]>
[2025-12-14T17:37:44.907+0000] {taskinstance.py:1103} INFO - Dependencies all met for dep_context=requeueable deps ti=<TaskInstance: exchange_rates_batch_layer.spark_batch_layer manual__2025-12-14T17:32:21.584485+00:00 [queued]>
[2025-12-14T17:37:44.909+0000] {taskinstance.py:1308} INFO - Starting attempt 2 of 2
[2025-12-14T17:37:44.949+0000] {taskinstance.py:1327} INFO - Executing <Task(SparkSubmitOperator): spark_batch_layer> on 2025-12-14 17:32:21.584485+00:00
[2025-12-14T17:37:44.954+0000] {standard_task_runner.py:57} INFO - Started process 59 to run task
[2025-12-14T17:37:44.960+0000] {standard_task_runner.py:84} INFO - Running: ['airflow', 'tasks', 'run', 'exchange_rates_batch_layer', 'spark_batch_layer', 'manual__2025-12-14T17:32:21.584485+00:00', '--job-id', '6', '--raw', '--subdir', 'DAGS_FOLDER/exchange_rates_batch_dag.py', '--cfg-path', '/tmp/tmpzebqda97']
[2025-12-14T17:37:44.963+0000] {standard_task_runner.py:85} INFO - Job 6: Subtask spark_batch_layer
[2025-12-14T17:37:45.062+0000] {task_command.py:410} INFO - Running <TaskInstance: exchange_rates_batch_layer.spark_batch_layer manual__2025-12-14T17:32:21.584485+00:00 [running]> on host 2c526072ed61
[2025-12-14T17:37:45.203+0000] {taskinstance.py:1547} INFO - Exporting env vars: AIRFLOW_CTX_DAG_OWNER='airflow' AIRFLOW_CTX_DAG_ID='exchange_rates_batch_layer' AIRFLOW_CTX_TASK_ID='spark_batch_layer' AIRFLOW_CTX_EXECUTION_DATE='2025-12-14T17:32:21.584485+00:00' AIRFLOW_CTX_TRY_NUMBER='2' AIRFLOW_CTX_DAG_RUN_ID='manual__2025-12-14T17:32:21.584485+00:00'
[2025-12-14T17:37:45.212+0000] {base.py:73} INFO - Using connection ID 'spark_default' for task execution.
[2025-12-14T17:37:45.214+0000] {spark_submit.py:339} INFO - Spark-Submit cmd: spark-submit --master spark://spark-master:7077 --packages org.apache.spark:spark-sql-kafka-0-10_2.12:3.5.0 --executor-memory 2g --driver-memory 1g --name ExchangeRatesBatchLayer --verbose /opt/spark/jobs/batch_layer.py
[2025-12-14T17:37:51.277+0000] {spark_submit.py:490} INFO - Using properties file: null
[2025-12-14T17:37:51.885+0000] {spark_submit.py:490} INFO - Parsed arguments:
[2025-12-14T17:37:51.891+0000] {spark_submit.py:490} INFO - master                  spark://spark-master:7077
[2025-12-14T17:37:51.891+0000] {spark_submit.py:490} INFO - remote                  null
[2025-12-14T17:37:51.892+0000] {spark_submit.py:490} INFO - deployMode              null
[2025-12-14T17:37:51.893+0000] {spark_submit.py:490} INFO - executorMemory          2g
[2025-12-14T17:37:51.895+0000] {spark_submit.py:490} INFO - executorCores           null
[2025-12-14T17:37:51.897+0000] {spark_submit.py:490} INFO - totalExecutorCores      null
[2025-12-14T17:37:51.898+0000] {spark_submit.py:490} INFO - propertiesFile          null
[2025-12-14T17:37:51.899+0000] {spark_submit.py:490} INFO - driverMemory            1g
[2025-12-14T17:37:51.899+0000] {spark_submit.py:490} INFO - driverCores             null
[2025-12-14T17:37:51.900+0000] {spark_submit.py:490} INFO - driverExtraClassPath    null
[2025-12-14T17:37:51.901+0000] {spark_submit.py:490} INFO - driverExtraLibraryPath  null
[2025-12-14T17:37:51.901+0000] {spark_submit.py:490} INFO - driverExtraJavaOptions  null
[2025-12-14T17:37:51.902+0000] {spark_submit.py:490} INFO - supervise               false
[2025-12-14T17:37:51.903+0000] {spark_submit.py:490} INFO - queue                   null
[2025-12-14T17:37:51.904+0000] {spark_submit.py:490} INFO - numExecutors            null
[2025-12-14T17:37:51.905+0000] {spark_submit.py:490} INFO - files                   null
[2025-12-14T17:37:51.906+0000] {spark_submit.py:490} INFO - pyFiles                 null
[2025-12-14T17:37:51.907+0000] {spark_submit.py:490} INFO - archives                null
[2025-12-14T17:37:51.908+0000] {spark_submit.py:490} INFO - mainClass               null
[2025-12-14T17:37:51.909+0000] {spark_submit.py:490} INFO - primaryResource         file:/opt/spark/jobs/batch_layer.py
[2025-12-14T17:37:51.910+0000] {spark_submit.py:490} INFO - name                    ExchangeRatesBatchLayer
[2025-12-14T17:37:51.910+0000] {spark_submit.py:490} INFO - childArgs               []
[2025-12-14T17:37:51.911+0000] {spark_submit.py:490} INFO - jars                    null
[2025-12-14T17:37:51.912+0000] {spark_submit.py:490} INFO - packages                org.apache.spark:spark-sql-kafka-0-10_2.12:3.5.0
[2025-12-14T17:37:51.912+0000] {spark_submit.py:490} INFO - packagesExclusions      null
[2025-12-14T17:37:51.913+0000] {spark_submit.py:490} INFO - repositories            null
[2025-12-14T17:37:51.915+0000] {spark_submit.py:490} INFO - verbose                 true
[2025-12-14T17:37:51.915+0000] {spark_submit.py:490} INFO - 
[2025-12-14T17:37:51.916+0000] {spark_submit.py:490} INFO - Spark properties used, including those specified through
[2025-12-14T17:37:51.917+0000] {spark_submit.py:490} INFO - --conf and those from the properties file null:
[2025-12-14T17:37:51.917+0000] {spark_submit.py:490} INFO - (spark.driver.memory,1g)
[2025-12-14T17:37:51.918+0000] {spark_submit.py:490} INFO - 
[2025-12-14T17:37:51.919+0000] {spark_submit.py:490} INFO - 
[2025-12-14T17:37:52.218+0000] {spark_submit.py:490} INFO - :: loading settings :: url = jar:file:/home/airflow/.local/lib/python3.7/site-packages/pyspark/jars/ivy-2.5.1.jar!/org/apache/ivy/core/settings/ivysettings.xml
[2025-12-14T17:37:52.473+0000] {spark_submit.py:490} INFO - Ivy Default Cache set to: /home/airflow/.ivy2/cache
[2025-12-14T17:37:52.475+0000] {spark_submit.py:490} INFO - The jars for the packages stored in: /home/airflow/.ivy2/jars
[2025-12-14T17:37:52.491+0000] {spark_submit.py:490} INFO - org.apache.spark#spark-sql-kafka-0-10_2.12 added as a dependency
[2025-12-14T17:37:52.494+0000] {spark_submit.py:490} INFO - :: resolving dependencies :: org.apache.spark#spark-submit-parent-da7436e4-e4ad-4c90-8f58-a0010781d4f1;1.0
[2025-12-14T17:37:52.495+0000] {spark_submit.py:490} INFO - confs: [default]
[2025-12-14T17:37:57.222+0000] {spark_submit.py:490} INFO - found org.apache.spark#spark-sql-kafka-0-10_2.12;3.5.0 in central
[2025-12-14T17:37:58.528+0000] {spark_submit.py:490} INFO - found org.apache.spark#spark-token-provider-kafka-0-10_2.12;3.5.0 in central
[2025-12-14T17:37:59.051+0000] {spark_submit.py:490} INFO - found org.apache.kafka#kafka-clients;3.4.1 in central
[2025-12-14T17:37:59.428+0000] {spark_submit.py:490} INFO - found org.lz4#lz4-java;1.8.0 in central
[2025-12-14T17:37:59.873+0000] {spark_submit.py:490} INFO - found org.xerial.snappy#snappy-java;1.1.10.3 in central
[2025-12-14T17:38:01.525+0000] {spark_submit.py:490} INFO - found org.slf4j#slf4j-api;2.0.7 in central
[2025-12-14T17:38:04.370+0000] {spark_submit.py:490} INFO - found org.apache.hadoop#hadoop-client-runtime;3.3.4 in central
[2025-12-14T17:38:04.791+0000] {spark_submit.py:490} INFO - found org.apache.hadoop#hadoop-client-api;3.3.4 in central
[2025-12-14T17:38:08.727+0000] {spark_submit.py:490} INFO - found commons-logging#commons-logging;1.1.3 in central
[2025-12-14T17:38:08.918+0000] {spark_submit.py:490} INFO - found com.google.code.findbugs#jsr305;3.0.0 in central
[2025-12-14T17:38:11.929+0000] {spark_submit.py:490} INFO - found org.apache.commons#commons-pool2;2.11.1 in central
[2025-12-14T17:38:12.028+0000] {spark_submit.py:490} INFO - downloading https://repo1.maven.org/maven2/org/apache/spark/spark-sql-kafka-0-10_2.12/3.5.0/spark-sql-kafka-0-10_2.12-3.5.0.jar ...
[2025-12-14T17:38:12.339+0000] {spark_submit.py:490} INFO - [SUCCESSFUL ] org.apache.spark#spark-sql-kafka-0-10_2.12;3.5.0!spark-sql-kafka-0-10_2.12.jar (383ms)
[2025-12-14T17:38:12.441+0000] {spark_submit.py:490} INFO - downloading https://repo1.maven.org/maven2/org/apache/spark/spark-token-provider-kafka-0-10_2.12/3.5.0/spark-token-provider-kafka-0-10_2.12-3.5.0.jar ...
[2025-12-14T17:38:12.555+0000] {spark_submit.py:490} INFO - [SUCCESSFUL ] org.apache.spark#spark-token-provider-kafka-0-10_2.12;3.5.0!spark-token-provider-kafka-0-10_2.12.jar (212ms)
[2025-12-14T17:38:12.664+0000] {spark_submit.py:490} INFO - downloading https://repo1.maven.org/maven2/org/apache/kafka/kafka-clients/3.4.1/kafka-clients-3.4.1.jar ...
[2025-12-14T17:38:13.774+0000] {spark_submit.py:490} INFO - [SUCCESSFUL ] org.apache.kafka#kafka-clients;3.4.1!kafka-clients.jar (1212ms)
[2025-12-14T17:38:13.856+0000] {spark_submit.py:490} INFO - downloading https://repo1.maven.org/maven2/com/google/code/findbugs/jsr305/3.0.0/jsr305-3.0.0.jar ...
[2025-12-14T17:38:13.955+0000] {spark_submit.py:490} INFO - [SUCCESSFUL ] com.google.code.findbugs#jsr305;3.0.0!jsr305.jar (178ms)
[2025-12-14T17:38:14.040+0000] {spark_submit.py:490} INFO - downloading https://repo1.maven.org/maven2/org/apache/commons/commons-pool2/2.11.1/commons-pool2-2.11.1.jar ...
[2025-12-14T17:38:14.164+0000] {spark_submit.py:490} INFO - [SUCCESSFUL ] org.apache.commons#commons-pool2;2.11.1!commons-pool2.jar (207ms)
[2025-12-14T17:38:14.252+0000] {spark_submit.py:490} INFO - downloading https://repo1.maven.org/maven2/org/apache/hadoop/hadoop-client-runtime/3.3.4/hadoop-client-runtime-3.3.4.jar ...
[2025-12-14T17:38:19.817+0000] {spark_submit.py:490} INFO - [SUCCESSFUL ] org.apache.hadoop#hadoop-client-runtime;3.3.4!hadoop-client-runtime.jar (5650ms)
[2025-12-14T17:38:19.893+0000] {spark_submit.py:490} INFO - downloading https://repo1.maven.org/maven2/org/lz4/lz4-java/1.8.0/lz4-java-1.8.0.jar ...
[2025-12-14T17:38:20.323+0000] {spark_submit.py:490} INFO - [SUCCESSFUL ] org.lz4#lz4-java;1.8.0!lz4-java.jar (503ms)
[2025-12-14T17:38:20.415+0000] {spark_submit.py:490} INFO - downloading https://repo1.maven.org/maven2/org/xerial/snappy/snappy-java/1.1.10.3/snappy-java-1.1.10.3.jar ...
[2025-12-14T17:38:20.878+0000] {spark_submit.py:490} INFO - [SUCCESSFUL ] org.xerial.snappy#snappy-java;1.1.10.3!snappy-java.jar(bundle) (550ms)
[2025-12-14T17:38:20.963+0000] {spark_submit.py:490} INFO - downloading https://repo1.maven.org/maven2/org/slf4j/slf4j-api/2.0.7/slf4j-api-2.0.7.jar ...
[2025-12-14T17:38:21.145+0000] {spark_submit.py:490} INFO - [SUCCESSFUL ] org.slf4j#slf4j-api;2.0.7!slf4j-api.jar (263ms)
[2025-12-14T17:38:21.256+0000] {spark_submit.py:490} INFO - downloading https://repo1.maven.org/maven2/org/apache/hadoop/hadoop-client-api/3.3.4/hadoop-client-api-3.3.4.jar ...
[2025-12-14T17:38:25.637+0000] {spark_submit.py:490} INFO - [SUCCESSFUL ] org.apache.hadoop#hadoop-client-api;3.3.4!hadoop-client-api.jar (4480ms)
[2025-12-14T17:38:25.718+0000] {spark_submit.py:490} INFO - downloading https://repo1.maven.org/maven2/commons-logging/commons-logging/1.1.3/commons-logging-1.1.3.jar ...
[2025-12-14T17:38:25.804+0000] {spark_submit.py:490} INFO - [SUCCESSFUL ] commons-logging#commons-logging;1.1.3!commons-logging.jar (162ms)
[2025-12-14T17:38:25.805+0000] {spark_submit.py:490} INFO - :: resolution report :: resolve 19460ms :: artifacts dl 13851ms
[2025-12-14T17:38:25.806+0000] {spark_submit.py:490} INFO - :: modules in use:
[2025-12-14T17:38:25.807+0000] {spark_submit.py:490} INFO - com.google.code.findbugs#jsr305;3.0.0 from central in [default]
[2025-12-14T17:38:25.808+0000] {spark_submit.py:490} INFO - commons-logging#commons-logging;1.1.3 from central in [default]
[2025-12-14T17:38:25.809+0000] {spark_submit.py:490} INFO - org.apache.commons#commons-pool2;2.11.1 from central in [default]
[2025-12-14T17:38:25.810+0000] {spark_submit.py:490} INFO - org.apache.hadoop#hadoop-client-api;3.3.4 from central in [default]
[2025-12-14T17:38:25.810+0000] {spark_submit.py:490} INFO - org.apache.hadoop#hadoop-client-runtime;3.3.4 from central in [default]
[2025-12-14T17:38:25.811+0000] {spark_submit.py:490} INFO - org.apache.kafka#kafka-clients;3.4.1 from central in [default]
[2025-12-14T17:38:25.812+0000] {spark_submit.py:490} INFO - org.apache.spark#spark-sql-kafka-0-10_2.12;3.5.0 from central in [default]
[2025-12-14T17:38:25.813+0000] {spark_submit.py:490} INFO - org.apache.spark#spark-token-provider-kafka-0-10_2.12;3.5.0 from central in [default]
[2025-12-14T17:38:25.814+0000] {spark_submit.py:490} INFO - org.lz4#lz4-java;1.8.0 from central in [default]
[2025-12-14T17:38:25.817+0000] {spark_submit.py:490} INFO - org.slf4j#slf4j-api;2.0.7 from central in [default]
[2025-12-14T17:38:25.818+0000] {spark_submit.py:490} INFO - org.xerial.snappy#snappy-java;1.1.10.3 from central in [default]
[2025-12-14T17:38:25.819+0000] {spark_submit.py:490} INFO - ---------------------------------------------------------------------
[2025-12-14T17:38:25.820+0000] {spark_submit.py:490} INFO - |                  |            modules            ||   artifacts   |
[2025-12-14T17:38:25.820+0000] {spark_submit.py:490} INFO - |       conf       | number| search|dwnlded|evicted|| number|dwnlded|
[2025-12-14T17:38:25.821+0000] {spark_submit.py:490} INFO - ---------------------------------------------------------------------
[2025-12-14T17:38:25.821+0000] {spark_submit.py:490} INFO - |      default     |   11  |   11  |   11  |   0   ||   11  |   11  |
[2025-12-14T17:38:25.822+0000] {spark_submit.py:490} INFO - ---------------------------------------------------------------------
[2025-12-14T17:38:25.839+0000] {spark_submit.py:490} INFO - :: retrieving :: org.apache.spark#spark-submit-parent-da7436e4-e4ad-4c90-8f58-a0010781d4f1
[2025-12-14T17:38:25.840+0000] {spark_submit.py:490} INFO - confs: [default]
[2025-12-14T17:38:25.964+0000] {spark_submit.py:490} INFO - 11 artifacts copied, 0 already retrieved (56767kB/125ms)
[2025-12-14T17:38:26.481+0000] {spark_submit.py:490} INFO - 25/12/14 17:38:26 WARN NativeCodeLoader: Unable to load native-hadoop library for your platform... using builtin-java classes where applicable
[2025-12-14T17:38:26.863+0000] {spark_submit.py:490} INFO - Main class:
[2025-12-14T17:38:26.871+0000] {spark_submit.py:490} INFO - org.apache.spark.deploy.PythonRunner
[2025-12-14T17:38:26.872+0000] {spark_submit.py:490} INFO - Arguments:
[2025-12-14T17:38:26.874+0000] {spark_submit.py:490} INFO - file:/opt/spark/jobs/batch_layer.py
[2025-12-14T17:38:26.875+0000] {spark_submit.py:490} INFO - file:///home/airflow/.ivy2/jars/org.apache.spark_spark-sql-kafka-0-10_2.12-3.5.0.jar,file:///home/airflow/.ivy2/jars/org.apache.spark_spark-token-provider-kafka-0-10_2.12-3.5.0.jar,file:///home/airflow/.ivy2/jars/org.apache.kafka_kafka-clients-3.4.1.jar,file:///home/airflow/.ivy2/jars/com.google.code.findbugs_jsr305-3.0.0.jar,file:///home/airflow/.ivy2/jars/org.apache.commons_commons-pool2-2.11.1.jar,file:///home/airflow/.ivy2/jars/org.apache.hadoop_hadoop-client-runtime-3.3.4.jar,file:///home/airflow/.ivy2/jars/org.lz4_lz4-java-1.8.0.jar,file:///home/airflow/.ivy2/jars/org.xerial.snappy_snappy-java-1.1.10.3.jar,file:///home/airflow/.ivy2/jars/org.slf4j_slf4j-api-2.0.7.jar,file:///home/airflow/.ivy2/jars/org.apache.hadoop_hadoop-client-api-3.3.4.jar,file:///home/airflow/.ivy2/jars/commons-logging_commons-logging-1.1.3.jar
[2025-12-14T17:38:26.877+0000] {spark_submit.py:490} INFO - Spark config:
[2025-12-14T17:38:26.877+0000] {spark_submit.py:490} INFO - (spark.app.name,ExchangeRatesBatchLayer)
[2025-12-14T17:38:26.878+0000] {spark_submit.py:490} INFO - (spark.app.submitTime,1765733906817)
[2025-12-14T17:38:26.879+0000] {spark_submit.py:490} INFO - (spark.driver.memory,1g)
[2025-12-14T17:38:26.880+0000] {spark_submit.py:490} INFO - (spark.executor.memory,2g)
[2025-12-14T17:38:26.881+0000] {spark_submit.py:490} INFO - (spark.files,*********(redacted))
[2025-12-14T17:38:26.881+0000] {spark_submit.py:490} INFO - (spark.jars,*********(redacted))
[2025-12-14T17:38:26.882+0000] {spark_submit.py:490} INFO - (spark.master,spark://spark-master:7077)
[2025-12-14T17:38:26.883+0000] {spark_submit.py:490} INFO - (spark.repl.local.jars,*********(redacted))
[2025-12-14T17:38:26.884+0000] {spark_submit.py:490} INFO - (spark.submit.deployMode,client)
[2025-12-14T17:38:26.886+0000] {spark_submit.py:490} INFO - (spark.submit.pyFiles,*********(redacted))
[2025-12-14T17:38:26.886+0000] {spark_submit.py:490} INFO - Classpath elements:
[2025-12-14T17:38:26.887+0000] {spark_submit.py:490} INFO - file:///home/airflow/.ivy2/jars/org.apache.spark_spark-sql-kafka-0-10_2.12-3.5.0.jar
[2025-12-14T17:38:26.888+0000] {spark_submit.py:490} INFO - file:///home/airflow/.ivy2/jars/org.apache.spark_spark-token-provider-kafka-0-10_2.12-3.5.0.jar
[2025-12-14T17:38:26.889+0000] {spark_submit.py:490} INFO - file:///home/airflow/.ivy2/jars/org.apache.kafka_kafka-clients-3.4.1.jar
[2025-12-14T17:38:26.890+0000] {spark_submit.py:490} INFO - file:///home/airflow/.ivy2/jars/com.google.code.findbugs_jsr305-3.0.0.jar
[2025-12-14T17:38:26.891+0000] {spark_submit.py:490} INFO - file:///home/airflow/.ivy2/jars/org.apache.commons_commons-pool2-2.11.1.jar
[2025-12-14T17:38:26.892+0000] {spark_submit.py:490} INFO - file:///home/airflow/.ivy2/jars/org.apache.hadoop_hadoop-client-runtime-3.3.4.jar
[2025-12-14T17:38:26.892+0000] {spark_submit.py:490} INFO - file:///home/airflow/.ivy2/jars/org.lz4_lz4-java-1.8.0.jar
[2025-12-14T17:38:26.893+0000] {spark_submit.py:490} INFO - file:///home/airflow/.ivy2/jars/org.xerial.snappy_snappy-java-1.1.10.3.jar
[2025-12-14T17:38:26.894+0000] {spark_submit.py:490} INFO - file:///home/airflow/.ivy2/jars/org.slf4j_slf4j-api-2.0.7.jar
[2025-12-14T17:38:26.895+0000] {spark_submit.py:490} INFO - file:///home/airflow/.ivy2/jars/org.apache.hadoop_hadoop-client-api-3.3.4.jar
[2025-12-14T17:38:26.895+0000] {spark_submit.py:490} INFO - file:///home/airflow/.ivy2/jars/commons-logging_commons-logging-1.1.3.jar
[2025-12-14T17:38:26.896+0000] {spark_submit.py:490} INFO - 
[2025-12-14T17:38:26.897+0000] {spark_submit.py:490} INFO - 
[2025-12-14T17:38:27.267+0000] {spark_submit.py:490} INFO - python3: can't open file '/opt/spark/jobs/batch_layer.py': [Errno 2] No such file or directory
[2025-12-14T17:38:27.300+0000] {spark_submit.py:490} INFO - 25/12/14 17:38:27 INFO ShutdownHookManager: Shutdown hook called
[2025-12-14T17:38:27.302+0000] {spark_submit.py:490} INFO - 25/12/14 17:38:27 INFO ShutdownHookManager: Deleting directory /tmp/spark-389c0d46-8bd3-48a7-88a3-bc098332371c
[2025-12-14T17:38:27.400+0000] {taskinstance.py:1824} ERROR - Task failed with exception
Traceback (most recent call last):
  File "/home/airflow/.local/lib/python3.7/site-packages/airflow/providers/apache/spark/operators/spark_submit.py", line 157, in execute
    self._hook.submit(self._application)
  File "/home/airflow/.local/lib/python3.7/site-packages/airflow/providers/apache/spark/hooks/spark_submit.py", line 422, in submit
    f"Cannot execute: {self._mask_cmd(spark_submit_cmd)}. Error code is: {returncode}."
airflow.exceptions.AirflowException: Cannot execute: spark-submit --master spark://spark-master:7077 --packages org.apache.spark:spark-sql-kafka-0-10_2.12:3.5.0 --executor-memory 2g --driver-memory 1g --name ExchangeRatesBatchLayer --verbose /opt/spark/jobs/batch_layer.py. Error code is: 2.
[2025-12-14T17:38:27.406+0000] {taskinstance.py:1350} INFO - Marking task as FAILED. dag_id=exchange_rates_batch_layer, task_id=spark_batch_layer, execution_date=20251214T173221, start_date=20251214T173744, end_date=20251214T173827
[2025-12-14T17:38:27.428+0000] {standard_task_runner.py:109} ERROR - Failed to execute job 6 for task spark_batch_layer (Cannot execute: spark-submit --master spark://spark-master:7077 --packages org.apache.spark:spark-sql-kafka-0-10_2.12:3.5.0 --executor-memory 2g --driver-memory 1g --name ExchangeRatesBatchLayer --verbose /opt/spark/jobs/batch_layer.py. Error code is: 2.; 59)
[2025-12-14T17:38:27.477+0000] {local_task_job_runner.py:225} INFO - Task exited with return code 1
[2025-12-14T17:38:27.526+0000] {taskinstance.py:2653} INFO - 0 downstream tasks scheduled from follow-on schedule check
