[2025-12-14T20:04:06.381+0000] {local_task_job_runner.py:123} INFO - ::group::Pre task execution logs
[2025-12-14T20:04:06.404+0000] {taskinstance.py:2603} INFO - Dependencies all met for dep_context=non-requeueable deps ti=<TaskInstance: batch_layer_pipeline.verify_avro_parquet manual__2025-12-14T20:02:10.206200+00:00 [queued]>
[2025-12-14T20:04:06.440+0000] {taskinstance.py:2603} INFO - Dependencies all met for dep_context=requeueable deps ti=<TaskInstance: batch_layer_pipeline.verify_avro_parquet manual__2025-12-14T20:02:10.206200+00:00 [queued]>
[2025-12-14T20:04:06.441+0000] {taskinstance.py:2856} INFO - Starting attempt 1 of 2
[2025-12-14T20:04:06.486+0000] {taskinstance.py:2879} INFO - Executing <Task(BashOperator): verify_avro_parquet> on 2025-12-14 20:02:10.206200+00:00
[2025-12-14T20:04:06.499+0000] {standard_task_runner.py:72} INFO - Started process 221 to run task
[2025-12-14T20:04:06.505+0000] {standard_task_runner.py:104} INFO - Running: ['airflow', 'tasks', 'run', 'batch_layer_pipeline', 'verify_avro_parquet', 'manual__2025-12-14T20:02:10.206200+00:00', '--job-id', '9', '--raw', '--subdir', 'DAGS_FOLDER/batch_pipeline_dag.py', '--cfg-path', '/tmp/tmpdeojskdd']
[2025-12-14T20:04:06.509+0000] {standard_task_runner.py:105} INFO - Job 9: Subtask verify_avro_parquet
[2025-12-14T20:04:06.609+0000] {task_command.py:467} INFO - Running <TaskInstance: batch_layer_pipeline.verify_avro_parquet manual__2025-12-14T20:02:10.206200+00:00 [running]> on host 3214e7074bf8
[2025-12-14T20:04:06.775+0000] {taskinstance.py:3122} INFO - Exporting env vars: AIRFLOW_CTX_DAG_OWNER='airflow' AIRFLOW_CTX_DAG_ID='batch_layer_pipeline' AIRFLOW_CTX_TASK_ID='verify_avro_parquet' AIRFLOW_CTX_EXECUTION_DATE='2025-12-14T20:02:10.206200+00:00' AIRFLOW_CTX_TRY_NUMBER='1' AIRFLOW_CTX_DAG_RUN_ID='manual__2025-12-14T20:02:10.206200+00:00'
[2025-12-14T20:04:06.778+0000] {taskinstance.py:731} INFO - ::endgroup::
[2025-12-14T20:04:06.880+0000] {subprocess.py:63} INFO - Tmp dir root location: /tmp
[2025-12-14T20:04:06.885+0000] {subprocess.py:75} INFO - Running command: ['/usr/bin/bash', '-c', '\n        docker exec spark-master         /opt/spark/bin/spark-submit         --master spark://spark-master:7077         --packages org.apache.spark:spark-avro_2.12:3.5.0         /opt/spark/jobs/verify_avro_parquet.py\n        ']
[2025-12-14T20:04:06.921+0000] {subprocess.py:86} INFO - Output:
[2025-12-14T20:04:12.322+0000] {subprocess.py:93} INFO - :: loading settings :: url = jar:file:/opt/spark/jars/ivy-2.5.1.jar!/org/apache/ivy/core/settings/ivysettings.xml
[2025-12-14T20:04:12.601+0000] {subprocess.py:93} INFO - Ivy Default Cache set to: /home/spark/.ivy2/cache
[2025-12-14T20:04:12.602+0000] {subprocess.py:93} INFO - The jars for the packages stored in: /home/spark/.ivy2/jars
[2025-12-14T20:04:12.646+0000] {subprocess.py:93} INFO - org.apache.spark#spark-avro_2.12 added as a dependency
[2025-12-14T20:04:12.649+0000] {subprocess.py:93} INFO - :: resolving dependencies :: org.apache.spark#spark-submit-parent-c3628755-ca40-41d3-b310-9fb5d1d9adae;1.0
[2025-12-14T20:04:12.652+0000] {subprocess.py:93} INFO - 	confs: [default]
[2025-12-14T20:04:13.141+0000] {subprocess.py:93} INFO - 	found org.apache.spark#spark-avro_2.12;3.5.0 in central
[2025-12-14T20:04:13.216+0000] {subprocess.py:93} INFO - 	found org.tukaani#xz;1.9 in central
[2025-12-14T20:04:13.259+0000] {subprocess.py:93} INFO - :: resolution report :: resolve 624ms :: artifacts dl 13ms
[2025-12-14T20:04:13.260+0000] {subprocess.py:93} INFO - 	:: modules in use:
[2025-12-14T20:04:13.261+0000] {subprocess.py:93} INFO - 	org.apache.spark#spark-avro_2.12;3.5.0 from central in [default]
[2025-12-14T20:04:13.262+0000] {subprocess.py:93} INFO - 	org.tukaani#xz;1.9 from central in [default]
[2025-12-14T20:04:13.263+0000] {subprocess.py:93} INFO - 	---------------------------------------------------------------------
[2025-12-14T20:04:13.265+0000] {subprocess.py:93} INFO - 	|                  |            modules            ||   artifacts   |
[2025-12-14T20:04:13.265+0000] {subprocess.py:93} INFO - 	|       conf       | number| search|dwnlded|evicted|| number|dwnlded|
[2025-12-14T20:04:13.266+0000] {subprocess.py:93} INFO - 	---------------------------------------------------------------------
[2025-12-14T20:04:13.267+0000] {subprocess.py:93} INFO - 	|      default     |   2   |   0   |   0   |   0   ||   2   |   0   |
[2025-12-14T20:04:13.268+0000] {subprocess.py:93} INFO - 	---------------------------------------------------------------------
[2025-12-14T20:04:13.270+0000] {subprocess.py:93} INFO - :: retrieving :: org.apache.spark#spark-submit-parent-c3628755-ca40-41d3-b310-9fb5d1d9adae
[2025-12-14T20:04:13.271+0000] {subprocess.py:93} INFO - 	confs: [default]
[2025-12-14T20:04:13.283+0000] {subprocess.py:93} INFO - 	0 artifacts copied, 2 already retrieved (0kB/12ms)
[2025-12-14T20:04:13.747+0000] {subprocess.py:93} INFO - 25/12/14 20:04:13 WARN NativeCodeLoader: Unable to load native-hadoop library for your platform... using builtin-java classes where applicable
[2025-12-14T20:04:16.818+0000] {subprocess.py:93} INFO - 25/12/14 20:04:16 INFO SparkContext: Running Spark version 3.5.0
[2025-12-14T20:04:16.827+0000] {subprocess.py:93} INFO - 25/12/14 20:04:16 INFO SparkContext: OS info Linux, 5.15.167.4-microsoft-standard-WSL2, amd64
[2025-12-14T20:04:16.833+0000] {subprocess.py:93} INFO - 25/12/14 20:04:16 INFO SparkContext: Java version 11.0.20.1
[2025-12-14T20:04:17.163+0000] {subprocess.py:93} INFO - 25/12/14 20:04:17 INFO ResourceUtils: ==============================================================
[2025-12-14T20:04:17.177+0000] {subprocess.py:93} INFO - 25/12/14 20:04:17 INFO ResourceUtils: No custom resources configured for spark.driver.
[2025-12-14T20:04:17.191+0000] {subprocess.py:93} INFO - 25/12/14 20:04:17 INFO ResourceUtils: ==============================================================
[2025-12-14T20:04:17.210+0000] {subprocess.py:93} INFO - 25/12/14 20:04:17 INFO SparkContext: Submitted application: Verify AVRO and PARQUET
[2025-12-14T20:04:17.377+0000] {subprocess.py:93} INFO - 25/12/14 20:04:17 INFO ResourceProfile: Default ResourceProfile created, executor resources: Map(memory -> name: memory, amount: 1024, script: , vendor: , offHeap -> name: offHeap, amount: 0, script: , vendor: ), task resources: Map(cpus -> name: cpus, amount: 1.0)
[2025-12-14T20:04:17.412+0000] {subprocess.py:93} INFO - 25/12/14 20:04:17 INFO ResourceProfile: Limiting resource is cpu
[2025-12-14T20:04:17.417+0000] {subprocess.py:93} INFO - 25/12/14 20:04:17 INFO ResourceProfileManager: Added ResourceProfile id: 0
[2025-12-14T20:04:17.553+0000] {subprocess.py:93} INFO - 25/12/14 20:04:17 INFO SecurityManager: Changing view acls to: spark
[2025-12-14T20:04:17.556+0000] {subprocess.py:93} INFO - 25/12/14 20:04:17 INFO SecurityManager: Changing modify acls to: spark
[2025-12-14T20:04:17.559+0000] {subprocess.py:93} INFO - 25/12/14 20:04:17 INFO SecurityManager: Changing view acls groups to:
[2025-12-14T20:04:17.561+0000] {subprocess.py:93} INFO - 25/12/14 20:04:17 INFO SecurityManager: Changing modify acls groups to:
[2025-12-14T20:04:17.562+0000] {subprocess.py:93} INFO - 25/12/14 20:04:17 INFO SecurityManager: SecurityManager: authentication disabled; ui acls disabled; users with view permissions: spark; groups with view permissions: EMPTY; users with modify permissions: spark; groups with modify permissions: EMPTY
[2025-12-14T20:04:18.179+0000] {subprocess.py:93} INFO - 25/12/14 20:04:18 INFO Utils: Successfully started service 'sparkDriver' on port 36061.
[2025-12-14T20:04:18.281+0000] {subprocess.py:93} INFO - 25/12/14 20:04:18 INFO SparkEnv: Registering MapOutputTracker
[2025-12-14T20:04:18.358+0000] {subprocess.py:93} INFO - 25/12/14 20:04:18 INFO SparkEnv: Registering BlockManagerMaster
[2025-12-14T20:04:18.437+0000] {subprocess.py:93} INFO - 25/12/14 20:04:18 INFO BlockManagerMasterEndpoint: Using org.apache.spark.storage.DefaultTopologyMapper for getting topology information
[2025-12-14T20:04:18.440+0000] {subprocess.py:93} INFO - 25/12/14 20:04:18 INFO BlockManagerMasterEndpoint: BlockManagerMasterEndpoint up
[2025-12-14T20:04:18.454+0000] {subprocess.py:93} INFO - 25/12/14 20:04:18 INFO SparkEnv: Registering BlockManagerMasterHeartbeat
[2025-12-14T20:04:18.535+0000] {subprocess.py:93} INFO - 25/12/14 20:04:18 INFO DiskBlockManager: Created local directory at /tmp/blockmgr-7132a8af-7443-4a14-8b6e-9a0acd7d4295
[2025-12-14T20:04:18.577+0000] {subprocess.py:93} INFO - 25/12/14 20:04:18 INFO MemoryStore: MemoryStore started with capacity 434.4 MiB
[2025-12-14T20:04:18.651+0000] {subprocess.py:93} INFO - 25/12/14 20:04:18 INFO SparkEnv: Registering OutputCommitCoordinator
[2025-12-14T20:04:19.627+0000] {subprocess.py:93} INFO - 25/12/14 20:04:19 INFO JettyUtils: Start Jetty 0.0.0.0:4040 for SparkUI
[2025-12-14T20:04:19.916+0000] {subprocess.py:93} INFO - 25/12/14 20:04:19 INFO Utils: Successfully started service 'SparkUI' on port 4040.
[2025-12-14T20:04:20.024+0000] {subprocess.py:93} INFO - 25/12/14 20:04:20 INFO SparkContext: Added JAR file:///home/spark/.ivy2/jars/org.apache.spark_spark-avro_2.12-3.5.0.jar at spark://1034a5741ab6:36061/jars/org.apache.spark_spark-avro_2.12-3.5.0.jar with timestamp 1765742656735
[2025-12-14T20:04:20.028+0000] {subprocess.py:93} INFO - 25/12/14 20:04:20 INFO SparkContext: Added JAR file:///home/spark/.ivy2/jars/org.tukaani_xz-1.9.jar at spark://1034a5741ab6:36061/jars/org.tukaani_xz-1.9.jar with timestamp 1765742656735
[2025-12-14T20:04:20.035+0000] {subprocess.py:93} INFO - 25/12/14 20:04:20 INFO SparkContext: Added file file:///home/spark/.ivy2/jars/org.apache.spark_spark-avro_2.12-3.5.0.jar at spark://1034a5741ab6:36061/files/org.apache.spark_spark-avro_2.12-3.5.0.jar with timestamp 1765742656735
[2025-12-14T20:04:20.039+0000] {subprocess.py:93} INFO - 25/12/14 20:04:20 INFO Utils: Copying /home/spark/.ivy2/jars/org.apache.spark_spark-avro_2.12-3.5.0.jar to /tmp/spark-a96b2d1f-df8b-41aa-a2e8-9761e5b520b0/userFiles-55a59ebb-2512-4a2a-a249-c0d8fbc27626/org.apache.spark_spark-avro_2.12-3.5.0.jar
[2025-12-14T20:04:20.067+0000] {subprocess.py:93} INFO - 25/12/14 20:04:20 INFO SparkContext: Added file file:///home/spark/.ivy2/jars/org.tukaani_xz-1.9.jar at spark://1034a5741ab6:36061/files/org.tukaani_xz-1.9.jar with timestamp 1765742656735
[2025-12-14T20:04:20.068+0000] {subprocess.py:93} INFO - 25/12/14 20:04:20 INFO Utils: Copying /home/spark/.ivy2/jars/org.tukaani_xz-1.9.jar to /tmp/spark-a96b2d1f-df8b-41aa-a2e8-9761e5b520b0/userFiles-55a59ebb-2512-4a2a-a249-c0d8fbc27626/org.tukaani_xz-1.9.jar
[2025-12-14T20:04:20.268+0000] {subprocess.py:93} INFO - 25/12/14 20:04:20 INFO StandaloneAppClient$ClientEndpoint: Connecting to master spark://spark-master:7077...
[2025-12-14T20:04:20.433+0000] {subprocess.py:93} INFO - 25/12/14 20:04:20 INFO TransportClientFactory: Successfully created connection to spark-master/172.18.0.7:7077 after 99 ms (0 ms spent in bootstraps)
[2025-12-14T20:04:20.628+0000] {subprocess.py:93} INFO - 25/12/14 20:04:20 INFO StandaloneSchedulerBackend: Connected to Spark cluster with app ID app-20251214200420-0001
[2025-12-14T20:04:20.634+0000] {subprocess.py:93} INFO - 25/12/14 20:04:20 INFO StandaloneAppClient$ClientEndpoint: Executor added: app-20251214200420-0001/0 on worker-20251214194659-172.18.0.8-45309 (172.18.0.8:45309) with 2 core(s)
[2025-12-14T20:04:20.643+0000] {subprocess.py:93} INFO - 25/12/14 20:04:20 INFO StandaloneSchedulerBackend: Granted executor ID app-20251214200420-0001/0 on hostPort 172.18.0.8:45309 with 2 core(s), 1024.0 MiB RAM
[2025-12-14T20:04:20.690+0000] {subprocess.py:93} INFO - 25/12/14 20:04:20 INFO Utils: Successfully started service 'org.apache.spark.network.netty.NettyBlockTransferService' on port 34323.
[2025-12-14T20:04:20.691+0000] {subprocess.py:93} INFO - 25/12/14 20:04:20 INFO NettyBlockTransferService: Server created on 1034a5741ab6:34323
[2025-12-14T20:04:20.698+0000] {subprocess.py:93} INFO - 25/12/14 20:04:20 INFO BlockManager: Using org.apache.spark.storage.RandomBlockReplicationPolicy for block replication policy
[2025-12-14T20:04:20.719+0000] {subprocess.py:93} INFO - 25/12/14 20:04:20 INFO StandaloneAppClient$ClientEndpoint: Executor updated: app-20251214200420-0001/0 is now RUNNING
[2025-12-14T20:04:20.743+0000] {subprocess.py:93} INFO - 25/12/14 20:04:20 INFO BlockManagerMaster: Registering BlockManager BlockManagerId(driver, 1034a5741ab6, 34323, None)
[2025-12-14T20:04:20.752+0000] {subprocess.py:93} INFO - 25/12/14 20:04:20 INFO BlockManagerMasterEndpoint: Registering block manager 1034a5741ab6:34323 with 434.4 MiB RAM, BlockManagerId(driver, 1034a5741ab6, 34323, None)
[2025-12-14T20:04:20.762+0000] {subprocess.py:93} INFO - 25/12/14 20:04:20 INFO BlockManagerMaster: Registered BlockManager BlockManagerId(driver, 1034a5741ab6, 34323, None)
[2025-12-14T20:04:20.763+0000] {subprocess.py:93} INFO - 25/12/14 20:04:20 INFO BlockManager: Initialized BlockManager: BlockManagerId(driver, 1034a5741ab6, 34323, None)
[2025-12-14T20:04:21.570+0000] {subprocess.py:93} INFO - 25/12/14 20:04:21 INFO StandaloneSchedulerBackend: SchedulerBackend is ready for scheduling beginning after reached minRegisteredResourcesRatio: 0.0
[2025-12-14T20:04:22.125+0000] {subprocess.py:93} INFO - ======================================================================
[2025-12-14T20:04:22.126+0000] {subprocess.py:93} INFO - 🔍 VÉRIFICATION DES TABLES HIVE
[2025-12-14T20:04:22.127+0000] {subprocess.py:93} INFO - ======================================================================
[2025-12-14T20:04:22.127+0000] {subprocess.py:93} INFO - 
[2025-12-14T20:04:22.128+0000] {subprocess.py:93} INFO - ======================================================================
[2025-12-14T20:04:22.130+0000] {subprocess.py:93} INFO - 📦 VÉRIFICATION : exchange_rates_master (AVRO)
[2025-12-14T20:04:22.131+0000] {subprocess.py:93} INFO - ======================================================================
[2025-12-14T20:04:22.132+0000] {subprocess.py:93} INFO - 
[2025-12-14T20:04:22.133+0000] {subprocess.py:93} INFO - ======================================================================
[2025-12-14T20:04:22.134+0000] {subprocess.py:93} INFO - 📊 Vérification : exchange_rates_master (AVRO)
[2025-12-14T20:04:22.135+0000] {subprocess.py:93} INFO - ======================================================================
[2025-12-14T20:04:47.079+0000] {subprocess.py:93} INFO - ⚠️ La table 'exchange_rates_master' existe mais est vide
[2025-12-14T20:04:47.080+0000] {subprocess.py:93} INFO - ℹ️ Attendez que des données soient envoyées à Kafka
[2025-12-14T20:04:47.080+0000] {subprocess.py:93} INFO - 
[2025-12-14T20:04:47.081+0000] {subprocess.py:93} INFO - ======================================================================
[2025-12-14T20:04:47.082+0000] {subprocess.py:93} INFO - 📦 VÉRIFICATION : exchange_rates_daily_avg (PARQUET)
[2025-12-14T20:04:47.083+0000] {subprocess.py:93} INFO - ======================================================================
[2025-12-14T20:04:47.084+0000] {subprocess.py:93} INFO - 
[2025-12-14T20:04:47.085+0000] {subprocess.py:93} INFO - ======================================================================
[2025-12-14T20:04:47.086+0000] {subprocess.py:93} INFO - 📊 Vérification : exchange_rates_daily_avg (PARQUET)
[2025-12-14T20:04:47.088+0000] {subprocess.py:93} INFO - ======================================================================
[2025-12-14T20:04:48.112+0000] {subprocess.py:93} INFO - ⚠️ La table 'exchange_rates_daily_avg' existe mais est vide
[2025-12-14T20:04:48.113+0000] {subprocess.py:93} INFO - ℹ️ Attendez que des données soient envoyées à Kafka
[2025-12-14T20:04:48.114+0000] {subprocess.py:93} INFO - 
[2025-12-14T20:04:48.115+0000] {subprocess.py:93} INFO - ======================================================================
[2025-12-14T20:04:48.119+0000] {subprocess.py:93} INFO - 📋 RÉSUMÉ FINAL
[2025-12-14T20:04:48.123+0000] {subprocess.py:93} INFO - ======================================================================
[2025-12-14T20:04:48.124+0000] {subprocess.py:93} INFO - exchange_rates_master (AVRO)      : ✅ OK (0 enregistrements)
[2025-12-14T20:04:48.125+0000] {subprocess.py:93} INFO - exchange_rates_daily_avg (PARQUET): ✅ OK (0 enregistrements)
[2025-12-14T20:04:48.125+0000] {subprocess.py:93} INFO - ======================================================================
[2025-12-14T20:04:48.126+0000] {subprocess.py:93} INFO - 
[2025-12-14T20:04:48.127+0000] {subprocess.py:93} INFO - ℹ️ INFO : Les tables existent mais sont vides.
[2025-12-14T20:04:48.128+0000] {subprocess.py:93} INFO -    Le batch_layer a été exécuté mais n'a trouvé aucune donnée dans Kafka.
[2025-12-14T20:04:48.128+0000] {subprocess.py:93} INFO - 
[2025-12-14T20:04:48.129+0000] {subprocess.py:93} INFO - 💡 SUGGESTION :
[2025-12-14T20:04:48.129+0000] {subprocess.py:93} INFO -    1. Vérifiez que le producer envoie bien des données
[2025-12-14T20:04:48.139+0000] {subprocess.py:93} INFO -    2. Vérifiez le nom du topic Kafka
[2025-12-14T20:04:48.140+0000] {subprocess.py:93} INFO -    3. Attendez quelques secondes et relancez le batch_layer
[2025-12-14T20:04:48.677+0000] {subprocess.py:93} INFO - 
[2025-12-14T20:04:48.678+0000] {subprocess.py:93} INFO - ✅ Vérification terminée avec succès !
[2025-12-14T20:04:48.679+0000] {subprocess.py:93} INFO - ======================================================================
[2025-12-14T20:04:48.845+0000] {subprocess.py:97} INFO - Command exited with return code 0
[2025-12-14T20:04:48.870+0000] {taskinstance.py:340} INFO - ::group::Post task execution logs
[2025-12-14T20:04:48.871+0000] {taskinstance.py:352} INFO - Marking task as SUCCESS. dag_id=batch_layer_pipeline, task_id=verify_avro_parquet, run_id=manual__2025-12-14T20:02:10.206200+00:00, execution_date=20251214T200210, start_date=20251214T200406, end_date=20251214T200448
[2025-12-14T20:04:48.915+0000] {local_task_job_runner.py:261} INFO - Task exited with return code 0
[2025-12-14T20:04:48.931+0000] {taskinstance.py:3891} INFO - 1 downstream tasks scheduled from follow-on schedule check
[2025-12-14T20:04:48.937+0000] {local_task_job_runner.py:240} INFO - ::endgroup::
