[2025-12-14T23:35:59.321+0000] {local_task_job_runner.py:123} INFO - ::group::Pre task execution logs
[2025-12-14T23:35:59.392+0000] {taskinstance.py:2603} INFO - Dependencies all met for dep_context=non-requeueable deps ti=<TaskInstance: batch_layer_pipeline.run_batch_layer scheduled__2025-12-14T22:00:00+00:00 [queued]>
[2025-12-14T23:35:59.438+0000] {taskinstance.py:2603} INFO - Dependencies all met for dep_context=requeueable deps ti=<TaskInstance: batch_layer_pipeline.run_batch_layer scheduled__2025-12-14T22:00:00+00:00 [queued]>
[2025-12-14T23:35:59.440+0000] {taskinstance.py:2856} INFO - Starting attempt 1 of 2
[2025-12-14T23:35:59.525+0000] {taskinstance.py:2879} INFO - Executing <Task(BashOperator): run_batch_layer> on 2025-12-14 22:00:00+00:00
[2025-12-14T23:35:59.540+0000] {standard_task_runner.py:72} INFO - Started process 302 to run task
[2025-12-14T23:35:59.546+0000] {standard_task_runner.py:104} INFO - Running: ['airflow', 'tasks', 'run', 'batch_layer_pipeline', 'run_batch_layer', 'scheduled__2025-12-14T22:00:00+00:00', '--job-id', '12', '--raw', '--subdir', 'DAGS_FOLDER/batch_pipeline_dag.py', '--cfg-path', '/tmp/tmp58hgs62a']
[2025-12-14T23:35:59.560+0000] {standard_task_runner.py:105} INFO - Job 12: Subtask run_batch_layer
[2025-12-14T23:35:59.801+0000] {task_command.py:467} INFO - Running <TaskInstance: batch_layer_pipeline.run_batch_layer scheduled__2025-12-14T22:00:00+00:00 [running]> on host 137ed86f2410
[2025-12-14T23:36:00.377+0000] {taskinstance.py:3122} INFO - Exporting env vars: AIRFLOW_CTX_DAG_OWNER='airflow' AIRFLOW_CTX_DAG_ID='batch_layer_pipeline' AIRFLOW_CTX_TASK_ID='run_batch_layer' AIRFLOW_CTX_EXECUTION_DATE='2025-12-14T22:00:00+00:00' AIRFLOW_CTX_TRY_NUMBER='1' AIRFLOW_CTX_DAG_RUN_ID='scheduled__2025-12-14T22:00:00+00:00'
[2025-12-14T23:36:00.402+0000] {taskinstance.py:731} INFO - ::endgroup::
[2025-12-14T23:36:00.588+0000] {subprocess.py:63} INFO - Tmp dir root location: /tmp
[2025-12-14T23:36:00.728+0000] {subprocess.py:75} INFO - Running command: ['/usr/bin/bash', '-c', '\n        docker exec spark-master         /opt/spark/bin/spark-submit         --master spark://spark-master:7077         --driver-memory 1g         --executor-memory 1g         --packages org.apache.spark:spark-sql-kafka-0-10_2.12:3.5.0,org.apache.spark:spark-avro_2.12:3.5.0         /opt/spark/jobs/batch_layer.py\n        ']
[2025-12-14T23:36:00.811+0000] {subprocess.py:86} INFO - Output:
[2025-12-14T23:36:16.264+0000] {subprocess.py:93} INFO - :: loading settings :: url = jar:file:/opt/spark/jars/ivy-2.5.1.jar!/org/apache/ivy/core/settings/ivysettings.xml
[2025-12-14T23:36:17.186+0000] {subprocess.py:93} INFO - Ivy Default Cache set to: /home/spark/.ivy2/cache
[2025-12-14T23:36:17.379+0000] {subprocess.py:93} INFO - The jars for the packages stored in: /home/spark/.ivy2/jars
[2025-12-14T23:36:17.475+0000] {subprocess.py:93} INFO - org.apache.spark#spark-sql-kafka-0-10_2.12 added as a dependency
[2025-12-14T23:36:17.491+0000] {subprocess.py:93} INFO - org.apache.spark#spark-avro_2.12 added as a dependency
[2025-12-14T23:36:17.507+0000] {subprocess.py:93} INFO - :: resolving dependencies :: org.apache.spark#spark-submit-parent-1dc58e69-9073-4795-a145-626564080db0;1.0
[2025-12-14T23:36:17.524+0000] {subprocess.py:93} INFO - 	confs: [default]
[2025-12-14T23:36:18.648+0000] {subprocess.py:93} INFO - 	found org.apache.spark#spark-sql-kafka-0-10_2.12;3.5.0 in central
[2025-12-14T23:36:19.733+0000] {subprocess.py:93} INFO - 	found org.apache.spark#spark-token-provider-kafka-0-10_2.12;3.5.0 in central
[2025-12-14T23:36:19.854+0000] {subprocess.py:93} INFO - 	found org.apache.kafka#kafka-clients;3.4.1 in central
[2025-12-14T23:36:20.305+0000] {subprocess.py:93} INFO - 	found org.lz4#lz4-java;1.8.0 in central
[2025-12-14T23:36:20.809+0000] {subprocess.py:93} INFO - 	found org.xerial.snappy#snappy-java;1.1.10.3 in central
[2025-12-14T23:36:21.070+0000] {subprocess.py:93} INFO - 	found org.slf4j#slf4j-api;2.0.7 in central
[2025-12-14T23:36:21.390+0000] {subprocess.py:93} INFO - 	found org.apache.hadoop#hadoop-client-runtime;3.3.4 in central
[2025-12-14T23:36:21.883+0000] {subprocess.py:93} INFO - 	found org.apache.hadoop#hadoop-client-api;3.3.4 in central
[2025-12-14T23:36:22.215+0000] {subprocess.py:93} INFO - 	found commons-logging#commons-logging;1.1.3 in central
[2025-12-14T23:36:22.626+0000] {subprocess.py:93} INFO - 	found com.google.code.findbugs#jsr305;3.0.0 in central
[2025-12-14T23:36:22.998+0000] {subprocess.py:93} INFO - 	found org.apache.commons#commons-pool2;2.11.1 in central
[2025-12-14T23:36:23.168+0000] {subprocess.py:93} INFO - 	found org.apache.spark#spark-avro_2.12;3.5.0 in central
[2025-12-14T23:36:23.280+0000] {subprocess.py:93} INFO - 	found org.tukaani#xz;1.9 in central
[2025-12-14T23:36:23.391+0000] {subprocess.py:93} INFO - :: resolution report :: resolve 6047ms :: artifacts dl 127ms
[2025-12-14T23:36:23.514+0000] {subprocess.py:93} INFO - 	:: modules in use:
[2025-12-14T23:36:23.743+0000] {subprocess.py:93} INFO - 	com.google.code.findbugs#jsr305;3.0.0 from central in [default]
[2025-12-14T23:36:23.927+0000] {subprocess.py:93} INFO - 	commons-logging#commons-logging;1.1.3 from central in [default]
[2025-12-14T23:36:24.127+0000] {subprocess.py:93} INFO - 	org.apache.commons#commons-pool2;2.11.1 from central in [default]
[2025-12-14T23:36:24.320+0000] {subprocess.py:93} INFO - 	org.apache.hadoop#hadoop-client-api;3.3.4 from central in [default]
[2025-12-14T23:36:24.432+0000] {subprocess.py:93} INFO - 	org.apache.hadoop#hadoop-client-runtime;3.3.4 from central in [default]
[2025-12-14T23:36:24.657+0000] {subprocess.py:93} INFO - 	org.apache.kafka#kafka-clients;3.4.1 from central in [default]
[2025-12-14T23:36:24.833+0000] {subprocess.py:93} INFO - 	org.apache.spark#spark-avro_2.12;3.5.0 from central in [default]
[2025-12-14T23:36:24.978+0000] {subprocess.py:93} INFO - 	org.apache.spark#spark-sql-kafka-0-10_2.12;3.5.0 from central in [default]
[2025-12-14T23:36:25.113+0000] {subprocess.py:93} INFO - 	org.apache.spark#spark-token-provider-kafka-0-10_2.12;3.5.0 from central in [default]
[2025-12-14T23:36:25.289+0000] {subprocess.py:93} INFO - 	org.lz4#lz4-java;1.8.0 from central in [default]
[2025-12-14T23:36:25.386+0000] {subprocess.py:93} INFO - 	org.slf4j#slf4j-api;2.0.7 from central in [default]
[2025-12-14T23:36:25.453+0000] {subprocess.py:93} INFO - 	org.tukaani#xz;1.9 from central in [default]
[2025-12-14T23:36:25.462+0000] {subprocess.py:93} INFO - 	org.xerial.snappy#snappy-java;1.1.10.3 from central in [default]
[2025-12-14T23:36:25.473+0000] {subprocess.py:93} INFO - 	---------------------------------------------------------------------
[2025-12-14T23:36:25.478+0000] {subprocess.py:93} INFO - 	|                  |            modules            ||   artifacts   |
[2025-12-14T23:36:25.499+0000] {subprocess.py:93} INFO - 	|       conf       | number| search|dwnlded|evicted|| number|dwnlded|
[2025-12-14T23:36:25.545+0000] {subprocess.py:93} INFO - 	---------------------------------------------------------------------
[2025-12-14T23:36:25.561+0000] {subprocess.py:93} INFO - 	|      default     |   13  |   0   |   0   |   0   ||   13  |   0   |
[2025-12-14T23:36:25.611+0000] {subprocess.py:93} INFO - 	---------------------------------------------------------------------
[2025-12-14T23:36:25.755+0000] {subprocess.py:93} INFO - :: retrieving :: org.apache.spark#spark-submit-parent-1dc58e69-9073-4795-a145-626564080db0
[2025-12-14T23:36:25.979+0000] {subprocess.py:93} INFO - 	confs: [default]
[2025-12-14T23:36:26.083+0000] {subprocess.py:93} INFO - 	0 artifacts copied, 13 already retrieved (0kB/131ms)
[2025-12-14T23:36:26.127+0000] {subprocess.py:93} INFO - 25/12/14 23:36:25 WARN NativeCodeLoader: Unable to load native-hadoop library for your platform... using builtin-java classes where applicable
[2025-12-14T23:36:35.626+0000] {subprocess.py:93} INFO - 25/12/14 23:36:35 INFO SparkContext: Running Spark version 3.5.0
[2025-12-14T23:36:35.657+0000] {subprocess.py:93} INFO - 25/12/14 23:36:35 INFO SparkContext: OS info Linux, 5.15.167.4-microsoft-standard-WSL2, amd64
[2025-12-14T23:36:35.677+0000] {subprocess.py:93} INFO - 25/12/14 23:36:35 INFO SparkContext: Java version 11.0.20.1
[2025-12-14T23:36:35.779+0000] {subprocess.py:93} INFO - 25/12/14 23:36:35 INFO ResourceUtils: ==============================================================
[2025-12-14T23:36:35.812+0000] {subprocess.py:93} INFO - 25/12/14 23:36:35 INFO ResourceUtils: No custom resources configured for spark.driver.
[2025-12-14T23:36:35.859+0000] {subprocess.py:93} INFO - 25/12/14 23:36:35 INFO ResourceUtils: ==============================================================
[2025-12-14T23:36:35.946+0000] {subprocess.py:93} INFO - 25/12/14 23:36:35 INFO SparkContext: Submitted application: ExchangeRatesBatchLayer
[2025-12-14T23:36:36.028+0000] {subprocess.py:93} INFO - 25/12/14 23:36:36 INFO ResourceProfile: Default ResourceProfile created, executor resources: Map(memory -> name: memory, amount: 1024, script: , vendor: , offHeap -> name: offHeap, amount: 0, script: , vendor: ), task resources: Map(cpus -> name: cpus, amount: 1.0)
[2025-12-14T23:36:36.213+0000] {subprocess.py:93} INFO - 25/12/14 23:36:36 INFO ResourceProfile: Limiting resource is cpu
[2025-12-14T23:36:36.276+0000] {subprocess.py:93} INFO - 25/12/14 23:36:36 INFO ResourceProfileManager: Added ResourceProfile id: 0
[2025-12-14T23:36:36.704+0000] {subprocess.py:93} INFO - 25/12/14 23:36:36 INFO SecurityManager: Changing view acls to: spark
[2025-12-14T23:36:36.739+0000] {subprocess.py:93} INFO - 25/12/14 23:36:36 INFO SecurityManager: Changing modify acls to: spark
[2025-12-14T23:36:36.750+0000] {subprocess.py:93} INFO - 25/12/14 23:36:36 INFO SecurityManager: Changing view acls groups to:
[2025-12-14T23:36:36.751+0000] {subprocess.py:93} INFO - 25/12/14 23:36:36 INFO SecurityManager: Changing modify acls groups to:
[2025-12-14T23:36:36.753+0000] {subprocess.py:93} INFO - 25/12/14 23:36:36 INFO SecurityManager: SecurityManager: authentication disabled; ui acls disabled; users with view permissions: spark; groups with view permissions: EMPTY; users with modify permissions: spark; groups with modify permissions: EMPTY
[2025-12-14T23:36:38.535+0000] {subprocess.py:93} INFO - 25/12/14 23:36:38 INFO Utils: Successfully started service 'sparkDriver' on port 42705.
[2025-12-14T23:36:38.773+0000] {subprocess.py:93} INFO - 25/12/14 23:36:38 INFO SparkEnv: Registering MapOutputTracker
[2025-12-14T23:36:39.142+0000] {subprocess.py:93} INFO - 25/12/14 23:36:39 INFO SparkEnv: Registering BlockManagerMaster
[2025-12-14T23:36:39.359+0000] {subprocess.py:93} INFO - 25/12/14 23:36:39 INFO BlockManagerMasterEndpoint: Using org.apache.spark.storage.DefaultTopologyMapper for getting topology information
[2025-12-14T23:36:39.369+0000] {subprocess.py:93} INFO - 25/12/14 23:36:39 INFO BlockManagerMasterEndpoint: BlockManagerMasterEndpoint up
[2025-12-14T23:36:39.383+0000] {subprocess.py:93} INFO - 25/12/14 23:36:39 INFO SparkEnv: Registering BlockManagerMasterHeartbeat
[2025-12-14T23:36:39.529+0000] {subprocess.py:93} INFO - 25/12/14 23:36:39 INFO DiskBlockManager: Created local directory at /tmp/blockmgr-172b6e0a-246e-4fe3-939c-960f63e12409
[2025-12-14T23:36:39.718+0000] {subprocess.py:93} INFO - 25/12/14 23:36:39 INFO MemoryStore: MemoryStore started with capacity 434.4 MiB
[2025-12-14T23:36:39.770+0000] {subprocess.py:93} INFO - 25/12/14 23:36:39 INFO SparkEnv: Registering OutputCommitCoordinator
[2025-12-14T23:36:40.713+0000] {subprocess.py:93} INFO - 25/12/14 23:36:40 INFO JettyUtils: Start Jetty 0.0.0.0:4040 for SparkUI
[2025-12-14T23:36:41.189+0000] {subprocess.py:93} INFO - 25/12/14 23:36:41 INFO Utils: Successfully started service 'SparkUI' on port 4040.
[2025-12-14T23:36:41.561+0000] {subprocess.py:93} INFO - 25/12/14 23:36:41 INFO SparkContext: Added JAR file:///home/spark/.ivy2/jars/org.apache.spark_spark-sql-kafka-0-10_2.12-3.5.0.jar at spark://a2bac326dd73:42705/jars/org.apache.spark_spark-sql-kafka-0-10_2.12-3.5.0.jar with timestamp 1765755395464
[2025-12-14T23:36:41.611+0000] {subprocess.py:93} INFO - 25/12/14 23:36:41 INFO SparkContext: Added JAR file:///home/spark/.ivy2/jars/org.apache.spark_spark-avro_2.12-3.5.0.jar at spark://a2bac326dd73:42705/jars/org.apache.spark_spark-avro_2.12-3.5.0.jar with timestamp 1765755395464
[2025-12-14T23:36:41.639+0000] {subprocess.py:93} INFO - 25/12/14 23:36:41 INFO SparkContext: Added JAR file:///home/spark/.ivy2/jars/org.apache.spark_spark-token-provider-kafka-0-10_2.12-3.5.0.jar at spark://a2bac326dd73:42705/jars/org.apache.spark_spark-token-provider-kafka-0-10_2.12-3.5.0.jar with timestamp 1765755395464
[2025-12-14T23:36:41.681+0000] {subprocess.py:93} INFO - 25/12/14 23:36:41 INFO SparkContext: Added JAR file:///home/spark/.ivy2/jars/org.apache.kafka_kafka-clients-3.4.1.jar at spark://a2bac326dd73:42705/jars/org.apache.kafka_kafka-clients-3.4.1.jar with timestamp 1765755395464
[2025-12-14T23:36:41.712+0000] {subprocess.py:93} INFO - 25/12/14 23:36:41 INFO SparkContext: Added JAR file:///home/spark/.ivy2/jars/com.google.code.findbugs_jsr305-3.0.0.jar at spark://a2bac326dd73:42705/jars/com.google.code.findbugs_jsr305-3.0.0.jar with timestamp 1765755395464
[2025-12-14T23:36:41.742+0000] {subprocess.py:93} INFO - 25/12/14 23:36:41 INFO SparkContext: Added JAR file:///home/spark/.ivy2/jars/org.apache.commons_commons-pool2-2.11.1.jar at spark://a2bac326dd73:42705/jars/org.apache.commons_commons-pool2-2.11.1.jar with timestamp 1765755395464
[2025-12-14T23:36:41.774+0000] {subprocess.py:93} INFO - 25/12/14 23:36:41 INFO SparkContext: Added JAR file:///home/spark/.ivy2/jars/org.apache.hadoop_hadoop-client-runtime-3.3.4.jar at spark://a2bac326dd73:42705/jars/org.apache.hadoop_hadoop-client-runtime-3.3.4.jar with timestamp 1765755395464
[2025-12-14T23:36:41.786+0000] {subprocess.py:93} INFO - 25/12/14 23:36:41 INFO SparkContext: Added JAR file:///home/spark/.ivy2/jars/org.lz4_lz4-java-1.8.0.jar at spark://a2bac326dd73:42705/jars/org.lz4_lz4-java-1.8.0.jar with timestamp 1765755395464
[2025-12-14T23:36:41.814+0000] {subprocess.py:93} INFO - 25/12/14 23:36:41 INFO SparkContext: Added JAR file:///home/spark/.ivy2/jars/org.xerial.snappy_snappy-java-1.1.10.3.jar at spark://a2bac326dd73:42705/jars/org.xerial.snappy_snappy-java-1.1.10.3.jar with timestamp 1765755395464
[2025-12-14T23:36:41.839+0000] {subprocess.py:93} INFO - 25/12/14 23:36:41 INFO SparkContext: Added JAR file:///home/spark/.ivy2/jars/org.slf4j_slf4j-api-2.0.7.jar at spark://a2bac326dd73:42705/jars/org.slf4j_slf4j-api-2.0.7.jar with timestamp 1765755395464
[2025-12-14T23:36:41.852+0000] {subprocess.py:93} INFO - 25/12/14 23:36:41 INFO SparkContext: Added JAR file:///home/spark/.ivy2/jars/org.apache.hadoop_hadoop-client-api-3.3.4.jar at spark://a2bac326dd73:42705/jars/org.apache.hadoop_hadoop-client-api-3.3.4.jar with timestamp 1765755395464
[2025-12-14T23:36:41.895+0000] {subprocess.py:93} INFO - 25/12/14 23:36:41 INFO SparkContext: Added JAR file:///home/spark/.ivy2/jars/commons-logging_commons-logging-1.1.3.jar at spark://a2bac326dd73:42705/jars/commons-logging_commons-logging-1.1.3.jar with timestamp 1765755395464
[2025-12-14T23:36:42.009+0000] {subprocess.py:93} INFO - 25/12/14 23:36:41 INFO SparkContext: Added JAR file:///home/spark/.ivy2/jars/org.tukaani_xz-1.9.jar at spark://a2bac326dd73:42705/jars/org.tukaani_xz-1.9.jar with timestamp 1765755395464
[2025-12-14T23:36:42.097+0000] {subprocess.py:93} INFO - 25/12/14 23:36:41 INFO SparkContext: Added file file:///home/spark/.ivy2/jars/org.apache.spark_spark-sql-kafka-0-10_2.12-3.5.0.jar at spark://a2bac326dd73:42705/files/org.apache.spark_spark-sql-kafka-0-10_2.12-3.5.0.jar with timestamp 1765755395464
[2025-12-14T23:36:42.134+0000] {subprocess.py:93} INFO - 25/12/14 23:36:41 INFO Utils: Copying /home/spark/.ivy2/jars/org.apache.spark_spark-sql-kafka-0-10_2.12-3.5.0.jar to /tmp/spark-3b8f80c2-0575-41d2-8686-0a7045e93d8f/userFiles-8d55c3da-9556-4b83-a1f1-76fb750497bc/org.apache.spark_spark-sql-kafka-0-10_2.12-3.5.0.jar
[2025-12-14T23:36:42.163+0000] {subprocess.py:93} INFO - 25/12/14 23:36:41 INFO SparkContext: Added file file:///home/spark/.ivy2/jars/org.apache.spark_spark-avro_2.12-3.5.0.jar at spark://a2bac326dd73:42705/files/org.apache.spark_spark-avro_2.12-3.5.0.jar with timestamp 1765755395464
[2025-12-14T23:36:42.194+0000] {subprocess.py:93} INFO - 25/12/14 23:36:41 INFO Utils: Copying /home/spark/.ivy2/jars/org.apache.spark_spark-avro_2.12-3.5.0.jar to /tmp/spark-3b8f80c2-0575-41d2-8686-0a7045e93d8f/userFiles-8d55c3da-9556-4b83-a1f1-76fb750497bc/org.apache.spark_spark-avro_2.12-3.5.0.jar
[2025-12-14T23:36:42.256+0000] {subprocess.py:93} INFO - 25/12/14 23:36:41 INFO SparkContext: Added file file:///home/spark/.ivy2/jars/org.apache.spark_spark-token-provider-kafka-0-10_2.12-3.5.0.jar at spark://a2bac326dd73:42705/files/org.apache.spark_spark-token-provider-kafka-0-10_2.12-3.5.0.jar with timestamp 1765755395464
[2025-12-14T23:36:42.304+0000] {subprocess.py:93} INFO - 25/12/14 23:36:41 INFO Utils: Copying /home/spark/.ivy2/jars/org.apache.spark_spark-token-provider-kafka-0-10_2.12-3.5.0.jar to /tmp/spark-3b8f80c2-0575-41d2-8686-0a7045e93d8f/userFiles-8d55c3da-9556-4b83-a1f1-76fb750497bc/org.apache.spark_spark-token-provider-kafka-0-10_2.12-3.5.0.jar
[2025-12-14T23:36:42.356+0000] {subprocess.py:93} INFO - 25/12/14 23:36:41 INFO SparkContext: Added file file:///home/spark/.ivy2/jars/org.apache.kafka_kafka-clients-3.4.1.jar at spark://a2bac326dd73:42705/files/org.apache.kafka_kafka-clients-3.4.1.jar with timestamp 1765755395464
[2025-12-14T23:36:42.398+0000] {subprocess.py:93} INFO - 25/12/14 23:36:41 INFO Utils: Copying /home/spark/.ivy2/jars/org.apache.kafka_kafka-clients-3.4.1.jar to /tmp/spark-3b8f80c2-0575-41d2-8686-0a7045e93d8f/userFiles-8d55c3da-9556-4b83-a1f1-76fb750497bc/org.apache.kafka_kafka-clients-3.4.1.jar
[2025-12-14T23:36:42.425+0000] {subprocess.py:93} INFO - 25/12/14 23:36:41 INFO SparkContext: Added file file:///home/spark/.ivy2/jars/com.google.code.findbugs_jsr305-3.0.0.jar at spark://a2bac326dd73:42705/files/com.google.code.findbugs_jsr305-3.0.0.jar with timestamp 1765755395464
[2025-12-14T23:36:42.432+0000] {subprocess.py:93} INFO - 25/12/14 23:36:41 INFO Utils: Copying /home/spark/.ivy2/jars/com.google.code.findbugs_jsr305-3.0.0.jar to /tmp/spark-3b8f80c2-0575-41d2-8686-0a7045e93d8f/userFiles-8d55c3da-9556-4b83-a1f1-76fb750497bc/com.google.code.findbugs_jsr305-3.0.0.jar
[2025-12-14T23:36:42.439+0000] {subprocess.py:93} INFO - 25/12/14 23:36:42 INFO SparkContext: Added file file:///home/spark/.ivy2/jars/org.apache.commons_commons-pool2-2.11.1.jar at spark://a2bac326dd73:42705/files/org.apache.commons_commons-pool2-2.11.1.jar with timestamp 1765755395464
[2025-12-14T23:36:42.442+0000] {subprocess.py:93} INFO - 25/12/14 23:36:42 INFO Utils: Copying /home/spark/.ivy2/jars/org.apache.commons_commons-pool2-2.11.1.jar to /tmp/spark-3b8f80c2-0575-41d2-8686-0a7045e93d8f/userFiles-8d55c3da-9556-4b83-a1f1-76fb750497bc/org.apache.commons_commons-pool2-2.11.1.jar
[2025-12-14T23:36:42.446+0000] {subprocess.py:93} INFO - 25/12/14 23:36:42 INFO SparkContext: Added file file:///home/spark/.ivy2/jars/org.apache.hadoop_hadoop-client-runtime-3.3.4.jar at spark://a2bac326dd73:42705/files/org.apache.hadoop_hadoop-client-runtime-3.3.4.jar with timestamp 1765755395464
[2025-12-14T23:36:42.449+0000] {subprocess.py:93} INFO - 25/12/14 23:36:42 INFO Utils: Copying /home/spark/.ivy2/jars/org.apache.hadoop_hadoop-client-runtime-3.3.4.jar to /tmp/spark-3b8f80c2-0575-41d2-8686-0a7045e93d8f/userFiles-8d55c3da-9556-4b83-a1f1-76fb750497bc/org.apache.hadoop_hadoop-client-runtime-3.3.4.jar
[2025-12-14T23:36:42.456+0000] {subprocess.py:93} INFO - 25/12/14 23:36:42 INFO SparkContext: Added file file:///home/spark/.ivy2/jars/org.lz4_lz4-java-1.8.0.jar at spark://a2bac326dd73:42705/files/org.lz4_lz4-java-1.8.0.jar with timestamp 1765755395464
[2025-12-14T23:36:42.462+0000] {subprocess.py:93} INFO - 25/12/14 23:36:42 INFO Utils: Copying /home/spark/.ivy2/jars/org.lz4_lz4-java-1.8.0.jar to /tmp/spark-3b8f80c2-0575-41d2-8686-0a7045e93d8f/userFiles-8d55c3da-9556-4b83-a1f1-76fb750497bc/org.lz4_lz4-java-1.8.0.jar
[2025-12-14T23:36:42.463+0000] {subprocess.py:93} INFO - 25/12/14 23:36:42 INFO SparkContext: Added file file:///home/spark/.ivy2/jars/org.xerial.snappy_snappy-java-1.1.10.3.jar at spark://a2bac326dd73:42705/files/org.xerial.snappy_snappy-java-1.1.10.3.jar with timestamp 1765755395464
[2025-12-14T23:36:42.464+0000] {subprocess.py:93} INFO - 25/12/14 23:36:42 INFO Utils: Copying /home/spark/.ivy2/jars/org.xerial.snappy_snappy-java-1.1.10.3.jar to /tmp/spark-3b8f80c2-0575-41d2-8686-0a7045e93d8f/userFiles-8d55c3da-9556-4b83-a1f1-76fb750497bc/org.xerial.snappy_snappy-java-1.1.10.3.jar
[2025-12-14T23:36:42.466+0000] {subprocess.py:93} INFO - 25/12/14 23:36:42 INFO SparkContext: Added file file:///home/spark/.ivy2/jars/org.slf4j_slf4j-api-2.0.7.jar at spark://a2bac326dd73:42705/files/org.slf4j_slf4j-api-2.0.7.jar with timestamp 1765755395464
[2025-12-14T23:36:42.467+0000] {subprocess.py:93} INFO - 25/12/14 23:36:42 INFO Utils: Copying /home/spark/.ivy2/jars/org.slf4j_slf4j-api-2.0.7.jar to /tmp/spark-3b8f80c2-0575-41d2-8686-0a7045e93d8f/userFiles-8d55c3da-9556-4b83-a1f1-76fb750497bc/org.slf4j_slf4j-api-2.0.7.jar
[2025-12-14T23:36:42.468+0000] {subprocess.py:93} INFO - 25/12/14 23:36:42 INFO SparkContext: Added file file:///home/spark/.ivy2/jars/org.apache.hadoop_hadoop-client-api-3.3.4.jar at spark://a2bac326dd73:42705/files/org.apache.hadoop_hadoop-client-api-3.3.4.jar with timestamp 1765755395464
[2025-12-14T23:36:42.469+0000] {subprocess.py:93} INFO - 25/12/14 23:36:42 INFO Utils: Copying /home/spark/.ivy2/jars/org.apache.hadoop_hadoop-client-api-3.3.4.jar to /tmp/spark-3b8f80c2-0575-41d2-8686-0a7045e93d8f/userFiles-8d55c3da-9556-4b83-a1f1-76fb750497bc/org.apache.hadoop_hadoop-client-api-3.3.4.jar
[2025-12-14T23:36:42.667+0000] {subprocess.py:93} INFO - 25/12/14 23:36:42 INFO SparkContext: Added file file:///home/spark/.ivy2/jars/commons-logging_commons-logging-1.1.3.jar at spark://a2bac326dd73:42705/files/commons-logging_commons-logging-1.1.3.jar with timestamp 1765755395464
[2025-12-14T23:36:42.700+0000] {subprocess.py:93} INFO - 25/12/14 23:36:42 INFO Utils: Copying /home/spark/.ivy2/jars/commons-logging_commons-logging-1.1.3.jar to /tmp/spark-3b8f80c2-0575-41d2-8686-0a7045e93d8f/userFiles-8d55c3da-9556-4b83-a1f1-76fb750497bc/commons-logging_commons-logging-1.1.3.jar
[2025-12-14T23:36:42.711+0000] {subprocess.py:93} INFO - 25/12/14 23:36:42 INFO SparkContext: Added file file:///home/spark/.ivy2/jars/org.tukaani_xz-1.9.jar at spark://a2bac326dd73:42705/files/org.tukaani_xz-1.9.jar with timestamp 1765755395464
[2025-12-14T23:36:42.729+0000] {subprocess.py:93} INFO - 25/12/14 23:36:42 INFO Utils: Copying /home/spark/.ivy2/jars/org.tukaani_xz-1.9.jar to /tmp/spark-3b8f80c2-0575-41d2-8686-0a7045e93d8f/userFiles-8d55c3da-9556-4b83-a1f1-76fb750497bc/org.tukaani_xz-1.9.jar
[2025-12-14T23:36:43.389+0000] {subprocess.py:93} INFO - 25/12/14 23:36:43 INFO StandaloneAppClient$ClientEndpoint: Connecting to master spark://spark-master:7077...
[2025-12-14T23:36:43.728+0000] {subprocess.py:93} INFO - 25/12/14 23:36:43 INFO TransportClientFactory: Successfully created connection to spark-master/172.19.0.7:7077 after 258 ms (0 ms spent in bootstraps)
[2025-12-14T23:36:44.605+0000] {subprocess.py:93} INFO - 25/12/14 23:36:44 INFO StandaloneSchedulerBackend: Connected to Spark cluster with app ID app-20251214233644-0006
[2025-12-14T23:36:44.640+0000] {subprocess.py:93} INFO - 25/12/14 23:36:44 INFO StandaloneAppClient$ClientEndpoint: Executor added: app-20251214233644-0006/0 on worker-20251214211957-172.19.0.8-45289 (172.19.0.8:45289) with 2 core(s)
[2025-12-14T23:36:44.678+0000] {subprocess.py:93} INFO - 25/12/14 23:36:44 INFO StandaloneSchedulerBackend: Granted executor ID app-20251214233644-0006/0 on hostPort 172.19.0.8:45289 with 2 core(s), 1024.0 MiB RAM
[2025-12-14T23:36:44.681+0000] {subprocess.py:93} INFO - 25/12/14 23:36:44 INFO Utils: Successfully started service 'org.apache.spark.network.netty.NettyBlockTransferService' on port 43237.
[2025-12-14T23:36:44.682+0000] {subprocess.py:93} INFO - 25/12/14 23:36:44 INFO NettyBlockTransferService: Server created on a2bac326dd73:43237
[2025-12-14T23:36:44.683+0000] {subprocess.py:93} INFO - 25/12/14 23:36:44 INFO BlockManager: Using org.apache.spark.storage.RandomBlockReplicationPolicy for block replication policy
[2025-12-14T23:36:44.727+0000] {subprocess.py:93} INFO - 25/12/14 23:36:44 INFO BlockManagerMaster: Registering BlockManager BlockManagerId(driver, a2bac326dd73, 43237, None)
[2025-12-14T23:36:44.776+0000] {subprocess.py:93} INFO - 25/12/14 23:36:44 INFO BlockManagerMasterEndpoint: Registering block manager a2bac326dd73:43237 with 434.4 MiB RAM, BlockManagerId(driver, a2bac326dd73, 43237, None)
[2025-12-14T23:36:44.794+0000] {subprocess.py:93} INFO - 25/12/14 23:36:44 INFO BlockManagerMaster: Registered BlockManager BlockManagerId(driver, a2bac326dd73, 43237, None)
[2025-12-14T23:36:44.817+0000] {subprocess.py:93} INFO - 25/12/14 23:36:44 INFO BlockManager: Initialized BlockManager: BlockManagerId(driver, a2bac326dd73, 43237, None)
[2025-12-14T23:36:45.828+0000] {subprocess.py:93} INFO - 25/12/14 23:36:45 INFO StandaloneAppClient$ClientEndpoint: Executor updated: app-20251214233644-0006/0 is now RUNNING
[2025-12-14T23:36:47.916+0000] {subprocess.py:93} INFO - 25/12/14 23:36:47 INFO StandaloneSchedulerBackend: SchedulerBackend is ready for scheduling beginning after reached minRegisteredResourcesRatio: 0.0
[2025-12-14T23:37:12.829+0000] {subprocess.py:93} INFO - 25/12/14 23:37:12 WARN HiveConf: HiveConf of name hive.stats.jdbc.timeout does not exist
[2025-12-14T23:37:12.923+0000] {subprocess.py:93} INFO - 25/12/14 23:37:12 WARN HiveConf: HiveConf of name hive.stats.retries.wait does not exist
[2025-12-14T23:37:19.053+0000] {subprocess.py:93} INFO - 25/12/14 23:37:19 WARN ObjectStore: Version information not found in metastore. hive.metastore.schema.verification is not enabled so recording the schema version 2.3.0
[2025-12-14T23:37:19.057+0000] {subprocess.py:93} INFO - 25/12/14 23:37:19 WARN ObjectStore: setMetaStoreSchemaVersion called but recording version is disabled: version = 2.3.0, comment = Set by MetaStore UNKNOWN@172.19.0.7
[2025-12-14T23:37:21.323+0000] {subprocess.py:93} INFO - 25/12/14 23:37:21 WARN SessionState: METASTORE_FILTER_HOOK will be ignored, since hive.security.authorization.manager is set to instance of HiveAuthorizerFactory.
[2025-12-14T23:37:22.184+0000] {subprocess.py:93} INFO - 25/12/14 23:37:22 WARN AdminClientConfig: These configurations '[key.deserializer, value.deserializer, enable.auto.commit, max.poll.records, auto.offset.reset]' were supplied but are not used yet.
[2025-12-14T23:37:38.034+0000] {subprocess.py:93} INFO - 25/12/14 23:37:38 WARN HiveConf: HiveConf of name hive.internal.ss.authz.settings.applied.marker does not exist
[2025-12-14T23:37:38.056+0000] {subprocess.py:93} INFO - 25/12/14 23:37:38 WARN HiveConf: HiveConf of name hive.stats.jdbc.timeout does not exist
[2025-12-14T23:37:38.069+0000] {subprocess.py:93} INFO - 25/12/14 23:37:38 WARN HiveConf: HiveConf of name hive.stats.retries.wait does not exist
[2025-12-14T23:37:39.578+0000] {subprocess.py:93} INFO - 25/12/14 23:37:39 WARN ObjectStore: Failed to get database global_temp, returning NoSuchObjectException
[2025-12-14T23:37:39.591+0000] {subprocess.py:93} INFO - ✅ Données insérées dans exchange_rates_master (AVRO)
[2025-12-14T23:37:44.417+0000] {subprocess.py:93} INFO - ✅ Batch view exchange_rates_daily_avg créée (PARQUET)
[2025-12-14T23:37:44.867+0000] {subprocess.py:93} INFO - 🚀 Batch Layer terminé avec succès
[2025-12-14T23:37:45.202+0000] {subprocess.py:97} INFO - Command exited with return code 0
[2025-12-14T23:37:45.257+0000] {taskinstance.py:340} INFO - ::group::Post task execution logs
[2025-12-14T23:37:45.259+0000] {taskinstance.py:352} INFO - Marking task as SUCCESS. dag_id=batch_layer_pipeline, task_id=run_batch_layer, run_id=scheduled__2025-12-14T22:00:00+00:00, execution_date=20251214T220000, start_date=20251214T233559, end_date=20251214T233745
[2025-12-14T23:37:45.369+0000] {local_task_job_runner.py:261} INFO - Task exited with return code 0
[2025-12-14T23:37:45.457+0000] {taskinstance.py:3891} INFO - 1 downstream tasks scheduled from follow-on schedule check
[2025-12-14T23:37:45.489+0000] {local_task_job_runner.py:240} INFO - ::endgroup::
