[2025-12-14T21:30:40.206+0000] {local_task_job_runner.py:123} INFO - ::group::Pre task execution logs
[2025-12-14T21:30:40.230+0000] {taskinstance.py:2603} INFO - Dependencies all met for dep_context=non-requeueable deps ti=<TaskInstance: batch_layer_pipeline.log_success scheduled__2025-12-14T20:00:00+00:00 [queued]>
[2025-12-14T21:30:40.259+0000] {taskinstance.py:2603} INFO - Dependencies all met for dep_context=requeueable deps ti=<TaskInstance: batch_layer_pipeline.log_success scheduled__2025-12-14T20:00:00+00:00 [queued]>
[2025-12-14T21:30:40.261+0000] {taskinstance.py:2856} INFO - Starting attempt 1 of 2
[2025-12-14T21:30:40.300+0000] {taskinstance.py:2879} INFO - Executing <Task(BashOperator): log_success> on 2025-12-14 20:00:00+00:00
[2025-12-14T21:30:40.310+0000] {standard_task_runner.py:72} INFO - Started process 161 to run task
[2025-12-14T21:30:40.315+0000] {standard_task_runner.py:104} INFO - Running: ['airflow', 'tasks', 'run', 'batch_layer_pipeline', 'log_success', 'scheduled__2025-12-14T20:00:00+00:00', '--job-id', '6', '--raw', '--subdir', 'DAGS_FOLDER/batch_pipeline_dag.py', '--cfg-path', '/tmp/tmpcs8cz4e8']
[2025-12-14T21:30:40.324+0000] {standard_task_runner.py:105} INFO - Job 6: Subtask log_success
[2025-12-14T21:30:40.513+0000] {task_command.py:467} INFO - Running <TaskInstance: batch_layer_pipeline.log_success scheduled__2025-12-14T20:00:00+00:00 [running]> on host 137ed86f2410
[2025-12-14T21:30:41.007+0000] {taskinstance.py:3122} INFO - Exporting env vars: AIRFLOW_CTX_DAG_OWNER='airflow' AIRFLOW_CTX_DAG_ID='batch_layer_pipeline' AIRFLOW_CTX_TASK_ID='log_success' AIRFLOW_CTX_EXECUTION_DATE='2025-12-14T20:00:00+00:00' AIRFLOW_CTX_TRY_NUMBER='1' AIRFLOW_CTX_DAG_RUN_ID='scheduled__2025-12-14T20:00:00+00:00'
[2025-12-14T21:30:41.053+0000] {taskinstance.py:731} INFO - ::endgroup::
[2025-12-14T21:30:41.167+0000] {subprocess.py:63} INFO - Tmp dir root location: /tmp
[2025-12-14T21:30:41.193+0000] {subprocess.py:75} INFO - Running command: ['/usr/bin/bash', '-c', 'echo "✅ Batch layer pipeline completed successfully at $(date)"']
[2025-12-14T21:30:41.230+0000] {subprocess.py:86} INFO - Output:
[2025-12-14T21:30:41.276+0000] {subprocess.py:93} INFO - ✅ Batch layer pipeline completed successfully at Sun Dec 14 21:30:41 UTC 2025
[2025-12-14T21:30:41.278+0000] {subprocess.py:97} INFO - Command exited with return code 0
[2025-12-14T21:30:41.446+0000] {taskinstance.py:340} INFO - ::group::Post task execution logs
[2025-12-14T21:30:41.447+0000] {taskinstance.py:352} INFO - Marking task as SUCCESS. dag_id=batch_layer_pipeline, task_id=log_success, run_id=scheduled__2025-12-14T20:00:00+00:00, execution_date=20251214T200000, start_date=20251214T213040, end_date=20251214T213041
[2025-12-14T21:30:41.498+0000] {local_task_job_runner.py:261} INFO - Task exited with return code 0
[2025-12-14T21:30:41.522+0000] {taskinstance.py:3891} INFO - 0 downstream tasks scheduled from follow-on schedule check
[2025-12-14T21:30:41.523+0000] {local_task_job_runner.py:240} INFO - ::endgroup::
