[2025-12-14T20:05:21.598+0000] {local_task_job_runner.py:123} INFO - ::group::Pre task execution logs
[2025-12-14T20:05:21.615+0000] {taskinstance.py:2603} INFO - Dependencies all met for dep_context=non-requeueable deps ti=<TaskInstance: batch_layer_pipeline.run_batch_layer scheduled__2025-12-14T19:00:00+00:00 [queued]>
[2025-12-14T20:05:21.623+0000] {taskinstance.py:2603} INFO - Dependencies all met for dep_context=requeueable deps ti=<TaskInstance: batch_layer_pipeline.run_batch_layer scheduled__2025-12-14T19:00:00+00:00 [queued]>
[2025-12-14T20:05:21.624+0000] {taskinstance.py:2856} INFO - Starting attempt 2 of 2
[2025-12-14T20:05:21.647+0000] {taskinstance.py:2879} INFO - Executing <Task(BashOperator): run_batch_layer> on 2025-12-14 19:00:00+00:00
[2025-12-14T20:05:21.653+0000] {standard_task_runner.py:72} INFO - Started process 247 to run task
[2025-12-14T20:05:21.657+0000] {standard_task_runner.py:104} INFO - Running: ['airflow', 'tasks', 'run', 'batch_layer_pipeline', 'run_batch_layer', 'scheduled__2025-12-14T19:00:00+00:00', '--job-id', '11', '--raw', '--subdir', 'DAGS_FOLDER/batch_pipeline_dag.py', '--cfg-path', '/tmp/tmp1a7uuozg']
[2025-12-14T20:05:21.660+0000] {standard_task_runner.py:105} INFO - Job 11: Subtask run_batch_layer
[2025-12-14T20:05:21.715+0000] {task_command.py:467} INFO - Running <TaskInstance: batch_layer_pipeline.run_batch_layer scheduled__2025-12-14T19:00:00+00:00 [running]> on host 3214e7074bf8
[2025-12-14T20:05:21.785+0000] {taskinstance.py:3122} INFO - Exporting env vars: AIRFLOW_CTX_DAG_OWNER='airflow' AIRFLOW_CTX_DAG_ID='batch_layer_pipeline' AIRFLOW_CTX_TASK_ID='run_batch_layer' AIRFLOW_CTX_EXECUTION_DATE='2025-12-14T19:00:00+00:00' AIRFLOW_CTX_TRY_NUMBER='2' AIRFLOW_CTX_DAG_RUN_ID='scheduled__2025-12-14T19:00:00+00:00'
[2025-12-14T20:05:21.786+0000] {taskinstance.py:731} INFO - ::endgroup::
[2025-12-14T20:05:21.804+0000] {subprocess.py:63} INFO - Tmp dir root location: /tmp
[2025-12-14T20:05:21.805+0000] {subprocess.py:75} INFO - Running command: ['/usr/bin/bash', '-c', '\n        docker exec spark-master         /opt/spark/bin/spark-submit         --master spark://spark-master:7077         --driver-memory 1g         --executor-memory 1g         --packages org.apache.spark:spark-sql-kafka-0-10_2.12:3.5.0,org.apache.spark:spark-avro_2.12:3.5.0         /opt/spark/jobs/batch_layer.py\n        ']
[2025-12-14T20:05:21.814+0000] {subprocess.py:86} INFO - Output:
[2025-12-14T20:05:25.353+0000] {subprocess.py:93} INFO - :: loading settings :: url = jar:file:/opt/spark/jars/ivy-2.5.1.jar!/org/apache/ivy/core/settings/ivysettings.xml
[2025-12-14T20:05:25.594+0000] {subprocess.py:93} INFO - Ivy Default Cache set to: /home/spark/.ivy2/cache
[2025-12-14T20:05:25.596+0000] {subprocess.py:93} INFO - The jars for the packages stored in: /home/spark/.ivy2/jars
[2025-12-14T20:05:25.607+0000] {subprocess.py:93} INFO - org.apache.spark#spark-sql-kafka-0-10_2.12 added as a dependency
[2025-12-14T20:05:25.608+0000] {subprocess.py:93} INFO - org.apache.spark#spark-avro_2.12 added as a dependency
[2025-12-14T20:05:25.613+0000] {subprocess.py:93} INFO - :: resolving dependencies :: org.apache.spark#spark-submit-parent-4e32c1c1-26bc-4783-adb4-ceb80eab0250;1.0
[2025-12-14T20:05:25.614+0000] {subprocess.py:93} INFO - 	confs: [default]
[2025-12-14T20:05:25.886+0000] {subprocess.py:93} INFO - 	found org.apache.spark#spark-sql-kafka-0-10_2.12;3.5.0 in central
[2025-12-14T20:05:26.090+0000] {subprocess.py:93} INFO - 	found org.apache.spark#spark-token-provider-kafka-0-10_2.12;3.5.0 in central
[2025-12-14T20:05:26.143+0000] {subprocess.py:93} INFO - 	found org.apache.kafka#kafka-clients;3.4.1 in central
[2025-12-14T20:05:26.190+0000] {subprocess.py:93} INFO - 	found org.lz4#lz4-java;1.8.0 in central
[2025-12-14T20:05:26.232+0000] {subprocess.py:93} INFO - 	found org.xerial.snappy#snappy-java;1.1.10.3 in central
[2025-12-14T20:05:26.281+0000] {subprocess.py:93} INFO - 	found org.slf4j#slf4j-api;2.0.7 in central
[2025-12-14T20:05:26.330+0000] {subprocess.py:93} INFO - 	found org.apache.hadoop#hadoop-client-runtime;3.3.4 in central
[2025-12-14T20:05:26.387+0000] {subprocess.py:93} INFO - 	found org.apache.hadoop#hadoop-client-api;3.3.4 in central
[2025-12-14T20:05:26.429+0000] {subprocess.py:93} INFO - 	found commons-logging#commons-logging;1.1.3 in central
[2025-12-14T20:05:26.457+0000] {subprocess.py:93} INFO - 	found com.google.code.findbugs#jsr305;3.0.0 in central
[2025-12-14T20:05:26.488+0000] {subprocess.py:93} INFO - 	found org.apache.commons#commons-pool2;2.11.1 in central
[2025-12-14T20:05:26.532+0000] {subprocess.py:93} INFO - 	found org.apache.spark#spark-avro_2.12;3.5.0 in central
[2025-12-14T20:05:26.552+0000] {subprocess.py:93} INFO - 	found org.tukaani#xz;1.9 in central
[2025-12-14T20:05:26.605+0000] {subprocess.py:93} INFO - :: resolution report :: resolve 964ms :: artifacts dl 27ms
[2025-12-14T20:05:26.607+0000] {subprocess.py:93} INFO - 	:: modules in use:
[2025-12-14T20:05:26.608+0000] {subprocess.py:93} INFO - 	com.google.code.findbugs#jsr305;3.0.0 from central in [default]
[2025-12-14T20:05:26.610+0000] {subprocess.py:93} INFO - 	commons-logging#commons-logging;1.1.3 from central in [default]
[2025-12-14T20:05:26.611+0000] {subprocess.py:93} INFO - 	org.apache.commons#commons-pool2;2.11.1 from central in [default]
[2025-12-14T20:05:26.613+0000] {subprocess.py:93} INFO - 	org.apache.hadoop#hadoop-client-api;3.3.4 from central in [default]
[2025-12-14T20:05:26.615+0000] {subprocess.py:93} INFO - 	org.apache.hadoop#hadoop-client-runtime;3.3.4 from central in [default]
[2025-12-14T20:05:26.616+0000] {subprocess.py:93} INFO - 	org.apache.kafka#kafka-clients;3.4.1 from central in [default]
[2025-12-14T20:05:26.616+0000] {subprocess.py:93} INFO - 	org.apache.spark#spark-avro_2.12;3.5.0 from central in [default]
[2025-12-14T20:05:26.617+0000] {subprocess.py:93} INFO - 	org.apache.spark#spark-sql-kafka-0-10_2.12;3.5.0 from central in [default]
[2025-12-14T20:05:26.618+0000] {subprocess.py:93} INFO - 	org.apache.spark#spark-token-provider-kafka-0-10_2.12;3.5.0 from central in [default]
[2025-12-14T20:05:26.618+0000] {subprocess.py:93} INFO - 	org.lz4#lz4-java;1.8.0 from central in [default]
[2025-12-14T20:05:26.619+0000] {subprocess.py:93} INFO - 	org.slf4j#slf4j-api;2.0.7 from central in [default]
[2025-12-14T20:05:26.619+0000] {subprocess.py:93} INFO - 	org.tukaani#xz;1.9 from central in [default]
[2025-12-14T20:05:26.620+0000] {subprocess.py:93} INFO - 	org.xerial.snappy#snappy-java;1.1.10.3 from central in [default]
[2025-12-14T20:05:26.620+0000] {subprocess.py:93} INFO - 	---------------------------------------------------------------------
[2025-12-14T20:05:26.621+0000] {subprocess.py:93} INFO - 	|                  |            modules            ||   artifacts   |
[2025-12-14T20:05:26.622+0000] {subprocess.py:93} INFO - 	|       conf       | number| search|dwnlded|evicted|| number|dwnlded|
[2025-12-14T20:05:26.622+0000] {subprocess.py:93} INFO - 	---------------------------------------------------------------------
[2025-12-14T20:05:26.623+0000] {subprocess.py:93} INFO - 	|      default     |   13  |   0   |   0   |   0   ||   13  |   0   |
[2025-12-14T20:05:26.623+0000] {subprocess.py:93} INFO - 	---------------------------------------------------------------------
[2025-12-14T20:05:26.630+0000] {subprocess.py:93} INFO - :: retrieving :: org.apache.spark#spark-submit-parent-4e32c1c1-26bc-4783-adb4-ceb80eab0250
[2025-12-14T20:05:26.631+0000] {subprocess.py:93} INFO - 	confs: [default]
[2025-12-14T20:05:26.648+0000] {subprocess.py:93} INFO - 	0 artifacts copied, 13 already retrieved (0kB/18ms)
[2025-12-14T20:05:27.078+0000] {subprocess.py:93} INFO - 25/12/14 20:05:27 WARN NativeCodeLoader: Unable to load native-hadoop library for your platform... using builtin-java classes where applicable
[2025-12-14T20:05:28.678+0000] {subprocess.py:93} INFO - 25/12/14 20:05:28 INFO SparkContext: Running Spark version 3.5.0
[2025-12-14T20:05:28.679+0000] {subprocess.py:93} INFO - 25/12/14 20:05:28 INFO SparkContext: OS info Linux, 5.15.167.4-microsoft-standard-WSL2, amd64
[2025-12-14T20:05:28.679+0000] {subprocess.py:93} INFO - 25/12/14 20:05:28 INFO SparkContext: Java version 11.0.20.1
[2025-12-14T20:05:28.731+0000] {subprocess.py:93} INFO - 25/12/14 20:05:28 INFO ResourceUtils: ==============================================================
[2025-12-14T20:05:28.733+0000] {subprocess.py:93} INFO - 25/12/14 20:05:28 INFO ResourceUtils: No custom resources configured for spark.driver.
[2025-12-14T20:05:28.734+0000] {subprocess.py:93} INFO - 25/12/14 20:05:28 INFO ResourceUtils: ==============================================================
[2025-12-14T20:05:28.735+0000] {subprocess.py:93} INFO - 25/12/14 20:05:28 INFO SparkContext: Submitted application: ExchangeRatesBatchLayer
[2025-12-14T20:05:28.772+0000] {subprocess.py:93} INFO - 25/12/14 20:05:28 INFO ResourceProfile: Default ResourceProfile created, executor resources: Map(memory -> name: memory, amount: 1024, script: , vendor: , offHeap -> name: offHeap, amount: 0, script: , vendor: ), task resources: Map(cpus -> name: cpus, amount: 1.0)
[2025-12-14T20:05:28.795+0000] {subprocess.py:93} INFO - 25/12/14 20:05:28 INFO ResourceProfile: Limiting resource is cpu
[2025-12-14T20:05:28.797+0000] {subprocess.py:93} INFO - 25/12/14 20:05:28 INFO ResourceProfileManager: Added ResourceProfile id: 0
[2025-12-14T20:05:28.872+0000] {subprocess.py:93} INFO - 25/12/14 20:05:28 INFO SecurityManager: Changing view acls to: spark
[2025-12-14T20:05:28.874+0000] {subprocess.py:93} INFO - 25/12/14 20:05:28 INFO SecurityManager: Changing modify acls to: spark
[2025-12-14T20:05:28.877+0000] {subprocess.py:93} INFO - 25/12/14 20:05:28 INFO SecurityManager: Changing view acls groups to:
[2025-12-14T20:05:28.879+0000] {subprocess.py:93} INFO - 25/12/14 20:05:28 INFO SecurityManager: Changing modify acls groups to:
[2025-12-14T20:05:28.880+0000] {subprocess.py:93} INFO - 25/12/14 20:05:28 INFO SecurityManager: SecurityManager: authentication disabled; ui acls disabled; users with view permissions: spark; groups with view permissions: EMPTY; users with modify permissions: spark; groups with modify permissions: EMPTY
[2025-12-14T20:05:29.424+0000] {subprocess.py:93} INFO - 25/12/14 20:05:29 INFO Utils: Successfully started service 'sparkDriver' on port 34607.
[2025-12-14T20:05:29.496+0000] {subprocess.py:93} INFO - 25/12/14 20:05:29 INFO SparkEnv: Registering MapOutputTracker
[2025-12-14T20:05:29.535+0000] {subprocess.py:93} INFO - 25/12/14 20:05:29 INFO SparkEnv: Registering BlockManagerMaster
[2025-12-14T20:05:29.565+0000] {subprocess.py:93} INFO - 25/12/14 20:05:29 INFO BlockManagerMasterEndpoint: Using org.apache.spark.storage.DefaultTopologyMapper for getting topology information
[2025-12-14T20:05:29.567+0000] {subprocess.py:93} INFO - 25/12/14 20:05:29 INFO BlockManagerMasterEndpoint: BlockManagerMasterEndpoint up
[2025-12-14T20:05:29.571+0000] {subprocess.py:93} INFO - 25/12/14 20:05:29 INFO SparkEnv: Registering BlockManagerMasterHeartbeat
[2025-12-14T20:05:29.597+0000] {subprocess.py:93} INFO - 25/12/14 20:05:29 INFO DiskBlockManager: Created local directory at /tmp/blockmgr-749551af-e807-4e08-bda6-a31600c84161
[2025-12-14T20:05:29.618+0000] {subprocess.py:93} INFO - 25/12/14 20:05:29 INFO MemoryStore: MemoryStore started with capacity 434.4 MiB
[2025-12-14T20:05:29.646+0000] {subprocess.py:93} INFO - 25/12/14 20:05:29 INFO SparkEnv: Registering OutputCommitCoordinator
[2025-12-14T20:05:29.982+0000] {subprocess.py:93} INFO - 25/12/14 20:05:29 INFO JettyUtils: Start Jetty 0.0.0.0:4040 for SparkUI
[2025-12-14T20:05:30.067+0000] {subprocess.py:93} INFO - 25/12/14 20:05:30 INFO Utils: Successfully started service 'SparkUI' on port 4040.
[2025-12-14T20:05:30.122+0000] {subprocess.py:93} INFO - 25/12/14 20:05:30 INFO SparkContext: Added JAR file:///home/spark/.ivy2/jars/org.apache.spark_spark-sql-kafka-0-10_2.12-3.5.0.jar at spark://1034a5741ab6:34607/jars/org.apache.spark_spark-sql-kafka-0-10_2.12-3.5.0.jar with timestamp 1765742728659
[2025-12-14T20:05:30.132+0000] {subprocess.py:93} INFO - 25/12/14 20:05:30 INFO SparkContext: Added JAR file:///home/spark/.ivy2/jars/org.apache.spark_spark-avro_2.12-3.5.0.jar at spark://1034a5741ab6:34607/jars/org.apache.spark_spark-avro_2.12-3.5.0.jar with timestamp 1765742728659
[2025-12-14T20:05:30.133+0000] {subprocess.py:93} INFO - 25/12/14 20:05:30 INFO SparkContext: Added JAR file:///home/spark/.ivy2/jars/org.apache.spark_spark-token-provider-kafka-0-10_2.12-3.5.0.jar at spark://1034a5741ab6:34607/jars/org.apache.spark_spark-token-provider-kafka-0-10_2.12-3.5.0.jar with timestamp 1765742728659
[2025-12-14T20:05:30.134+0000] {subprocess.py:93} INFO - 25/12/14 20:05:30 INFO SparkContext: Added JAR file:///home/spark/.ivy2/jars/org.apache.kafka_kafka-clients-3.4.1.jar at spark://1034a5741ab6:34607/jars/org.apache.kafka_kafka-clients-3.4.1.jar with timestamp 1765742728659
[2025-12-14T20:05:30.134+0000] {subprocess.py:93} INFO - 25/12/14 20:05:30 INFO SparkContext: Added JAR file:///home/spark/.ivy2/jars/com.google.code.findbugs_jsr305-3.0.0.jar at spark://1034a5741ab6:34607/jars/com.google.code.findbugs_jsr305-3.0.0.jar with timestamp 1765742728659
[2025-12-14T20:05:30.135+0000] {subprocess.py:93} INFO - 25/12/14 20:05:30 INFO SparkContext: Added JAR file:///home/spark/.ivy2/jars/org.apache.commons_commons-pool2-2.11.1.jar at spark://1034a5741ab6:34607/jars/org.apache.commons_commons-pool2-2.11.1.jar with timestamp 1765742728659
[2025-12-14T20:05:30.136+0000] {subprocess.py:93} INFO - 25/12/14 20:05:30 INFO SparkContext: Added JAR file:///home/spark/.ivy2/jars/org.apache.hadoop_hadoop-client-runtime-3.3.4.jar at spark://1034a5741ab6:34607/jars/org.apache.hadoop_hadoop-client-runtime-3.3.4.jar with timestamp 1765742728659
[2025-12-14T20:05:30.137+0000] {subprocess.py:93} INFO - 25/12/14 20:05:30 INFO SparkContext: Added JAR file:///home/spark/.ivy2/jars/org.lz4_lz4-java-1.8.0.jar at spark://1034a5741ab6:34607/jars/org.lz4_lz4-java-1.8.0.jar with timestamp 1765742728659
[2025-12-14T20:05:30.137+0000] {subprocess.py:93} INFO - 25/12/14 20:05:30 INFO SparkContext: Added JAR file:///home/spark/.ivy2/jars/org.xerial.snappy_snappy-java-1.1.10.3.jar at spark://1034a5741ab6:34607/jars/org.xerial.snappy_snappy-java-1.1.10.3.jar with timestamp 1765742728659
[2025-12-14T20:05:30.138+0000] {subprocess.py:93} INFO - 25/12/14 20:05:30 INFO SparkContext: Added JAR file:///home/spark/.ivy2/jars/org.slf4j_slf4j-api-2.0.7.jar at spark://1034a5741ab6:34607/jars/org.slf4j_slf4j-api-2.0.7.jar with timestamp 1765742728659
[2025-12-14T20:05:30.139+0000] {subprocess.py:93} INFO - 25/12/14 20:05:30 INFO SparkContext: Added JAR file:///home/spark/.ivy2/jars/org.apache.hadoop_hadoop-client-api-3.3.4.jar at spark://1034a5741ab6:34607/jars/org.apache.hadoop_hadoop-client-api-3.3.4.jar with timestamp 1765742728659
[2025-12-14T20:05:30.140+0000] {subprocess.py:93} INFO - 25/12/14 20:05:30 INFO SparkContext: Added JAR file:///home/spark/.ivy2/jars/commons-logging_commons-logging-1.1.3.jar at spark://1034a5741ab6:34607/jars/commons-logging_commons-logging-1.1.3.jar with timestamp 1765742728659
[2025-12-14T20:05:30.141+0000] {subprocess.py:93} INFO - 25/12/14 20:05:30 INFO SparkContext: Added JAR file:///home/spark/.ivy2/jars/org.tukaani_xz-1.9.jar at spark://1034a5741ab6:34607/jars/org.tukaani_xz-1.9.jar with timestamp 1765742728659
[2025-12-14T20:05:30.142+0000] {subprocess.py:93} INFO - 25/12/14 20:05:30 INFO SparkContext: Added file file:///home/spark/.ivy2/jars/org.apache.spark_spark-sql-kafka-0-10_2.12-3.5.0.jar at spark://1034a5741ab6:34607/files/org.apache.spark_spark-sql-kafka-0-10_2.12-3.5.0.jar with timestamp 1765742728659
[2025-12-14T20:05:30.144+0000] {subprocess.py:93} INFO - 25/12/14 20:05:30 INFO Utils: Copying /home/spark/.ivy2/jars/org.apache.spark_spark-sql-kafka-0-10_2.12-3.5.0.jar to /tmp/spark-e638a500-6329-40f6-a889-fc2e28117eeb/userFiles-80d56e0e-4cdc-4a21-ab5e-968297e69772/org.apache.spark_spark-sql-kafka-0-10_2.12-3.5.0.jar
[2025-12-14T20:05:30.161+0000] {subprocess.py:93} INFO - 25/12/14 20:05:30 INFO SparkContext: Added file file:///home/spark/.ivy2/jars/org.apache.spark_spark-avro_2.12-3.5.0.jar at spark://1034a5741ab6:34607/files/org.apache.spark_spark-avro_2.12-3.5.0.jar with timestamp 1765742728659
[2025-12-14T20:05:30.162+0000] {subprocess.py:93} INFO - 25/12/14 20:05:30 INFO Utils: Copying /home/spark/.ivy2/jars/org.apache.spark_spark-avro_2.12-3.5.0.jar to /tmp/spark-e638a500-6329-40f6-a889-fc2e28117eeb/userFiles-80d56e0e-4cdc-4a21-ab5e-968297e69772/org.apache.spark_spark-avro_2.12-3.5.0.jar
[2025-12-14T20:05:30.168+0000] {subprocess.py:93} INFO - 25/12/14 20:05:30 INFO SparkContext: Added file file:///home/spark/.ivy2/jars/org.apache.spark_spark-token-provider-kafka-0-10_2.12-3.5.0.jar at spark://1034a5741ab6:34607/files/org.apache.spark_spark-token-provider-kafka-0-10_2.12-3.5.0.jar with timestamp 1765742728659
[2025-12-14T20:05:30.169+0000] {subprocess.py:93} INFO - 25/12/14 20:05:30 INFO Utils: Copying /home/spark/.ivy2/jars/org.apache.spark_spark-token-provider-kafka-0-10_2.12-3.5.0.jar to /tmp/spark-e638a500-6329-40f6-a889-fc2e28117eeb/userFiles-80d56e0e-4cdc-4a21-ab5e-968297e69772/org.apache.spark_spark-token-provider-kafka-0-10_2.12-3.5.0.jar
[2025-12-14T20:05:30.179+0000] {subprocess.py:93} INFO - 25/12/14 20:05:30 INFO SparkContext: Added file file:///home/spark/.ivy2/jars/org.apache.kafka_kafka-clients-3.4.1.jar at spark://1034a5741ab6:34607/files/org.apache.kafka_kafka-clients-3.4.1.jar with timestamp 1765742728659
[2025-12-14T20:05:30.180+0000] {subprocess.py:93} INFO - 25/12/14 20:05:30 INFO Utils: Copying /home/spark/.ivy2/jars/org.apache.kafka_kafka-clients-3.4.1.jar to /tmp/spark-e638a500-6329-40f6-a889-fc2e28117eeb/userFiles-80d56e0e-4cdc-4a21-ab5e-968297e69772/org.apache.kafka_kafka-clients-3.4.1.jar
[2025-12-14T20:05:30.203+0000] {subprocess.py:93} INFO - 25/12/14 20:05:30 INFO SparkContext: Added file file:///home/spark/.ivy2/jars/com.google.code.findbugs_jsr305-3.0.0.jar at spark://1034a5741ab6:34607/files/com.google.code.findbugs_jsr305-3.0.0.jar with timestamp 1765742728659
[2025-12-14T20:05:30.204+0000] {subprocess.py:93} INFO - 25/12/14 20:05:30 INFO Utils: Copying /home/spark/.ivy2/jars/com.google.code.findbugs_jsr305-3.0.0.jar to /tmp/spark-e638a500-6329-40f6-a889-fc2e28117eeb/userFiles-80d56e0e-4cdc-4a21-ab5e-968297e69772/com.google.code.findbugs_jsr305-3.0.0.jar
[2025-12-14T20:05:30.210+0000] {subprocess.py:93} INFO - 25/12/14 20:05:30 INFO SparkContext: Added file file:///home/spark/.ivy2/jars/org.apache.commons_commons-pool2-2.11.1.jar at spark://1034a5741ab6:34607/files/org.apache.commons_commons-pool2-2.11.1.jar with timestamp 1765742728659
[2025-12-14T20:05:30.211+0000] {subprocess.py:93} INFO - 25/12/14 20:05:30 INFO Utils: Copying /home/spark/.ivy2/jars/org.apache.commons_commons-pool2-2.11.1.jar to /tmp/spark-e638a500-6329-40f6-a889-fc2e28117eeb/userFiles-80d56e0e-4cdc-4a21-ab5e-968297e69772/org.apache.commons_commons-pool2-2.11.1.jar
[2025-12-14T20:05:30.216+0000] {subprocess.py:93} INFO - 25/12/14 20:05:30 INFO SparkContext: Added file file:///home/spark/.ivy2/jars/org.apache.hadoop_hadoop-client-runtime-3.3.4.jar at spark://1034a5741ab6:34607/files/org.apache.hadoop_hadoop-client-runtime-3.3.4.jar with timestamp 1765742728659
[2025-12-14T20:05:30.217+0000] {subprocess.py:93} INFO - 25/12/14 20:05:30 INFO Utils: Copying /home/spark/.ivy2/jars/org.apache.hadoop_hadoop-client-runtime-3.3.4.jar to /tmp/spark-e638a500-6329-40f6-a889-fc2e28117eeb/userFiles-80d56e0e-4cdc-4a21-ab5e-968297e69772/org.apache.hadoop_hadoop-client-runtime-3.3.4.jar
[2025-12-14T20:05:30.419+0000] {subprocess.py:93} INFO - 25/12/14 20:05:30 INFO SparkContext: Added file file:///home/spark/.ivy2/jars/org.lz4_lz4-java-1.8.0.jar at spark://1034a5741ab6:34607/files/org.lz4_lz4-java-1.8.0.jar with timestamp 1765742728659
[2025-12-14T20:05:30.420+0000] {subprocess.py:93} INFO - 25/12/14 20:05:30 INFO Utils: Copying /home/spark/.ivy2/jars/org.lz4_lz4-java-1.8.0.jar to /tmp/spark-e638a500-6329-40f6-a889-fc2e28117eeb/userFiles-80d56e0e-4cdc-4a21-ab5e-968297e69772/org.lz4_lz4-java-1.8.0.jar
[2025-12-14T20:05:30.441+0000] {subprocess.py:93} INFO - 25/12/14 20:05:30 INFO SparkContext: Added file file:///home/spark/.ivy2/jars/org.xerial.snappy_snappy-java-1.1.10.3.jar at spark://1034a5741ab6:34607/files/org.xerial.snappy_snappy-java-1.1.10.3.jar with timestamp 1765742728659
[2025-12-14T20:05:30.443+0000] {subprocess.py:93} INFO - 25/12/14 20:05:30 INFO Utils: Copying /home/spark/.ivy2/jars/org.xerial.snappy_snappy-java-1.1.10.3.jar to /tmp/spark-e638a500-6329-40f6-a889-fc2e28117eeb/userFiles-80d56e0e-4cdc-4a21-ab5e-968297e69772/org.xerial.snappy_snappy-java-1.1.10.3.jar
[2025-12-14T20:05:30.477+0000] {subprocess.py:93} INFO - 25/12/14 20:05:30 INFO SparkContext: Added file file:///home/spark/.ivy2/jars/org.slf4j_slf4j-api-2.0.7.jar at spark://1034a5741ab6:34607/files/org.slf4j_slf4j-api-2.0.7.jar with timestamp 1765742728659
[2025-12-14T20:05:30.478+0000] {subprocess.py:93} INFO - 25/12/14 20:05:30 INFO Utils: Copying /home/spark/.ivy2/jars/org.slf4j_slf4j-api-2.0.7.jar to /tmp/spark-e638a500-6329-40f6-a889-fc2e28117eeb/userFiles-80d56e0e-4cdc-4a21-ab5e-968297e69772/org.slf4j_slf4j-api-2.0.7.jar
[2025-12-14T20:05:30.481+0000] {subprocess.py:93} INFO - 25/12/14 20:05:30 INFO SparkContext: Added file file:///home/spark/.ivy2/jars/org.apache.hadoop_hadoop-client-api-3.3.4.jar at spark://1034a5741ab6:34607/files/org.apache.hadoop_hadoop-client-api-3.3.4.jar with timestamp 1765742728659
[2025-12-14T20:05:30.481+0000] {subprocess.py:93} INFO - 25/12/14 20:05:30 INFO Utils: Copying /home/spark/.ivy2/jars/org.apache.hadoop_hadoop-client-api-3.3.4.jar to /tmp/spark-e638a500-6329-40f6-a889-fc2e28117eeb/userFiles-80d56e0e-4cdc-4a21-ab5e-968297e69772/org.apache.hadoop_hadoop-client-api-3.3.4.jar
[2025-12-14T20:05:30.568+0000] {subprocess.py:93} INFO - 25/12/14 20:05:30 INFO SparkContext: Added file file:///home/spark/.ivy2/jars/commons-logging_commons-logging-1.1.3.jar at spark://1034a5741ab6:34607/files/commons-logging_commons-logging-1.1.3.jar with timestamp 1765742728659
[2025-12-14T20:05:30.569+0000] {subprocess.py:93} INFO - 25/12/14 20:05:30 INFO Utils: Copying /home/spark/.ivy2/jars/commons-logging_commons-logging-1.1.3.jar to /tmp/spark-e638a500-6329-40f6-a889-fc2e28117eeb/userFiles-80d56e0e-4cdc-4a21-ab5e-968297e69772/commons-logging_commons-logging-1.1.3.jar
[2025-12-14T20:05:30.578+0000] {subprocess.py:93} INFO - 25/12/14 20:05:30 INFO SparkContext: Added file file:///home/spark/.ivy2/jars/org.tukaani_xz-1.9.jar at spark://1034a5741ab6:34607/files/org.tukaani_xz-1.9.jar with timestamp 1765742728659
[2025-12-14T20:05:30.578+0000] {subprocess.py:93} INFO - 25/12/14 20:05:30 INFO Utils: Copying /home/spark/.ivy2/jars/org.tukaani_xz-1.9.jar to /tmp/spark-e638a500-6329-40f6-a889-fc2e28117eeb/userFiles-80d56e0e-4cdc-4a21-ab5e-968297e69772/org.tukaani_xz-1.9.jar
[2025-12-14T20:05:30.690+0000] {subprocess.py:93} INFO - 25/12/14 20:05:30 INFO StandaloneAppClient$ClientEndpoint: Connecting to master spark://spark-master:7077...
[2025-12-14T20:05:30.761+0000] {subprocess.py:93} INFO - 25/12/14 20:05:30 INFO TransportClientFactory: Successfully created connection to spark-master/172.18.0.7:7077 after 47 ms (0 ms spent in bootstraps)
[2025-12-14T20:05:30.889+0000] {subprocess.py:93} INFO - 25/12/14 20:05:30 INFO StandaloneSchedulerBackend: Connected to Spark cluster with app ID app-20251214200530-0002
[2025-12-14T20:05:30.896+0000] {subprocess.py:93} INFO - 25/12/14 20:05:30 INFO StandaloneAppClient$ClientEndpoint: Executor added: app-20251214200530-0002/0 on worker-20251214194659-172.18.0.8-45309 (172.18.0.8:45309) with 2 core(s)
[2025-12-14T20:05:30.918+0000] {subprocess.py:93} INFO - 25/12/14 20:05:30 INFO StandaloneSchedulerBackend: Granted executor ID app-20251214200530-0002/0 on hostPort 172.18.0.8:45309 with 2 core(s), 1024.0 MiB RAM
[2025-12-14T20:05:30.921+0000] {subprocess.py:93} INFO - 25/12/14 20:05:30 INFO Utils: Successfully started service 'org.apache.spark.network.netty.NettyBlockTransferService' on port 43541.
[2025-12-14T20:05:30.922+0000] {subprocess.py:93} INFO - 25/12/14 20:05:30 INFO NettyBlockTransferService: Server created on 1034a5741ab6:43541
[2025-12-14T20:05:30.926+0000] {subprocess.py:93} INFO - 25/12/14 20:05:30 INFO BlockManager: Using org.apache.spark.storage.RandomBlockReplicationPolicy for block replication policy
[2025-12-14T20:05:30.942+0000] {subprocess.py:93} INFO - 25/12/14 20:05:30 INFO BlockManagerMaster: Registering BlockManager BlockManagerId(driver, 1034a5741ab6, 43541, None)
[2025-12-14T20:05:30.954+0000] {subprocess.py:93} INFO - 25/12/14 20:05:30 INFO BlockManagerMasterEndpoint: Registering block manager 1034a5741ab6:43541 with 434.4 MiB RAM, BlockManagerId(driver, 1034a5741ab6, 43541, None)
[2025-12-14T20:05:30.962+0000] {subprocess.py:93} INFO - 25/12/14 20:05:30 INFO BlockManagerMaster: Registered BlockManager BlockManagerId(driver, 1034a5741ab6, 43541, None)
[2025-12-14T20:05:30.965+0000] {subprocess.py:93} INFO - 25/12/14 20:05:30 INFO BlockManager: Initialized BlockManager: BlockManagerId(driver, 1034a5741ab6, 43541, None)
[2025-12-14T20:05:31.005+0000] {subprocess.py:93} INFO - 25/12/14 20:05:31 INFO StandaloneAppClient$ClientEndpoint: Executor updated: app-20251214200530-0002/0 is now RUNNING
[2025-12-14T20:05:31.521+0000] {subprocess.py:93} INFO - 25/12/14 20:05:31 INFO StandaloneSchedulerBackend: SchedulerBackend is ready for scheduling beginning after reached minRegisteredResourcesRatio: 0.0
[2025-12-14T20:05:42.239+0000] {subprocess.py:93} INFO - 25/12/14 20:05:42 WARN HiveConf: HiveConf of name hive.stats.jdbc.timeout does not exist
[2025-12-14T20:05:42.241+0000] {subprocess.py:93} INFO - 25/12/14 20:05:42 WARN HiveConf: HiveConf of name hive.stats.retries.wait does not exist
[2025-12-14T20:05:45.374+0000] {subprocess.py:93} INFO - 25/12/14 20:05:45 WARN ObjectStore: Version information not found in metastore. hive.metastore.schema.verification is not enabled so recording the schema version 2.3.0
[2025-12-14T20:05:45.375+0000] {subprocess.py:93} INFO - 25/12/14 20:05:45 WARN ObjectStore: setMetaStoreSchemaVersion called but recording version is disabled: version = 2.3.0, comment = Set by MetaStore UNKNOWN@172.18.0.7
[2025-12-14T20:05:46.645+0000] {subprocess.py:93} INFO - 25/12/14 20:05:46 WARN SessionState: METASTORE_FILTER_HOOK will be ignored, since hive.security.authorization.manager is set to instance of HiveAuthorizerFactory.
[2025-12-14T20:05:47.011+0000] {subprocess.py:93} INFO - 25/12/14 20:05:47 WARN AdminClientConfig: These configurations '[key.deserializer, value.deserializer, enable.auto.commit, max.poll.records, auto.offset.reset]' were supplied but are not used yet.
[2025-12-14T20:05:57.127+0000] {subprocess.py:93} INFO - 25/12/14 20:05:57 WARN HiveConf: HiveConf of name hive.internal.ss.authz.settings.applied.marker does not exist
[2025-12-14T20:05:57.130+0000] {subprocess.py:93} INFO - 25/12/14 20:05:57 WARN HiveConf: HiveConf of name hive.stats.jdbc.timeout does not exist
[2025-12-14T20:05:57.131+0000] {subprocess.py:93} INFO - 25/12/14 20:05:57 WARN HiveConf: HiveConf of name hive.stats.retries.wait does not exist
[2025-12-14T20:05:57.587+0000] {subprocess.py:93} INFO - 25/12/14 20:05:57 WARN ObjectStore: Failed to get database global_temp, returning NoSuchObjectException
[2025-12-14T20:05:57.597+0000] {subprocess.py:93} INFO - ✅ Données insérées dans exchange_rates_master (AVRO)
[2025-12-14T20:06:00.940+0000] {subprocess.py:93} INFO - ✅ Batch view exchange_rates_daily_avg créée (PARQUET)
[2025-12-14T20:06:01.182+0000] {subprocess.py:93} INFO - 🚀 Batch Layer terminé avec succès
[2025-12-14T20:06:01.432+0000] {subprocess.py:97} INFO - Command exited with return code 0
[2025-12-14T20:06:01.455+0000] {taskinstance.py:340} INFO - ::group::Post task execution logs
[2025-12-14T20:06:01.456+0000] {taskinstance.py:352} INFO - Marking task as SUCCESS. dag_id=batch_layer_pipeline, task_id=run_batch_layer, run_id=scheduled__2025-12-14T19:00:00+00:00, execution_date=20251214T190000, start_date=20251214T200521, end_date=20251214T200601
[2025-12-14T20:06:01.505+0000] {local_task_job_runner.py:261} INFO - Task exited with return code 0
[2025-12-14T20:06:01.525+0000] {taskinstance.py:3891} INFO - 1 downstream tasks scheduled from follow-on schedule check
[2025-12-14T20:06:01.532+0000] {local_task_job_runner.py:240} INFO - ::endgroup::
