[2025-12-15T10:00:12.728+0000] {local_task_job_runner.py:123} INFO - ::group::Pre task execution logs
[2025-12-15T10:00:12.751+0000] {taskinstance.py:2603} INFO - Dependencies all met for dep_context=non-requeueable deps ti=<TaskInstance: batch_layer_pipeline.run_batch_layer scheduled__2025-12-15T09:00:00+00:00 [queued]>
[2025-12-15T10:00:12.767+0000] {taskinstance.py:2603} INFO - Dependencies all met for dep_context=requeueable deps ti=<TaskInstance: batch_layer_pipeline.run_batch_layer scheduled__2025-12-15T09:00:00+00:00 [queued]>
[2025-12-15T10:00:12.768+0000] {taskinstance.py:2856} INFO - Starting attempt 1 of 2
[2025-12-15T10:00:12.809+0000] {taskinstance.py:2879} INFO - Executing <Task(BashOperator): run_batch_layer> on 2025-12-15 09:00:00+00:00
[2025-12-15T10:00:12.816+0000] {standard_task_runner.py:72} INFO - Started process 205 to run task
[2025-12-15T10:00:12.821+0000] {standard_task_runner.py:104} INFO - Running: ['airflow', 'tasks', 'run', 'batch_layer_pipeline', 'run_batch_layer', 'scheduled__2025-12-15T09:00:00+00:00', '--job-id', '8', '--raw', '--subdir', 'DAGS_FOLDER/batch_pipeline_dag.py', '--cfg-path', '/tmp/tmpovnfjdk1']
[2025-12-15T10:00:12.825+0000] {standard_task_runner.py:105} INFO - Job 8: Subtask run_batch_layer
[2025-12-15T10:00:12.928+0000] {task_command.py:467} INFO - Running <TaskInstance: batch_layer_pipeline.run_batch_layer scheduled__2025-12-15T09:00:00+00:00 [running]> on host 79e4a0297251
[2025-12-15T10:00:13.150+0000] {taskinstance.py:3122} INFO - Exporting env vars: AIRFLOW_CTX_DAG_OWNER='airflow' AIRFLOW_CTX_DAG_ID='batch_layer_pipeline' AIRFLOW_CTX_TASK_ID='run_batch_layer' AIRFLOW_CTX_EXECUTION_DATE='2025-12-15T09:00:00+00:00' AIRFLOW_CTX_TRY_NUMBER='1' AIRFLOW_CTX_DAG_RUN_ID='scheduled__2025-12-15T09:00:00+00:00'
[2025-12-15T10:00:13.153+0000] {taskinstance.py:731} INFO - ::endgroup::
[2025-12-15T10:00:13.251+0000] {subprocess.py:63} INFO - Tmp dir root location: /tmp
[2025-12-15T10:00:13.276+0000] {subprocess.py:75} INFO - Running command: ['/usr/bin/bash', '-c', '\n        docker exec spark-master         /opt/spark/bin/spark-submit         --master spark://spark-master:7077         --driver-memory 1g         --executor-memory 1g         --packages org.apache.spark:spark-sql-kafka-0-10_2.12:3.5.0,org.apache.spark:spark-avro_2.12:3.5.0         /opt/spark/jobs/batch_layer.py\n        ']
[2025-12-15T10:00:13.309+0000] {subprocess.py:86} INFO - Output:
[2025-12-15T10:00:24.603+0000] {subprocess.py:93} INFO - :: loading settings :: url = jar:file:/opt/spark/jars/ivy-2.5.1.jar!/org/apache/ivy/core/settings/ivysettings.xml
[2025-12-15T10:00:24.937+0000] {subprocess.py:93} INFO - Ivy Default Cache set to: /home/spark/.ivy2/cache
[2025-12-15T10:00:24.938+0000] {subprocess.py:93} INFO - The jars for the packages stored in: /home/spark/.ivy2/jars
[2025-12-15T10:00:24.989+0000] {subprocess.py:93} INFO - org.apache.spark#spark-sql-kafka-0-10_2.12 added as a dependency
[2025-12-15T10:00:24.990+0000] {subprocess.py:93} INFO - org.apache.spark#spark-avro_2.12 added as a dependency
[2025-12-15T10:00:24.992+0000] {subprocess.py:93} INFO - :: resolving dependencies :: org.apache.spark#spark-submit-parent-54cb7552-1c55-47c4-92cc-c64ff4f09cc3;1.0
[2025-12-15T10:00:24.993+0000] {subprocess.py:93} INFO - 	confs: [default]
[2025-12-15T10:00:26.150+0000] {subprocess.py:93} INFO - 	found org.apache.spark#spark-sql-kafka-0-10_2.12;3.5.0 in central
[2025-12-15T10:00:26.564+0000] {subprocess.py:93} INFO - 	found org.apache.spark#spark-token-provider-kafka-0-10_2.12;3.5.0 in central
[2025-12-15T10:00:26.894+0000] {subprocess.py:93} INFO - 	found org.apache.kafka#kafka-clients;3.4.1 in central
[2025-12-15T10:00:27.291+0000] {subprocess.py:93} INFO - 	found org.lz4#lz4-java;1.8.0 in central
[2025-12-15T10:00:29.202+0000] {subprocess.py:93} INFO - 	found org.xerial.snappy#snappy-java;1.1.10.3 in central
[2025-12-15T10:00:29.990+0000] {subprocess.py:93} INFO - 	found org.slf4j#slf4j-api;2.0.7 in central
[2025-12-15T10:00:31.007+0000] {subprocess.py:93} INFO - 	found org.apache.hadoop#hadoop-client-runtime;3.3.4 in central
[2025-12-15T10:00:32.254+0000] {subprocess.py:93} INFO - 	found org.apache.hadoop#hadoop-client-api;3.3.4 in central
[2025-12-15T10:00:32.572+0000] {subprocess.py:93} INFO - 	found commons-logging#commons-logging;1.1.3 in central
[2025-12-15T10:00:32.781+0000] {subprocess.py:93} INFO - 	found com.google.code.findbugs#jsr305;3.0.0 in central
[2025-12-15T10:00:32.910+0000] {subprocess.py:93} INFO - 	found org.apache.commons#commons-pool2;2.11.1 in central
[2025-12-15T10:00:33.118+0000] {subprocess.py:93} INFO - 	found org.apache.spark#spark-avro_2.12;3.5.0 in central
[2025-12-15T10:00:33.198+0000] {subprocess.py:93} INFO - 	found org.tukaani#xz;1.9 in central
[2025-12-15T10:00:33.515+0000] {subprocess.py:93} INFO - :: resolution report :: resolve 8232ms :: artifacts dl 193ms
[2025-12-15T10:00:33.630+0000] {subprocess.py:93} INFO - 	:: modules in use:
[2025-12-15T10:00:33.758+0000] {subprocess.py:93} INFO - 	com.google.code.findbugs#jsr305;3.0.0 from central in [default]
[2025-12-15T10:00:33.826+0000] {subprocess.py:93} INFO - 	commons-logging#commons-logging;1.1.3 from central in [default]
[2025-12-15T10:00:34.002+0000] {subprocess.py:93} INFO - 	org.apache.commons#commons-pool2;2.11.1 from central in [default]
[2025-12-15T10:00:34.068+0000] {subprocess.py:93} INFO - 	org.apache.hadoop#hadoop-client-api;3.3.4 from central in [default]
[2025-12-15T10:00:34.084+0000] {subprocess.py:93} INFO - 	org.apache.hadoop#hadoop-client-runtime;3.3.4 from central in [default]
[2025-12-15T10:00:34.167+0000] {subprocess.py:93} INFO - 	org.apache.kafka#kafka-clients;3.4.1 from central in [default]
[2025-12-15T10:00:34.395+0000] {subprocess.py:93} INFO - 	org.apache.spark#spark-avro_2.12;3.5.0 from central in [default]
[2025-12-15T10:00:34.480+0000] {subprocess.py:93} INFO - 	org.apache.spark#spark-sql-kafka-0-10_2.12;3.5.0 from central in [default]
[2025-12-15T10:00:34.576+0000] {subprocess.py:93} INFO - 	org.apache.spark#spark-token-provider-kafka-0-10_2.12;3.5.0 from central in [default]
[2025-12-15T10:00:34.650+0000] {subprocess.py:93} INFO - 	org.lz4#lz4-java;1.8.0 from central in [default]
[2025-12-15T10:00:34.777+0000] {subprocess.py:93} INFO - 	org.slf4j#slf4j-api;2.0.7 from central in [default]
[2025-12-15T10:00:34.839+0000] {subprocess.py:93} INFO - 	org.tukaani#xz;1.9 from central in [default]
[2025-12-15T10:00:34.854+0000] {subprocess.py:93} INFO - 	org.xerial.snappy#snappy-java;1.1.10.3 from central in [default]
[2025-12-15T10:00:34.950+0000] {subprocess.py:93} INFO - 	---------------------------------------------------------------------
[2025-12-15T10:00:35.051+0000] {subprocess.py:93} INFO - 	|                  |            modules            ||   artifacts   |
[2025-12-15T10:00:35.071+0000] {subprocess.py:93} INFO - 	|       conf       | number| search|dwnlded|evicted|| number|dwnlded|
[2025-12-15T10:00:35.072+0000] {subprocess.py:93} INFO - 	---------------------------------------------------------------------
[2025-12-15T10:00:35.087+0000] {subprocess.py:93} INFO - 	|      default     |   13  |   0   |   0   |   0   ||   13  |   0   |
[2025-12-15T10:00:35.090+0000] {subprocess.py:93} INFO - 	---------------------------------------------------------------------
[2025-12-15T10:00:35.101+0000] {subprocess.py:93} INFO - :: retrieving :: org.apache.spark#spark-submit-parent-54cb7552-1c55-47c4-92cc-c64ff4f09cc3
[2025-12-15T10:00:35.147+0000] {subprocess.py:93} INFO - 	confs: [default]
[2025-12-15T10:00:35.226+0000] {subprocess.py:93} INFO - 	0 artifacts copied, 13 already retrieved (0kB/201ms)
[2025-12-15T10:00:36.181+0000] {subprocess.py:93} INFO - 25/12/15 10:00:36 WARN NativeCodeLoader: Unable to load native-hadoop library for your platform... using builtin-java classes where applicable
[2025-12-15T10:00:42.028+0000] {subprocess.py:93} INFO - 25/12/15 10:00:42 INFO SparkContext: Running Spark version 3.5.0
[2025-12-15T10:00:42.030+0000] {subprocess.py:93} INFO - 25/12/15 10:00:42 INFO SparkContext: OS info Linux, 5.15.167.4-microsoft-standard-WSL2, amd64
[2025-12-15T10:00:42.031+0000] {subprocess.py:93} INFO - 25/12/15 10:00:42 INFO SparkContext: Java version 11.0.20.1
[2025-12-15T10:00:42.161+0000] {subprocess.py:93} INFO - 25/12/15 10:00:42 INFO ResourceUtils: ==============================================================
[2025-12-15T10:00:42.164+0000] {subprocess.py:93} INFO - 25/12/15 10:00:42 INFO ResourceUtils: No custom resources configured for spark.driver.
[2025-12-15T10:00:42.165+0000] {subprocess.py:93} INFO - 25/12/15 10:00:42 INFO ResourceUtils: ==============================================================
[2025-12-15T10:00:42.166+0000] {subprocess.py:93} INFO - 25/12/15 10:00:42 INFO SparkContext: Submitted application: ExchangeRatesBatchLayer
[2025-12-15T10:00:42.357+0000] {subprocess.py:93} INFO - 25/12/15 10:00:42 INFO ResourceProfile: Default ResourceProfile created, executor resources: Map(memory -> name: memory, amount: 1024, script: , vendor: , offHeap -> name: offHeap, amount: 0, script: , vendor: ), task resources: Map(cpus -> name: cpus, amount: 1.0)
[2025-12-15T10:00:42.458+0000] {subprocess.py:93} INFO - 25/12/15 10:00:42 INFO ResourceProfile: Limiting resource is cpu
[2025-12-15T10:00:42.489+0000] {subprocess.py:93} INFO - 25/12/15 10:00:42 INFO ResourceProfileManager: Added ResourceProfile id: 0
[2025-12-15T10:00:43.189+0000] {subprocess.py:93} INFO - 25/12/15 10:00:42 INFO SecurityManager: Changing view acls to: spark
[2025-12-15T10:00:43.195+0000] {subprocess.py:93} INFO - 25/12/15 10:00:42 INFO SecurityManager: Changing modify acls to: spark
[2025-12-15T10:00:43.211+0000] {subprocess.py:93} INFO - 25/12/15 10:00:42 INFO SecurityManager: Changing view acls groups to:
[2025-12-15T10:00:43.226+0000] {subprocess.py:93} INFO - 25/12/15 10:00:42 INFO SecurityManager: Changing modify acls groups to:
[2025-12-15T10:00:43.242+0000] {subprocess.py:93} INFO - 25/12/15 10:00:42 INFO SecurityManager: SecurityManager: authentication disabled; ui acls disabled; users with view permissions: spark; groups with view permissions: EMPTY; users with modify permissions: spark; groups with modify permissions: EMPTY
[2025-12-15T10:00:44.712+0000] {subprocess.py:93} INFO - 25/12/15 10:00:44 INFO Utils: Successfully started service 'sparkDriver' on port 45745.
[2025-12-15T10:00:44.974+0000] {subprocess.py:93} INFO - 25/12/15 10:00:44 INFO SparkEnv: Registering MapOutputTracker
[2025-12-15T10:00:45.271+0000] {subprocess.py:93} INFO - 25/12/15 10:00:45 INFO SparkEnv: Registering BlockManagerMaster
[2025-12-15T10:00:45.351+0000] {subprocess.py:93} INFO - 25/12/15 10:00:45 INFO BlockManagerMasterEndpoint: Using org.apache.spark.storage.DefaultTopologyMapper for getting topology information
[2025-12-15T10:00:45.382+0000] {subprocess.py:93} INFO - 25/12/15 10:00:45 INFO BlockManagerMasterEndpoint: BlockManagerMasterEndpoint up
[2025-12-15T10:00:45.399+0000] {subprocess.py:93} INFO - 25/12/15 10:00:45 INFO SparkEnv: Registering BlockManagerMasterHeartbeat
[2025-12-15T10:00:45.462+0000] {subprocess.py:93} INFO - 25/12/15 10:00:45 INFO DiskBlockManager: Created local directory at /tmp/blockmgr-1f26373c-85e0-4762-9b8a-7066c7674ede
[2025-12-15T10:00:45.574+0000] {subprocess.py:93} INFO - 25/12/15 10:00:45 INFO MemoryStore: MemoryStore started with capacity 434.4 MiB
[2025-12-15T10:00:45.823+0000] {subprocess.py:93} INFO - 25/12/15 10:00:45 INFO SparkEnv: Registering OutputCommitCoordinator
[2025-12-15T10:00:46.549+0000] {subprocess.py:93} INFO - 25/12/15 10:00:46 INFO JettyUtils: Start Jetty 0.0.0.0:4040 for SparkUI
[2025-12-15T10:00:46.771+0000] {subprocess.py:93} INFO - 25/12/15 10:00:46 INFO Utils: Successfully started service 'SparkUI' on port 4040.
[2025-12-15T10:00:46.913+0000] {subprocess.py:93} INFO - 25/12/15 10:00:46 INFO SparkContext: Added JAR file:///home/spark/.ivy2/jars/org.apache.spark_spark-sql-kafka-0-10_2.12-3.5.0.jar at spark://b454207e355c:45745/jars/org.apache.spark_spark-sql-kafka-0-10_2.12-3.5.0.jar with timestamp 1765792841954
[2025-12-15T10:00:46.914+0000] {subprocess.py:93} INFO - 25/12/15 10:00:46 INFO SparkContext: Added JAR file:///home/spark/.ivy2/jars/org.apache.spark_spark-avro_2.12-3.5.0.jar at spark://b454207e355c:45745/jars/org.apache.spark_spark-avro_2.12-3.5.0.jar with timestamp 1765792841954
[2025-12-15T10:00:46.919+0000] {subprocess.py:93} INFO - 25/12/15 10:00:46 INFO SparkContext: Added JAR file:///home/spark/.ivy2/jars/org.apache.spark_spark-token-provider-kafka-0-10_2.12-3.5.0.jar at spark://b454207e355c:45745/jars/org.apache.spark_spark-token-provider-kafka-0-10_2.12-3.5.0.jar with timestamp 1765792841954
[2025-12-15T10:00:46.931+0000] {subprocess.py:93} INFO - 25/12/15 10:00:46 INFO SparkContext: Added JAR file:///home/spark/.ivy2/jars/org.apache.kafka_kafka-clients-3.4.1.jar at spark://b454207e355c:45745/jars/org.apache.kafka_kafka-clients-3.4.1.jar with timestamp 1765792841954
[2025-12-15T10:00:46.932+0000] {subprocess.py:93} INFO - 25/12/15 10:00:46 INFO SparkContext: Added JAR file:///home/spark/.ivy2/jars/com.google.code.findbugs_jsr305-3.0.0.jar at spark://b454207e355c:45745/jars/com.google.code.findbugs_jsr305-3.0.0.jar with timestamp 1765792841954
[2025-12-15T10:00:46.940+0000] {subprocess.py:93} INFO - 25/12/15 10:00:46 INFO SparkContext: Added JAR file:///home/spark/.ivy2/jars/org.apache.commons_commons-pool2-2.11.1.jar at spark://b454207e355c:45745/jars/org.apache.commons_commons-pool2-2.11.1.jar with timestamp 1765792841954
[2025-12-15T10:00:46.947+0000] {subprocess.py:93} INFO - 25/12/15 10:00:46 INFO SparkContext: Added JAR file:///home/spark/.ivy2/jars/org.apache.hadoop_hadoop-client-runtime-3.3.4.jar at spark://b454207e355c:45745/jars/org.apache.hadoop_hadoop-client-runtime-3.3.4.jar with timestamp 1765792841954
[2025-12-15T10:00:46.949+0000] {subprocess.py:93} INFO - 25/12/15 10:00:46 INFO SparkContext: Added JAR file:///home/spark/.ivy2/jars/org.lz4_lz4-java-1.8.0.jar at spark://b454207e355c:45745/jars/org.lz4_lz4-java-1.8.0.jar with timestamp 1765792841954
[2025-12-15T10:00:46.955+0000] {subprocess.py:93} INFO - 25/12/15 10:00:46 INFO SparkContext: Added JAR file:///home/spark/.ivy2/jars/org.xerial.snappy_snappy-java-1.1.10.3.jar at spark://b454207e355c:45745/jars/org.xerial.snappy_snappy-java-1.1.10.3.jar with timestamp 1765792841954
[2025-12-15T10:00:46.965+0000] {subprocess.py:93} INFO - 25/12/15 10:00:46 INFO SparkContext: Added JAR file:///home/spark/.ivy2/jars/org.slf4j_slf4j-api-2.0.7.jar at spark://b454207e355c:45745/jars/org.slf4j_slf4j-api-2.0.7.jar with timestamp 1765792841954
[2025-12-15T10:00:46.967+0000] {subprocess.py:93} INFO - 25/12/15 10:00:46 INFO SparkContext: Added JAR file:///home/spark/.ivy2/jars/org.apache.hadoop_hadoop-client-api-3.3.4.jar at spark://b454207e355c:45745/jars/org.apache.hadoop_hadoop-client-api-3.3.4.jar with timestamp 1765792841954
[2025-12-15T10:00:46.970+0000] {subprocess.py:93} INFO - 25/12/15 10:00:46 INFO SparkContext: Added JAR file:///home/spark/.ivy2/jars/commons-logging_commons-logging-1.1.3.jar at spark://b454207e355c:45745/jars/commons-logging_commons-logging-1.1.3.jar with timestamp 1765792841954
[2025-12-15T10:00:46.971+0000] {subprocess.py:93} INFO - 25/12/15 10:00:46 INFO SparkContext: Added JAR file:///home/spark/.ivy2/jars/org.tukaani_xz-1.9.jar at spark://b454207e355c:45745/jars/org.tukaani_xz-1.9.jar with timestamp 1765792841954
[2025-12-15T10:00:46.973+0000] {subprocess.py:93} INFO - 25/12/15 10:00:46 INFO SparkContext: Added file file:///home/spark/.ivy2/jars/org.apache.spark_spark-sql-kafka-0-10_2.12-3.5.0.jar at spark://b454207e355c:45745/files/org.apache.spark_spark-sql-kafka-0-10_2.12-3.5.0.jar with timestamp 1765792841954
[2025-12-15T10:00:46.974+0000] {subprocess.py:93} INFO - 25/12/15 10:00:46 INFO Utils: Copying /home/spark/.ivy2/jars/org.apache.spark_spark-sql-kafka-0-10_2.12-3.5.0.jar to /tmp/spark-18f69ae7-187e-4f87-be20-b531d6d4f54a/userFiles-ecc7a90b-17bd-4f1e-be6d-9e59a5d9a0b6/org.apache.spark_spark-sql-kafka-0-10_2.12-3.5.0.jar
[2025-12-15T10:00:47.005+0000] {subprocess.py:93} INFO - 25/12/15 10:00:46 INFO SparkContext: Added file file:///home/spark/.ivy2/jars/org.apache.spark_spark-avro_2.12-3.5.0.jar at spark://b454207e355c:45745/files/org.apache.spark_spark-avro_2.12-3.5.0.jar with timestamp 1765792841954
[2025-12-15T10:00:47.006+0000] {subprocess.py:93} INFO - 25/12/15 10:00:46 INFO Utils: Copying /home/spark/.ivy2/jars/org.apache.spark_spark-avro_2.12-3.5.0.jar to /tmp/spark-18f69ae7-187e-4f87-be20-b531d6d4f54a/userFiles-ecc7a90b-17bd-4f1e-be6d-9e59a5d9a0b6/org.apache.spark_spark-avro_2.12-3.5.0.jar
[2025-12-15T10:00:47.015+0000] {subprocess.py:93} INFO - 25/12/15 10:00:47 INFO SparkContext: Added file file:///home/spark/.ivy2/jars/org.apache.spark_spark-token-provider-kafka-0-10_2.12-3.5.0.jar at spark://b454207e355c:45745/files/org.apache.spark_spark-token-provider-kafka-0-10_2.12-3.5.0.jar with timestamp 1765792841954
[2025-12-15T10:00:47.019+0000] {subprocess.py:93} INFO - 25/12/15 10:00:47 INFO Utils: Copying /home/spark/.ivy2/jars/org.apache.spark_spark-token-provider-kafka-0-10_2.12-3.5.0.jar to /tmp/spark-18f69ae7-187e-4f87-be20-b531d6d4f54a/userFiles-ecc7a90b-17bd-4f1e-be6d-9e59a5d9a0b6/org.apache.spark_spark-token-provider-kafka-0-10_2.12-3.5.0.jar
[2025-12-15T10:00:47.092+0000] {subprocess.py:93} INFO - 25/12/15 10:00:47 INFO SparkContext: Added file file:///home/spark/.ivy2/jars/org.apache.kafka_kafka-clients-3.4.1.jar at spark://b454207e355c:45745/files/org.apache.kafka_kafka-clients-3.4.1.jar with timestamp 1765792841954
[2025-12-15T10:00:47.127+0000] {subprocess.py:93} INFO - 25/12/15 10:00:47 INFO Utils: Copying /home/spark/.ivy2/jars/org.apache.kafka_kafka-clients-3.4.1.jar to /tmp/spark-18f69ae7-187e-4f87-be20-b531d6d4f54a/userFiles-ecc7a90b-17bd-4f1e-be6d-9e59a5d9a0b6/org.apache.kafka_kafka-clients-3.4.1.jar
[2025-12-15T10:00:47.143+0000] {subprocess.py:93} INFO - 25/12/15 10:00:47 INFO SparkContext: Added file file:///home/spark/.ivy2/jars/com.google.code.findbugs_jsr305-3.0.0.jar at spark://b454207e355c:45745/files/com.google.code.findbugs_jsr305-3.0.0.jar with timestamp 1765792841954
[2025-12-15T10:00:47.148+0000] {subprocess.py:93} INFO - 25/12/15 10:00:47 INFO Utils: Copying /home/spark/.ivy2/jars/com.google.code.findbugs_jsr305-3.0.0.jar to /tmp/spark-18f69ae7-187e-4f87-be20-b531d6d4f54a/userFiles-ecc7a90b-17bd-4f1e-be6d-9e59a5d9a0b6/com.google.code.findbugs_jsr305-3.0.0.jar
[2025-12-15T10:00:47.150+0000] {subprocess.py:93} INFO - 25/12/15 10:00:47 INFO SparkContext: Added file file:///home/spark/.ivy2/jars/org.apache.commons_commons-pool2-2.11.1.jar at spark://b454207e355c:45745/files/org.apache.commons_commons-pool2-2.11.1.jar with timestamp 1765792841954
[2025-12-15T10:00:47.153+0000] {subprocess.py:93} INFO - 25/12/15 10:00:47 INFO Utils: Copying /home/spark/.ivy2/jars/org.apache.commons_commons-pool2-2.11.1.jar to /tmp/spark-18f69ae7-187e-4f87-be20-b531d6d4f54a/userFiles-ecc7a90b-17bd-4f1e-be6d-9e59a5d9a0b6/org.apache.commons_commons-pool2-2.11.1.jar
[2025-12-15T10:00:47.174+0000] {subprocess.py:93} INFO - 25/12/15 10:00:47 INFO SparkContext: Added file file:///home/spark/.ivy2/jars/org.apache.hadoop_hadoop-client-runtime-3.3.4.jar at spark://b454207e355c:45745/files/org.apache.hadoop_hadoop-client-runtime-3.3.4.jar with timestamp 1765792841954
[2025-12-15T10:00:47.182+0000] {subprocess.py:93} INFO - 25/12/15 10:00:47 INFO Utils: Copying /home/spark/.ivy2/jars/org.apache.hadoop_hadoop-client-runtime-3.3.4.jar to /tmp/spark-18f69ae7-187e-4f87-be20-b531d6d4f54a/userFiles-ecc7a90b-17bd-4f1e-be6d-9e59a5d9a0b6/org.apache.hadoop_hadoop-client-runtime-3.3.4.jar
[2025-12-15T10:00:47.269+0000] {subprocess.py:93} INFO - 25/12/15 10:00:47 INFO SparkContext: Added file file:///home/spark/.ivy2/jars/org.lz4_lz4-java-1.8.0.jar at spark://b454207e355c:45745/files/org.lz4_lz4-java-1.8.0.jar with timestamp 1765792841954
[2025-12-15T10:00:47.274+0000] {subprocess.py:93} INFO - 25/12/15 10:00:47 INFO Utils: Copying /home/spark/.ivy2/jars/org.lz4_lz4-java-1.8.0.jar to /tmp/spark-18f69ae7-187e-4f87-be20-b531d6d4f54a/userFiles-ecc7a90b-17bd-4f1e-be6d-9e59a5d9a0b6/org.lz4_lz4-java-1.8.0.jar
[2025-12-15T10:00:47.315+0000] {subprocess.py:93} INFO - 25/12/15 10:00:47 INFO SparkContext: Added file file:///home/spark/.ivy2/jars/org.xerial.snappy_snappy-java-1.1.10.3.jar at spark://b454207e355c:45745/files/org.xerial.snappy_snappy-java-1.1.10.3.jar with timestamp 1765792841954
[2025-12-15T10:00:47.316+0000] {subprocess.py:93} INFO - 25/12/15 10:00:47 INFO Utils: Copying /home/spark/.ivy2/jars/org.xerial.snappy_snappy-java-1.1.10.3.jar to /tmp/spark-18f69ae7-187e-4f87-be20-b531d6d4f54a/userFiles-ecc7a90b-17bd-4f1e-be6d-9e59a5d9a0b6/org.xerial.snappy_snappy-java-1.1.10.3.jar
[2025-12-15T10:00:47.317+0000] {subprocess.py:93} INFO - 25/12/15 10:00:47 INFO SparkContext: Added file file:///home/spark/.ivy2/jars/org.slf4j_slf4j-api-2.0.7.jar at spark://b454207e355c:45745/files/org.slf4j_slf4j-api-2.0.7.jar with timestamp 1765792841954
[2025-12-15T10:00:47.318+0000] {subprocess.py:93} INFO - 25/12/15 10:00:47 INFO Utils: Copying /home/spark/.ivy2/jars/org.slf4j_slf4j-api-2.0.7.jar to /tmp/spark-18f69ae7-187e-4f87-be20-b531d6d4f54a/userFiles-ecc7a90b-17bd-4f1e-be6d-9e59a5d9a0b6/org.slf4j_slf4j-api-2.0.7.jar
[2025-12-15T10:00:47.319+0000] {subprocess.py:93} INFO - 25/12/15 10:00:47 INFO SparkContext: Added file file:///home/spark/.ivy2/jars/org.apache.hadoop_hadoop-client-api-3.3.4.jar at spark://b454207e355c:45745/files/org.apache.hadoop_hadoop-client-api-3.3.4.jar with timestamp 1765792841954
[2025-12-15T10:00:47.320+0000] {subprocess.py:93} INFO - 25/12/15 10:00:47 INFO Utils: Copying /home/spark/.ivy2/jars/org.apache.hadoop_hadoop-client-api-3.3.4.jar to /tmp/spark-18f69ae7-187e-4f87-be20-b531d6d4f54a/userFiles-ecc7a90b-17bd-4f1e-be6d-9e59a5d9a0b6/org.apache.hadoop_hadoop-client-api-3.3.4.jar
[2025-12-15T10:00:47.381+0000] {subprocess.py:93} INFO - 25/12/15 10:00:47 INFO SparkContext: Added file file:///home/spark/.ivy2/jars/commons-logging_commons-logging-1.1.3.jar at spark://b454207e355c:45745/files/commons-logging_commons-logging-1.1.3.jar with timestamp 1765792841954
[2025-12-15T10:00:47.389+0000] {subprocess.py:93} INFO - 25/12/15 10:00:47 INFO Utils: Copying /home/spark/.ivy2/jars/commons-logging_commons-logging-1.1.3.jar to /tmp/spark-18f69ae7-187e-4f87-be20-b531d6d4f54a/userFiles-ecc7a90b-17bd-4f1e-be6d-9e59a5d9a0b6/commons-logging_commons-logging-1.1.3.jar
[2025-12-15T10:00:47.397+0000] {subprocess.py:93} INFO - 25/12/15 10:00:47 INFO SparkContext: Added file file:///home/spark/.ivy2/jars/org.tukaani_xz-1.9.jar at spark://b454207e355c:45745/files/org.tukaani_xz-1.9.jar with timestamp 1765792841954
[2025-12-15T10:00:47.398+0000] {subprocess.py:93} INFO - 25/12/15 10:00:47 INFO Utils: Copying /home/spark/.ivy2/jars/org.tukaani_xz-1.9.jar to /tmp/spark-18f69ae7-187e-4f87-be20-b531d6d4f54a/userFiles-ecc7a90b-17bd-4f1e-be6d-9e59a5d9a0b6/org.tukaani_xz-1.9.jar
[2025-12-15T10:00:48.075+0000] {subprocess.py:93} INFO - 25/12/15 10:00:48 INFO StandaloneAppClient$ClientEndpoint: Connecting to master spark://spark-master:7077...
[2025-12-15T10:00:48.420+0000] {subprocess.py:93} INFO - 25/12/15 10:00:48 INFO TransportClientFactory: Successfully created connection to spark-master/172.19.0.7:7077 after 224 ms (0 ms spent in bootstraps)
[2025-12-15T10:00:48.721+0000] {subprocess.py:93} INFO - 25/12/15 10:00:48 INFO StandaloneSchedulerBackend: Connected to Spark cluster with app ID app-20251215100048-0004
[2025-12-15T10:00:48.730+0000] {subprocess.py:93} INFO - 25/12/15 10:00:48 INFO StandaloneAppClient$ClientEndpoint: Executor added: app-20251215100048-0004/0 on worker-20251215093605-172.19.0.10-40687 (172.19.0.10:40687) with 2 core(s)
[2025-12-15T10:00:48.768+0000] {subprocess.py:93} INFO - 25/12/15 10:00:48 INFO StandaloneSchedulerBackend: Granted executor ID app-20251215100048-0004/0 on hostPort 172.19.0.10:40687 with 2 core(s), 1024.0 MiB RAM
[2025-12-15T10:00:48.784+0000] {subprocess.py:93} INFO - 25/12/15 10:00:48 INFO Utils: Successfully started service 'org.apache.spark.network.netty.NettyBlockTransferService' on port 39755.
[2025-12-15T10:00:48.785+0000] {subprocess.py:93} INFO - 25/12/15 10:00:48 INFO NettyBlockTransferService: Server created on b454207e355c:39755
[2025-12-15T10:00:48.785+0000] {subprocess.py:93} INFO - 25/12/15 10:00:48 INFO BlockManager: Using org.apache.spark.storage.RandomBlockReplicationPolicy for block replication policy
[2025-12-15T10:00:48.889+0000] {subprocess.py:93} INFO - 25/12/15 10:00:48 INFO BlockManagerMaster: Registering BlockManager BlockManagerId(driver, b454207e355c, 39755, None)
[2025-12-15T10:00:48.942+0000] {subprocess.py:93} INFO - 25/12/15 10:00:48 INFO BlockManagerMasterEndpoint: Registering block manager b454207e355c:39755 with 434.4 MiB RAM, BlockManagerId(driver, b454207e355c, 39755, None)
[2025-12-15T10:00:48.973+0000] {subprocess.py:93} INFO - 25/12/15 10:00:48 INFO BlockManagerMaster: Registered BlockManager BlockManagerId(driver, b454207e355c, 39755, None)
[2025-12-15T10:00:48.986+0000] {subprocess.py:93} INFO - 25/12/15 10:00:48 INFO BlockManager: Initialized BlockManager: BlockManagerId(driver, b454207e355c, 39755, None)
[2025-12-15T10:00:49.076+0000] {subprocess.py:93} INFO - 25/12/15 10:00:49 INFO StandaloneAppClient$ClientEndpoint: Executor updated: app-20251215100048-0004/0 is now RUNNING
[2025-12-15T10:00:50.496+0000] {subprocess.py:93} INFO - 25/12/15 10:00:50 INFO StandaloneSchedulerBackend: SchedulerBackend is ready for scheduling beginning after reached minRegisteredResourcesRatio: 0.0
[2025-12-15T10:01:13.236+0000] {subprocess.py:93} INFO - 25/12/15 10:01:13 WARN HiveConf: HiveConf of name hive.stats.jdbc.timeout does not exist
[2025-12-15T10:01:13.267+0000] {subprocess.py:93} INFO - 25/12/15 10:01:13 WARN HiveConf: HiveConf of name hive.stats.retries.wait does not exist
[2025-12-15T10:01:21.907+0000] {subprocess.py:93} INFO - 25/12/15 10:01:21 WARN ObjectStore: Version information not found in metastore. hive.metastore.schema.verification is not enabled so recording the schema version 2.3.0
[2025-12-15T10:01:21.909+0000] {subprocess.py:93} INFO - 25/12/15 10:01:21 WARN ObjectStore: setMetaStoreSchemaVersion called but recording version is disabled: version = 2.3.0, comment = Set by MetaStore UNKNOWN@172.19.0.7
[2025-12-15T10:01:25.052+0000] {subprocess.py:93} INFO - 25/12/15 10:01:25 WARN SessionState: METASTORE_FILTER_HOOK will be ignored, since hive.security.authorization.manager is set to instance of HiveAuthorizerFactory.
[2025-12-15T10:01:26.140+0000] {subprocess.py:93} INFO - 25/12/15 10:01:26 WARN AdminClientConfig: These configurations '[key.deserializer, value.deserializer, enable.auto.commit, max.poll.records, auto.offset.reset]' were supplied but are not used yet.
[2025-12-15T10:01:53.933+0000] {subprocess.py:93} INFO - 25/12/15 10:01:53 WARN HiveConf: HiveConf of name hive.internal.ss.authz.settings.applied.marker does not exist
[2025-12-15T10:01:53.944+0000] {subprocess.py:93} INFO - 25/12/15 10:01:53 WARN HiveConf: HiveConf of name hive.stats.jdbc.timeout does not exist
[2025-12-15T10:01:53.945+0000] {subprocess.py:93} INFO - 25/12/15 10:01:53 WARN HiveConf: HiveConf of name hive.stats.retries.wait does not exist
[2025-12-15T10:01:56.099+0000] {subprocess.py:93} INFO - 25/12/15 10:01:55 WARN ObjectStore: Failed to get database global_temp, returning NoSuchObjectException
[2025-12-15T10:01:56.131+0000] {subprocess.py:93} INFO - ✅ Données insérées dans exchange_rates_master (AVRO)
[2025-12-15T10:02:09.209+0000] {subprocess.py:93} INFO - ✅ Batch view exchange_rates_daily_avg créée (PARQUET)
[2025-12-15T10:02:09.757+0000] {subprocess.py:93} INFO - 🚀 Batch Layer terminé avec succès
[2025-12-15T10:02:10.275+0000] {subprocess.py:97} INFO - Command exited with return code 0
[2025-12-15T10:02:10.393+0000] {taskinstance.py:340} INFO - ::group::Post task execution logs
[2025-12-15T10:02:10.465+0000] {taskinstance.py:352} INFO - Marking task as SUCCESS. dag_id=batch_layer_pipeline, task_id=run_batch_layer, run_id=scheduled__2025-12-15T09:00:00+00:00, execution_date=20251215T090000, start_date=20251215T100012, end_date=20251215T100210
[2025-12-15T10:02:10.620+0000] {local_task_job_runner.py:261} INFO - Task exited with return code 0
[2025-12-15T10:02:10.754+0000] {taskinstance.py:3891} INFO - 1 downstream tasks scheduled from follow-on schedule check
[2025-12-15T10:02:10.856+0000] {local_task_job_runner.py:240} INFO - ::endgroup::
