[2025-12-14T21:17:00.196+0000] {local_task_job_runner.py:123} INFO - ::group::Pre task execution logs
[2025-12-14T21:17:00.208+0000] {taskinstance.py:2603} INFO - Dependencies all met for dep_context=non-requeueable deps ti=<TaskInstance: batch_layer_pipeline.run_batch_layer manual__2025-12-14T21:11:26.779518+00:00 [queued]>
[2025-12-14T21:17:00.215+0000] {taskinstance.py:2603} INFO - Dependencies all met for dep_context=requeueable deps ti=<TaskInstance: batch_layer_pipeline.run_batch_layer manual__2025-12-14T21:11:26.779518+00:00 [queued]>
[2025-12-14T21:17:00.216+0000] {taskinstance.py:2856} INFO - Starting attempt 2 of 2
[2025-12-14T21:17:00.234+0000] {taskinstance.py:2879} INFO - Executing <Task(BashOperator): run_batch_layer> on 2025-12-14 21:11:26.779518+00:00
[2025-12-14T21:17:00.239+0000] {standard_task_runner.py:72} INFO - Started process 192 to run task
[2025-12-14T21:17:00.243+0000] {standard_task_runner.py:104} INFO - Running: ['airflow', 'tasks', 'run', 'batch_layer_pipeline', 'run_batch_layer', 'manual__2025-12-14T21:11:26.779518+00:00', '--job-id', '6', '--raw', '--subdir', 'DAGS_FOLDER/batch_pipeline_dag.py', '--cfg-path', '/tmp/tmpilgadc4g']
[2025-12-14T21:17:00.245+0000] {standard_task_runner.py:105} INFO - Job 6: Subtask run_batch_layer
[2025-12-14T21:17:00.287+0000] {task_command.py:467} INFO - Running <TaskInstance: batch_layer_pipeline.run_batch_layer manual__2025-12-14T21:11:26.779518+00:00 [running]> on host f25e7924945e
[2025-12-14T21:17:00.354+0000] {taskinstance.py:3122} INFO - Exporting env vars: AIRFLOW_CTX_DAG_OWNER='airflow' AIRFLOW_CTX_DAG_ID='batch_layer_pipeline' AIRFLOW_CTX_TASK_ID='run_batch_layer' AIRFLOW_CTX_EXECUTION_DATE='2025-12-14T21:11:26.779518+00:00' AIRFLOW_CTX_TRY_NUMBER='2' AIRFLOW_CTX_DAG_RUN_ID='manual__2025-12-14T21:11:26.779518+00:00'
[2025-12-14T21:17:00.355+0000] {taskinstance.py:731} INFO - ::endgroup::
[2025-12-14T21:17:00.372+0000] {subprocess.py:63} INFO - Tmp dir root location: /tmp
[2025-12-14T21:17:00.374+0000] {subprocess.py:75} INFO - Running command: ['/usr/bin/bash', '-c', '\n        docker exec spark-master         /opt/spark/bin/spark-submit         --master spark://spark-master:7077         --driver-memory 1g         --executor-memory 1g         --packages org.apache.spark:spark-sql-kafka-0-10_2.12:3.5.0,org.apache.spark:spark-avro_2.12:3.5.0         /opt/spark/jobs/batch_layer.py\n        ']
[2025-12-14T21:17:00.382+0000] {subprocess.py:86} INFO - Output:
[2025-12-14T21:17:03.360+0000] {subprocess.py:93} INFO - :: loading settings :: url = jar:file:/opt/spark/jars/ivy-2.5.1.jar!/org/apache/ivy/core/settings/ivysettings.xml
[2025-12-14T21:17:03.488+0000] {subprocess.py:93} INFO - Ivy Default Cache set to: /home/spark/.ivy2/cache
[2025-12-14T21:17:03.489+0000] {subprocess.py:93} INFO - The jars for the packages stored in: /home/spark/.ivy2/jars
[2025-12-14T21:17:03.500+0000] {subprocess.py:93} INFO - org.apache.spark#spark-sql-kafka-0-10_2.12 added as a dependency
[2025-12-14T21:17:03.501+0000] {subprocess.py:93} INFO - org.apache.spark#spark-avro_2.12 added as a dependency
[2025-12-14T21:17:03.505+0000] {subprocess.py:93} INFO - :: resolving dependencies :: org.apache.spark#spark-submit-parent-7f71dcdb-20c7-412d-8557-502d95ad3c8a;1.0
[2025-12-14T21:17:03.506+0000] {subprocess.py:93} INFO - 	confs: [default]
[2025-12-14T21:17:03.769+0000] {subprocess.py:93} INFO - 	found org.apache.spark#spark-sql-kafka-0-10_2.12;3.5.0 in central
[2025-12-14T21:17:03.876+0000] {subprocess.py:93} INFO - 	found org.apache.spark#spark-token-provider-kafka-0-10_2.12;3.5.0 in central
[2025-12-14T21:17:03.922+0000] {subprocess.py:93} INFO - 	found org.apache.kafka#kafka-clients;3.4.1 in central
[2025-12-14T21:17:03.967+0000] {subprocess.py:93} INFO - 	found org.lz4#lz4-java;1.8.0 in central
[2025-12-14T21:17:04.007+0000] {subprocess.py:93} INFO - 	found org.xerial.snappy#snappy-java;1.1.10.3 in central
[2025-12-14T21:17:04.040+0000] {subprocess.py:93} INFO - 	found org.slf4j#slf4j-api;2.0.7 in central
[2025-12-14T21:17:04.083+0000] {subprocess.py:93} INFO - 	found org.apache.hadoop#hadoop-client-runtime;3.3.4 in central
[2025-12-14T21:17:04.134+0000] {subprocess.py:93} INFO - 	found org.apache.hadoop#hadoop-client-api;3.3.4 in central
[2025-12-14T21:17:04.180+0000] {subprocess.py:93} INFO - 	found commons-logging#commons-logging;1.1.3 in central
[2025-12-14T21:17:04.206+0000] {subprocess.py:93} INFO - 	found com.google.code.findbugs#jsr305;3.0.0 in central
[2025-12-14T21:17:04.232+0000] {subprocess.py:93} INFO - 	found org.apache.commons#commons-pool2;2.11.1 in central
[2025-12-14T21:17:04.275+0000] {subprocess.py:93} INFO - 	found org.apache.spark#spark-avro_2.12;3.5.0 in central
[2025-12-14T21:17:04.296+0000] {subprocess.py:93} INFO - 	found org.tukaani#xz;1.9 in central
[2025-12-14T21:17:04.372+0000] {subprocess.py:93} INFO - :: resolution report :: resolve 828ms :: artifacts dl 41ms
[2025-12-14T21:17:04.374+0000] {subprocess.py:93} INFO - 	:: modules in use:
[2025-12-14T21:17:04.380+0000] {subprocess.py:93} INFO - 	com.google.code.findbugs#jsr305;3.0.0 from central in [default]
[2025-12-14T21:17:04.385+0000] {subprocess.py:93} INFO - 	commons-logging#commons-logging;1.1.3 from central in [default]
[2025-12-14T21:17:04.388+0000] {subprocess.py:93} INFO - 	org.apache.commons#commons-pool2;2.11.1 from central in [default]
[2025-12-14T21:17:04.390+0000] {subprocess.py:93} INFO - 	org.apache.hadoop#hadoop-client-api;3.3.4 from central in [default]
[2025-12-14T21:17:04.391+0000] {subprocess.py:93} INFO - 	org.apache.hadoop#hadoop-client-runtime;3.3.4 from central in [default]
[2025-12-14T21:17:04.392+0000] {subprocess.py:93} INFO - 	org.apache.kafka#kafka-clients;3.4.1 from central in [default]
[2025-12-14T21:17:04.393+0000] {subprocess.py:93} INFO - 	org.apache.spark#spark-avro_2.12;3.5.0 from central in [default]
[2025-12-14T21:17:04.394+0000] {subprocess.py:93} INFO - 	org.apache.spark#spark-sql-kafka-0-10_2.12;3.5.0 from central in [default]
[2025-12-14T21:17:04.395+0000] {subprocess.py:93} INFO - 	org.apache.spark#spark-token-provider-kafka-0-10_2.12;3.5.0 from central in [default]
[2025-12-14T21:17:04.395+0000] {subprocess.py:93} INFO - 	org.lz4#lz4-java;1.8.0 from central in [default]
[2025-12-14T21:17:04.396+0000] {subprocess.py:93} INFO - 	org.slf4j#slf4j-api;2.0.7 from central in [default]
[2025-12-14T21:17:04.399+0000] {subprocess.py:93} INFO - 	org.tukaani#xz;1.9 from central in [default]
[2025-12-14T21:17:04.400+0000] {subprocess.py:93} INFO - 	org.xerial.snappy#snappy-java;1.1.10.3 from central in [default]
[2025-12-14T21:17:04.401+0000] {subprocess.py:93} INFO - 	---------------------------------------------------------------------
[2025-12-14T21:17:04.401+0000] {subprocess.py:93} INFO - 	|                  |            modules            ||   artifacts   |
[2025-12-14T21:17:04.404+0000] {subprocess.py:93} INFO - 	|       conf       | number| search|dwnlded|evicted|| number|dwnlded|
[2025-12-14T21:17:04.405+0000] {subprocess.py:93} INFO - 	---------------------------------------------------------------------
[2025-12-14T21:17:04.405+0000] {subprocess.py:93} INFO - 	|      default     |   13  |   0   |   0   |   0   ||   13  |   0   |
[2025-12-14T21:17:04.406+0000] {subprocess.py:93} INFO - 	---------------------------------------------------------------------
[2025-12-14T21:17:04.412+0000] {subprocess.py:93} INFO - :: retrieving :: org.apache.spark#spark-submit-parent-7f71dcdb-20c7-412d-8557-502d95ad3c8a
[2025-12-14T21:17:04.414+0000] {subprocess.py:93} INFO - 	confs: [default]
[2025-12-14T21:17:04.463+0000] {subprocess.py:93} INFO - 	0 artifacts copied, 13 already retrieved (0kB/22ms)
[2025-12-14T21:17:04.782+0000] {subprocess.py:93} INFO - 25/12/14 21:17:04 WARN NativeCodeLoader: Unable to load native-hadoop library for your platform... using builtin-java classes where applicable
[2025-12-14T21:17:06.132+0000] {subprocess.py:93} INFO - 25/12/14 21:17:06 INFO SparkContext: Running Spark version 3.5.0
[2025-12-14T21:17:06.133+0000] {subprocess.py:93} INFO - 25/12/14 21:17:06 INFO SparkContext: OS info Linux, 5.15.167.4-microsoft-standard-WSL2, amd64
[2025-12-14T21:17:06.134+0000] {subprocess.py:93} INFO - 25/12/14 21:17:06 INFO SparkContext: Java version 11.0.20.1
[2025-12-14T21:17:06.163+0000] {subprocess.py:93} INFO - 25/12/14 21:17:06 INFO ResourceUtils: ==============================================================
[2025-12-14T21:17:06.166+0000] {subprocess.py:93} INFO - 25/12/14 21:17:06 INFO ResourceUtils: No custom resources configured for spark.driver.
[2025-12-14T21:17:06.166+0000] {subprocess.py:93} INFO - 25/12/14 21:17:06 INFO ResourceUtils: ==============================================================
[2025-12-14T21:17:06.167+0000] {subprocess.py:93} INFO - 25/12/14 21:17:06 INFO SparkContext: Submitted application: ExchangeRatesBatchLayer
[2025-12-14T21:17:06.195+0000] {subprocess.py:93} INFO - 25/12/14 21:17:06 INFO ResourceProfile: Default ResourceProfile created, executor resources: Map(memory -> name: memory, amount: 1024, script: , vendor: , offHeap -> name: offHeap, amount: 0, script: , vendor: ), task resources: Map(cpus -> name: cpus, amount: 1.0)
[2025-12-14T21:17:06.214+0000] {subprocess.py:93} INFO - 25/12/14 21:17:06 INFO ResourceProfile: Limiting resource is cpu
[2025-12-14T21:17:06.216+0000] {subprocess.py:93} INFO - 25/12/14 21:17:06 INFO ResourceProfileManager: Added ResourceProfile id: 0
[2025-12-14T21:17:06.278+0000] {subprocess.py:93} INFO - 25/12/14 21:17:06 INFO SecurityManager: Changing view acls to: spark
[2025-12-14T21:17:06.279+0000] {subprocess.py:93} INFO - 25/12/14 21:17:06 INFO SecurityManager: Changing modify acls to: spark
[2025-12-14T21:17:06.281+0000] {subprocess.py:93} INFO - 25/12/14 21:17:06 INFO SecurityManager: Changing view acls groups to:
[2025-12-14T21:17:06.282+0000] {subprocess.py:93} INFO - 25/12/14 21:17:06 INFO SecurityManager: Changing modify acls groups to:
[2025-12-14T21:17:06.283+0000] {subprocess.py:93} INFO - 25/12/14 21:17:06 INFO SecurityManager: SecurityManager: authentication disabled; ui acls disabled; users with view permissions: spark; groups with view permissions: EMPTY; users with modify permissions: spark; groups with modify permissions: EMPTY
[2025-12-14T21:17:06.660+0000] {subprocess.py:93} INFO - 25/12/14 21:17:06 INFO Utils: Successfully started service 'sparkDriver' on port 41933.
[2025-12-14T21:17:06.736+0000] {subprocess.py:93} INFO - 25/12/14 21:17:06 INFO SparkEnv: Registering MapOutputTracker
[2025-12-14T21:17:06.810+0000] {subprocess.py:93} INFO - 25/12/14 21:17:06 INFO SparkEnv: Registering BlockManagerMaster
[2025-12-14T21:17:06.850+0000] {subprocess.py:93} INFO - 25/12/14 21:17:06 INFO BlockManagerMasterEndpoint: Using org.apache.spark.storage.DefaultTopologyMapper for getting topology information
[2025-12-14T21:17:06.852+0000] {subprocess.py:93} INFO - 25/12/14 21:17:06 INFO BlockManagerMasterEndpoint: BlockManagerMasterEndpoint up
[2025-12-14T21:17:06.865+0000] {subprocess.py:93} INFO - 25/12/14 21:17:06 INFO SparkEnv: Registering BlockManagerMasterHeartbeat
[2025-12-14T21:17:06.914+0000] {subprocess.py:93} INFO - 25/12/14 21:17:06 INFO DiskBlockManager: Created local directory at /tmp/blockmgr-da0725b8-3ba6-41f6-b806-e8b64091af91
[2025-12-14T21:17:06.936+0000] {subprocess.py:93} INFO - 25/12/14 21:17:06 INFO MemoryStore: MemoryStore started with capacity 434.4 MiB
[2025-12-14T21:17:06.967+0000] {subprocess.py:93} INFO - 25/12/14 21:17:06 INFO SparkEnv: Registering OutputCommitCoordinator
[2025-12-14T21:17:07.168+0000] {subprocess.py:93} INFO - 25/12/14 21:17:07 INFO JettyUtils: Start Jetty 0.0.0.0:4040 for SparkUI
[2025-12-14T21:17:07.253+0000] {subprocess.py:93} INFO - 25/12/14 21:17:07 INFO Utils: Successfully started service 'SparkUI' on port 4040.
[2025-12-14T21:17:07.301+0000] {subprocess.py:93} INFO - 25/12/14 21:17:07 INFO SparkContext: Added JAR file:///home/spark/.ivy2/jars/org.apache.spark_spark-sql-kafka-0-10_2.12-3.5.0.jar at spark://b9c93a2c0a22:41933/jars/org.apache.spark_spark-sql-kafka-0-10_2.12-3.5.0.jar with timestamp 1765747026118
[2025-12-14T21:17:07.303+0000] {subprocess.py:93} INFO - 25/12/14 21:17:07 INFO SparkContext: Added JAR file:///home/spark/.ivy2/jars/org.apache.spark_spark-avro_2.12-3.5.0.jar at spark://b9c93a2c0a22:41933/jars/org.apache.spark_spark-avro_2.12-3.5.0.jar with timestamp 1765747026118
[2025-12-14T21:17:07.304+0000] {subprocess.py:93} INFO - 25/12/14 21:17:07 INFO SparkContext: Added JAR file:///home/spark/.ivy2/jars/org.apache.spark_spark-token-provider-kafka-0-10_2.12-3.5.0.jar at spark://b9c93a2c0a22:41933/jars/org.apache.spark_spark-token-provider-kafka-0-10_2.12-3.5.0.jar with timestamp 1765747026118
[2025-12-14T21:17:07.305+0000] {subprocess.py:93} INFO - 25/12/14 21:17:07 INFO SparkContext: Added JAR file:///home/spark/.ivy2/jars/org.apache.kafka_kafka-clients-3.4.1.jar at spark://b9c93a2c0a22:41933/jars/org.apache.kafka_kafka-clients-3.4.1.jar with timestamp 1765747026118
[2025-12-14T21:17:07.306+0000] {subprocess.py:93} INFO - 25/12/14 21:17:07 INFO SparkContext: Added JAR file:///home/spark/.ivy2/jars/com.google.code.findbugs_jsr305-3.0.0.jar at spark://b9c93a2c0a22:41933/jars/com.google.code.findbugs_jsr305-3.0.0.jar with timestamp 1765747026118
[2025-12-14T21:17:07.307+0000] {subprocess.py:93} INFO - 25/12/14 21:17:07 INFO SparkContext: Added JAR file:///home/spark/.ivy2/jars/org.apache.commons_commons-pool2-2.11.1.jar at spark://b9c93a2c0a22:41933/jars/org.apache.commons_commons-pool2-2.11.1.jar with timestamp 1765747026118
[2025-12-14T21:17:07.311+0000] {subprocess.py:93} INFO - 25/12/14 21:17:07 INFO SparkContext: Added JAR file:///home/spark/.ivy2/jars/org.apache.hadoop_hadoop-client-runtime-3.3.4.jar at spark://b9c93a2c0a22:41933/jars/org.apache.hadoop_hadoop-client-runtime-3.3.4.jar with timestamp 1765747026118
[2025-12-14T21:17:07.313+0000] {subprocess.py:93} INFO - 25/12/14 21:17:07 INFO SparkContext: Added JAR file:///home/spark/.ivy2/jars/org.lz4_lz4-java-1.8.0.jar at spark://b9c93a2c0a22:41933/jars/org.lz4_lz4-java-1.8.0.jar with timestamp 1765747026118
[2025-12-14T21:17:07.314+0000] {subprocess.py:93} INFO - 25/12/14 21:17:07 INFO SparkContext: Added JAR file:///home/spark/.ivy2/jars/org.xerial.snappy_snappy-java-1.1.10.3.jar at spark://b9c93a2c0a22:41933/jars/org.xerial.snappy_snappy-java-1.1.10.3.jar with timestamp 1765747026118
[2025-12-14T21:17:07.314+0000] {subprocess.py:93} INFO - 25/12/14 21:17:07 INFO SparkContext: Added JAR file:///home/spark/.ivy2/jars/org.slf4j_slf4j-api-2.0.7.jar at spark://b9c93a2c0a22:41933/jars/org.slf4j_slf4j-api-2.0.7.jar with timestamp 1765747026118
[2025-12-14T21:17:07.315+0000] {subprocess.py:93} INFO - 25/12/14 21:17:07 INFO SparkContext: Added JAR file:///home/spark/.ivy2/jars/org.apache.hadoop_hadoop-client-api-3.3.4.jar at spark://b9c93a2c0a22:41933/jars/org.apache.hadoop_hadoop-client-api-3.3.4.jar with timestamp 1765747026118
[2025-12-14T21:17:07.316+0000] {subprocess.py:93} INFO - 25/12/14 21:17:07 INFO SparkContext: Added JAR file:///home/spark/.ivy2/jars/commons-logging_commons-logging-1.1.3.jar at spark://b9c93a2c0a22:41933/jars/commons-logging_commons-logging-1.1.3.jar with timestamp 1765747026118
[2025-12-14T21:17:07.316+0000] {subprocess.py:93} INFO - 25/12/14 21:17:07 INFO SparkContext: Added JAR file:///home/spark/.ivy2/jars/org.tukaani_xz-1.9.jar at spark://b9c93a2c0a22:41933/jars/org.tukaani_xz-1.9.jar with timestamp 1765747026118
[2025-12-14T21:17:07.319+0000] {subprocess.py:93} INFO - 25/12/14 21:17:07 INFO SparkContext: Added file file:///home/spark/.ivy2/jars/org.apache.spark_spark-sql-kafka-0-10_2.12-3.5.0.jar at spark://b9c93a2c0a22:41933/files/org.apache.spark_spark-sql-kafka-0-10_2.12-3.5.0.jar with timestamp 1765747026118
[2025-12-14T21:17:07.322+0000] {subprocess.py:93} INFO - 25/12/14 21:17:07 INFO Utils: Copying /home/spark/.ivy2/jars/org.apache.spark_spark-sql-kafka-0-10_2.12-3.5.0.jar to /tmp/spark-3e23eea6-3593-4be4-a27f-0db836badebc/userFiles-40b50eac-40ca-426d-b838-afe09433d6b8/org.apache.spark_spark-sql-kafka-0-10_2.12-3.5.0.jar
[2025-12-14T21:17:07.334+0000] {subprocess.py:93} INFO - 25/12/14 21:17:07 INFO SparkContext: Added file file:///home/spark/.ivy2/jars/org.apache.spark_spark-avro_2.12-3.5.0.jar at spark://b9c93a2c0a22:41933/files/org.apache.spark_spark-avro_2.12-3.5.0.jar with timestamp 1765747026118
[2025-12-14T21:17:07.335+0000] {subprocess.py:93} INFO - 25/12/14 21:17:07 INFO Utils: Copying /home/spark/.ivy2/jars/org.apache.spark_spark-avro_2.12-3.5.0.jar to /tmp/spark-3e23eea6-3593-4be4-a27f-0db836badebc/userFiles-40b50eac-40ca-426d-b838-afe09433d6b8/org.apache.spark_spark-avro_2.12-3.5.0.jar
[2025-12-14T21:17:07.341+0000] {subprocess.py:93} INFO - 25/12/14 21:17:07 INFO SparkContext: Added file file:///home/spark/.ivy2/jars/org.apache.spark_spark-token-provider-kafka-0-10_2.12-3.5.0.jar at spark://b9c93a2c0a22:41933/files/org.apache.spark_spark-token-provider-kafka-0-10_2.12-3.5.0.jar with timestamp 1765747026118
[2025-12-14T21:17:07.342+0000] {subprocess.py:93} INFO - 25/12/14 21:17:07 INFO Utils: Copying /home/spark/.ivy2/jars/org.apache.spark_spark-token-provider-kafka-0-10_2.12-3.5.0.jar to /tmp/spark-3e23eea6-3593-4be4-a27f-0db836badebc/userFiles-40b50eac-40ca-426d-b838-afe09433d6b8/org.apache.spark_spark-token-provider-kafka-0-10_2.12-3.5.0.jar
[2025-12-14T21:17:07.356+0000] {subprocess.py:93} INFO - 25/12/14 21:17:07 INFO SparkContext: Added file file:///home/spark/.ivy2/jars/org.apache.kafka_kafka-clients-3.4.1.jar at spark://b9c93a2c0a22:41933/files/org.apache.kafka_kafka-clients-3.4.1.jar with timestamp 1765747026118
[2025-12-14T21:17:07.360+0000] {subprocess.py:93} INFO - 25/12/14 21:17:07 INFO Utils: Copying /home/spark/.ivy2/jars/org.apache.kafka_kafka-clients-3.4.1.jar to /tmp/spark-3e23eea6-3593-4be4-a27f-0db836badebc/userFiles-40b50eac-40ca-426d-b838-afe09433d6b8/org.apache.kafka_kafka-clients-3.4.1.jar
[2025-12-14T21:17:07.379+0000] {subprocess.py:93} INFO - 25/12/14 21:17:07 INFO SparkContext: Added file file:///home/spark/.ivy2/jars/com.google.code.findbugs_jsr305-3.0.0.jar at spark://b9c93a2c0a22:41933/files/com.google.code.findbugs_jsr305-3.0.0.jar with timestamp 1765747026118
[2025-12-14T21:17:07.380+0000] {subprocess.py:93} INFO - 25/12/14 21:17:07 INFO Utils: Copying /home/spark/.ivy2/jars/com.google.code.findbugs_jsr305-3.0.0.jar to /tmp/spark-3e23eea6-3593-4be4-a27f-0db836badebc/userFiles-40b50eac-40ca-426d-b838-afe09433d6b8/com.google.code.findbugs_jsr305-3.0.0.jar
[2025-12-14T21:17:07.384+0000] {subprocess.py:93} INFO - 25/12/14 21:17:07 INFO SparkContext: Added file file:///home/spark/.ivy2/jars/org.apache.commons_commons-pool2-2.11.1.jar at spark://b9c93a2c0a22:41933/files/org.apache.commons_commons-pool2-2.11.1.jar with timestamp 1765747026118
[2025-12-14T21:17:07.385+0000] {subprocess.py:93} INFO - 25/12/14 21:17:07 INFO Utils: Copying /home/spark/.ivy2/jars/org.apache.commons_commons-pool2-2.11.1.jar to /tmp/spark-3e23eea6-3593-4be4-a27f-0db836badebc/userFiles-40b50eac-40ca-426d-b838-afe09433d6b8/org.apache.commons_commons-pool2-2.11.1.jar
[2025-12-14T21:17:07.390+0000] {subprocess.py:93} INFO - 25/12/14 21:17:07 INFO SparkContext: Added file file:///home/spark/.ivy2/jars/org.apache.hadoop_hadoop-client-runtime-3.3.4.jar at spark://b9c93a2c0a22:41933/files/org.apache.hadoop_hadoop-client-runtime-3.3.4.jar with timestamp 1765747026118
[2025-12-14T21:17:07.391+0000] {subprocess.py:93} INFO - 25/12/14 21:17:07 INFO Utils: Copying /home/spark/.ivy2/jars/org.apache.hadoop_hadoop-client-runtime-3.3.4.jar to /tmp/spark-3e23eea6-3593-4be4-a27f-0db836badebc/userFiles-40b50eac-40ca-426d-b838-afe09433d6b8/org.apache.hadoop_hadoop-client-runtime-3.3.4.jar
[2025-12-14T21:17:07.424+0000] {subprocess.py:93} INFO - 25/12/14 21:17:07 INFO SparkContext: Added file file:///home/spark/.ivy2/jars/org.lz4_lz4-java-1.8.0.jar at spark://b9c93a2c0a22:41933/files/org.lz4_lz4-java-1.8.0.jar with timestamp 1765747026118
[2025-12-14T21:17:07.426+0000] {subprocess.py:93} INFO - 25/12/14 21:17:07 INFO Utils: Copying /home/spark/.ivy2/jars/org.lz4_lz4-java-1.8.0.jar to /tmp/spark-3e23eea6-3593-4be4-a27f-0db836badebc/userFiles-40b50eac-40ca-426d-b838-afe09433d6b8/org.lz4_lz4-java-1.8.0.jar
[2025-12-14T21:17:07.431+0000] {subprocess.py:93} INFO - 25/12/14 21:17:07 INFO SparkContext: Added file file:///home/spark/.ivy2/jars/org.xerial.snappy_snappy-java-1.1.10.3.jar at spark://b9c93a2c0a22:41933/files/org.xerial.snappy_snappy-java-1.1.10.3.jar with timestamp 1765747026118
[2025-12-14T21:17:07.431+0000] {subprocess.py:93} INFO - 25/12/14 21:17:07 INFO Utils: Copying /home/spark/.ivy2/jars/org.xerial.snappy_snappy-java-1.1.10.3.jar to /tmp/spark-3e23eea6-3593-4be4-a27f-0db836badebc/userFiles-40b50eac-40ca-426d-b838-afe09433d6b8/org.xerial.snappy_snappy-java-1.1.10.3.jar
[2025-12-14T21:17:07.439+0000] {subprocess.py:93} INFO - 25/12/14 21:17:07 INFO SparkContext: Added file file:///home/spark/.ivy2/jars/org.slf4j_slf4j-api-2.0.7.jar at spark://b9c93a2c0a22:41933/files/org.slf4j_slf4j-api-2.0.7.jar with timestamp 1765747026118
[2025-12-14T21:17:07.439+0000] {subprocess.py:93} INFO - 25/12/14 21:17:07 INFO Utils: Copying /home/spark/.ivy2/jars/org.slf4j_slf4j-api-2.0.7.jar to /tmp/spark-3e23eea6-3593-4be4-a27f-0db836badebc/userFiles-40b50eac-40ca-426d-b838-afe09433d6b8/org.slf4j_slf4j-api-2.0.7.jar
[2025-12-14T21:17:07.443+0000] {subprocess.py:93} INFO - 25/12/14 21:17:07 INFO SparkContext: Added file file:///home/spark/.ivy2/jars/org.apache.hadoop_hadoop-client-api-3.3.4.jar at spark://b9c93a2c0a22:41933/files/org.apache.hadoop_hadoop-client-api-3.3.4.jar with timestamp 1765747026118
[2025-12-14T21:17:07.444+0000] {subprocess.py:93} INFO - 25/12/14 21:17:07 INFO Utils: Copying /home/spark/.ivy2/jars/org.apache.hadoop_hadoop-client-api-3.3.4.jar to /tmp/spark-3e23eea6-3593-4be4-a27f-0db836badebc/userFiles-40b50eac-40ca-426d-b838-afe09433d6b8/org.apache.hadoop_hadoop-client-api-3.3.4.jar
[2025-12-14T21:17:07.468+0000] {subprocess.py:93} INFO - 25/12/14 21:17:07 INFO SparkContext: Added file file:///home/spark/.ivy2/jars/commons-logging_commons-logging-1.1.3.jar at spark://b9c93a2c0a22:41933/files/commons-logging_commons-logging-1.1.3.jar with timestamp 1765747026118
[2025-12-14T21:17:07.468+0000] {subprocess.py:93} INFO - 25/12/14 21:17:07 INFO Utils: Copying /home/spark/.ivy2/jars/commons-logging_commons-logging-1.1.3.jar to /tmp/spark-3e23eea6-3593-4be4-a27f-0db836badebc/userFiles-40b50eac-40ca-426d-b838-afe09433d6b8/commons-logging_commons-logging-1.1.3.jar
[2025-12-14T21:17:07.474+0000] {subprocess.py:93} INFO - 25/12/14 21:17:07 INFO SparkContext: Added file file:///home/spark/.ivy2/jars/org.tukaani_xz-1.9.jar at spark://b9c93a2c0a22:41933/files/org.tukaani_xz-1.9.jar with timestamp 1765747026118
[2025-12-14T21:17:07.475+0000] {subprocess.py:93} INFO - 25/12/14 21:17:07 INFO Utils: Copying /home/spark/.ivy2/jars/org.tukaani_xz-1.9.jar to /tmp/spark-3e23eea6-3593-4be4-a27f-0db836badebc/userFiles-40b50eac-40ca-426d-b838-afe09433d6b8/org.tukaani_xz-1.9.jar
[2025-12-14T21:17:07.632+0000] {subprocess.py:93} INFO - 25/12/14 21:17:07 INFO StandaloneAppClient$ClientEndpoint: Connecting to master spark://spark-master:7077...
[2025-12-14T21:17:07.755+0000] {subprocess.py:93} INFO - 25/12/14 21:17:07 INFO TransportClientFactory: Successfully created connection to spark-master/172.18.0.5:7077 after 68 ms (0 ms spent in bootstraps)
[2025-12-14T21:17:07.922+0000] {subprocess.py:93} INFO - 25/12/14 21:17:07 INFO StandaloneSchedulerBackend: Connected to Spark cluster with app ID app-20251214211707-0003
[2025-12-14T21:17:07.932+0000] {subprocess.py:93} INFO - 25/12/14 21:17:07 INFO StandaloneAppClient$ClientEndpoint: Executor added: app-20251214211707-0003/0 on worker-20251214205119-172.18.0.6-37287 (172.18.0.6:37287) with 2 core(s)
[2025-12-14T21:17:07.949+0000] {subprocess.py:93} INFO - 25/12/14 21:17:07 INFO StandaloneSchedulerBackend: Granted executor ID app-20251214211707-0003/0 on hostPort 172.18.0.6:37287 with 2 core(s), 1024.0 MiB RAM
[2025-12-14T21:17:07.956+0000] {subprocess.py:93} INFO - 25/12/14 21:17:07 INFO Utils: Successfully started service 'org.apache.spark.network.netty.NettyBlockTransferService' on port 43749.
[2025-12-14T21:17:07.957+0000] {subprocess.py:93} INFO - 25/12/14 21:17:07 INFO NettyBlockTransferService: Server created on b9c93a2c0a22:43749
[2025-12-14T21:17:07.960+0000] {subprocess.py:93} INFO - 25/12/14 21:17:07 INFO BlockManager: Using org.apache.spark.storage.RandomBlockReplicationPolicy for block replication policy
[2025-12-14T21:17:07.973+0000] {subprocess.py:93} INFO - 25/12/14 21:17:07 INFO BlockManagerMaster: Registering BlockManager BlockManagerId(driver, b9c93a2c0a22, 43749, None)
[2025-12-14T21:17:07.982+0000] {subprocess.py:93} INFO - 25/12/14 21:17:07 INFO BlockManagerMasterEndpoint: Registering block manager b9c93a2c0a22:43749 with 434.4 MiB RAM, BlockManagerId(driver, b9c93a2c0a22, 43749, None)
[2025-12-14T21:17:07.987+0000] {subprocess.py:93} INFO - 25/12/14 21:17:07 INFO BlockManagerMaster: Registered BlockManager BlockManagerId(driver, b9c93a2c0a22, 43749, None)
[2025-12-14T21:17:07.990+0000] {subprocess.py:93} INFO - 25/12/14 21:17:07 INFO BlockManager: Initialized BlockManager: BlockManagerId(driver, b9c93a2c0a22, 43749, None)
[2025-12-14T21:17:08.015+0000] {subprocess.py:93} INFO - 25/12/14 21:17:08 INFO StandaloneAppClient$ClientEndpoint: Executor updated: app-20251214211707-0003/0 is now RUNNING
[2025-12-14T21:17:08.364+0000] {subprocess.py:93} INFO - 25/12/14 21:17:08 INFO StandaloneSchedulerBackend: SchedulerBackend is ready for scheduling beginning after reached minRegisteredResourcesRatio: 0.0
[2025-12-14T21:17:16.263+0000] {subprocess.py:93} INFO - 25/12/14 21:17:16 WARN HiveConf: HiveConf of name hive.stats.jdbc.timeout does not exist
[2025-12-14T21:17:16.265+0000] {subprocess.py:93} INFO - 25/12/14 21:17:16 WARN HiveConf: HiveConf of name hive.stats.retries.wait does not exist
[2025-12-14T21:17:19.381+0000] {subprocess.py:93} INFO - 25/12/14 21:17:19 WARN ObjectStore: Version information not found in metastore. hive.metastore.schema.verification is not enabled so recording the schema version 2.3.0
[2025-12-14T21:17:19.382+0000] {subprocess.py:93} INFO - 25/12/14 21:17:19 WARN ObjectStore: setMetaStoreSchemaVersion called but recording version is disabled: version = 2.3.0, comment = Set by MetaStore UNKNOWN@172.18.0.5
[2025-12-14T21:17:20.474+0000] {subprocess.py:93} INFO - 25/12/14 21:17:20 WARN SessionState: METASTORE_FILTER_HOOK will be ignored, since hive.security.authorization.manager is set to instance of HiveAuthorizerFactory.
[2025-12-14T21:17:24.785+0000] {subprocess.py:93} INFO - 25/12/14 21:17:24 WARN ClientUtils: Couldn't resolve server kafka:29092 from bootstrap.servers as DNS resolution failed for kafka
[2025-12-14T21:17:24.976+0000] {subprocess.py:93} INFO - Traceback (most recent call last):
[2025-12-14T21:17:24.977+0000] {subprocess.py:93} INFO -   File "/opt/spark/jobs/batch_layer.py", line 70, in <module>
[2025-12-14T21:17:24.978+0000] {subprocess.py:93} INFO -     rates_df.write \
[2025-12-14T21:17:24.979+0000] {subprocess.py:93} INFO -   File "/opt/spark/python/lib/pyspark.zip/pyspark/sql/readwriter.py", line 1586, in saveAsTable
[2025-12-14T21:17:24.980+0000] {subprocess.py:93} INFO -   File "/opt/spark/python/lib/py4j-0.10.9.7-src.zip/py4j/java_gateway.py", line 1322, in __call__
[2025-12-14T21:17:24.981+0000] {subprocess.py:93} INFO -   File "/opt/spark/python/lib/pyspark.zip/pyspark/errors/exceptions/captured.py", line 179, in deco
[2025-12-14T21:17:24.982+0000] {subprocess.py:93} INFO -   File "/opt/spark/python/lib/py4j-0.10.9.7-src.zip/py4j/protocol.py", line 326, in get_return_value
[2025-12-14T21:17:25.034+0000] {subprocess.py:93} INFO - py4j.protocol.Py4JJavaError: An error occurred while calling o65.saveAsTable.
[2025-12-14T21:17:25.035+0000] {subprocess.py:93} INFO - : org.apache.kafka.common.KafkaException: Failed to create new KafkaAdminClient
[2025-12-14T21:17:25.035+0000] {subprocess.py:93} INFO - 	at org.apache.kafka.clients.admin.KafkaAdminClient.createInternal(KafkaAdminClient.java:551)
[2025-12-14T21:17:25.036+0000] {subprocess.py:93} INFO - 	at org.apache.kafka.clients.admin.Admin.create(Admin.java:144)
[2025-12-14T21:17:25.036+0000] {subprocess.py:93} INFO - 	at org.apache.spark.sql.kafka010.ConsumerStrategy.createAdmin(ConsumerStrategy.scala:50)
[2025-12-14T21:17:25.037+0000] {subprocess.py:93} INFO - 	at org.apache.spark.sql.kafka010.ConsumerStrategy.createAdmin$(ConsumerStrategy.scala:47)
[2025-12-14T21:17:25.037+0000] {subprocess.py:93} INFO - 	at org.apache.spark.sql.kafka010.SubscribeStrategy.createAdmin(ConsumerStrategy.scala:102)
[2025-12-14T21:17:25.038+0000] {subprocess.py:93} INFO - 	at org.apache.spark.sql.kafka010.KafkaOffsetReaderAdmin.admin(KafkaOffsetReaderAdmin.scala:70)
[2025-12-14T21:17:25.038+0000] {subprocess.py:93} INFO - 	at org.apache.spark.sql.kafka010.KafkaOffsetReaderAdmin.fetchPartitionOffsets(KafkaOffsetReaderAdmin.scala:128)
[2025-12-14T21:17:25.039+0000] {subprocess.py:93} INFO - 	at org.apache.spark.sql.kafka010.KafkaOffsetReaderAdmin.getOffsetRangesFromUnresolvedOffsets(KafkaOffsetReaderAdmin.scala:374)
[2025-12-14T21:17:25.039+0000] {subprocess.py:93} INFO - 	at org.apache.spark.sql.kafka010.KafkaRelation.buildScan(KafkaRelation.scala:67)
[2025-12-14T21:17:25.040+0000] {subprocess.py:93} INFO - 	at org.apache.spark.sql.execution.datasources.DataSourceStrategy$.apply(DataSourceStrategy.scala:349)
[2025-12-14T21:17:25.040+0000] {subprocess.py:93} INFO - 	at org.apache.spark.sql.catalyst.planning.QueryPlanner.$anonfun$plan$1(QueryPlanner.scala:63)
[2025-12-14T21:17:25.041+0000] {subprocess.py:93} INFO - 	at scala.collection.Iterator$$anon$11.nextCur(Iterator.scala:486)
[2025-12-14T21:17:25.041+0000] {subprocess.py:93} INFO - 	at scala.collection.Iterator$$anon$11.hasNext(Iterator.scala:492)
[2025-12-14T21:17:25.042+0000] {subprocess.py:93} INFO - 	at scala.collection.Iterator$$anon$11.hasNext(Iterator.scala:491)
[2025-12-14T21:17:25.042+0000] {subprocess.py:93} INFO - 	at org.apache.spark.sql.catalyst.planning.QueryPlanner.plan(QueryPlanner.scala:93)
[2025-12-14T21:17:25.043+0000] {subprocess.py:93} INFO - 	at org.apache.spark.sql.execution.SparkStrategies.plan(SparkStrategies.scala:70)
[2025-12-14T21:17:25.043+0000] {subprocess.py:93} INFO - 	at org.apache.spark.sql.catalyst.planning.QueryPlanner.$anonfun$plan$3(QueryPlanner.scala:78)
[2025-12-14T21:17:25.044+0000] {subprocess.py:93} INFO - 	at scala.collection.TraversableOnce$folder$1.apply(TraversableOnce.scala:196)
[2025-12-14T21:17:25.044+0000] {subprocess.py:93} INFO - 	at scala.collection.TraversableOnce$folder$1.apply(TraversableOnce.scala:194)
[2025-12-14T21:17:25.045+0000] {subprocess.py:93} INFO - 	at scala.collection.Iterator.foreach(Iterator.scala:943)
[2025-12-14T21:17:25.045+0000] {subprocess.py:93} INFO - 	at scala.collection.Iterator.foreach$(Iterator.scala:943)
[2025-12-14T21:17:25.046+0000] {subprocess.py:93} INFO - 	at scala.collection.AbstractIterator.foreach(Iterator.scala:1431)
[2025-12-14T21:17:25.046+0000] {subprocess.py:93} INFO - 	at scala.collection.TraversableOnce.foldLeft(TraversableOnce.scala:199)
[2025-12-14T21:17:25.047+0000] {subprocess.py:93} INFO - 	at scala.collection.TraversableOnce.foldLeft$(TraversableOnce.scala:192)
[2025-12-14T21:17:25.047+0000] {subprocess.py:93} INFO - 	at scala.collection.AbstractIterator.foldLeft(Iterator.scala:1431)
[2025-12-14T21:17:25.048+0000] {subprocess.py:93} INFO - 	at org.apache.spark.sql.catalyst.planning.QueryPlanner.$anonfun$plan$2(QueryPlanner.scala:75)
[2025-12-14T21:17:25.048+0000] {subprocess.py:93} INFO - 	at scala.collection.Iterator$$anon$11.nextCur(Iterator.scala:486)
[2025-12-14T21:17:25.049+0000] {subprocess.py:93} INFO - 	at scala.collection.Iterator$$anon$11.hasNext(Iterator.scala:492)
[2025-12-14T21:17:25.049+0000] {subprocess.py:93} INFO - 	at org.apache.spark.sql.catalyst.planning.QueryPlanner.plan(QueryPlanner.scala:93)
[2025-12-14T21:17:25.050+0000] {subprocess.py:93} INFO - 	at org.apache.spark.sql.execution.SparkStrategies.plan(SparkStrategies.scala:70)
[2025-12-14T21:17:25.050+0000] {subprocess.py:93} INFO - 	at org.apache.spark.sql.catalyst.planning.QueryPlanner.$anonfun$plan$3(QueryPlanner.scala:78)
[2025-12-14T21:17:25.051+0000] {subprocess.py:93} INFO - 	at scala.collection.TraversableOnce$folder$1.apply(TraversableOnce.scala:196)
[2025-12-14T21:17:25.051+0000] {subprocess.py:93} INFO - 	at scala.collection.TraversableOnce$folder$1.apply(TraversableOnce.scala:194)
[2025-12-14T21:17:25.052+0000] {subprocess.py:93} INFO - 	at scala.collection.Iterator.foreach(Iterator.scala:943)
[2025-12-14T21:17:25.052+0000] {subprocess.py:93} INFO - 	at scala.collection.Iterator.foreach$(Iterator.scala:943)
[2025-12-14T21:17:25.053+0000] {subprocess.py:93} INFO - 	at scala.collection.AbstractIterator.foreach(Iterator.scala:1431)
[2025-12-14T21:17:25.053+0000] {subprocess.py:93} INFO - 	at scala.collection.TraversableOnce.foldLeft(TraversableOnce.scala:199)
[2025-12-14T21:17:25.054+0000] {subprocess.py:93} INFO - 	at scala.collection.TraversableOnce.foldLeft$(TraversableOnce.scala:192)
[2025-12-14T21:17:25.054+0000] {subprocess.py:93} INFO - 	at scala.collection.AbstractIterator.foldLeft(Iterator.scala:1431)
[2025-12-14T21:17:25.055+0000] {subprocess.py:93} INFO - 	at org.apache.spark.sql.catalyst.planning.QueryPlanner.$anonfun$plan$2(QueryPlanner.scala:75)
[2025-12-14T21:17:25.055+0000] {subprocess.py:93} INFO - 	at scala.collection.Iterator$$anon$11.nextCur(Iterator.scala:486)
[2025-12-14T21:17:25.056+0000] {subprocess.py:93} INFO - 	at scala.collection.Iterator$$anon$11.hasNext(Iterator.scala:492)
[2025-12-14T21:17:25.056+0000] {subprocess.py:93} INFO - 	at org.apache.spark.sql.catalyst.planning.QueryPlanner.plan(QueryPlanner.scala:93)
[2025-12-14T21:17:25.057+0000] {subprocess.py:93} INFO - 	at org.apache.spark.sql.execution.SparkStrategies.plan(SparkStrategies.scala:70)
[2025-12-14T21:17:25.057+0000] {subprocess.py:93} INFO - 	at org.apache.spark.sql.catalyst.planning.QueryPlanner.$anonfun$plan$3(QueryPlanner.scala:78)
[2025-12-14T21:17:25.058+0000] {subprocess.py:93} INFO - 	at scala.collection.TraversableOnce$folder$1.apply(TraversableOnce.scala:196)
[2025-12-14T21:17:25.058+0000] {subprocess.py:93} INFO - 	at scala.collection.TraversableOnce$folder$1.apply(TraversableOnce.scala:194)
[2025-12-14T21:17:25.059+0000] {subprocess.py:93} INFO - 	at scala.collection.Iterator.foreach(Iterator.scala:943)
[2025-12-14T21:17:25.059+0000] {subprocess.py:93} INFO - 	at scala.collection.Iterator.foreach$(Iterator.scala:943)
[2025-12-14T21:17:25.060+0000] {subprocess.py:93} INFO - 	at scala.collection.AbstractIterator.foreach(Iterator.scala:1431)
[2025-12-14T21:17:25.060+0000] {subprocess.py:93} INFO - 	at scala.collection.TraversableOnce.foldLeft(TraversableOnce.scala:199)
[2025-12-14T21:17:25.061+0000] {subprocess.py:93} INFO - 	at scala.collection.TraversableOnce.foldLeft$(TraversableOnce.scala:192)
[2025-12-14T21:17:25.061+0000] {subprocess.py:93} INFO - 	at scala.collection.AbstractIterator.foldLeft(Iterator.scala:1431)
[2025-12-14T21:17:25.062+0000] {subprocess.py:93} INFO - 	at org.apache.spark.sql.catalyst.planning.QueryPlanner.$anonfun$plan$2(QueryPlanner.scala:75)
[2025-12-14T21:17:25.063+0000] {subprocess.py:93} INFO - 	at scala.collection.Iterator$$anon$11.nextCur(Iterator.scala:486)
[2025-12-14T21:17:25.063+0000] {subprocess.py:93} INFO - 	at scala.collection.Iterator$$anon$11.hasNext(Iterator.scala:492)
[2025-12-14T21:17:25.064+0000] {subprocess.py:93} INFO - 	at org.apache.spark.sql.catalyst.planning.QueryPlanner.plan(QueryPlanner.scala:93)
[2025-12-14T21:17:25.064+0000] {subprocess.py:93} INFO - 	at org.apache.spark.sql.execution.SparkStrategies.plan(SparkStrategies.scala:70)
[2025-12-14T21:17:25.065+0000] {subprocess.py:93} INFO - 	at org.apache.spark.sql.catalyst.planning.QueryPlanner.$anonfun$plan$3(QueryPlanner.scala:78)
[2025-12-14T21:17:25.065+0000] {subprocess.py:93} INFO - 	at scala.collection.TraversableOnce$folder$1.apply(TraversableOnce.scala:196)
[2025-12-14T21:17:25.066+0000] {subprocess.py:93} INFO - 	at scala.collection.TraversableOnce$folder$1.apply(TraversableOnce.scala:194)
[2025-12-14T21:17:25.066+0000] {subprocess.py:93} INFO - 	at scala.collection.Iterator.foreach(Iterator.scala:943)
[2025-12-14T21:17:25.067+0000] {subprocess.py:93} INFO - 	at scala.collection.Iterator.foreach$(Iterator.scala:943)
[2025-12-14T21:17:25.067+0000] {subprocess.py:93} INFO - 	at scala.collection.AbstractIterator.foreach(Iterator.scala:1431)
[2025-12-14T21:17:25.068+0000] {subprocess.py:93} INFO - 	at scala.collection.TraversableOnce.foldLeft(TraversableOnce.scala:199)
[2025-12-14T21:17:25.069+0000] {subprocess.py:93} INFO - 	at scala.collection.TraversableOnce.foldLeft$(TraversableOnce.scala:192)
[2025-12-14T21:17:25.069+0000] {subprocess.py:93} INFO - 	at scala.collection.AbstractIterator.foldLeft(Iterator.scala:1431)
[2025-12-14T21:17:25.070+0000] {subprocess.py:93} INFO - 	at org.apache.spark.sql.catalyst.planning.QueryPlanner.$anonfun$plan$2(QueryPlanner.scala:75)
[2025-12-14T21:17:25.070+0000] {subprocess.py:93} INFO - 	at scala.collection.Iterator$$anon$11.nextCur(Iterator.scala:486)
[2025-12-14T21:17:25.071+0000] {subprocess.py:93} INFO - 	at scala.collection.Iterator$$anon$11.hasNext(Iterator.scala:492)
[2025-12-14T21:17:25.071+0000] {subprocess.py:93} INFO - 	at org.apache.spark.sql.catalyst.planning.QueryPlanner.plan(QueryPlanner.scala:93)
[2025-12-14T21:17:25.072+0000] {subprocess.py:93} INFO - 	at org.apache.spark.sql.execution.SparkStrategies.plan(SparkStrategies.scala:70)
[2025-12-14T21:17:25.073+0000] {subprocess.py:93} INFO - 	at org.apache.spark.sql.catalyst.planning.QueryPlanner.$anonfun$plan$3(QueryPlanner.scala:78)
[2025-12-14T21:17:25.073+0000] {subprocess.py:93} INFO - 	at scala.collection.TraversableOnce$folder$1.apply(TraversableOnce.scala:196)
[2025-12-14T21:17:25.074+0000] {subprocess.py:93} INFO - 	at scala.collection.TraversableOnce$folder$1.apply(TraversableOnce.scala:194)
[2025-12-14T21:17:25.074+0000] {subprocess.py:93} INFO - 	at scala.collection.Iterator.foreach(Iterator.scala:943)
[2025-12-14T21:17:25.074+0000] {subprocess.py:93} INFO - 	at scala.collection.Iterator.foreach$(Iterator.scala:943)
[2025-12-14T21:17:25.075+0000] {subprocess.py:93} INFO - 	at scala.collection.AbstractIterator.foreach(Iterator.scala:1431)
[2025-12-14T21:17:25.076+0000] {subprocess.py:93} INFO - 	at scala.collection.TraversableOnce.foldLeft(TraversableOnce.scala:199)
[2025-12-14T21:17:25.076+0000] {subprocess.py:93} INFO - 	at scala.collection.TraversableOnce.foldLeft$(TraversableOnce.scala:192)
[2025-12-14T21:17:25.077+0000] {subprocess.py:93} INFO - 	at scala.collection.AbstractIterator.foldLeft(Iterator.scala:1431)
[2025-12-14T21:17:25.077+0000] {subprocess.py:93} INFO - 	at org.apache.spark.sql.catalyst.planning.QueryPlanner.$anonfun$plan$2(QueryPlanner.scala:75)
[2025-12-14T21:17:25.078+0000] {subprocess.py:93} INFO - 	at scala.collection.Iterator$$anon$11.nextCur(Iterator.scala:486)
[2025-12-14T21:17:25.079+0000] {subprocess.py:93} INFO - 	at scala.collection.Iterator$$anon$11.hasNext(Iterator.scala:492)
[2025-12-14T21:17:25.079+0000] {subprocess.py:93} INFO - 	at org.apache.spark.sql.catalyst.planning.QueryPlanner.plan(QueryPlanner.scala:93)
[2025-12-14T21:17:25.080+0000] {subprocess.py:93} INFO - 	at org.apache.spark.sql.execution.SparkStrategies.plan(SparkStrategies.scala:70)
[2025-12-14T21:17:25.081+0000] {subprocess.py:93} INFO - 	at org.apache.spark.sql.catalyst.planning.QueryPlanner.$anonfun$plan$3(QueryPlanner.scala:78)
[2025-12-14T21:17:25.082+0000] {subprocess.py:93} INFO - 	at scala.collection.TraversableOnce$folder$1.apply(TraversableOnce.scala:196)
[2025-12-14T21:17:25.082+0000] {subprocess.py:93} INFO - 	at scala.collection.TraversableOnce$folder$1.apply(TraversableOnce.scala:194)
[2025-12-14T21:17:25.083+0000] {subprocess.py:93} INFO - 	at scala.collection.Iterator.foreach(Iterator.scala:943)
[2025-12-14T21:17:25.083+0000] {subprocess.py:93} INFO - 	at scala.collection.Iterator.foreach$(Iterator.scala:943)
[2025-12-14T21:17:25.084+0000] {subprocess.py:93} INFO - 	at scala.collection.AbstractIterator.foreach(Iterator.scala:1431)
[2025-12-14T21:17:25.085+0000] {subprocess.py:93} INFO - 	at scala.collection.TraversableOnce.foldLeft(TraversableOnce.scala:199)
[2025-12-14T21:17:25.085+0000] {subprocess.py:93} INFO - 	at scala.collection.TraversableOnce.foldLeft$(TraversableOnce.scala:192)
[2025-12-14T21:17:25.086+0000] {subprocess.py:93} INFO - 	at scala.collection.AbstractIterator.foldLeft(Iterator.scala:1431)
[2025-12-14T21:17:25.086+0000] {subprocess.py:93} INFO - 	at org.apache.spark.sql.catalyst.planning.QueryPlanner.$anonfun$plan$2(QueryPlanner.scala:75)
[2025-12-14T21:17:25.087+0000] {subprocess.py:93} INFO - 	at scala.collection.Iterator$$anon$11.nextCur(Iterator.scala:486)
[2025-12-14T21:17:25.087+0000] {subprocess.py:93} INFO - 	at scala.collection.Iterator$$anon$11.hasNext(Iterator.scala:492)
[2025-12-14T21:17:25.087+0000] {subprocess.py:93} INFO - 	at org.apache.spark.sql.catalyst.planning.QueryPlanner.plan(QueryPlanner.scala:93)
[2025-12-14T21:17:25.088+0000] {subprocess.py:93} INFO - 	at org.apache.spark.sql.execution.SparkStrategies.plan(SparkStrategies.scala:70)
[2025-12-14T21:17:25.089+0000] {subprocess.py:93} INFO - 	at org.apache.spark.sql.execution.QueryExecution$.createSparkPlan(QueryExecution.scala:496)
[2025-12-14T21:17:25.089+0000] {subprocess.py:93} INFO - 	at org.apache.spark.sql.execution.QueryExecution.$anonfun$sparkPlan$1(QueryExecution.scala:171)
[2025-12-14T21:17:25.090+0000] {subprocess.py:93} INFO - 	at org.apache.spark.sql.catalyst.QueryPlanningTracker.measurePhase(QueryPlanningTracker.scala:138)
[2025-12-14T21:17:25.090+0000] {subprocess.py:93} INFO - 	at org.apache.spark.sql.execution.QueryExecution.$anonfun$executePhase$2(QueryExecution.scala:219)
[2025-12-14T21:17:25.091+0000] {subprocess.py:93} INFO - 	at org.apache.spark.sql.execution.QueryExecution$.withInternalError(QueryExecution.scala:546)
[2025-12-14T21:17:25.091+0000] {subprocess.py:93} INFO - 	at org.apache.spark.sql.execution.QueryExecution.$anonfun$executePhase$1(QueryExecution.scala:219)
[2025-12-14T21:17:25.092+0000] {subprocess.py:93} INFO - 	at org.apache.spark.sql.SparkSession.withActive(SparkSession.scala:900)
[2025-12-14T21:17:25.093+0000] {subprocess.py:93} INFO - 	at org.apache.spark.sql.execution.QueryExecution.executePhase(QueryExecution.scala:218)
[2025-12-14T21:17:25.093+0000] {subprocess.py:93} INFO - 	at org.apache.spark.sql.execution.QueryExecution.sparkPlan$lzycompute(QueryExecution.scala:171)
[2025-12-14T21:17:25.094+0000] {subprocess.py:93} INFO - 	at org.apache.spark.sql.execution.QueryExecution.sparkPlan(QueryExecution.scala:164)
[2025-12-14T21:17:25.094+0000] {subprocess.py:93} INFO - 	at org.apache.spark.sql.execution.QueryExecution.$anonfun$executedPlan$1(QueryExecution.scala:186)
[2025-12-14T21:17:25.095+0000] {subprocess.py:93} INFO - 	at org.apache.spark.sql.catalyst.QueryPlanningTracker.measurePhase(QueryPlanningTracker.scala:138)
[2025-12-14T21:17:25.096+0000] {subprocess.py:93} INFO - 	at org.apache.spark.sql.execution.QueryExecution.$anonfun$executePhase$2(QueryExecution.scala:219)
[2025-12-14T21:17:25.096+0000] {subprocess.py:93} INFO - 	at org.apache.spark.sql.execution.QueryExecution$.withInternalError(QueryExecution.scala:546)
[2025-12-14T21:17:25.097+0000] {subprocess.py:93} INFO - 	at org.apache.spark.sql.execution.QueryExecution.$anonfun$executePhase$1(QueryExecution.scala:219)
[2025-12-14T21:17:25.097+0000] {subprocess.py:93} INFO - 	at org.apache.spark.sql.SparkSession.withActive(SparkSession.scala:900)
[2025-12-14T21:17:25.098+0000] {subprocess.py:93} INFO - 	at org.apache.spark.sql.execution.QueryExecution.executePhase(QueryExecution.scala:218)
[2025-12-14T21:17:25.099+0000] {subprocess.py:93} INFO - 	at org.apache.spark.sql.execution.QueryExecution.executedPlan$lzycompute(QueryExecution.scala:186)
[2025-12-14T21:17:25.099+0000] {subprocess.py:93} INFO - 	at org.apache.spark.sql.execution.QueryExecution.executedPlan(QueryExecution.scala:179)
[2025-12-14T21:17:25.100+0000] {subprocess.py:93} INFO - 	at org.apache.spark.sql.execution.QueryExecution.simpleString(QueryExecution.scala:238)
[2025-12-14T21:17:25.100+0000] {subprocess.py:93} INFO - 	at org.apache.spark.sql.execution.QueryExecution.org$apache$spark$sql$execution$QueryExecution$$explainString(QueryExecution.scala:284)
[2025-12-14T21:17:25.101+0000] {subprocess.py:93} INFO - 	at org.apache.spark.sql.execution.QueryExecution.explainString(QueryExecution.scala:252)
[2025-12-14T21:17:25.101+0000] {subprocess.py:93} INFO - 	at org.apache.spark.sql.execution.SQLExecution$.$anonfun$withNewExecutionId$6(SQLExecution.scala:117)
[2025-12-14T21:17:25.102+0000] {subprocess.py:93} INFO - 	at org.apache.spark.sql.execution.SQLExecution$.withSQLConfPropagated(SQLExecution.scala:201)
[2025-12-14T21:17:25.102+0000] {subprocess.py:93} INFO - 	at org.apache.spark.sql.execution.SQLExecution$.$anonfun$withNewExecutionId$1(SQLExecution.scala:108)
[2025-12-14T21:17:25.103+0000] {subprocess.py:93} INFO - 	at org.apache.spark.sql.SparkSession.withActive(SparkSession.scala:900)
[2025-12-14T21:17:25.103+0000] {subprocess.py:93} INFO - 	at org.apache.spark.sql.execution.SQLExecution$.withNewExecutionId(SQLExecution.scala:66)
[2025-12-14T21:17:25.104+0000] {subprocess.py:93} INFO - 	at org.apache.spark.sql.execution.QueryExecution$$anonfun$eagerlyExecuteCommands$1.applyOrElse(QueryExecution.scala:107)
[2025-12-14T21:17:25.104+0000] {subprocess.py:93} INFO - 	at org.apache.spark.sql.execution.QueryExecution$$anonfun$eagerlyExecuteCommands$1.applyOrElse(QueryExecution.scala:98)
[2025-12-14T21:17:25.105+0000] {subprocess.py:93} INFO - 	at org.apache.spark.sql.catalyst.trees.TreeNode.$anonfun$transformDownWithPruning$1(TreeNode.scala:461)
[2025-12-14T21:17:25.106+0000] {subprocess.py:93} INFO - 	at org.apache.spark.sql.catalyst.trees.CurrentOrigin$.withOrigin(origin.scala:76)
[2025-12-14T21:17:25.106+0000] {subprocess.py:93} INFO - 	at org.apache.spark.sql.catalyst.trees.TreeNode.transformDownWithPruning(TreeNode.scala:461)
[2025-12-14T21:17:25.107+0000] {subprocess.py:93} INFO - 	at org.apache.spark.sql.catalyst.plans.logical.LogicalPlan.org$apache$spark$sql$catalyst$plans$logical$AnalysisHelper$$super$transformDownWithPruning(LogicalPlan.scala:32)
[2025-12-14T21:17:25.107+0000] {subprocess.py:93} INFO - 	at org.apache.spark.sql.catalyst.plans.logical.AnalysisHelper.transformDownWithPruning(AnalysisHelper.scala:267)
[2025-12-14T21:17:25.108+0000] {subprocess.py:93} INFO - 	at org.apache.spark.sql.catalyst.plans.logical.AnalysisHelper.transformDownWithPruning$(AnalysisHelper.scala:263)
[2025-12-14T21:17:25.108+0000] {subprocess.py:93} INFO - 	at org.apache.spark.sql.catalyst.plans.logical.LogicalPlan.transformDownWithPruning(LogicalPlan.scala:32)
[2025-12-14T21:17:25.109+0000] {subprocess.py:93} INFO - 	at org.apache.spark.sql.catalyst.plans.logical.LogicalPlan.transformDownWithPruning(LogicalPlan.scala:32)
[2025-12-14T21:17:25.110+0000] {subprocess.py:93} INFO - 	at org.apache.spark.sql.catalyst.trees.TreeNode.transformDown(TreeNode.scala:437)
[2025-12-14T21:17:25.110+0000] {subprocess.py:93} INFO - 	at org.apache.spark.sql.execution.QueryExecution.eagerlyExecuteCommands(QueryExecution.scala:98)
[2025-12-14T21:17:25.111+0000] {subprocess.py:93} INFO - 	at org.apache.spark.sql.execution.QueryExecution.commandExecuted$lzycompute(QueryExecution.scala:85)
[2025-12-14T21:17:25.112+0000] {subprocess.py:93} INFO - 	at org.apache.spark.sql.execution.QueryExecution.commandExecuted(QueryExecution.scala:83)
[2025-12-14T21:17:25.115+0000] {subprocess.py:93} INFO - 	at org.apache.spark.sql.execution.QueryExecution.assertCommandExecuted(QueryExecution.scala:142)
[2025-12-14T21:17:25.116+0000] {subprocess.py:93} INFO - 	at org.apache.spark.sql.hive.execution.CreateHiveTableAsSelectCommand.run(CreateHiveTableAsSelectCommand.scala:65)
[2025-12-14T21:17:25.118+0000] {subprocess.py:93} INFO - 	at org.apache.spark.sql.execution.command.ExecutedCommandExec.sideEffectResult$lzycompute(commands.scala:75)
[2025-12-14T21:17:25.119+0000] {subprocess.py:93} INFO - 	at org.apache.spark.sql.execution.command.ExecutedCommandExec.sideEffectResult(commands.scala:73)
[2025-12-14T21:17:25.120+0000] {subprocess.py:93} INFO - 	at org.apache.spark.sql.execution.command.ExecutedCommandExec.executeCollect(commands.scala:84)
[2025-12-14T21:17:25.121+0000] {subprocess.py:93} INFO - 	at org.apache.spark.sql.execution.QueryExecution$$anonfun$eagerlyExecuteCommands$1.$anonfun$applyOrElse$1(QueryExecution.scala:107)
[2025-12-14T21:17:25.123+0000] {subprocess.py:93} INFO - 	at org.apache.spark.sql.execution.SQLExecution$.$anonfun$withNewExecutionId$6(SQLExecution.scala:125)
[2025-12-14T21:17:25.124+0000] {subprocess.py:93} INFO - 	at org.apache.spark.sql.execution.SQLExecution$.withSQLConfPropagated(SQLExecution.scala:201)
[2025-12-14T21:17:25.125+0000] {subprocess.py:93} INFO - 	at org.apache.spark.sql.execution.SQLExecution$.$anonfun$withNewExecutionId$1(SQLExecution.scala:108)
[2025-12-14T21:17:25.127+0000] {subprocess.py:93} INFO - 	at org.apache.spark.sql.SparkSession.withActive(SparkSession.scala:900)
[2025-12-14T21:17:25.128+0000] {subprocess.py:93} INFO - 	at org.apache.spark.sql.execution.SQLExecution$.withNewExecutionId(SQLExecution.scala:66)
[2025-12-14T21:17:25.128+0000] {subprocess.py:93} INFO - 	at org.apache.spark.sql.execution.QueryExecution$$anonfun$eagerlyExecuteCommands$1.applyOrElse(QueryExecution.scala:107)
[2025-12-14T21:17:25.129+0000] {subprocess.py:93} INFO - 	at org.apache.spark.sql.execution.QueryExecution$$anonfun$eagerlyExecuteCommands$1.applyOrElse(QueryExecution.scala:98)
[2025-12-14T21:17:25.130+0000] {subprocess.py:93} INFO - 	at org.apache.spark.sql.catalyst.trees.TreeNode.$anonfun$transformDownWithPruning$1(TreeNode.scala:461)
[2025-12-14T21:17:25.131+0000] {subprocess.py:93} INFO - 	at org.apache.spark.sql.catalyst.trees.CurrentOrigin$.withOrigin(origin.scala:76)
[2025-12-14T21:17:25.132+0000] {subprocess.py:93} INFO - 	at org.apache.spark.sql.catalyst.trees.TreeNode.transformDownWithPruning(TreeNode.scala:461)
[2025-12-14T21:17:25.132+0000] {subprocess.py:93} INFO - 	at org.apache.spark.sql.catalyst.plans.logical.LogicalPlan.org$apache$spark$sql$catalyst$plans$logical$AnalysisHelper$$super$transformDownWithPruning(LogicalPlan.scala:32)
[2025-12-14T21:17:25.133+0000] {subprocess.py:93} INFO - 	at org.apache.spark.sql.catalyst.plans.logical.AnalysisHelper.transformDownWithPruning(AnalysisHelper.scala:267)
[2025-12-14T21:17:25.134+0000] {subprocess.py:93} INFO - 	at org.apache.spark.sql.catalyst.plans.logical.AnalysisHelper.transformDownWithPruning$(AnalysisHelper.scala:263)
[2025-12-14T21:17:25.135+0000] {subprocess.py:93} INFO - 	at org.apache.spark.sql.catalyst.plans.logical.LogicalPlan.transformDownWithPruning(LogicalPlan.scala:32)
[2025-12-14T21:17:25.135+0000] {subprocess.py:93} INFO - 	at org.apache.spark.sql.catalyst.plans.logical.LogicalPlan.transformDownWithPruning(LogicalPlan.scala:32)
[2025-12-14T21:17:25.136+0000] {subprocess.py:93} INFO - 	at org.apache.spark.sql.catalyst.trees.TreeNode.transformDown(TreeNode.scala:437)
[2025-12-14T21:17:25.136+0000] {subprocess.py:93} INFO - 	at org.apache.spark.sql.execution.QueryExecution.eagerlyExecuteCommands(QueryExecution.scala:98)
[2025-12-14T21:17:25.136+0000] {subprocess.py:93} INFO - 	at org.apache.spark.sql.execution.QueryExecution.commandExecuted$lzycompute(QueryExecution.scala:85)
[2025-12-14T21:17:25.137+0000] {subprocess.py:93} INFO - 	at org.apache.spark.sql.execution.QueryExecution.commandExecuted(QueryExecution.scala:83)
[2025-12-14T21:17:25.137+0000] {subprocess.py:93} INFO - 	at org.apache.spark.sql.execution.QueryExecution.assertCommandExecuted(QueryExecution.scala:142)
[2025-12-14T21:17:25.138+0000] {subprocess.py:93} INFO - 	at org.apache.spark.sql.DataFrameWriter.runCommand(DataFrameWriter.scala:859)
[2025-12-14T21:17:25.138+0000] {subprocess.py:93} INFO - 	at org.apache.spark.sql.DataFrameWriter.createTable(DataFrameWriter.scala:700)
[2025-12-14T21:17:25.138+0000] {subprocess.py:93} INFO - 	at org.apache.spark.sql.DataFrameWriter.saveAsTable(DataFrameWriter.scala:678)
[2025-12-14T21:17:25.139+0000] {subprocess.py:93} INFO - 	at org.apache.spark.sql.DataFrameWriter.saveAsTable(DataFrameWriter.scala:571)
[2025-12-14T21:17:25.139+0000] {subprocess.py:93} INFO - 	at java.base/jdk.internal.reflect.NativeMethodAccessorImpl.invoke0(Native Method)
[2025-12-14T21:17:25.140+0000] {subprocess.py:93} INFO - 	at java.base/jdk.internal.reflect.NativeMethodAccessorImpl.invoke(Unknown Source)
[2025-12-14T21:17:25.140+0000] {subprocess.py:93} INFO - 	at java.base/jdk.internal.reflect.DelegatingMethodAccessorImpl.invoke(Unknown Source)
[2025-12-14T21:17:25.141+0000] {subprocess.py:93} INFO - 	at java.base/java.lang.reflect.Method.invoke(Unknown Source)
[2025-12-14T21:17:25.141+0000] {subprocess.py:93} INFO - 	at py4j.reflection.MethodInvoker.invoke(MethodInvoker.java:244)
[2025-12-14T21:17:25.142+0000] {subprocess.py:93} INFO - 	at py4j.reflection.ReflectionEngine.invoke(ReflectionEngine.java:374)
[2025-12-14T21:17:25.143+0000] {subprocess.py:93} INFO - 	at py4j.Gateway.invoke(Gateway.java:282)
[2025-12-14T21:17:25.143+0000] {subprocess.py:93} INFO - 	at py4j.commands.AbstractCommand.invokeMethod(AbstractCommand.java:132)
[2025-12-14T21:17:25.144+0000] {subprocess.py:93} INFO - 	at py4j.commands.CallCommand.execute(CallCommand.java:79)
[2025-12-14T21:17:25.144+0000] {subprocess.py:93} INFO - 	at py4j.ClientServerConnection.waitForCommands(ClientServerConnection.java:182)
[2025-12-14T21:17:25.145+0000] {subprocess.py:93} INFO - 	at py4j.ClientServerConnection.run(ClientServerConnection.java:106)
[2025-12-14T21:17:25.145+0000] {subprocess.py:93} INFO - 	at java.base/java.lang.Thread.run(Unknown Source)
[2025-12-14T21:17:25.145+0000] {subprocess.py:93} INFO - Caused by: org.apache.kafka.common.config.ConfigException: No resolvable bootstrap urls given in bootstrap.servers
[2025-12-14T21:17:25.146+0000] {subprocess.py:93} INFO - 	at org.apache.kafka.clients.ClientUtils.parseAndValidateAddresses(ClientUtils.java:89)
[2025-12-14T21:17:25.147+0000] {subprocess.py:93} INFO - 	at org.apache.kafka.clients.ClientUtils.parseAndValidateAddresses(ClientUtils.java:48)
[2025-12-14T21:17:25.147+0000] {subprocess.py:93} INFO - 	at org.apache.kafka.clients.admin.KafkaAdminClient.createInternal(KafkaAdminClient.java:508)
[2025-12-14T21:17:25.148+0000] {subprocess.py:93} INFO - 	... 182 more
[2025-12-14T21:17:25.149+0000] {subprocess.py:93} INFO - 
[2025-12-14T21:17:25.355+0000] {subprocess.py:97} INFO - Command exited with return code 1
[2025-12-14T21:17:25.365+0000] {taskinstance.py:3301} ERROR - Task failed with exception
Traceback (most recent call last):
  File "/home/airflow/.local/lib/python3.12/site-packages/airflow/models/taskinstance.py", line 767, in _execute_task
    result = _execute_callable(context=context, **execute_callable_kwargs)
             ^^^^^^^^^^^^^^^^^^^^^^^^^^^^^^^^^^^^^^^^^^^^^^^^^^^^^^^^^^^^^
  File "/home/airflow/.local/lib/python3.12/site-packages/airflow/models/taskinstance.py", line 733, in _execute_callable
    return ExecutionCallableRunner(
           ^^^^^^^^^^^^^^^^^^^^^^^^
  File "/home/airflow/.local/lib/python3.12/site-packages/airflow/utils/operator_helpers.py", line 252, in run
    return self.func(*args, **kwargs)
           ^^^^^^^^^^^^^^^^^^^^^^^^^^
  File "/home/airflow/.local/lib/python3.12/site-packages/airflow/models/baseoperator.py", line 406, in wrapper
    return func(self, *args, **kwargs)
           ^^^^^^^^^^^^^^^^^^^^^^^^^^^
  File "/home/airflow/.local/lib/python3.12/site-packages/airflow/operators/bash.py", line 249, in execute
    raise AirflowException(
airflow.exceptions.AirflowException: Bash command failed. The command returned a non-zero exit code 1.
[2025-12-14T21:17:25.373+0000] {taskinstance.py:1225} INFO - Marking task as FAILED. dag_id=batch_layer_pipeline, task_id=run_batch_layer, run_id=manual__2025-12-14T21:11:26.779518+00:00, execution_date=20251214T211126, start_date=20251214T211700, end_date=20251214T211725
[2025-12-14T21:17:25.397+0000] {taskinstance.py:340} INFO - ::group::Post task execution logs
[2025-12-14T21:17:25.399+0000] {standard_task_runner.py:124} ERROR - Failed to execute job 6 for task run_batch_layer (Bash command failed. The command returned a non-zero exit code 1.; 192)
Traceback (most recent call last):
  File "/home/airflow/.local/lib/python3.12/site-packages/airflow/task/task_runner/standard_task_runner.py", line 117, in _start_by_fork
    ret = args.func(args, dag=self.dag)
          ^^^^^^^^^^^^^^^^^^^^^^^^^^^^^
  File "/home/airflow/.local/lib/python3.12/site-packages/airflow/cli/cli_config.py", line 49, in command
    return func(*args, **kwargs)
           ^^^^^^^^^^^^^^^^^^^^^
  File "/home/airflow/.local/lib/python3.12/site-packages/airflow/utils/cli.py", line 115, in wrapper
    return f(*args, **kwargs)
           ^^^^^^^^^^^^^^^^^^
  File "/home/airflow/.local/lib/python3.12/site-packages/airflow/cli/commands/task_command.py", line 483, in task_run
    task_return_code = _run_task_by_selected_method(args, _dag, ti)
                       ^^^^^^^^^^^^^^^^^^^^^^^^^^^^^^^^^^^^^^^^^^^^
  File "/home/airflow/.local/lib/python3.12/site-packages/airflow/cli/commands/task_command.py", line 256, in _run_task_by_selected_method
    return _run_raw_task(args, ti)
           ^^^^^^^^^^^^^^^^^^^^^^^
  File "/home/airflow/.local/lib/python3.12/site-packages/airflow/cli/commands/task_command.py", line 341, in _run_raw_task
    return ti._run_raw_task(
           ^^^^^^^^^^^^^^^^^
  File "/home/airflow/.local/lib/python3.12/site-packages/airflow/utils/session.py", line 97, in wrapper
    return func(*args, session=session, **kwargs)
           ^^^^^^^^^^^^^^^^^^^^^^^^^^^^^^^^^^^^^^
  File "/home/airflow/.local/lib/python3.12/site-packages/airflow/models/taskinstance.py", line 2995, in _run_raw_task
    return _run_raw_task(
           ^^^^^^^^^^^^^^
  File "/home/airflow/.local/lib/python3.12/site-packages/airflow/models/taskinstance.py", line 273, in _run_raw_task
    TaskInstance._execute_task_with_callbacks(
  File "/home/airflow/.local/lib/python3.12/site-packages/airflow/models/taskinstance.py", line 3149, in _execute_task_with_callbacks
    result = self._execute_task(context, task_orig)
             ^^^^^^^^^^^^^^^^^^^^^^^^^^^^^^^^^^^^^^
  File "/home/airflow/.local/lib/python3.12/site-packages/airflow/models/taskinstance.py", line 3173, in _execute_task
    return _execute_task(self, context, task_orig)
           ^^^^^^^^^^^^^^^^^^^^^^^^^^^^^^^^^^^^^^^
  File "/home/airflow/.local/lib/python3.12/site-packages/airflow/models/taskinstance.py", line 767, in _execute_task
    result = _execute_callable(context=context, **execute_callable_kwargs)
             ^^^^^^^^^^^^^^^^^^^^^^^^^^^^^^^^^^^^^^^^^^^^^^^^^^^^^^^^^^^^^
  File "/home/airflow/.local/lib/python3.12/site-packages/airflow/models/taskinstance.py", line 733, in _execute_callable
    return ExecutionCallableRunner(
           ^^^^^^^^^^^^^^^^^^^^^^^^
  File "/home/airflow/.local/lib/python3.12/site-packages/airflow/utils/operator_helpers.py", line 252, in run
    return self.func(*args, **kwargs)
           ^^^^^^^^^^^^^^^^^^^^^^^^^^
  File "/home/airflow/.local/lib/python3.12/site-packages/airflow/models/baseoperator.py", line 406, in wrapper
    return func(self, *args, **kwargs)
           ^^^^^^^^^^^^^^^^^^^^^^^^^^^
  File "/home/airflow/.local/lib/python3.12/site-packages/airflow/operators/bash.py", line 249, in execute
    raise AirflowException(
airflow.exceptions.AirflowException: Bash command failed. The command returned a non-zero exit code 1.
[2025-12-14T21:17:25.450+0000] {local_task_job_runner.py:261} INFO - Task exited with return code 1
[2025-12-14T21:17:25.477+0000] {taskinstance.py:3891} INFO - 0 downstream tasks scheduled from follow-on schedule check
[2025-12-14T21:17:25.487+0000] {local_task_job_runner.py:240} INFO - ::endgroup::
