[2025-12-14T21:11:31.416+0000] {local_task_job_runner.py:123} INFO - ::group::Pre task execution logs
[2025-12-14T21:11:31.429+0000] {taskinstance.py:2603} INFO - Dependencies all met for dep_context=non-requeueable deps ti=<TaskInstance: batch_layer_pipeline.run_batch_layer manual__2025-12-14T21:11:26.779518+00:00 [queued]>
[2025-12-14T21:11:31.437+0000] {taskinstance.py:2603} INFO - Dependencies all met for dep_context=requeueable deps ti=<TaskInstance: batch_layer_pipeline.run_batch_layer manual__2025-12-14T21:11:26.779518+00:00 [queued]>
[2025-12-14T21:11:31.438+0000] {taskinstance.py:2856} INFO - Starting attempt 1 of 2
[2025-12-14T21:11:31.457+0000] {taskinstance.py:2879} INFO - Executing <Task(BashOperator): run_batch_layer> on 2025-12-14 21:11:26.779518+00:00
[2025-12-14T21:11:31.460+0000] {standard_task_runner.py:72} INFO - Started process 167 to run task
[2025-12-14T21:11:31.464+0000] {standard_task_runner.py:104} INFO - Running: ['airflow', 'tasks', 'run', 'batch_layer_pipeline', 'run_batch_layer', 'manual__2025-12-14T21:11:26.779518+00:00', '--job-id', '5', '--raw', '--subdir', 'DAGS_FOLDER/batch_pipeline_dag.py', '--cfg-path', '/tmp/tmp8a9dmnwh']
[2025-12-14T21:11:31.466+0000] {standard_task_runner.py:105} INFO - Job 5: Subtask run_batch_layer
[2025-12-14T21:11:31.507+0000] {task_command.py:467} INFO - Running <TaskInstance: batch_layer_pipeline.run_batch_layer manual__2025-12-14T21:11:26.779518+00:00 [running]> on host f25e7924945e
[2025-12-14T21:11:31.581+0000] {taskinstance.py:3122} INFO - Exporting env vars: AIRFLOW_CTX_DAG_OWNER='airflow' AIRFLOW_CTX_DAG_ID='batch_layer_pipeline' AIRFLOW_CTX_TASK_ID='run_batch_layer' AIRFLOW_CTX_EXECUTION_DATE='2025-12-14T21:11:26.779518+00:00' AIRFLOW_CTX_TRY_NUMBER='1' AIRFLOW_CTX_DAG_RUN_ID='manual__2025-12-14T21:11:26.779518+00:00'
[2025-12-14T21:11:31.582+0000] {taskinstance.py:731} INFO - ::endgroup::
[2025-12-14T21:11:31.602+0000] {subprocess.py:63} INFO - Tmp dir root location: /tmp
[2025-12-14T21:11:31.603+0000] {subprocess.py:75} INFO - Running command: ['/usr/bin/bash', '-c', '\n        docker exec spark-master         /opt/spark/bin/spark-submit         --master spark://spark-master:7077         --driver-memory 1g         --executor-memory 1g         --packages org.apache.spark:spark-sql-kafka-0-10_2.12:3.5.0,org.apache.spark:spark-avro_2.12:3.5.0         /opt/spark/jobs/batch_layer.py\n        ']
[2025-12-14T21:11:31.610+0000] {subprocess.py:86} INFO - Output:
[2025-12-14T21:11:34.472+0000] {subprocess.py:93} INFO - :: loading settings :: url = jar:file:/opt/spark/jars/ivy-2.5.1.jar!/org/apache/ivy/core/settings/ivysettings.xml
[2025-12-14T21:11:34.596+0000] {subprocess.py:93} INFO - Ivy Default Cache set to: /home/spark/.ivy2/cache
[2025-12-14T21:11:34.596+0000] {subprocess.py:93} INFO - The jars for the packages stored in: /home/spark/.ivy2/jars
[2025-12-14T21:11:34.603+0000] {subprocess.py:93} INFO - org.apache.spark#spark-sql-kafka-0-10_2.12 added as a dependency
[2025-12-14T21:11:34.604+0000] {subprocess.py:93} INFO - org.apache.spark#spark-avro_2.12 added as a dependency
[2025-12-14T21:11:34.606+0000] {subprocess.py:93} INFO - :: resolving dependencies :: org.apache.spark#spark-submit-parent-abafe1e2-5cab-4035-aae3-8077e881018a;1.0
[2025-12-14T21:11:34.606+0000] {subprocess.py:93} INFO - 	confs: [default]
[2025-12-14T21:11:34.849+0000] {subprocess.py:93} INFO - 	found org.apache.spark#spark-sql-kafka-0-10_2.12;3.5.0 in central
[2025-12-14T21:11:34.955+0000] {subprocess.py:93} INFO - 	found org.apache.spark#spark-token-provider-kafka-0-10_2.12;3.5.0 in central
[2025-12-14T21:11:35.004+0000] {subprocess.py:93} INFO - 	found org.apache.kafka#kafka-clients;3.4.1 in central
[2025-12-14T21:11:35.042+0000] {subprocess.py:93} INFO - 	found org.lz4#lz4-java;1.8.0 in central
[2025-12-14T21:11:35.080+0000] {subprocess.py:93} INFO - 	found org.xerial.snappy#snappy-java;1.1.10.3 in central
[2025-12-14T21:11:35.114+0000] {subprocess.py:93} INFO - 	found org.slf4j#slf4j-api;2.0.7 in central
[2025-12-14T21:11:35.154+0000] {subprocess.py:93} INFO - 	found org.apache.hadoop#hadoop-client-runtime;3.3.4 in central
[2025-12-14T21:11:35.198+0000] {subprocess.py:93} INFO - 	found org.apache.hadoop#hadoop-client-api;3.3.4 in central
[2025-12-14T21:11:35.247+0000] {subprocess.py:93} INFO - 	found commons-logging#commons-logging;1.1.3 in central
[2025-12-14T21:11:35.292+0000] {subprocess.py:93} INFO - 	found com.google.code.findbugs#jsr305;3.0.0 in central
[2025-12-14T21:11:35.320+0000] {subprocess.py:93} INFO - 	found org.apache.commons#commons-pool2;2.11.1 in central
[2025-12-14T21:11:35.363+0000] {subprocess.py:93} INFO - 	found org.apache.spark#spark-avro_2.12;3.5.0 in central
[2025-12-14T21:11:35.380+0000] {subprocess.py:93} INFO - 	found org.tukaani#xz;1.9 in central
[2025-12-14T21:11:35.425+0000] {subprocess.py:93} INFO - :: resolution report :: resolve 794ms :: artifacts dl 23ms
[2025-12-14T21:11:35.430+0000] {subprocess.py:93} INFO - 	:: modules in use:
[2025-12-14T21:11:35.433+0000] {subprocess.py:93} INFO - 	com.google.code.findbugs#jsr305;3.0.0 from central in [default]
[2025-12-14T21:11:35.433+0000] {subprocess.py:93} INFO - 	commons-logging#commons-logging;1.1.3 from central in [default]
[2025-12-14T21:11:35.435+0000] {subprocess.py:93} INFO - 	org.apache.commons#commons-pool2;2.11.1 from central in [default]
[2025-12-14T21:11:35.436+0000] {subprocess.py:93} INFO - 	org.apache.hadoop#hadoop-client-api;3.3.4 from central in [default]
[2025-12-14T21:11:35.436+0000] {subprocess.py:93} INFO - 	org.apache.hadoop#hadoop-client-runtime;3.3.4 from central in [default]
[2025-12-14T21:11:35.437+0000] {subprocess.py:93} INFO - 	org.apache.kafka#kafka-clients;3.4.1 from central in [default]
[2025-12-14T21:11:35.438+0000] {subprocess.py:93} INFO - 	org.apache.spark#spark-avro_2.12;3.5.0 from central in [default]
[2025-12-14T21:11:35.438+0000] {subprocess.py:93} INFO - 	org.apache.spark#spark-sql-kafka-0-10_2.12;3.5.0 from central in [default]
[2025-12-14T21:11:35.439+0000] {subprocess.py:93} INFO - 	org.apache.spark#spark-token-provider-kafka-0-10_2.12;3.5.0 from central in [default]
[2025-12-14T21:11:35.440+0000] {subprocess.py:93} INFO - 	org.lz4#lz4-java;1.8.0 from central in [default]
[2025-12-14T21:11:35.440+0000] {subprocess.py:93} INFO - 	org.slf4j#slf4j-api;2.0.7 from central in [default]
[2025-12-14T21:11:35.441+0000] {subprocess.py:93} INFO - 	org.tukaani#xz;1.9 from central in [default]
[2025-12-14T21:11:35.442+0000] {subprocess.py:93} INFO - 	org.xerial.snappy#snappy-java;1.1.10.3 from central in [default]
[2025-12-14T21:11:35.442+0000] {subprocess.py:93} INFO - 	---------------------------------------------------------------------
[2025-12-14T21:11:35.443+0000] {subprocess.py:93} INFO - 	|                  |            modules            ||   artifacts   |
[2025-12-14T21:11:35.444+0000] {subprocess.py:93} INFO - 	|       conf       | number| search|dwnlded|evicted|| number|dwnlded|
[2025-12-14T21:11:35.444+0000] {subprocess.py:93} INFO - 	---------------------------------------------------------------------
[2025-12-14T21:11:35.445+0000] {subprocess.py:93} INFO - 	|      default     |   13  |   0   |   0   |   0   ||   13  |   0   |
[2025-12-14T21:11:35.446+0000] {subprocess.py:93} INFO - 	---------------------------------------------------------------------
[2025-12-14T21:11:35.455+0000] {subprocess.py:93} INFO - :: retrieving :: org.apache.spark#spark-submit-parent-abafe1e2-5cab-4035-aae3-8077e881018a
[2025-12-14T21:11:35.456+0000] {subprocess.py:93} INFO - 	confs: [default]
[2025-12-14T21:11:35.473+0000] {subprocess.py:93} INFO - 	0 artifacts copied, 13 already retrieved (0kB/17ms)
[2025-12-14T21:11:35.794+0000] {subprocess.py:93} INFO - 25/12/14 21:11:35 WARN NativeCodeLoader: Unable to load native-hadoop library for your platform... using builtin-java classes where applicable
[2025-12-14T21:11:37.348+0000] {subprocess.py:93} INFO - 25/12/14 21:11:37 INFO SparkContext: Running Spark version 3.5.0
[2025-12-14T21:11:37.351+0000] {subprocess.py:93} INFO - 25/12/14 21:11:37 INFO SparkContext: OS info Linux, 5.15.167.4-microsoft-standard-WSL2, amd64
[2025-12-14T21:11:37.352+0000] {subprocess.py:93} INFO - 25/12/14 21:11:37 INFO SparkContext: Java version 11.0.20.1
[2025-12-14T21:11:37.408+0000] {subprocess.py:93} INFO - 25/12/14 21:11:37 INFO ResourceUtils: ==============================================================
[2025-12-14T21:11:37.411+0000] {subprocess.py:93} INFO - 25/12/14 21:11:37 INFO ResourceUtils: No custom resources configured for spark.driver.
[2025-12-14T21:11:37.414+0000] {subprocess.py:93} INFO - 25/12/14 21:11:37 INFO ResourceUtils: ==============================================================
[2025-12-14T21:11:37.424+0000] {subprocess.py:93} INFO - 25/12/14 21:11:37 INFO SparkContext: Submitted application: ExchangeRatesBatchLayer
[2025-12-14T21:11:37.462+0000] {subprocess.py:93} INFO - 25/12/14 21:11:37 INFO ResourceProfile: Default ResourceProfile created, executor resources: Map(memory -> name: memory, amount: 1024, script: , vendor: , offHeap -> name: offHeap, amount: 0, script: , vendor: ), task resources: Map(cpus -> name: cpus, amount: 1.0)
[2025-12-14T21:11:37.492+0000] {subprocess.py:93} INFO - 25/12/14 21:11:37 INFO ResourceProfile: Limiting resource is cpu
[2025-12-14T21:11:37.494+0000] {subprocess.py:93} INFO - 25/12/14 21:11:37 INFO ResourceProfileManager: Added ResourceProfile id: 0
[2025-12-14T21:11:37.576+0000] {subprocess.py:93} INFO - 25/12/14 21:11:37 INFO SecurityManager: Changing view acls to: spark
[2025-12-14T21:11:37.577+0000] {subprocess.py:93} INFO - 25/12/14 21:11:37 INFO SecurityManager: Changing modify acls to: spark
[2025-12-14T21:11:37.579+0000] {subprocess.py:93} INFO - 25/12/14 21:11:37 INFO SecurityManager: Changing view acls groups to:
[2025-12-14T21:11:37.580+0000] {subprocess.py:93} INFO - 25/12/14 21:11:37 INFO SecurityManager: Changing modify acls groups to:
[2025-12-14T21:11:37.582+0000] {subprocess.py:93} INFO - 25/12/14 21:11:37 INFO SecurityManager: SecurityManager: authentication disabled; ui acls disabled; users with view permissions: spark; groups with view permissions: EMPTY; users with modify permissions: spark; groups with modify permissions: EMPTY
[2025-12-14T21:11:37.980+0000] {subprocess.py:93} INFO - 25/12/14 21:11:37 INFO Utils: Successfully started service 'sparkDriver' on port 37427.
[2025-12-14T21:11:38.031+0000] {subprocess.py:93} INFO - 25/12/14 21:11:38 INFO SparkEnv: Registering MapOutputTracker
[2025-12-14T21:11:38.079+0000] {subprocess.py:93} INFO - 25/12/14 21:11:38 INFO SparkEnv: Registering BlockManagerMaster
[2025-12-14T21:11:38.110+0000] {subprocess.py:93} INFO - 25/12/14 21:11:38 INFO BlockManagerMasterEndpoint: Using org.apache.spark.storage.DefaultTopologyMapper for getting topology information
[2025-12-14T21:11:38.112+0000] {subprocess.py:93} INFO - 25/12/14 21:11:38 INFO BlockManagerMasterEndpoint: BlockManagerMasterEndpoint up
[2025-12-14T21:11:38.118+0000] {subprocess.py:93} INFO - 25/12/14 21:11:38 INFO SparkEnv: Registering BlockManagerMasterHeartbeat
[2025-12-14T21:11:38.143+0000] {subprocess.py:93} INFO - 25/12/14 21:11:38 INFO DiskBlockManager: Created local directory at /tmp/blockmgr-fea6adfd-8d0b-47fe-bb13-1e8e80f1e0a3
[2025-12-14T21:11:38.166+0000] {subprocess.py:93} INFO - 25/12/14 21:11:38 INFO MemoryStore: MemoryStore started with capacity 434.4 MiB
[2025-12-14T21:11:38.192+0000] {subprocess.py:93} INFO - 25/12/14 21:11:38 INFO SparkEnv: Registering OutputCommitCoordinator
[2025-12-14T21:11:38.406+0000] {subprocess.py:93} INFO - 25/12/14 21:11:38 INFO JettyUtils: Start Jetty 0.0.0.0:4040 for SparkUI
[2025-12-14T21:11:38.480+0000] {subprocess.py:93} INFO - 25/12/14 21:11:38 INFO Utils: Successfully started service 'SparkUI' on port 4040.
[2025-12-14T21:11:38.544+0000] {subprocess.py:93} INFO - 25/12/14 21:11:38 INFO SparkContext: Added JAR file:///home/spark/.ivy2/jars/org.apache.spark_spark-sql-kafka-0-10_2.12-3.5.0.jar at spark://b9c93a2c0a22:37427/jars/org.apache.spark_spark-sql-kafka-0-10_2.12-3.5.0.jar with timestamp 1765746697329
[2025-12-14T21:11:38.545+0000] {subprocess.py:93} INFO - 25/12/14 21:11:38 INFO SparkContext: Added JAR file:///home/spark/.ivy2/jars/org.apache.spark_spark-avro_2.12-3.5.0.jar at spark://b9c93a2c0a22:37427/jars/org.apache.spark_spark-avro_2.12-3.5.0.jar with timestamp 1765746697329
[2025-12-14T21:11:38.547+0000] {subprocess.py:93} INFO - 25/12/14 21:11:38 INFO SparkContext: Added JAR file:///home/spark/.ivy2/jars/org.apache.spark_spark-token-provider-kafka-0-10_2.12-3.5.0.jar at spark://b9c93a2c0a22:37427/jars/org.apache.spark_spark-token-provider-kafka-0-10_2.12-3.5.0.jar with timestamp 1765746697329
[2025-12-14T21:11:38.549+0000] {subprocess.py:93} INFO - 25/12/14 21:11:38 INFO SparkContext: Added JAR file:///home/spark/.ivy2/jars/org.apache.kafka_kafka-clients-3.4.1.jar at spark://b9c93a2c0a22:37427/jars/org.apache.kafka_kafka-clients-3.4.1.jar with timestamp 1765746697329
[2025-12-14T21:11:38.552+0000] {subprocess.py:93} INFO - 25/12/14 21:11:38 INFO SparkContext: Added JAR file:///home/spark/.ivy2/jars/com.google.code.findbugs_jsr305-3.0.0.jar at spark://b9c93a2c0a22:37427/jars/com.google.code.findbugs_jsr305-3.0.0.jar with timestamp 1765746697329
[2025-12-14T21:11:38.554+0000] {subprocess.py:93} INFO - 25/12/14 21:11:38 INFO SparkContext: Added JAR file:///home/spark/.ivy2/jars/org.apache.commons_commons-pool2-2.11.1.jar at spark://b9c93a2c0a22:37427/jars/org.apache.commons_commons-pool2-2.11.1.jar with timestamp 1765746697329
[2025-12-14T21:11:38.555+0000] {subprocess.py:93} INFO - 25/12/14 21:11:38 INFO SparkContext: Added JAR file:///home/spark/.ivy2/jars/org.apache.hadoop_hadoop-client-runtime-3.3.4.jar at spark://b9c93a2c0a22:37427/jars/org.apache.hadoop_hadoop-client-runtime-3.3.4.jar with timestamp 1765746697329
[2025-12-14T21:11:38.556+0000] {subprocess.py:93} INFO - 25/12/14 21:11:38 INFO SparkContext: Added JAR file:///home/spark/.ivy2/jars/org.lz4_lz4-java-1.8.0.jar at spark://b9c93a2c0a22:37427/jars/org.lz4_lz4-java-1.8.0.jar with timestamp 1765746697329
[2025-12-14T21:11:38.557+0000] {subprocess.py:93} INFO - 25/12/14 21:11:38 INFO SparkContext: Added JAR file:///home/spark/.ivy2/jars/org.xerial.snappy_snappy-java-1.1.10.3.jar at spark://b9c93a2c0a22:37427/jars/org.xerial.snappy_snappy-java-1.1.10.3.jar with timestamp 1765746697329
[2025-12-14T21:11:38.557+0000] {subprocess.py:93} INFO - 25/12/14 21:11:38 INFO SparkContext: Added JAR file:///home/spark/.ivy2/jars/org.slf4j_slf4j-api-2.0.7.jar at spark://b9c93a2c0a22:37427/jars/org.slf4j_slf4j-api-2.0.7.jar with timestamp 1765746697329
[2025-12-14T21:11:38.558+0000] {subprocess.py:93} INFO - 25/12/14 21:11:38 INFO SparkContext: Added JAR file:///home/spark/.ivy2/jars/org.apache.hadoop_hadoop-client-api-3.3.4.jar at spark://b9c93a2c0a22:37427/jars/org.apache.hadoop_hadoop-client-api-3.3.4.jar with timestamp 1765746697329
[2025-12-14T21:11:38.559+0000] {subprocess.py:93} INFO - 25/12/14 21:11:38 INFO SparkContext: Added JAR file:///home/spark/.ivy2/jars/commons-logging_commons-logging-1.1.3.jar at spark://b9c93a2c0a22:37427/jars/commons-logging_commons-logging-1.1.3.jar with timestamp 1765746697329
[2025-12-14T21:11:38.559+0000] {subprocess.py:93} INFO - 25/12/14 21:11:38 INFO SparkContext: Added JAR file:///home/spark/.ivy2/jars/org.tukaani_xz-1.9.jar at spark://b9c93a2c0a22:37427/jars/org.tukaani_xz-1.9.jar with timestamp 1765746697329
[2025-12-14T21:11:38.563+0000] {subprocess.py:93} INFO - 25/12/14 21:11:38 INFO SparkContext: Added file file:///home/spark/.ivy2/jars/org.apache.spark_spark-sql-kafka-0-10_2.12-3.5.0.jar at spark://b9c93a2c0a22:37427/files/org.apache.spark_spark-sql-kafka-0-10_2.12-3.5.0.jar with timestamp 1765746697329
[2025-12-14T21:11:38.566+0000] {subprocess.py:93} INFO - 25/12/14 21:11:38 INFO Utils: Copying /home/spark/.ivy2/jars/org.apache.spark_spark-sql-kafka-0-10_2.12-3.5.0.jar to /tmp/spark-5a2faec3-ceb8-4c83-9c65-4c2a6c6a74e4/userFiles-42fa20f0-8580-4c00-9aad-3e8e142d368c/org.apache.spark_spark-sql-kafka-0-10_2.12-3.5.0.jar
[2025-12-14T21:11:38.583+0000] {subprocess.py:93} INFO - 25/12/14 21:11:38 INFO SparkContext: Added file file:///home/spark/.ivy2/jars/org.apache.spark_spark-avro_2.12-3.5.0.jar at spark://b9c93a2c0a22:37427/files/org.apache.spark_spark-avro_2.12-3.5.0.jar with timestamp 1765746697329
[2025-12-14T21:11:38.584+0000] {subprocess.py:93} INFO - 25/12/14 21:11:38 INFO Utils: Copying /home/spark/.ivy2/jars/org.apache.spark_spark-avro_2.12-3.5.0.jar to /tmp/spark-5a2faec3-ceb8-4c83-9c65-4c2a6c6a74e4/userFiles-42fa20f0-8580-4c00-9aad-3e8e142d368c/org.apache.spark_spark-avro_2.12-3.5.0.jar
[2025-12-14T21:11:38.595+0000] {subprocess.py:93} INFO - 25/12/14 21:11:38 INFO SparkContext: Added file file:///home/spark/.ivy2/jars/org.apache.spark_spark-token-provider-kafka-0-10_2.12-3.5.0.jar at spark://b9c93a2c0a22:37427/files/org.apache.spark_spark-token-provider-kafka-0-10_2.12-3.5.0.jar with timestamp 1765746697329
[2025-12-14T21:11:38.596+0000] {subprocess.py:93} INFO - 25/12/14 21:11:38 INFO Utils: Copying /home/spark/.ivy2/jars/org.apache.spark_spark-token-provider-kafka-0-10_2.12-3.5.0.jar to /tmp/spark-5a2faec3-ceb8-4c83-9c65-4c2a6c6a74e4/userFiles-42fa20f0-8580-4c00-9aad-3e8e142d368c/org.apache.spark_spark-token-provider-kafka-0-10_2.12-3.5.0.jar
[2025-12-14T21:11:38.601+0000] {subprocess.py:93} INFO - 25/12/14 21:11:38 INFO SparkContext: Added file file:///home/spark/.ivy2/jars/org.apache.kafka_kafka-clients-3.4.1.jar at spark://b9c93a2c0a22:37427/files/org.apache.kafka_kafka-clients-3.4.1.jar with timestamp 1765746697329
[2025-12-14T21:11:38.603+0000] {subprocess.py:93} INFO - 25/12/14 21:11:38 INFO Utils: Copying /home/spark/.ivy2/jars/org.apache.kafka_kafka-clients-3.4.1.jar to /tmp/spark-5a2faec3-ceb8-4c83-9c65-4c2a6c6a74e4/userFiles-42fa20f0-8580-4c00-9aad-3e8e142d368c/org.apache.kafka_kafka-clients-3.4.1.jar
[2025-12-14T21:11:38.615+0000] {subprocess.py:93} INFO - 25/12/14 21:11:38 INFO SparkContext: Added file file:///home/spark/.ivy2/jars/com.google.code.findbugs_jsr305-3.0.0.jar at spark://b9c93a2c0a22:37427/files/com.google.code.findbugs_jsr305-3.0.0.jar with timestamp 1765746697329
[2025-12-14T21:11:38.616+0000] {subprocess.py:93} INFO - 25/12/14 21:11:38 INFO Utils: Copying /home/spark/.ivy2/jars/com.google.code.findbugs_jsr305-3.0.0.jar to /tmp/spark-5a2faec3-ceb8-4c83-9c65-4c2a6c6a74e4/userFiles-42fa20f0-8580-4c00-9aad-3e8e142d368c/com.google.code.findbugs_jsr305-3.0.0.jar
[2025-12-14T21:11:38.627+0000] {subprocess.py:93} INFO - 25/12/14 21:11:38 INFO SparkContext: Added file file:///home/spark/.ivy2/jars/org.apache.commons_commons-pool2-2.11.1.jar at spark://b9c93a2c0a22:37427/files/org.apache.commons_commons-pool2-2.11.1.jar with timestamp 1765746697329
[2025-12-14T21:11:38.628+0000] {subprocess.py:93} INFO - 25/12/14 21:11:38 INFO Utils: Copying /home/spark/.ivy2/jars/org.apache.commons_commons-pool2-2.11.1.jar to /tmp/spark-5a2faec3-ceb8-4c83-9c65-4c2a6c6a74e4/userFiles-42fa20f0-8580-4c00-9aad-3e8e142d368c/org.apache.commons_commons-pool2-2.11.1.jar
[2025-12-14T21:11:38.635+0000] {subprocess.py:93} INFO - 25/12/14 21:11:38 INFO SparkContext: Added file file:///home/spark/.ivy2/jars/org.apache.hadoop_hadoop-client-runtime-3.3.4.jar at spark://b9c93a2c0a22:37427/files/org.apache.hadoop_hadoop-client-runtime-3.3.4.jar with timestamp 1765746697329
[2025-12-14T21:11:38.637+0000] {subprocess.py:93} INFO - 25/12/14 21:11:38 INFO Utils: Copying /home/spark/.ivy2/jars/org.apache.hadoop_hadoop-client-runtime-3.3.4.jar to /tmp/spark-5a2faec3-ceb8-4c83-9c65-4c2a6c6a74e4/userFiles-42fa20f0-8580-4c00-9aad-3e8e142d368c/org.apache.hadoop_hadoop-client-runtime-3.3.4.jar
[2025-12-14T21:11:38.698+0000] {subprocess.py:93} INFO - 25/12/14 21:11:38 INFO SparkContext: Added file file:///home/spark/.ivy2/jars/org.lz4_lz4-java-1.8.0.jar at spark://b9c93a2c0a22:37427/files/org.lz4_lz4-java-1.8.0.jar with timestamp 1765746697329
[2025-12-14T21:11:38.699+0000] {subprocess.py:93} INFO - 25/12/14 21:11:38 INFO Utils: Copying /home/spark/.ivy2/jars/org.lz4_lz4-java-1.8.0.jar to /tmp/spark-5a2faec3-ceb8-4c83-9c65-4c2a6c6a74e4/userFiles-42fa20f0-8580-4c00-9aad-3e8e142d368c/org.lz4_lz4-java-1.8.0.jar
[2025-12-14T21:11:38.707+0000] {subprocess.py:93} INFO - 25/12/14 21:11:38 INFO SparkContext: Added file file:///home/spark/.ivy2/jars/org.xerial.snappy_snappy-java-1.1.10.3.jar at spark://b9c93a2c0a22:37427/files/org.xerial.snappy_snappy-java-1.1.10.3.jar with timestamp 1765746697329
[2025-12-14T21:11:38.710+0000] {subprocess.py:93} INFO - 25/12/14 21:11:38 INFO Utils: Copying /home/spark/.ivy2/jars/org.xerial.snappy_snappy-java-1.1.10.3.jar to /tmp/spark-5a2faec3-ceb8-4c83-9c65-4c2a6c6a74e4/userFiles-42fa20f0-8580-4c00-9aad-3e8e142d368c/org.xerial.snappy_snappy-java-1.1.10.3.jar
[2025-12-14T21:11:38.722+0000] {subprocess.py:93} INFO - 25/12/14 21:11:38 INFO SparkContext: Added file file:///home/spark/.ivy2/jars/org.slf4j_slf4j-api-2.0.7.jar at spark://b9c93a2c0a22:37427/files/org.slf4j_slf4j-api-2.0.7.jar with timestamp 1765746697329
[2025-12-14T21:11:38.723+0000] {subprocess.py:93} INFO - 25/12/14 21:11:38 INFO Utils: Copying /home/spark/.ivy2/jars/org.slf4j_slf4j-api-2.0.7.jar to /tmp/spark-5a2faec3-ceb8-4c83-9c65-4c2a6c6a74e4/userFiles-42fa20f0-8580-4c00-9aad-3e8e142d368c/org.slf4j_slf4j-api-2.0.7.jar
[2025-12-14T21:11:38.732+0000] {subprocess.py:93} INFO - 25/12/14 21:11:38 INFO SparkContext: Added file file:///home/spark/.ivy2/jars/org.apache.hadoop_hadoop-client-api-3.3.4.jar at spark://b9c93a2c0a22:37427/files/org.apache.hadoop_hadoop-client-api-3.3.4.jar with timestamp 1765746697329
[2025-12-14T21:11:38.733+0000] {subprocess.py:93} INFO - 25/12/14 21:11:38 INFO Utils: Copying /home/spark/.ivy2/jars/org.apache.hadoop_hadoop-client-api-3.3.4.jar to /tmp/spark-5a2faec3-ceb8-4c83-9c65-4c2a6c6a74e4/userFiles-42fa20f0-8580-4c00-9aad-3e8e142d368c/org.apache.hadoop_hadoop-client-api-3.3.4.jar
[2025-12-14T21:11:38.780+0000] {subprocess.py:93} INFO - 25/12/14 21:11:38 INFO SparkContext: Added file file:///home/spark/.ivy2/jars/commons-logging_commons-logging-1.1.3.jar at spark://b9c93a2c0a22:37427/files/commons-logging_commons-logging-1.1.3.jar with timestamp 1765746697329
[2025-12-14T21:11:38.781+0000] {subprocess.py:93} INFO - 25/12/14 21:11:38 INFO Utils: Copying /home/spark/.ivy2/jars/commons-logging_commons-logging-1.1.3.jar to /tmp/spark-5a2faec3-ceb8-4c83-9c65-4c2a6c6a74e4/userFiles-42fa20f0-8580-4c00-9aad-3e8e142d368c/commons-logging_commons-logging-1.1.3.jar
[2025-12-14T21:11:38.819+0000] {subprocess.py:93} INFO - 25/12/14 21:11:38 INFO SparkContext: Added file file:///home/spark/.ivy2/jars/org.tukaani_xz-1.9.jar at spark://b9c93a2c0a22:37427/files/org.tukaani_xz-1.9.jar with timestamp 1765746697329
[2025-12-14T21:11:38.821+0000] {subprocess.py:93} INFO - 25/12/14 21:11:38 INFO Utils: Copying /home/spark/.ivy2/jars/org.tukaani_xz-1.9.jar to /tmp/spark-5a2faec3-ceb8-4c83-9c65-4c2a6c6a74e4/userFiles-42fa20f0-8580-4c00-9aad-3e8e142d368c/org.tukaani_xz-1.9.jar
[2025-12-14T21:11:39.006+0000] {subprocess.py:93} INFO - 25/12/14 21:11:39 INFO StandaloneAppClient$ClientEndpoint: Connecting to master spark://spark-master:7077...
[2025-12-14T21:11:39.087+0000] {subprocess.py:93} INFO - 25/12/14 21:11:39 INFO TransportClientFactory: Successfully created connection to spark-master/172.18.0.5:7077 after 51 ms (0 ms spent in bootstraps)
[2025-12-14T21:11:39.234+0000] {subprocess.py:93} INFO - 25/12/14 21:11:39 INFO StandaloneSchedulerBackend: Connected to Spark cluster with app ID app-20251214211139-0002
[2025-12-14T21:11:39.242+0000] {subprocess.py:93} INFO - 25/12/14 21:11:39 INFO StandaloneAppClient$ClientEndpoint: Executor added: app-20251214211139-0002/0 on worker-20251214205119-172.18.0.6-37287 (172.18.0.6:37287) with 2 core(s)
[2025-12-14T21:11:39.260+0000] {subprocess.py:93} INFO - 25/12/14 21:11:39 INFO StandaloneSchedulerBackend: Granted executor ID app-20251214211139-0002/0 on hostPort 172.18.0.6:37287 with 2 core(s), 1024.0 MiB RAM
[2025-12-14T21:11:39.286+0000] {subprocess.py:93} INFO - 25/12/14 21:11:39 INFO Utils: Successfully started service 'org.apache.spark.network.netty.NettyBlockTransferService' on port 41481.
[2025-12-14T21:11:39.287+0000] {subprocess.py:93} INFO - 25/12/14 21:11:39 INFO NettyBlockTransferService: Server created on b9c93a2c0a22:41481
[2025-12-14T21:11:39.297+0000] {subprocess.py:93} INFO - 25/12/14 21:11:39 INFO BlockManager: Using org.apache.spark.storage.RandomBlockReplicationPolicy for block replication policy
[2025-12-14T21:11:39.319+0000] {subprocess.py:93} INFO - 25/12/14 21:11:39 INFO BlockManagerMaster: Registering BlockManager BlockManagerId(driver, b9c93a2c0a22, 41481, None)
[2025-12-14T21:11:39.342+0000] {subprocess.py:93} INFO - 25/12/14 21:11:39 INFO BlockManagerMasterEndpoint: Registering block manager b9c93a2c0a22:41481 with 434.4 MiB RAM, BlockManagerId(driver, b9c93a2c0a22, 41481, None)
[2025-12-14T21:11:39.345+0000] {subprocess.py:93} INFO - 25/12/14 21:11:39 INFO BlockManagerMaster: Registered BlockManager BlockManagerId(driver, b9c93a2c0a22, 41481, None)
[2025-12-14T21:11:39.356+0000] {subprocess.py:93} INFO - 25/12/14 21:11:39 INFO BlockManager: Initialized BlockManager: BlockManagerId(driver, b9c93a2c0a22, 41481, None)
[2025-12-14T21:11:39.379+0000] {subprocess.py:93} INFO - 25/12/14 21:11:39 INFO StandaloneAppClient$ClientEndpoint: Executor updated: app-20251214211139-0002/0 is now RUNNING
[2025-12-14T21:11:39.945+0000] {subprocess.py:93} INFO - 25/12/14 21:11:39 INFO StandaloneSchedulerBackend: SchedulerBackend is ready for scheduling beginning after reached minRegisteredResourcesRatio: 0.0
[2025-12-14T21:11:47.018+0000] {subprocess.py:93} INFO - 25/12/14 21:11:47 WARN HiveConf: HiveConf of name hive.stats.jdbc.timeout does not exist
[2025-12-14T21:11:47.025+0000] {subprocess.py:93} INFO - 25/12/14 21:11:47 WARN HiveConf: HiveConf of name hive.stats.retries.wait does not exist
[2025-12-14T21:11:50.839+0000] {subprocess.py:93} INFO - 25/12/14 21:11:50 WARN ObjectStore: Version information not found in metastore. hive.metastore.schema.verification is not enabled so recording the schema version 2.3.0
[2025-12-14T21:11:50.840+0000] {subprocess.py:93} INFO - 25/12/14 21:11:50 WARN ObjectStore: setMetaStoreSchemaVersion called but recording version is disabled: version = 2.3.0, comment = Set by MetaStore UNKNOWN@172.18.0.5
[2025-12-14T21:11:51.761+0000] {subprocess.py:93} INFO - 25/12/14 21:11:51 WARN SessionState: METASTORE_FILTER_HOOK will be ignored, since hive.security.authorization.manager is set to instance of HiveAuthorizerFactory.
[2025-12-14T21:11:56.133+0000] {subprocess.py:93} INFO - 25/12/14 21:11:56 WARN ClientUtils: Couldn't resolve server kafka:29092 from bootstrap.servers as DNS resolution failed for kafka
[2025-12-14T21:11:56.335+0000] {subprocess.py:93} INFO - Traceback (most recent call last):
[2025-12-14T21:11:56.335+0000] {subprocess.py:93} INFO -   File "/opt/spark/jobs/batch_layer.py", line 70, in <module>
[2025-12-14T21:11:56.339+0000] {subprocess.py:93} INFO -     rates_df.write \
[2025-12-14T21:11:56.339+0000] {subprocess.py:93} INFO -   File "/opt/spark/python/lib/pyspark.zip/pyspark/sql/readwriter.py", line 1586, in saveAsTable
[2025-12-14T21:11:56.341+0000] {subprocess.py:93} INFO -   File "/opt/spark/python/lib/py4j-0.10.9.7-src.zip/py4j/java_gateway.py", line 1322, in __call__
[2025-12-14T21:11:56.342+0000] {subprocess.py:93} INFO -   File "/opt/spark/python/lib/pyspark.zip/pyspark/errors/exceptions/captured.py", line 179, in deco
[2025-12-14T21:11:56.344+0000] {subprocess.py:93} INFO -   File "/opt/spark/python/lib/py4j-0.10.9.7-src.zip/py4j/protocol.py", line 326, in get_return_value
[2025-12-14T21:11:56.395+0000] {subprocess.py:93} INFO - py4j.protocol.Py4JJavaError: An error occurred while calling o65.saveAsTable.
[2025-12-14T21:11:56.396+0000] {subprocess.py:93} INFO - : org.apache.kafka.common.KafkaException: Failed to create new KafkaAdminClient
[2025-12-14T21:11:56.397+0000] {subprocess.py:93} INFO - 	at org.apache.kafka.clients.admin.KafkaAdminClient.createInternal(KafkaAdminClient.java:551)
[2025-12-14T21:11:56.397+0000] {subprocess.py:93} INFO - 	at org.apache.kafka.clients.admin.Admin.create(Admin.java:144)
[2025-12-14T21:11:56.398+0000] {subprocess.py:93} INFO - 	at org.apache.spark.sql.kafka010.ConsumerStrategy.createAdmin(ConsumerStrategy.scala:50)
[2025-12-14T21:11:56.398+0000] {subprocess.py:93} INFO - 	at org.apache.spark.sql.kafka010.ConsumerStrategy.createAdmin$(ConsumerStrategy.scala:47)
[2025-12-14T21:11:56.399+0000] {subprocess.py:93} INFO - 	at org.apache.spark.sql.kafka010.SubscribeStrategy.createAdmin(ConsumerStrategy.scala:102)
[2025-12-14T21:11:56.399+0000] {subprocess.py:93} INFO - 	at org.apache.spark.sql.kafka010.KafkaOffsetReaderAdmin.admin(KafkaOffsetReaderAdmin.scala:70)
[2025-12-14T21:11:56.400+0000] {subprocess.py:93} INFO - 	at org.apache.spark.sql.kafka010.KafkaOffsetReaderAdmin.fetchPartitionOffsets(KafkaOffsetReaderAdmin.scala:128)
[2025-12-14T21:11:56.400+0000] {subprocess.py:93} INFO - 	at org.apache.spark.sql.kafka010.KafkaOffsetReaderAdmin.getOffsetRangesFromUnresolvedOffsets(KafkaOffsetReaderAdmin.scala:374)
[2025-12-14T21:11:56.401+0000] {subprocess.py:93} INFO - 	at org.apache.spark.sql.kafka010.KafkaRelation.buildScan(KafkaRelation.scala:67)
[2025-12-14T21:11:56.401+0000] {subprocess.py:93} INFO - 	at org.apache.spark.sql.execution.datasources.DataSourceStrategy$.apply(DataSourceStrategy.scala:349)
[2025-12-14T21:11:56.401+0000] {subprocess.py:93} INFO - 	at org.apache.spark.sql.catalyst.planning.QueryPlanner.$anonfun$plan$1(QueryPlanner.scala:63)
[2025-12-14T21:11:56.402+0000] {subprocess.py:93} INFO - 	at scala.collection.Iterator$$anon$11.nextCur(Iterator.scala:486)
[2025-12-14T21:11:56.402+0000] {subprocess.py:93} INFO - 	at scala.collection.Iterator$$anon$11.hasNext(Iterator.scala:492)
[2025-12-14T21:11:56.403+0000] {subprocess.py:93} INFO - 	at scala.collection.Iterator$$anon$11.hasNext(Iterator.scala:491)
[2025-12-14T21:11:56.403+0000] {subprocess.py:93} INFO - 	at org.apache.spark.sql.catalyst.planning.QueryPlanner.plan(QueryPlanner.scala:93)
[2025-12-14T21:11:56.404+0000] {subprocess.py:93} INFO - 	at org.apache.spark.sql.execution.SparkStrategies.plan(SparkStrategies.scala:70)
[2025-12-14T21:11:56.404+0000] {subprocess.py:93} INFO - 	at org.apache.spark.sql.catalyst.planning.QueryPlanner.$anonfun$plan$3(QueryPlanner.scala:78)
[2025-12-14T21:11:56.405+0000] {subprocess.py:93} INFO - 	at scala.collection.TraversableOnce$folder$1.apply(TraversableOnce.scala:196)
[2025-12-14T21:11:56.405+0000] {subprocess.py:93} INFO - 	at scala.collection.TraversableOnce$folder$1.apply(TraversableOnce.scala:194)
[2025-12-14T21:11:56.405+0000] {subprocess.py:93} INFO - 	at scala.collection.Iterator.foreach(Iterator.scala:943)
[2025-12-14T21:11:56.406+0000] {subprocess.py:93} INFO - 	at scala.collection.Iterator.foreach$(Iterator.scala:943)
[2025-12-14T21:11:56.406+0000] {subprocess.py:93} INFO - 	at scala.collection.AbstractIterator.foreach(Iterator.scala:1431)
[2025-12-14T21:11:56.407+0000] {subprocess.py:93} INFO - 	at scala.collection.TraversableOnce.foldLeft(TraversableOnce.scala:199)
[2025-12-14T21:11:56.407+0000] {subprocess.py:93} INFO - 	at scala.collection.TraversableOnce.foldLeft$(TraversableOnce.scala:192)
[2025-12-14T21:11:56.407+0000] {subprocess.py:93} INFO - 	at scala.collection.AbstractIterator.foldLeft(Iterator.scala:1431)
[2025-12-14T21:11:56.408+0000] {subprocess.py:93} INFO - 	at org.apache.spark.sql.catalyst.planning.QueryPlanner.$anonfun$plan$2(QueryPlanner.scala:75)
[2025-12-14T21:11:56.408+0000] {subprocess.py:93} INFO - 	at scala.collection.Iterator$$anon$11.nextCur(Iterator.scala:486)
[2025-12-14T21:11:56.409+0000] {subprocess.py:93} INFO - 	at scala.collection.Iterator$$anon$11.hasNext(Iterator.scala:492)
[2025-12-14T21:11:56.409+0000] {subprocess.py:93} INFO - 	at org.apache.spark.sql.catalyst.planning.QueryPlanner.plan(QueryPlanner.scala:93)
[2025-12-14T21:11:56.409+0000] {subprocess.py:93} INFO - 	at org.apache.spark.sql.execution.SparkStrategies.plan(SparkStrategies.scala:70)
[2025-12-14T21:11:56.410+0000] {subprocess.py:93} INFO - 	at org.apache.spark.sql.catalyst.planning.QueryPlanner.$anonfun$plan$3(QueryPlanner.scala:78)
[2025-12-14T21:11:56.410+0000] {subprocess.py:93} INFO - 	at scala.collection.TraversableOnce$folder$1.apply(TraversableOnce.scala:196)
[2025-12-14T21:11:56.411+0000] {subprocess.py:93} INFO - 	at scala.collection.TraversableOnce$folder$1.apply(TraversableOnce.scala:194)
[2025-12-14T21:11:56.411+0000] {subprocess.py:93} INFO - 	at scala.collection.Iterator.foreach(Iterator.scala:943)
[2025-12-14T21:11:56.411+0000] {subprocess.py:93} INFO - 	at scala.collection.Iterator.foreach$(Iterator.scala:943)
[2025-12-14T21:11:56.411+0000] {subprocess.py:93} INFO - 	at scala.collection.AbstractIterator.foreach(Iterator.scala:1431)
[2025-12-14T21:11:56.412+0000] {subprocess.py:93} INFO - 	at scala.collection.TraversableOnce.foldLeft(TraversableOnce.scala:199)
[2025-12-14T21:11:56.412+0000] {subprocess.py:93} INFO - 	at scala.collection.TraversableOnce.foldLeft$(TraversableOnce.scala:192)
[2025-12-14T21:11:56.413+0000] {subprocess.py:93} INFO - 	at scala.collection.AbstractIterator.foldLeft(Iterator.scala:1431)
[2025-12-14T21:11:56.413+0000] {subprocess.py:93} INFO - 	at org.apache.spark.sql.catalyst.planning.QueryPlanner.$anonfun$plan$2(QueryPlanner.scala:75)
[2025-12-14T21:11:56.413+0000] {subprocess.py:93} INFO - 	at scala.collection.Iterator$$anon$11.nextCur(Iterator.scala:486)
[2025-12-14T21:11:56.414+0000] {subprocess.py:93} INFO - 	at scala.collection.Iterator$$anon$11.hasNext(Iterator.scala:492)
[2025-12-14T21:11:56.414+0000] {subprocess.py:93} INFO - 	at org.apache.spark.sql.catalyst.planning.QueryPlanner.plan(QueryPlanner.scala:93)
[2025-12-14T21:11:56.414+0000] {subprocess.py:93} INFO - 	at org.apache.spark.sql.execution.SparkStrategies.plan(SparkStrategies.scala:70)
[2025-12-14T21:11:56.415+0000] {subprocess.py:93} INFO - 	at org.apache.spark.sql.catalyst.planning.QueryPlanner.$anonfun$plan$3(QueryPlanner.scala:78)
[2025-12-14T21:11:56.415+0000] {subprocess.py:93} INFO - 	at scala.collection.TraversableOnce$folder$1.apply(TraversableOnce.scala:196)
[2025-12-14T21:11:56.415+0000] {subprocess.py:93} INFO - 	at scala.collection.TraversableOnce$folder$1.apply(TraversableOnce.scala:194)
[2025-12-14T21:11:56.416+0000] {subprocess.py:93} INFO - 	at scala.collection.Iterator.foreach(Iterator.scala:943)
[2025-12-14T21:11:56.416+0000] {subprocess.py:93} INFO - 	at scala.collection.Iterator.foreach$(Iterator.scala:943)
[2025-12-14T21:11:56.416+0000] {subprocess.py:93} INFO - 	at scala.collection.AbstractIterator.foreach(Iterator.scala:1431)
[2025-12-14T21:11:56.417+0000] {subprocess.py:93} INFO - 	at scala.collection.TraversableOnce.foldLeft(TraversableOnce.scala:199)
[2025-12-14T21:11:56.417+0000] {subprocess.py:93} INFO - 	at scala.collection.TraversableOnce.foldLeft$(TraversableOnce.scala:192)
[2025-12-14T21:11:56.417+0000] {subprocess.py:93} INFO - 	at scala.collection.AbstractIterator.foldLeft(Iterator.scala:1431)
[2025-12-14T21:11:56.417+0000] {subprocess.py:93} INFO - 	at org.apache.spark.sql.catalyst.planning.QueryPlanner.$anonfun$plan$2(QueryPlanner.scala:75)
[2025-12-14T21:11:56.418+0000] {subprocess.py:93} INFO - 	at scala.collection.Iterator$$anon$11.nextCur(Iterator.scala:486)
[2025-12-14T21:11:56.418+0000] {subprocess.py:93} INFO - 	at scala.collection.Iterator$$anon$11.hasNext(Iterator.scala:492)
[2025-12-14T21:11:56.418+0000] {subprocess.py:93} INFO - 	at org.apache.spark.sql.catalyst.planning.QueryPlanner.plan(QueryPlanner.scala:93)
[2025-12-14T21:11:56.419+0000] {subprocess.py:93} INFO - 	at org.apache.spark.sql.execution.SparkStrategies.plan(SparkStrategies.scala:70)
[2025-12-14T21:11:56.419+0000] {subprocess.py:93} INFO - 	at org.apache.spark.sql.catalyst.planning.QueryPlanner.$anonfun$plan$3(QueryPlanner.scala:78)
[2025-12-14T21:11:56.419+0000] {subprocess.py:93} INFO - 	at scala.collection.TraversableOnce$folder$1.apply(TraversableOnce.scala:196)
[2025-12-14T21:11:56.420+0000] {subprocess.py:93} INFO - 	at scala.collection.TraversableOnce$folder$1.apply(TraversableOnce.scala:194)
[2025-12-14T21:11:56.420+0000] {subprocess.py:93} INFO - 	at scala.collection.Iterator.foreach(Iterator.scala:943)
[2025-12-14T21:11:56.420+0000] {subprocess.py:93} INFO - 	at scala.collection.Iterator.foreach$(Iterator.scala:943)
[2025-12-14T21:11:56.421+0000] {subprocess.py:93} INFO - 	at scala.collection.AbstractIterator.foreach(Iterator.scala:1431)
[2025-12-14T21:11:56.421+0000] {subprocess.py:93} INFO - 	at scala.collection.TraversableOnce.foldLeft(TraversableOnce.scala:199)
[2025-12-14T21:11:56.421+0000] {subprocess.py:93} INFO - 	at scala.collection.TraversableOnce.foldLeft$(TraversableOnce.scala:192)
[2025-12-14T21:11:56.422+0000] {subprocess.py:93} INFO - 	at scala.collection.AbstractIterator.foldLeft(Iterator.scala:1431)
[2025-12-14T21:11:56.422+0000] {subprocess.py:93} INFO - 	at org.apache.spark.sql.catalyst.planning.QueryPlanner.$anonfun$plan$2(QueryPlanner.scala:75)
[2025-12-14T21:11:56.422+0000] {subprocess.py:93} INFO - 	at scala.collection.Iterator$$anon$11.nextCur(Iterator.scala:486)
[2025-12-14T21:11:56.423+0000] {subprocess.py:93} INFO - 	at scala.collection.Iterator$$anon$11.hasNext(Iterator.scala:492)
[2025-12-14T21:11:56.423+0000] {subprocess.py:93} INFO - 	at org.apache.spark.sql.catalyst.planning.QueryPlanner.plan(QueryPlanner.scala:93)
[2025-12-14T21:11:56.423+0000] {subprocess.py:93} INFO - 	at org.apache.spark.sql.execution.SparkStrategies.plan(SparkStrategies.scala:70)
[2025-12-14T21:11:56.424+0000] {subprocess.py:93} INFO - 	at org.apache.spark.sql.catalyst.planning.QueryPlanner.$anonfun$plan$3(QueryPlanner.scala:78)
[2025-12-14T21:11:56.424+0000] {subprocess.py:93} INFO - 	at scala.collection.TraversableOnce$folder$1.apply(TraversableOnce.scala:196)
[2025-12-14T21:11:56.424+0000] {subprocess.py:93} INFO - 	at scala.collection.TraversableOnce$folder$1.apply(TraversableOnce.scala:194)
[2025-12-14T21:11:56.424+0000] {subprocess.py:93} INFO - 	at scala.collection.Iterator.foreach(Iterator.scala:943)
[2025-12-14T21:11:56.425+0000] {subprocess.py:93} INFO - 	at scala.collection.Iterator.foreach$(Iterator.scala:943)
[2025-12-14T21:11:56.425+0000] {subprocess.py:93} INFO - 	at scala.collection.AbstractIterator.foreach(Iterator.scala:1431)
[2025-12-14T21:11:56.425+0000] {subprocess.py:93} INFO - 	at scala.collection.TraversableOnce.foldLeft(TraversableOnce.scala:199)
[2025-12-14T21:11:56.426+0000] {subprocess.py:93} INFO - 	at scala.collection.TraversableOnce.foldLeft$(TraversableOnce.scala:192)
[2025-12-14T21:11:56.426+0000] {subprocess.py:93} INFO - 	at scala.collection.AbstractIterator.foldLeft(Iterator.scala:1431)
[2025-12-14T21:11:56.427+0000] {subprocess.py:93} INFO - 	at org.apache.spark.sql.catalyst.planning.QueryPlanner.$anonfun$plan$2(QueryPlanner.scala:75)
[2025-12-14T21:11:56.427+0000] {subprocess.py:93} INFO - 	at scala.collection.Iterator$$anon$11.nextCur(Iterator.scala:486)
[2025-12-14T21:11:56.427+0000] {subprocess.py:93} INFO - 	at scala.collection.Iterator$$anon$11.hasNext(Iterator.scala:492)
[2025-12-14T21:11:56.428+0000] {subprocess.py:93} INFO - 	at org.apache.spark.sql.catalyst.planning.QueryPlanner.plan(QueryPlanner.scala:93)
[2025-12-14T21:11:56.429+0000] {subprocess.py:93} INFO - 	at org.apache.spark.sql.execution.SparkStrategies.plan(SparkStrategies.scala:70)
[2025-12-14T21:11:56.430+0000] {subprocess.py:93} INFO - 	at org.apache.spark.sql.catalyst.planning.QueryPlanner.$anonfun$plan$3(QueryPlanner.scala:78)
[2025-12-14T21:11:56.430+0000] {subprocess.py:93} INFO - 	at scala.collection.TraversableOnce$folder$1.apply(TraversableOnce.scala:196)
[2025-12-14T21:11:56.431+0000] {subprocess.py:93} INFO - 	at scala.collection.TraversableOnce$folder$1.apply(TraversableOnce.scala:194)
[2025-12-14T21:11:56.431+0000] {subprocess.py:93} INFO - 	at scala.collection.Iterator.foreach(Iterator.scala:943)
[2025-12-14T21:11:56.431+0000] {subprocess.py:93} INFO - 	at scala.collection.Iterator.foreach$(Iterator.scala:943)
[2025-12-14T21:11:56.432+0000] {subprocess.py:93} INFO - 	at scala.collection.AbstractIterator.foreach(Iterator.scala:1431)
[2025-12-14T21:11:56.432+0000] {subprocess.py:93} INFO - 	at scala.collection.TraversableOnce.foldLeft(TraversableOnce.scala:199)
[2025-12-14T21:11:56.433+0000] {subprocess.py:93} INFO - 	at scala.collection.TraversableOnce.foldLeft$(TraversableOnce.scala:192)
[2025-12-14T21:11:56.433+0000] {subprocess.py:93} INFO - 	at scala.collection.AbstractIterator.foldLeft(Iterator.scala:1431)
[2025-12-14T21:11:56.434+0000] {subprocess.py:93} INFO - 	at org.apache.spark.sql.catalyst.planning.QueryPlanner.$anonfun$plan$2(QueryPlanner.scala:75)
[2025-12-14T21:11:56.434+0000] {subprocess.py:93} INFO - 	at scala.collection.Iterator$$anon$11.nextCur(Iterator.scala:486)
[2025-12-14T21:11:56.435+0000] {subprocess.py:93} INFO - 	at scala.collection.Iterator$$anon$11.hasNext(Iterator.scala:492)
[2025-12-14T21:11:56.436+0000] {subprocess.py:93} INFO - 	at org.apache.spark.sql.catalyst.planning.QueryPlanner.plan(QueryPlanner.scala:93)
[2025-12-14T21:11:56.436+0000] {subprocess.py:93} INFO - 	at org.apache.spark.sql.execution.SparkStrategies.plan(SparkStrategies.scala:70)
[2025-12-14T21:11:56.437+0000] {subprocess.py:93} INFO - 	at org.apache.spark.sql.execution.QueryExecution$.createSparkPlan(QueryExecution.scala:496)
[2025-12-14T21:11:56.438+0000] {subprocess.py:93} INFO - 	at org.apache.spark.sql.execution.QueryExecution.$anonfun$sparkPlan$1(QueryExecution.scala:171)
[2025-12-14T21:11:56.439+0000] {subprocess.py:93} INFO - 	at org.apache.spark.sql.catalyst.QueryPlanningTracker.measurePhase(QueryPlanningTracker.scala:138)
[2025-12-14T21:11:56.439+0000] {subprocess.py:93} INFO - 	at org.apache.spark.sql.execution.QueryExecution.$anonfun$executePhase$2(QueryExecution.scala:219)
[2025-12-14T21:11:56.440+0000] {subprocess.py:93} INFO - 	at org.apache.spark.sql.execution.QueryExecution$.withInternalError(QueryExecution.scala:546)
[2025-12-14T21:11:56.441+0000] {subprocess.py:93} INFO - 	at org.apache.spark.sql.execution.QueryExecution.$anonfun$executePhase$1(QueryExecution.scala:219)
[2025-12-14T21:11:56.445+0000] {subprocess.py:93} INFO - 	at org.apache.spark.sql.SparkSession.withActive(SparkSession.scala:900)
[2025-12-14T21:11:56.448+0000] {subprocess.py:93} INFO - 	at org.apache.spark.sql.execution.QueryExecution.executePhase(QueryExecution.scala:218)
[2025-12-14T21:11:56.457+0000] {subprocess.py:93} INFO - 	at org.apache.spark.sql.execution.QueryExecution.sparkPlan$lzycompute(QueryExecution.scala:171)
[2025-12-14T21:11:56.461+0000] {subprocess.py:93} INFO - 	at org.apache.spark.sql.execution.QueryExecution.sparkPlan(QueryExecution.scala:164)
[2025-12-14T21:11:56.462+0000] {subprocess.py:93} INFO - 	at org.apache.spark.sql.execution.QueryExecution.$anonfun$executedPlan$1(QueryExecution.scala:186)
[2025-12-14T21:11:56.463+0000] {subprocess.py:93} INFO - 	at org.apache.spark.sql.catalyst.QueryPlanningTracker.measurePhase(QueryPlanningTracker.scala:138)
[2025-12-14T21:11:56.464+0000] {subprocess.py:93} INFO - 	at org.apache.spark.sql.execution.QueryExecution.$anonfun$executePhase$2(QueryExecution.scala:219)
[2025-12-14T21:11:56.466+0000] {subprocess.py:93} INFO - 	at org.apache.spark.sql.execution.QueryExecution$.withInternalError(QueryExecution.scala:546)
[2025-12-14T21:11:56.467+0000] {subprocess.py:93} INFO - 	at org.apache.spark.sql.execution.QueryExecution.$anonfun$executePhase$1(QueryExecution.scala:219)
[2025-12-14T21:11:56.468+0000] {subprocess.py:93} INFO - 	at org.apache.spark.sql.SparkSession.withActive(SparkSession.scala:900)
[2025-12-14T21:11:56.468+0000] {subprocess.py:93} INFO - 	at org.apache.spark.sql.execution.QueryExecution.executePhase(QueryExecution.scala:218)
[2025-12-14T21:11:56.469+0000] {subprocess.py:93} INFO - 	at org.apache.spark.sql.execution.QueryExecution.executedPlan$lzycompute(QueryExecution.scala:186)
[2025-12-14T21:11:56.469+0000] {subprocess.py:93} INFO - 	at org.apache.spark.sql.execution.QueryExecution.executedPlan(QueryExecution.scala:179)
[2025-12-14T21:11:56.470+0000] {subprocess.py:93} INFO - 	at org.apache.spark.sql.execution.QueryExecution.simpleString(QueryExecution.scala:238)
[2025-12-14T21:11:56.470+0000] {subprocess.py:93} INFO - 	at org.apache.spark.sql.execution.QueryExecution.org$apache$spark$sql$execution$QueryExecution$$explainString(QueryExecution.scala:284)
[2025-12-14T21:11:56.471+0000] {subprocess.py:93} INFO - 	at org.apache.spark.sql.execution.QueryExecution.explainString(QueryExecution.scala:252)
[2025-12-14T21:11:56.471+0000] {subprocess.py:93} INFO - 	at org.apache.spark.sql.execution.SQLExecution$.$anonfun$withNewExecutionId$6(SQLExecution.scala:117)
[2025-12-14T21:11:56.471+0000] {subprocess.py:93} INFO - 	at org.apache.spark.sql.execution.SQLExecution$.withSQLConfPropagated(SQLExecution.scala:201)
[2025-12-14T21:11:56.472+0000] {subprocess.py:93} INFO - 	at org.apache.spark.sql.execution.SQLExecution$.$anonfun$withNewExecutionId$1(SQLExecution.scala:108)
[2025-12-14T21:11:56.472+0000] {subprocess.py:93} INFO - 	at org.apache.spark.sql.SparkSession.withActive(SparkSession.scala:900)
[2025-12-14T21:11:56.473+0000] {subprocess.py:93} INFO - 	at org.apache.spark.sql.execution.SQLExecution$.withNewExecutionId(SQLExecution.scala:66)
[2025-12-14T21:11:56.473+0000] {subprocess.py:93} INFO - 	at org.apache.spark.sql.execution.QueryExecution$$anonfun$eagerlyExecuteCommands$1.applyOrElse(QueryExecution.scala:107)
[2025-12-14T21:11:56.473+0000] {subprocess.py:93} INFO - 	at org.apache.spark.sql.execution.QueryExecution$$anonfun$eagerlyExecuteCommands$1.applyOrElse(QueryExecution.scala:98)
[2025-12-14T21:11:56.474+0000] {subprocess.py:93} INFO - 	at org.apache.spark.sql.catalyst.trees.TreeNode.$anonfun$transformDownWithPruning$1(TreeNode.scala:461)
[2025-12-14T21:11:56.474+0000] {subprocess.py:93} INFO - 	at org.apache.spark.sql.catalyst.trees.CurrentOrigin$.withOrigin(origin.scala:76)
[2025-12-14T21:11:56.475+0000] {subprocess.py:93} INFO - 	at org.apache.spark.sql.catalyst.trees.TreeNode.transformDownWithPruning(TreeNode.scala:461)
[2025-12-14T21:11:56.475+0000] {subprocess.py:93} INFO - 	at org.apache.spark.sql.catalyst.plans.logical.LogicalPlan.org$apache$spark$sql$catalyst$plans$logical$AnalysisHelper$$super$transformDownWithPruning(LogicalPlan.scala:32)
[2025-12-14T21:11:56.475+0000] {subprocess.py:93} INFO - 	at org.apache.spark.sql.catalyst.plans.logical.AnalysisHelper.transformDownWithPruning(AnalysisHelper.scala:267)
[2025-12-14T21:11:56.476+0000] {subprocess.py:93} INFO - 	at org.apache.spark.sql.catalyst.plans.logical.AnalysisHelper.transformDownWithPruning$(AnalysisHelper.scala:263)
[2025-12-14T21:11:56.476+0000] {subprocess.py:93} INFO - 	at org.apache.spark.sql.catalyst.plans.logical.LogicalPlan.transformDownWithPruning(LogicalPlan.scala:32)
[2025-12-14T21:11:56.477+0000] {subprocess.py:93} INFO - 	at org.apache.spark.sql.catalyst.plans.logical.LogicalPlan.transformDownWithPruning(LogicalPlan.scala:32)
[2025-12-14T21:11:56.478+0000] {subprocess.py:93} INFO - 	at org.apache.spark.sql.catalyst.trees.TreeNode.transformDown(TreeNode.scala:437)
[2025-12-14T21:11:56.479+0000] {subprocess.py:93} INFO - 	at org.apache.spark.sql.execution.QueryExecution.eagerlyExecuteCommands(QueryExecution.scala:98)
[2025-12-14T21:11:56.482+0000] {subprocess.py:93} INFO - 	at org.apache.spark.sql.execution.QueryExecution.commandExecuted$lzycompute(QueryExecution.scala:85)
[2025-12-14T21:11:56.483+0000] {subprocess.py:93} INFO - 	at org.apache.spark.sql.execution.QueryExecution.commandExecuted(QueryExecution.scala:83)
[2025-12-14T21:11:56.484+0000] {subprocess.py:93} INFO - 	at org.apache.spark.sql.execution.QueryExecution.assertCommandExecuted(QueryExecution.scala:142)
[2025-12-14T21:11:56.485+0000] {subprocess.py:93} INFO - 	at org.apache.spark.sql.hive.execution.CreateHiveTableAsSelectCommand.run(CreateHiveTableAsSelectCommand.scala:65)
[2025-12-14T21:11:56.486+0000] {subprocess.py:93} INFO - 	at org.apache.spark.sql.execution.command.ExecutedCommandExec.sideEffectResult$lzycompute(commands.scala:75)
[2025-12-14T21:11:56.487+0000] {subprocess.py:93} INFO - 	at org.apache.spark.sql.execution.command.ExecutedCommandExec.sideEffectResult(commands.scala:73)
[2025-12-14T21:11:56.493+0000] {subprocess.py:93} INFO - 	at org.apache.spark.sql.execution.command.ExecutedCommandExec.executeCollect(commands.scala:84)
[2025-12-14T21:11:56.494+0000] {subprocess.py:93} INFO - 	at org.apache.spark.sql.execution.QueryExecution$$anonfun$eagerlyExecuteCommands$1.$anonfun$applyOrElse$1(QueryExecution.scala:107)
[2025-12-14T21:11:56.495+0000] {subprocess.py:93} INFO - 	at org.apache.spark.sql.execution.SQLExecution$.$anonfun$withNewExecutionId$6(SQLExecution.scala:125)
[2025-12-14T21:11:56.496+0000] {subprocess.py:93} INFO - 	at org.apache.spark.sql.execution.SQLExecution$.withSQLConfPropagated(SQLExecution.scala:201)
[2025-12-14T21:11:56.496+0000] {subprocess.py:93} INFO - 	at org.apache.spark.sql.execution.SQLExecution$.$anonfun$withNewExecutionId$1(SQLExecution.scala:108)
[2025-12-14T21:11:56.497+0000] {subprocess.py:93} INFO - 	at org.apache.spark.sql.SparkSession.withActive(SparkSession.scala:900)
[2025-12-14T21:11:56.498+0000] {subprocess.py:93} INFO - 	at org.apache.spark.sql.execution.SQLExecution$.withNewExecutionId(SQLExecution.scala:66)
[2025-12-14T21:11:56.498+0000] {subprocess.py:93} INFO - 	at org.apache.spark.sql.execution.QueryExecution$$anonfun$eagerlyExecuteCommands$1.applyOrElse(QueryExecution.scala:107)
[2025-12-14T21:11:56.499+0000] {subprocess.py:93} INFO - 	at org.apache.spark.sql.execution.QueryExecution$$anonfun$eagerlyExecuteCommands$1.applyOrElse(QueryExecution.scala:98)
[2025-12-14T21:11:56.500+0000] {subprocess.py:93} INFO - 	at org.apache.spark.sql.catalyst.trees.TreeNode.$anonfun$transformDownWithPruning$1(TreeNode.scala:461)
[2025-12-14T21:11:56.501+0000] {subprocess.py:93} INFO - 	at org.apache.spark.sql.catalyst.trees.CurrentOrigin$.withOrigin(origin.scala:76)
[2025-12-14T21:11:56.502+0000] {subprocess.py:93} INFO - 	at org.apache.spark.sql.catalyst.trees.TreeNode.transformDownWithPruning(TreeNode.scala:461)
[2025-12-14T21:11:56.506+0000] {subprocess.py:93} INFO - 	at org.apache.spark.sql.catalyst.plans.logical.LogicalPlan.org$apache$spark$sql$catalyst$plans$logical$AnalysisHelper$$super$transformDownWithPruning(LogicalPlan.scala:32)
[2025-12-14T21:11:56.509+0000] {subprocess.py:93} INFO - 	at org.apache.spark.sql.catalyst.plans.logical.AnalysisHelper.transformDownWithPruning(AnalysisHelper.scala:267)
[2025-12-14T21:11:56.510+0000] {subprocess.py:93} INFO - 	at org.apache.spark.sql.catalyst.plans.logical.AnalysisHelper.transformDownWithPruning$(AnalysisHelper.scala:263)
[2025-12-14T21:11:56.511+0000] {subprocess.py:93} INFO - 	at org.apache.spark.sql.catalyst.plans.logical.LogicalPlan.transformDownWithPruning(LogicalPlan.scala:32)
[2025-12-14T21:11:56.511+0000] {subprocess.py:93} INFO - 	at org.apache.spark.sql.catalyst.plans.logical.LogicalPlan.transformDownWithPruning(LogicalPlan.scala:32)
[2025-12-14T21:11:56.512+0000] {subprocess.py:93} INFO - 	at org.apache.spark.sql.catalyst.trees.TreeNode.transformDown(TreeNode.scala:437)
[2025-12-14T21:11:56.513+0000] {subprocess.py:93} INFO - 	at org.apache.spark.sql.execution.QueryExecution.eagerlyExecuteCommands(QueryExecution.scala:98)
[2025-12-14T21:11:56.520+0000] {subprocess.py:93} INFO - 	at org.apache.spark.sql.execution.QueryExecution.commandExecuted$lzycompute(QueryExecution.scala:85)
[2025-12-14T21:11:56.527+0000] {subprocess.py:93} INFO - 	at org.apache.spark.sql.execution.QueryExecution.commandExecuted(QueryExecution.scala:83)
[2025-12-14T21:11:56.532+0000] {subprocess.py:93} INFO - 	at org.apache.spark.sql.execution.QueryExecution.assertCommandExecuted(QueryExecution.scala:142)
[2025-12-14T21:11:56.534+0000] {subprocess.py:93} INFO - 	at org.apache.spark.sql.DataFrameWriter.runCommand(DataFrameWriter.scala:859)
[2025-12-14T21:11:56.545+0000] {subprocess.py:93} INFO - 	at org.apache.spark.sql.DataFrameWriter.createTable(DataFrameWriter.scala:700)
[2025-12-14T21:11:56.546+0000] {subprocess.py:93} INFO - 	at org.apache.spark.sql.DataFrameWriter.saveAsTable(DataFrameWriter.scala:678)
[2025-12-14T21:11:56.547+0000] {subprocess.py:93} INFO - 	at org.apache.spark.sql.DataFrameWriter.saveAsTable(DataFrameWriter.scala:571)
[2025-12-14T21:11:56.548+0000] {subprocess.py:93} INFO - 	at java.base/jdk.internal.reflect.NativeMethodAccessorImpl.invoke0(Native Method)
[2025-12-14T21:11:56.549+0000] {subprocess.py:93} INFO - 	at java.base/jdk.internal.reflect.NativeMethodAccessorImpl.invoke(Unknown Source)
[2025-12-14T21:11:56.553+0000] {subprocess.py:93} INFO - 	at java.base/jdk.internal.reflect.DelegatingMethodAccessorImpl.invoke(Unknown Source)
[2025-12-14T21:11:56.555+0000] {subprocess.py:93} INFO - 	at java.base/java.lang.reflect.Method.invoke(Unknown Source)
[2025-12-14T21:11:56.556+0000] {subprocess.py:93} INFO - 	at py4j.reflection.MethodInvoker.invoke(MethodInvoker.java:244)
[2025-12-14T21:11:56.557+0000] {subprocess.py:93} INFO - 	at py4j.reflection.ReflectionEngine.invoke(ReflectionEngine.java:374)
[2025-12-14T21:11:56.559+0000] {subprocess.py:93} INFO - 	at py4j.Gateway.invoke(Gateway.java:282)
[2025-12-14T21:11:56.561+0000] {subprocess.py:93} INFO - 	at py4j.commands.AbstractCommand.invokeMethod(AbstractCommand.java:132)
[2025-12-14T21:11:56.562+0000] {subprocess.py:93} INFO - 	at py4j.commands.CallCommand.execute(CallCommand.java:79)
[2025-12-14T21:11:56.565+0000] {subprocess.py:93} INFO - 	at py4j.ClientServerConnection.waitForCommands(ClientServerConnection.java:182)
[2025-12-14T21:11:56.567+0000] {subprocess.py:93} INFO - 	at py4j.ClientServerConnection.run(ClientServerConnection.java:106)
[2025-12-14T21:11:56.568+0000] {subprocess.py:93} INFO - 	at java.base/java.lang.Thread.run(Unknown Source)
[2025-12-14T21:11:56.569+0000] {subprocess.py:93} INFO - Caused by: org.apache.kafka.common.config.ConfigException: No resolvable bootstrap urls given in bootstrap.servers
[2025-12-14T21:11:56.578+0000] {subprocess.py:93} INFO - 	at org.apache.kafka.clients.ClientUtils.parseAndValidateAddresses(ClientUtils.java:89)
[2025-12-14T21:11:56.580+0000] {subprocess.py:93} INFO - 	at org.apache.kafka.clients.ClientUtils.parseAndValidateAddresses(ClientUtils.java:48)
[2025-12-14T21:11:56.581+0000] {subprocess.py:93} INFO - 	at org.apache.kafka.clients.admin.KafkaAdminClient.createInternal(KafkaAdminClient.java:508)
[2025-12-14T21:11:56.582+0000] {subprocess.py:93} INFO - 	... 182 more
[2025-12-14T21:11:56.583+0000] {subprocess.py:93} INFO - 
[2025-12-14T21:11:56.819+0000] {subprocess.py:97} INFO - Command exited with return code 1
[2025-12-14T21:11:56.827+0000] {taskinstance.py:3301} ERROR - Task failed with exception
Traceback (most recent call last):
  File "/home/airflow/.local/lib/python3.12/site-packages/airflow/models/taskinstance.py", line 767, in _execute_task
    result = _execute_callable(context=context, **execute_callable_kwargs)
             ^^^^^^^^^^^^^^^^^^^^^^^^^^^^^^^^^^^^^^^^^^^^^^^^^^^^^^^^^^^^^
  File "/home/airflow/.local/lib/python3.12/site-packages/airflow/models/taskinstance.py", line 733, in _execute_callable
    return ExecutionCallableRunner(
           ^^^^^^^^^^^^^^^^^^^^^^^^
  File "/home/airflow/.local/lib/python3.12/site-packages/airflow/utils/operator_helpers.py", line 252, in run
    return self.func(*args, **kwargs)
           ^^^^^^^^^^^^^^^^^^^^^^^^^^
  File "/home/airflow/.local/lib/python3.12/site-packages/airflow/models/baseoperator.py", line 406, in wrapper
    return func(self, *args, **kwargs)
           ^^^^^^^^^^^^^^^^^^^^^^^^^^^
  File "/home/airflow/.local/lib/python3.12/site-packages/airflow/operators/bash.py", line 249, in execute
    raise AirflowException(
airflow.exceptions.AirflowException: Bash command failed. The command returned a non-zero exit code 1.
[2025-12-14T21:11:56.834+0000] {taskinstance.py:1225} INFO - Marking task as UP_FOR_RETRY. dag_id=batch_layer_pipeline, task_id=run_batch_layer, run_id=manual__2025-12-14T21:11:26.779518+00:00, execution_date=20251214T211126, start_date=20251214T211131, end_date=20251214T211156
[2025-12-14T21:11:56.850+0000] {taskinstance.py:340} INFO - ::group::Post task execution logs
[2025-12-14T21:11:56.851+0000] {standard_task_runner.py:124} ERROR - Failed to execute job 5 for task run_batch_layer (Bash command failed. The command returned a non-zero exit code 1.; 167)
Traceback (most recent call last):
  File "/home/airflow/.local/lib/python3.12/site-packages/airflow/task/task_runner/standard_task_runner.py", line 117, in _start_by_fork
    ret = args.func(args, dag=self.dag)
          ^^^^^^^^^^^^^^^^^^^^^^^^^^^^^
  File "/home/airflow/.local/lib/python3.12/site-packages/airflow/cli/cli_config.py", line 49, in command
    return func(*args, **kwargs)
           ^^^^^^^^^^^^^^^^^^^^^
  File "/home/airflow/.local/lib/python3.12/site-packages/airflow/utils/cli.py", line 115, in wrapper
    return f(*args, **kwargs)
           ^^^^^^^^^^^^^^^^^^
  File "/home/airflow/.local/lib/python3.12/site-packages/airflow/cli/commands/task_command.py", line 483, in task_run
    task_return_code = _run_task_by_selected_method(args, _dag, ti)
                       ^^^^^^^^^^^^^^^^^^^^^^^^^^^^^^^^^^^^^^^^^^^^
  File "/home/airflow/.local/lib/python3.12/site-packages/airflow/cli/commands/task_command.py", line 256, in _run_task_by_selected_method
    return _run_raw_task(args, ti)
           ^^^^^^^^^^^^^^^^^^^^^^^
  File "/home/airflow/.local/lib/python3.12/site-packages/airflow/cli/commands/task_command.py", line 341, in _run_raw_task
    return ti._run_raw_task(
           ^^^^^^^^^^^^^^^^^
  File "/home/airflow/.local/lib/python3.12/site-packages/airflow/utils/session.py", line 97, in wrapper
    return func(*args, session=session, **kwargs)
           ^^^^^^^^^^^^^^^^^^^^^^^^^^^^^^^^^^^^^^
  File "/home/airflow/.local/lib/python3.12/site-packages/airflow/models/taskinstance.py", line 2995, in _run_raw_task
    return _run_raw_task(
           ^^^^^^^^^^^^^^
  File "/home/airflow/.local/lib/python3.12/site-packages/airflow/models/taskinstance.py", line 273, in _run_raw_task
    TaskInstance._execute_task_with_callbacks(
  File "/home/airflow/.local/lib/python3.12/site-packages/airflow/models/taskinstance.py", line 3149, in _execute_task_with_callbacks
    result = self._execute_task(context, task_orig)
             ^^^^^^^^^^^^^^^^^^^^^^^^^^^^^^^^^^^^^^
  File "/home/airflow/.local/lib/python3.12/site-packages/airflow/models/taskinstance.py", line 3173, in _execute_task
    return _execute_task(self, context, task_orig)
           ^^^^^^^^^^^^^^^^^^^^^^^^^^^^^^^^^^^^^^^
  File "/home/airflow/.local/lib/python3.12/site-packages/airflow/models/taskinstance.py", line 767, in _execute_task
    result = _execute_callable(context=context, **execute_callable_kwargs)
             ^^^^^^^^^^^^^^^^^^^^^^^^^^^^^^^^^^^^^^^^^^^^^^^^^^^^^^^^^^^^^
  File "/home/airflow/.local/lib/python3.12/site-packages/airflow/models/taskinstance.py", line 733, in _execute_callable
    return ExecutionCallableRunner(
           ^^^^^^^^^^^^^^^^^^^^^^^^
  File "/home/airflow/.local/lib/python3.12/site-packages/airflow/utils/operator_helpers.py", line 252, in run
    return self.func(*args, **kwargs)
           ^^^^^^^^^^^^^^^^^^^^^^^^^^
  File "/home/airflow/.local/lib/python3.12/site-packages/airflow/models/baseoperator.py", line 406, in wrapper
    return func(self, *args, **kwargs)
           ^^^^^^^^^^^^^^^^^^^^^^^^^^^
  File "/home/airflow/.local/lib/python3.12/site-packages/airflow/operators/bash.py", line 249, in execute
    raise AirflowException(
airflow.exceptions.AirflowException: Bash command failed. The command returned a non-zero exit code 1.
[2025-12-14T21:11:56.873+0000] {local_task_job_runner.py:261} INFO - Task exited with return code 1
[2025-12-14T21:11:56.891+0000] {taskinstance.py:3891} INFO - 0 downstream tasks scheduled from follow-on schedule check
[2025-12-14T21:11:56.892+0000] {local_task_job_runner.py:240} INFO - ::endgroup::
