[2025-12-14T22:29:45.648+0000] {local_task_job_runner.py:123} INFO - ::group::Pre task execution logs
[2025-12-14T22:29:45.753+0000] {taskinstance.py:2603} INFO - Dependencies all met for dep_context=non-requeueable deps ti=<TaskInstance: batch_layer_pipeline.run_batch_layer scheduled__2025-12-14T21:00:00+00:00 [queued]>
[2025-12-14T22:29:45.851+0000] {taskinstance.py:2603} INFO - Dependencies all met for dep_context=requeueable deps ti=<TaskInstance: batch_layer_pipeline.run_batch_layer scheduled__2025-12-14T21:00:00+00:00 [queued]>
[2025-12-14T22:29:45.898+0000] {taskinstance.py:2856} INFO - Starting attempt 1 of 2
[2025-12-14T22:29:46.120+0000] {taskinstance.py:2879} INFO - Executing <Task(BashOperator): run_batch_layer> on 2025-12-14 21:00:00+00:00
[2025-12-14T22:29:46.149+0000] {standard_task_runner.py:72} INFO - Started process 228 to run task
[2025-12-14T22:29:46.154+0000] {standard_task_runner.py:104} INFO - Running: ['airflow', 'tasks', 'run', 'batch_layer_pipeline', 'run_batch_layer', 'scheduled__2025-12-14T21:00:00+00:00', '--job-id', '9', '--raw', '--subdir', 'DAGS_FOLDER/batch_pipeline_dag.py', '--cfg-path', '/tmp/tmpojzr8sd_']
[2025-12-14T22:29:46.241+0000] {standard_task_runner.py:105} INFO - Job 9: Subtask run_batch_layer
[2025-12-14T22:29:46.537+0000] {task_command.py:467} INFO - Running <TaskInstance: batch_layer_pipeline.run_batch_layer scheduled__2025-12-14T21:00:00+00:00 [running]> on host 137ed86f2410
[2025-12-14T22:29:47.221+0000] {taskinstance.py:3122} INFO - Exporting env vars: AIRFLOW_CTX_DAG_OWNER='airflow' AIRFLOW_CTX_DAG_ID='batch_layer_pipeline' AIRFLOW_CTX_TASK_ID='run_batch_layer' AIRFLOW_CTX_EXECUTION_DATE='2025-12-14T21:00:00+00:00' AIRFLOW_CTX_TRY_NUMBER='1' AIRFLOW_CTX_DAG_RUN_ID='scheduled__2025-12-14T21:00:00+00:00'
[2025-12-14T22:29:47.227+0000] {taskinstance.py:731} INFO - ::endgroup::
[2025-12-14T22:29:47.344+0000] {subprocess.py:63} INFO - Tmp dir root location: /tmp
[2025-12-14T22:29:47.346+0000] {subprocess.py:75} INFO - Running command: ['/usr/bin/bash', '-c', '\n        docker exec spark-master         /opt/spark/bin/spark-submit         --master spark://spark-master:7077         --driver-memory 1g         --executor-memory 1g         --packages org.apache.spark:spark-sql-kafka-0-10_2.12:3.5.0,org.apache.spark:spark-avro_2.12:3.5.0         /opt/spark/jobs/batch_layer.py\n        ']
[2025-12-14T22:29:47.382+0000] {subprocess.py:86} INFO - Output:
[2025-12-14T22:29:58.192+0000] {subprocess.py:93} INFO - :: loading settings :: url = jar:file:/opt/spark/jars/ivy-2.5.1.jar!/org/apache/ivy/core/settings/ivysettings.xml
[2025-12-14T22:29:58.380+0000] {subprocess.py:93} INFO - Ivy Default Cache set to: /home/spark/.ivy2/cache
[2025-12-14T22:29:58.381+0000] {subprocess.py:93} INFO - The jars for the packages stored in: /home/spark/.ivy2/jars
[2025-12-14T22:29:58.395+0000] {subprocess.py:93} INFO - org.apache.spark#spark-sql-kafka-0-10_2.12 added as a dependency
[2025-12-14T22:29:58.397+0000] {subprocess.py:93} INFO - org.apache.spark#spark-avro_2.12 added as a dependency
[2025-12-14T22:29:58.403+0000] {subprocess.py:93} INFO - :: resolving dependencies :: org.apache.spark#spark-submit-parent-e0be55cc-6646-4c98-bf37-7fd34f27f52a;1.0
[2025-12-14T22:29:58.405+0000] {subprocess.py:93} INFO - 	confs: [default]
[2025-12-14T22:29:58.875+0000] {subprocess.py:93} INFO - 	found org.apache.spark#spark-sql-kafka-0-10_2.12;3.5.0 in central
[2025-12-14T22:29:59.171+0000] {subprocess.py:93} INFO - 	found org.apache.spark#spark-token-provider-kafka-0-10_2.12;3.5.0 in central
[2025-12-14T22:29:59.291+0000] {subprocess.py:93} INFO - 	found org.apache.kafka#kafka-clients;3.4.1 in central
[2025-12-14T22:29:59.389+0000] {subprocess.py:93} INFO - 	found org.lz4#lz4-java;1.8.0 in central
[2025-12-14T22:29:59.453+0000] {subprocess.py:93} INFO - 	found org.xerial.snappy#snappy-java;1.1.10.3 in central
[2025-12-14T22:29:59.521+0000] {subprocess.py:93} INFO - 	found org.slf4j#slf4j-api;2.0.7 in central
[2025-12-14T22:29:59.637+0000] {subprocess.py:93} INFO - 	found org.apache.hadoop#hadoop-client-runtime;3.3.4 in central
[2025-12-14T22:29:59.729+0000] {subprocess.py:93} INFO - 	found org.apache.hadoop#hadoop-client-api;3.3.4 in central
[2025-12-14T22:29:59.785+0000] {subprocess.py:93} INFO - 	found commons-logging#commons-logging;1.1.3 in central
[2025-12-14T22:29:59.832+0000] {subprocess.py:93} INFO - 	found com.google.code.findbugs#jsr305;3.0.0 in central
[2025-12-14T22:29:59.869+0000] {subprocess.py:93} INFO - 	found org.apache.commons#commons-pool2;2.11.1 in central
[2025-12-14T22:29:59.977+0000] {subprocess.py:93} INFO - 	found org.apache.spark#spark-avro_2.12;3.5.0 in central
[2025-12-14T22:30:00.071+0000] {subprocess.py:93} INFO - 	found org.tukaani#xz;1.9 in central
[2025-12-14T22:30:00.167+0000] {subprocess.py:93} INFO - :: resolution report :: resolve 1708ms :: artifacts dl 57ms
[2025-12-14T22:30:00.169+0000] {subprocess.py:93} INFO - 	:: modules in use:
[2025-12-14T22:30:00.170+0000] {subprocess.py:93} INFO - 	com.google.code.findbugs#jsr305;3.0.0 from central in [default]
[2025-12-14T22:30:00.170+0000] {subprocess.py:93} INFO - 	commons-logging#commons-logging;1.1.3 from central in [default]
[2025-12-14T22:30:00.171+0000] {subprocess.py:93} INFO - 	org.apache.commons#commons-pool2;2.11.1 from central in [default]
[2025-12-14T22:30:00.172+0000] {subprocess.py:93} INFO - 	org.apache.hadoop#hadoop-client-api;3.3.4 from central in [default]
[2025-12-14T22:30:00.173+0000] {subprocess.py:93} INFO - 	org.apache.hadoop#hadoop-client-runtime;3.3.4 from central in [default]
[2025-12-14T22:30:00.174+0000] {subprocess.py:93} INFO - 	org.apache.kafka#kafka-clients;3.4.1 from central in [default]
[2025-12-14T22:30:00.175+0000] {subprocess.py:93} INFO - 	org.apache.spark#spark-avro_2.12;3.5.0 from central in [default]
[2025-12-14T22:30:00.176+0000] {subprocess.py:93} INFO - 	org.apache.spark#spark-sql-kafka-0-10_2.12;3.5.0 from central in [default]
[2025-12-14T22:30:00.178+0000] {subprocess.py:93} INFO - 	org.apache.spark#spark-token-provider-kafka-0-10_2.12;3.5.0 from central in [default]
[2025-12-14T22:30:00.179+0000] {subprocess.py:93} INFO - 	org.lz4#lz4-java;1.8.0 from central in [default]
[2025-12-14T22:30:00.180+0000] {subprocess.py:93} INFO - 	org.slf4j#slf4j-api;2.0.7 from central in [default]
[2025-12-14T22:30:00.181+0000] {subprocess.py:93} INFO - 	org.tukaani#xz;1.9 from central in [default]
[2025-12-14T22:30:00.182+0000] {subprocess.py:93} INFO - 	org.xerial.snappy#snappy-java;1.1.10.3 from central in [default]
[2025-12-14T22:30:00.183+0000] {subprocess.py:93} INFO - 	---------------------------------------------------------------------
[2025-12-14T22:30:00.184+0000] {subprocess.py:93} INFO - 	|                  |            modules            ||   artifacts   |
[2025-12-14T22:30:00.185+0000] {subprocess.py:93} INFO - 	|       conf       | number| search|dwnlded|evicted|| number|dwnlded|
[2025-12-14T22:30:00.186+0000] {subprocess.py:93} INFO - 	---------------------------------------------------------------------
[2025-12-14T22:30:00.186+0000] {subprocess.py:93} INFO - 	|      default     |   13  |   0   |   0   |   0   ||   13  |   0   |
[2025-12-14T22:30:00.187+0000] {subprocess.py:93} INFO - 	---------------------------------------------------------------------
[2025-12-14T22:30:00.198+0000] {subprocess.py:93} INFO - :: retrieving :: org.apache.spark#spark-submit-parent-e0be55cc-6646-4c98-bf37-7fd34f27f52a
[2025-12-14T22:30:00.202+0000] {subprocess.py:93} INFO - 	confs: [default]
[2025-12-14T22:30:00.222+0000] {subprocess.py:93} INFO - 	0 artifacts copied, 13 already retrieved (0kB/27ms)
[2025-12-14T22:30:01.752+0000] {subprocess.py:93} INFO - 25/12/14 22:30:01 WARN NativeCodeLoader: Unable to load native-hadoop library for your platform... using builtin-java classes where applicable
[2025-12-14T22:30:05.292+0000] {subprocess.py:93} INFO - 25/12/14 22:30:05 INFO SparkContext: Running Spark version 3.5.0
[2025-12-14T22:30:05.293+0000] {subprocess.py:93} INFO - 25/12/14 22:30:05 INFO SparkContext: OS info Linux, 5.15.167.4-microsoft-standard-WSL2, amd64
[2025-12-14T22:30:05.295+0000] {subprocess.py:93} INFO - 25/12/14 22:30:05 INFO SparkContext: Java version 11.0.20.1
[2025-12-14T22:30:05.390+0000] {subprocess.py:93} INFO - 25/12/14 22:30:05 INFO ResourceUtils: ==============================================================
[2025-12-14T22:30:05.400+0000] {subprocess.py:93} INFO - 25/12/14 22:30:05 INFO ResourceUtils: No custom resources configured for spark.driver.
[2025-12-14T22:30:05.406+0000] {subprocess.py:93} INFO - 25/12/14 22:30:05 INFO ResourceUtils: ==============================================================
[2025-12-14T22:30:05.412+0000] {subprocess.py:93} INFO - 25/12/14 22:30:05 INFO SparkContext: Submitted application: ExchangeRatesBatchLayer
[2025-12-14T22:30:05.567+0000] {subprocess.py:93} INFO - 25/12/14 22:30:05 INFO ResourceProfile: Default ResourceProfile created, executor resources: Map(memory -> name: memory, amount: 1024, script: , vendor: , offHeap -> name: offHeap, amount: 0, script: , vendor: ), task resources: Map(cpus -> name: cpus, amount: 1.0)
[2025-12-14T22:30:05.651+0000] {subprocess.py:93} INFO - 25/12/14 22:30:05 INFO ResourceProfile: Limiting resource is cpu
[2025-12-14T22:30:05.657+0000] {subprocess.py:93} INFO - 25/12/14 22:30:05 INFO ResourceProfileManager: Added ResourceProfile id: 0
[2025-12-14T22:30:05.829+0000] {subprocess.py:93} INFO - 25/12/14 22:30:05 INFO SecurityManager: Changing view acls to: spark
[2025-12-14T22:30:05.832+0000] {subprocess.py:93} INFO - 25/12/14 22:30:05 INFO SecurityManager: Changing modify acls to: spark
[2025-12-14T22:30:05.834+0000] {subprocess.py:93} INFO - 25/12/14 22:30:05 INFO SecurityManager: Changing view acls groups to:
[2025-12-14T22:30:05.836+0000] {subprocess.py:93} INFO - 25/12/14 22:30:05 INFO SecurityManager: Changing modify acls groups to:
[2025-12-14T22:30:05.838+0000] {subprocess.py:93} INFO - 25/12/14 22:30:05 INFO SecurityManager: SecurityManager: authentication disabled; ui acls disabled; users with view permissions: spark; groups with view permissions: EMPTY; users with modify permissions: spark; groups with modify permissions: EMPTY
[2025-12-14T22:30:06.802+0000] {subprocess.py:93} INFO - 25/12/14 22:30:06 INFO Utils: Successfully started service 'sparkDriver' on port 36715.
[2025-12-14T22:30:06.864+0000] {subprocess.py:93} INFO - 25/12/14 22:30:06 INFO SparkEnv: Registering MapOutputTracker
[2025-12-14T22:30:06.921+0000] {subprocess.py:93} INFO - 25/12/14 22:30:06 INFO SparkEnv: Registering BlockManagerMaster
[2025-12-14T22:30:06.958+0000] {subprocess.py:93} INFO - 25/12/14 22:30:06 INFO BlockManagerMasterEndpoint: Using org.apache.spark.storage.DefaultTopologyMapper for getting topology information
[2025-12-14T22:30:06.960+0000] {subprocess.py:93} INFO - 25/12/14 22:30:06 INFO BlockManagerMasterEndpoint: BlockManagerMasterEndpoint up
[2025-12-14T22:30:06.977+0000] {subprocess.py:93} INFO - 25/12/14 22:30:06 INFO SparkEnv: Registering BlockManagerMasterHeartbeat
[2025-12-14T22:30:07.019+0000] {subprocess.py:93} INFO - 25/12/14 22:30:07 INFO DiskBlockManager: Created local directory at /tmp/blockmgr-00292fe6-3fc7-44ec-b964-259f82edb37d
[2025-12-14T22:30:07.052+0000] {subprocess.py:93} INFO - 25/12/14 22:30:07 INFO MemoryStore: MemoryStore started with capacity 434.4 MiB
[2025-12-14T22:30:07.102+0000] {subprocess.py:93} INFO - 25/12/14 22:30:07 INFO SparkEnv: Registering OutputCommitCoordinator
[2025-12-14T22:30:07.498+0000] {subprocess.py:93} INFO - 25/12/14 22:30:07 INFO JettyUtils: Start Jetty 0.0.0.0:4040 for SparkUI
[2025-12-14T22:30:07.607+0000] {subprocess.py:93} INFO - 25/12/14 22:30:07 INFO Utils: Successfully started service 'SparkUI' on port 4040.
[2025-12-14T22:30:07.682+0000] {subprocess.py:93} INFO - 25/12/14 22:30:07 INFO SparkContext: Added JAR file:///home/spark/.ivy2/jars/org.apache.spark_spark-sql-kafka-0-10_2.12-3.5.0.jar at spark://a2bac326dd73:36715/jars/org.apache.spark_spark-sql-kafka-0-10_2.12-3.5.0.jar with timestamp 1765751405230
[2025-12-14T22:30:07.684+0000] {subprocess.py:93} INFO - 25/12/14 22:30:07 INFO SparkContext: Added JAR file:///home/spark/.ivy2/jars/org.apache.spark_spark-avro_2.12-3.5.0.jar at spark://a2bac326dd73:36715/jars/org.apache.spark_spark-avro_2.12-3.5.0.jar with timestamp 1765751405230
[2025-12-14T22:30:07.685+0000] {subprocess.py:93} INFO - 25/12/14 22:30:07 INFO SparkContext: Added JAR file:///home/spark/.ivy2/jars/org.apache.spark_spark-token-provider-kafka-0-10_2.12-3.5.0.jar at spark://a2bac326dd73:36715/jars/org.apache.spark_spark-token-provider-kafka-0-10_2.12-3.5.0.jar with timestamp 1765751405230
[2025-12-14T22:30:07.687+0000] {subprocess.py:93} INFO - 25/12/14 22:30:07 INFO SparkContext: Added JAR file:///home/spark/.ivy2/jars/org.apache.kafka_kafka-clients-3.4.1.jar at spark://a2bac326dd73:36715/jars/org.apache.kafka_kafka-clients-3.4.1.jar with timestamp 1765751405230
[2025-12-14T22:30:07.690+0000] {subprocess.py:93} INFO - 25/12/14 22:30:07 INFO SparkContext: Added JAR file:///home/spark/.ivy2/jars/com.google.code.findbugs_jsr305-3.0.0.jar at spark://a2bac326dd73:36715/jars/com.google.code.findbugs_jsr305-3.0.0.jar with timestamp 1765751405230
[2025-12-14T22:30:07.692+0000] {subprocess.py:93} INFO - 25/12/14 22:30:07 INFO SparkContext: Added JAR file:///home/spark/.ivy2/jars/org.apache.commons_commons-pool2-2.11.1.jar at spark://a2bac326dd73:36715/jars/org.apache.commons_commons-pool2-2.11.1.jar with timestamp 1765751405230
[2025-12-14T22:30:07.693+0000] {subprocess.py:93} INFO - 25/12/14 22:30:07 INFO SparkContext: Added JAR file:///home/spark/.ivy2/jars/org.apache.hadoop_hadoop-client-runtime-3.3.4.jar at spark://a2bac326dd73:36715/jars/org.apache.hadoop_hadoop-client-runtime-3.3.4.jar with timestamp 1765751405230
[2025-12-14T22:30:07.694+0000] {subprocess.py:93} INFO - 25/12/14 22:30:07 INFO SparkContext: Added JAR file:///home/spark/.ivy2/jars/org.lz4_lz4-java-1.8.0.jar at spark://a2bac326dd73:36715/jars/org.lz4_lz4-java-1.8.0.jar with timestamp 1765751405230
[2025-12-14T22:30:07.704+0000] {subprocess.py:93} INFO - 25/12/14 22:30:07 INFO SparkContext: Added JAR file:///home/spark/.ivy2/jars/org.xerial.snappy_snappy-java-1.1.10.3.jar at spark://a2bac326dd73:36715/jars/org.xerial.snappy_snappy-java-1.1.10.3.jar with timestamp 1765751405230
[2025-12-14T22:30:07.708+0000] {subprocess.py:93} INFO - 25/12/14 22:30:07 INFO SparkContext: Added JAR file:///home/spark/.ivy2/jars/org.slf4j_slf4j-api-2.0.7.jar at spark://a2bac326dd73:36715/jars/org.slf4j_slf4j-api-2.0.7.jar with timestamp 1765751405230
[2025-12-14T22:30:07.710+0000] {subprocess.py:93} INFO - 25/12/14 22:30:07 INFO SparkContext: Added JAR file:///home/spark/.ivy2/jars/org.apache.hadoop_hadoop-client-api-3.3.4.jar at spark://a2bac326dd73:36715/jars/org.apache.hadoop_hadoop-client-api-3.3.4.jar with timestamp 1765751405230
[2025-12-14T22:30:07.710+0000] {subprocess.py:93} INFO - 25/12/14 22:30:07 INFO SparkContext: Added JAR file:///home/spark/.ivy2/jars/commons-logging_commons-logging-1.1.3.jar at spark://a2bac326dd73:36715/jars/commons-logging_commons-logging-1.1.3.jar with timestamp 1765751405230
[2025-12-14T22:30:07.712+0000] {subprocess.py:93} INFO - 25/12/14 22:30:07 INFO SparkContext: Added JAR file:///home/spark/.ivy2/jars/org.tukaani_xz-1.9.jar at spark://a2bac326dd73:36715/jars/org.tukaani_xz-1.9.jar with timestamp 1765751405230
[2025-12-14T22:30:07.713+0000] {subprocess.py:93} INFO - 25/12/14 22:30:07 INFO SparkContext: Added file file:///home/spark/.ivy2/jars/org.apache.spark_spark-sql-kafka-0-10_2.12-3.5.0.jar at spark://a2bac326dd73:36715/files/org.apache.spark_spark-sql-kafka-0-10_2.12-3.5.0.jar with timestamp 1765751405230
[2025-12-14T22:30:07.714+0000] {subprocess.py:93} INFO - 25/12/14 22:30:07 INFO Utils: Copying /home/spark/.ivy2/jars/org.apache.spark_spark-sql-kafka-0-10_2.12-3.5.0.jar to /tmp/spark-36240523-85cc-4e4e-8b4a-faaddd7ea7a6/userFiles-aa9b14d9-8e66-423e-af21-ff68eecece37/org.apache.spark_spark-sql-kafka-0-10_2.12-3.5.0.jar
[2025-12-14T22:30:07.809+0000] {subprocess.py:93} INFO - 25/12/14 22:30:07 INFO SparkContext: Added file file:///home/spark/.ivy2/jars/org.apache.spark_spark-avro_2.12-3.5.0.jar at spark://a2bac326dd73:36715/files/org.apache.spark_spark-avro_2.12-3.5.0.jar with timestamp 1765751405230
[2025-12-14T22:30:07.817+0000] {subprocess.py:93} INFO - 25/12/14 22:30:07 INFO Utils: Copying /home/spark/.ivy2/jars/org.apache.spark_spark-avro_2.12-3.5.0.jar to /tmp/spark-36240523-85cc-4e4e-8b4a-faaddd7ea7a6/userFiles-aa9b14d9-8e66-423e-af21-ff68eecece37/org.apache.spark_spark-avro_2.12-3.5.0.jar
[2025-12-14T22:30:07.846+0000] {subprocess.py:93} INFO - 25/12/14 22:30:07 INFO SparkContext: Added file file:///home/spark/.ivy2/jars/org.apache.spark_spark-token-provider-kafka-0-10_2.12-3.5.0.jar at spark://a2bac326dd73:36715/files/org.apache.spark_spark-token-provider-kafka-0-10_2.12-3.5.0.jar with timestamp 1765751405230
[2025-12-14T22:30:07.850+0000] {subprocess.py:93} INFO - 25/12/14 22:30:07 INFO Utils: Copying /home/spark/.ivy2/jars/org.apache.spark_spark-token-provider-kafka-0-10_2.12-3.5.0.jar to /tmp/spark-36240523-85cc-4e4e-8b4a-faaddd7ea7a6/userFiles-aa9b14d9-8e66-423e-af21-ff68eecece37/org.apache.spark_spark-token-provider-kafka-0-10_2.12-3.5.0.jar
[2025-12-14T22:30:07.860+0000] {subprocess.py:93} INFO - 25/12/14 22:30:07 INFO SparkContext: Added file file:///home/spark/.ivy2/jars/org.apache.kafka_kafka-clients-3.4.1.jar at spark://a2bac326dd73:36715/files/org.apache.kafka_kafka-clients-3.4.1.jar with timestamp 1765751405230
[2025-12-14T22:30:07.864+0000] {subprocess.py:93} INFO - 25/12/14 22:30:07 INFO Utils: Copying /home/spark/.ivy2/jars/org.apache.kafka_kafka-clients-3.4.1.jar to /tmp/spark-36240523-85cc-4e4e-8b4a-faaddd7ea7a6/userFiles-aa9b14d9-8e66-423e-af21-ff68eecece37/org.apache.kafka_kafka-clients-3.4.1.jar
[2025-12-14T22:30:07.897+0000] {subprocess.py:93} INFO - 25/12/14 22:30:07 INFO SparkContext: Added file file:///home/spark/.ivy2/jars/com.google.code.findbugs_jsr305-3.0.0.jar at spark://a2bac326dd73:36715/files/com.google.code.findbugs_jsr305-3.0.0.jar with timestamp 1765751405230
[2025-12-14T22:30:07.899+0000] {subprocess.py:93} INFO - 25/12/14 22:30:07 INFO Utils: Copying /home/spark/.ivy2/jars/com.google.code.findbugs_jsr305-3.0.0.jar to /tmp/spark-36240523-85cc-4e4e-8b4a-faaddd7ea7a6/userFiles-aa9b14d9-8e66-423e-af21-ff68eecece37/com.google.code.findbugs_jsr305-3.0.0.jar
[2025-12-14T22:30:07.910+0000] {subprocess.py:93} INFO - 25/12/14 22:30:07 INFO SparkContext: Added file file:///home/spark/.ivy2/jars/org.apache.commons_commons-pool2-2.11.1.jar at spark://a2bac326dd73:36715/files/org.apache.commons_commons-pool2-2.11.1.jar with timestamp 1765751405230
[2025-12-14T22:30:07.911+0000] {subprocess.py:93} INFO - 25/12/14 22:30:07 INFO Utils: Copying /home/spark/.ivy2/jars/org.apache.commons_commons-pool2-2.11.1.jar to /tmp/spark-36240523-85cc-4e4e-8b4a-faaddd7ea7a6/userFiles-aa9b14d9-8e66-423e-af21-ff68eecece37/org.apache.commons_commons-pool2-2.11.1.jar
[2025-12-14T22:30:07.925+0000] {subprocess.py:93} INFO - 25/12/14 22:30:07 INFO SparkContext: Added file file:///home/spark/.ivy2/jars/org.apache.hadoop_hadoop-client-runtime-3.3.4.jar at spark://a2bac326dd73:36715/files/org.apache.hadoop_hadoop-client-runtime-3.3.4.jar with timestamp 1765751405230
[2025-12-14T22:30:07.926+0000] {subprocess.py:93} INFO - 25/12/14 22:30:07 INFO Utils: Copying /home/spark/.ivy2/jars/org.apache.hadoop_hadoop-client-runtime-3.3.4.jar to /tmp/spark-36240523-85cc-4e4e-8b4a-faaddd7ea7a6/userFiles-aa9b14d9-8e66-423e-af21-ff68eecece37/org.apache.hadoop_hadoop-client-runtime-3.3.4.jar
[2025-12-14T22:30:07.974+0000] {subprocess.py:93} INFO - 25/12/14 22:30:07 INFO SparkContext: Added file file:///home/spark/.ivy2/jars/org.lz4_lz4-java-1.8.0.jar at spark://a2bac326dd73:36715/files/org.lz4_lz4-java-1.8.0.jar with timestamp 1765751405230
[2025-12-14T22:30:07.975+0000] {subprocess.py:93} INFO - 25/12/14 22:30:07 INFO Utils: Copying /home/spark/.ivy2/jars/org.lz4_lz4-java-1.8.0.jar to /tmp/spark-36240523-85cc-4e4e-8b4a-faaddd7ea7a6/userFiles-aa9b14d9-8e66-423e-af21-ff68eecece37/org.lz4_lz4-java-1.8.0.jar
[2025-12-14T22:30:07.981+0000] {subprocess.py:93} INFO - 25/12/14 22:30:07 INFO SparkContext: Added file file:///home/spark/.ivy2/jars/org.xerial.snappy_snappy-java-1.1.10.3.jar at spark://a2bac326dd73:36715/files/org.xerial.snappy_snappy-java-1.1.10.3.jar with timestamp 1765751405230
[2025-12-14T22:30:07.982+0000] {subprocess.py:93} INFO - 25/12/14 22:30:07 INFO Utils: Copying /home/spark/.ivy2/jars/org.xerial.snappy_snappy-java-1.1.10.3.jar to /tmp/spark-36240523-85cc-4e4e-8b4a-faaddd7ea7a6/userFiles-aa9b14d9-8e66-423e-af21-ff68eecece37/org.xerial.snappy_snappy-java-1.1.10.3.jar
[2025-12-14T22:30:07.993+0000] {subprocess.py:93} INFO - 25/12/14 22:30:07 INFO SparkContext: Added file file:///home/spark/.ivy2/jars/org.slf4j_slf4j-api-2.0.7.jar at spark://a2bac326dd73:36715/files/org.slf4j_slf4j-api-2.0.7.jar with timestamp 1765751405230
[2025-12-14T22:30:07.994+0000] {subprocess.py:93} INFO - 25/12/14 22:30:07 INFO Utils: Copying /home/spark/.ivy2/jars/org.slf4j_slf4j-api-2.0.7.jar to /tmp/spark-36240523-85cc-4e4e-8b4a-faaddd7ea7a6/userFiles-aa9b14d9-8e66-423e-af21-ff68eecece37/org.slf4j_slf4j-api-2.0.7.jar
[2025-12-14T22:30:08.002+0000] {subprocess.py:93} INFO - 25/12/14 22:30:07 INFO SparkContext: Added file file:///home/spark/.ivy2/jars/org.apache.hadoop_hadoop-client-api-3.3.4.jar at spark://a2bac326dd73:36715/files/org.apache.hadoop_hadoop-client-api-3.3.4.jar with timestamp 1765751405230
[2025-12-14T22:30:08.004+0000] {subprocess.py:93} INFO - 25/12/14 22:30:08 INFO Utils: Copying /home/spark/.ivy2/jars/org.apache.hadoop_hadoop-client-api-3.3.4.jar to /tmp/spark-36240523-85cc-4e4e-8b4a-faaddd7ea7a6/userFiles-aa9b14d9-8e66-423e-af21-ff68eecece37/org.apache.hadoop_hadoop-client-api-3.3.4.jar
[2025-12-14T22:30:08.045+0000] {subprocess.py:93} INFO - 25/12/14 22:30:08 INFO SparkContext: Added file file:///home/spark/.ivy2/jars/commons-logging_commons-logging-1.1.3.jar at spark://a2bac326dd73:36715/files/commons-logging_commons-logging-1.1.3.jar with timestamp 1765751405230
[2025-12-14T22:30:08.046+0000] {subprocess.py:93} INFO - 25/12/14 22:30:08 INFO Utils: Copying /home/spark/.ivy2/jars/commons-logging_commons-logging-1.1.3.jar to /tmp/spark-36240523-85cc-4e4e-8b4a-faaddd7ea7a6/userFiles-aa9b14d9-8e66-423e-af21-ff68eecece37/commons-logging_commons-logging-1.1.3.jar
[2025-12-14T22:30:08.058+0000] {subprocess.py:93} INFO - 25/12/14 22:30:08 INFO SparkContext: Added file file:///home/spark/.ivy2/jars/org.tukaani_xz-1.9.jar at spark://a2bac326dd73:36715/files/org.tukaani_xz-1.9.jar with timestamp 1765751405230
[2025-12-14T22:30:08.059+0000] {subprocess.py:93} INFO - 25/12/14 22:30:08 INFO Utils: Copying /home/spark/.ivy2/jars/org.tukaani_xz-1.9.jar to /tmp/spark-36240523-85cc-4e4e-8b4a-faaddd7ea7a6/userFiles-aa9b14d9-8e66-423e-af21-ff68eecece37/org.tukaani_xz-1.9.jar
[2025-12-14T22:30:08.265+0000] {subprocess.py:93} INFO - 25/12/14 22:30:08 INFO StandaloneAppClient$ClientEndpoint: Connecting to master spark://spark-master:7077...
[2025-12-14T22:30:08.392+0000] {subprocess.py:93} INFO - 25/12/14 22:30:08 INFO TransportClientFactory: Successfully created connection to spark-master/172.19.0.7:7077 after 85 ms (0 ms spent in bootstraps)
[2025-12-14T22:30:08.781+0000] {subprocess.py:93} INFO - 25/12/14 22:30:08 INFO StandaloneSchedulerBackend: Connected to Spark cluster with app ID app-20251214223008-0004
[2025-12-14T22:30:08.813+0000] {subprocess.py:93} INFO - 25/12/14 22:30:08 INFO Utils: Successfully started service 'org.apache.spark.network.netty.NettyBlockTransferService' on port 41823.
[2025-12-14T22:30:08.815+0000] {subprocess.py:93} INFO - 25/12/14 22:30:08 INFO StandaloneAppClient$ClientEndpoint: Executor added: app-20251214223008-0004/0 on worker-20251214211957-172.19.0.8-45289 (172.19.0.8:45289) with 2 core(s)
[2025-12-14T22:30:08.843+0000] {subprocess.py:93} INFO - 25/12/14 22:30:08 INFO NettyBlockTransferService: Server created on a2bac326dd73:41823
[2025-12-14T22:30:08.847+0000] {subprocess.py:93} INFO - 25/12/14 22:30:08 INFO StandaloneSchedulerBackend: Granted executor ID app-20251214223008-0004/0 on hostPort 172.19.0.8:45289 with 2 core(s), 1024.0 MiB RAM
[2025-12-14T22:30:08.851+0000] {subprocess.py:93} INFO - 25/12/14 22:30:08 INFO BlockManager: Using org.apache.spark.storage.RandomBlockReplicationPolicy for block replication policy
[2025-12-14T22:30:08.879+0000] {subprocess.py:93} INFO - 25/12/14 22:30:08 INFO BlockManagerMaster: Registering BlockManager BlockManagerId(driver, a2bac326dd73, 41823, None)
[2025-12-14T22:30:08.909+0000] {subprocess.py:93} INFO - 25/12/14 22:30:08 INFO BlockManagerMasterEndpoint: Registering block manager a2bac326dd73:41823 with 434.4 MiB RAM, BlockManagerId(driver, a2bac326dd73, 41823, None)
[2025-12-14T22:30:08.934+0000] {subprocess.py:93} INFO - 25/12/14 22:30:08 INFO BlockManagerMaster: Registered BlockManager BlockManagerId(driver, a2bac326dd73, 41823, None)
[2025-12-14T22:30:08.942+0000] {subprocess.py:93} INFO - 25/12/14 22:30:08 INFO BlockManager: Initialized BlockManager: BlockManagerId(driver, a2bac326dd73, 41823, None)
[2025-12-14T22:30:08.990+0000] {subprocess.py:93} INFO - 25/12/14 22:30:08 INFO StandaloneAppClient$ClientEndpoint: Executor updated: app-20251214223008-0004/0 is now RUNNING
[2025-12-14T22:30:09.859+0000] {subprocess.py:93} INFO - 25/12/14 22:30:09 INFO StandaloneSchedulerBackend: SchedulerBackend is ready for scheduling beginning after reached minRegisteredResourcesRatio: 0.0
[2025-12-14T22:30:30.469+0000] {subprocess.py:93} INFO - 25/12/14 22:30:30 WARN HiveConf: HiveConf of name hive.stats.jdbc.timeout does not exist
[2025-12-14T22:30:30.480+0000] {subprocess.py:93} INFO - 25/12/14 22:30:30 WARN HiveConf: HiveConf of name hive.stats.retries.wait does not exist
[2025-12-14T22:30:40.599+0000] {subprocess.py:93} INFO - 25/12/14 22:30:40 WARN ObjectStore: Version information not found in metastore. hive.metastore.schema.verification is not enabled so recording the schema version 2.3.0
[2025-12-14T22:30:40.600+0000] {subprocess.py:93} INFO - 25/12/14 22:30:40 WARN ObjectStore: setMetaStoreSchemaVersion called but recording version is disabled: version = 2.3.0, comment = Set by MetaStore UNKNOWN@172.19.0.7
[2025-12-14T22:30:43.280+0000] {subprocess.py:93} INFO - 25/12/14 22:30:43 WARN SessionState: METASTORE_FILTER_HOOK will be ignored, since hive.security.authorization.manager is set to instance of HiveAuthorizerFactory.
[2025-12-14T22:30:43.952+0000] {subprocess.py:93} INFO - 25/12/14 22:30:43 WARN AdminClientConfig: These configurations '[key.deserializer, value.deserializer, enable.auto.commit, max.poll.records, auto.offset.reset]' were supplied but are not used yet.
[2025-12-14T22:31:08.426+0000] {subprocess.py:93} INFO - 25/12/14 22:31:08 WARN HiveConf: HiveConf of name hive.internal.ss.authz.settings.applied.marker does not exist
[2025-12-14T22:31:08.427+0000] {subprocess.py:93} INFO - 25/12/14 22:31:08 WARN HiveConf: HiveConf of name hive.stats.jdbc.timeout does not exist
[2025-12-14T22:31:08.428+0000] {subprocess.py:93} INFO - 25/12/14 22:31:08 WARN HiveConf: HiveConf of name hive.stats.retries.wait does not exist
[2025-12-14T22:31:10.204+0000] {subprocess.py:93} INFO - 25/12/14 22:31:10 WARN ObjectStore: Failed to get database global_temp, returning NoSuchObjectException
[2025-12-14T22:31:10.221+0000] {subprocess.py:93} INFO - ✅ Données insérées dans exchange_rates_master (AVRO)
[2025-12-14T22:31:18.438+0000] {subprocess.py:93} INFO - ✅ Batch view exchange_rates_daily_avg créée (PARQUET)
[2025-12-14T22:31:19.258+0000] {subprocess.py:93} INFO - 🚀 Batch Layer terminé avec succès
[2025-12-14T22:31:19.436+0000] {subprocess.py:97} INFO - Command exited with return code 0
[2025-12-14T22:31:19.489+0000] {taskinstance.py:340} INFO - ::group::Post task execution logs
[2025-12-14T22:31:19.491+0000] {taskinstance.py:352} INFO - Marking task as SUCCESS. dag_id=batch_layer_pipeline, task_id=run_batch_layer, run_id=scheduled__2025-12-14T21:00:00+00:00, execution_date=20251214T210000, start_date=20251214T222945, end_date=20251214T223119
[2025-12-14T22:31:19.582+0000] {local_task_job_runner.py:261} INFO - Task exited with return code 0
[2025-12-14T22:31:19.647+0000] {taskinstance.py:3891} INFO - 1 downstream tasks scheduled from follow-on schedule check
[2025-12-14T22:31:19.656+0000] {local_task_job_runner.py:240} INFO - ::endgroup::
