[2025-12-14T15:40:33.501+0000] {taskinstance.py:1103} INFO - Dependencies all met for dep_context=non-requeueable deps ti=<TaskInstance: exchange_rates_batch_layer.spark_batch_layer manual__2025-12-14T15:35:14.752661+00:00 [queued]>
[2025-12-14T15:40:33.524+0000] {taskinstance.py:1103} INFO - Dependencies all met for dep_context=requeueable deps ti=<TaskInstance: exchange_rates_batch_layer.spark_batch_layer manual__2025-12-14T15:35:14.752661+00:00 [queued]>
[2025-12-14T15:40:33.525+0000] {taskinstance.py:1308} INFO - Starting attempt 2 of 2
[2025-12-14T15:40:33.573+0000] {taskinstance.py:1327} INFO - Executing <Task(SparkSubmitOperator): spark_batch_layer> on 2025-12-14 15:35:14.752661+00:00
[2025-12-14T15:40:33.580+0000] {standard_task_runner.py:57} INFO - Started process 79 to run task
[2025-12-14T15:40:33.593+0000] {standard_task_runner.py:84} INFO - Running: ['airflow', 'tasks', 'run', 'exchange_rates_batch_layer', 'spark_batch_layer', 'manual__2025-12-14T15:35:14.752661+00:00', '--job-id', '16', '--raw', '--subdir', 'DAGS_FOLDER/exchange_rates_batch_dag.py', '--cfg-path', '/tmp/tmpeg3i3eyt']
[2025-12-14T15:40:33.597+0000] {standard_task_runner.py:85} INFO - Job 16: Subtask spark_batch_layer
[2025-12-14T15:40:33.711+0000] {task_command.py:410} INFO - Running <TaskInstance: exchange_rates_batch_layer.spark_batch_layer manual__2025-12-14T15:35:14.752661+00:00 [running]> on host 28da05533060
[2025-12-14T15:40:33.874+0000] {taskinstance.py:1547} INFO - Exporting env vars: AIRFLOW_CTX_DAG_OWNER='airflow' AIRFLOW_CTX_DAG_ID='exchange_rates_batch_layer' AIRFLOW_CTX_TASK_ID='spark_batch_layer' AIRFLOW_CTX_EXECUTION_DATE='2025-12-14T15:35:14.752661+00:00' AIRFLOW_CTX_TRY_NUMBER='2' AIRFLOW_CTX_DAG_RUN_ID='manual__2025-12-14T15:35:14.752661+00:00'
[2025-12-14T15:40:33.888+0000] {base.py:73} INFO - Using connection ID 'spark_default' for task execution.
[2025-12-14T15:40:33.891+0000] {spark_submit.py:339} INFO - Spark-Submit cmd: spark-submit --master spark://spark-master:7077 --packages org.apache.spark:spark-sql-kafka-0-10_2.12:3.5.0 --executor-memory 2g --driver-memory 1g --name ExchangeRatesBatchLayer --verbose /opt/spark/jobs/batch_layer.py
[2025-12-14T15:40:34.082+0000] {spark_submit.py:490} INFO - /home/airflow/.local/lib/python3.7/site-packages/pyspark/bin/load-spark-env.sh: line 68: ps: command not found
[2025-12-14T15:40:34.084+0000] {spark_submit.py:490} INFO - JAVA_HOME is not set
[2025-12-14T15:40:34.099+0000] {taskinstance.py:1824} ERROR - Task failed with exception
Traceback (most recent call last):
  File "/home/airflow/.local/lib/python3.7/site-packages/airflow/providers/apache/spark/operators/spark_submit.py", line 157, in execute
    self._hook.submit(self._application)
  File "/home/airflow/.local/lib/python3.7/site-packages/airflow/providers/apache/spark/hooks/spark_submit.py", line 422, in submit
    f"Cannot execute: {self._mask_cmd(spark_submit_cmd)}. Error code is: {returncode}."
airflow.exceptions.AirflowException: Cannot execute: spark-submit --master spark://spark-master:7077 --packages org.apache.spark:spark-sql-kafka-0-10_2.12:3.5.0 --executor-memory 2g --driver-memory 1g --name ExchangeRatesBatchLayer --verbose /opt/spark/jobs/batch_layer.py. Error code is: 1.
[2025-12-14T15:40:34.106+0000] {taskinstance.py:1350} INFO - Marking task as FAILED. dag_id=exchange_rates_batch_layer, task_id=spark_batch_layer, execution_date=20251214T153514, start_date=20251214T154033, end_date=20251214T154034
[2025-12-14T15:40:34.131+0000] {standard_task_runner.py:109} ERROR - Failed to execute job 16 for task spark_batch_layer (Cannot execute: spark-submit --master spark://spark-master:7077 --packages org.apache.spark:spark-sql-kafka-0-10_2.12:3.5.0 --executor-memory 2g --driver-memory 1g --name ExchangeRatesBatchLayer --verbose /opt/spark/jobs/batch_layer.py. Error code is: 1.; 79)
[2025-12-14T15:40:34.165+0000] {local_task_job_runner.py:225} INFO - Task exited with return code 1
[2025-12-14T15:40:34.207+0000] {taskinstance.py:2653} INFO - 0 downstream tasks scheduled from follow-on schedule check
