[2025-12-14T19:51:01.129+0000] {local_task_job_runner.py:123} INFO - ::group::Pre task execution logs
[2025-12-14T19:51:01.178+0000] {taskinstance.py:2603} INFO - Dependencies all met for dep_context=non-requeueable deps ti=<TaskInstance: batch_layer_pipeline.run_batch_layer manual__2025-12-14T19:50:55.627432+00:00 [queued]>
[2025-12-14T19:51:01.201+0000] {taskinstance.py:2603} INFO - Dependencies all met for dep_context=requeueable deps ti=<TaskInstance: batch_layer_pipeline.run_batch_layer manual__2025-12-14T19:50:55.627432+00:00 [queued]>
[2025-12-14T19:51:01.208+0000] {taskinstance.py:2856} INFO - Starting attempt 1 of 2
[2025-12-14T19:51:01.252+0000] {taskinstance.py:2879} INFO - Executing <Task(BashOperator): run_batch_layer> on 2025-12-14 19:50:55.627432+00:00
[2025-12-14T19:51:01.259+0000] {standard_task_runner.py:72} INFO - Started process 120 to run task
[2025-12-14T19:51:01.264+0000] {standard_task_runner.py:104} INFO - Running: ['airflow', 'tasks', 'run', 'batch_layer_pipeline', 'run_batch_layer', 'manual__2025-12-14T19:50:55.627432+00:00', '--job-id', '4', '--raw', '--subdir', 'DAGS_FOLDER/batch_pipeline_dag.py', '--cfg-path', '/tmp/tmpw3pc45pl']
[2025-12-14T19:51:01.268+0000] {standard_task_runner.py:105} INFO - Job 4: Subtask run_batch_layer
[2025-12-14T19:51:01.336+0000] {task_command.py:467} INFO - Running <TaskInstance: batch_layer_pipeline.run_batch_layer manual__2025-12-14T19:50:55.627432+00:00 [running]> on host 3214e7074bf8
[2025-12-14T19:51:01.427+0000] {taskinstance.py:3122} INFO - Exporting env vars: AIRFLOW_CTX_DAG_OWNER='airflow' AIRFLOW_CTX_DAG_ID='batch_layer_pipeline' AIRFLOW_CTX_TASK_ID='run_batch_layer' AIRFLOW_CTX_EXECUTION_DATE='2025-12-14T19:50:55.627432+00:00' AIRFLOW_CTX_TRY_NUMBER='1' AIRFLOW_CTX_DAG_RUN_ID='manual__2025-12-14T19:50:55.627432+00:00'
[2025-12-14T19:51:01.428+0000] {taskinstance.py:731} INFO - ::endgroup::
[2025-12-14T19:51:01.455+0000] {subprocess.py:63} INFO - Tmp dir root location: /tmp
[2025-12-14T19:51:01.457+0000] {subprocess.py:75} INFO - Running command: ['/usr/bin/bash', '-c', '\n        docker exec spark-master         /opt/spark/bin/spark-submit         --master spark://spark-master:7077         --driver-memory 1g         --executor-memory 1g         --packages org.apache.spark:spark-sql-kafka-0-10_2.12:3.5.0,org.apache.spark:spark-avro_2.12:3.5.0         /opt/spark/jobs/batch_layer.py\n        ']
[2025-12-14T19:51:01.467+0000] {subprocess.py:86} INFO - Output:
[2025-12-14T19:51:05.172+0000] {subprocess.py:93} INFO - :: loading settings :: url = jar:file:/opt/spark/jars/ivy-2.5.1.jar!/org/apache/ivy/core/settings/ivysettings.xml
[2025-12-14T19:51:05.310+0000] {subprocess.py:93} INFO - Ivy Default Cache set to: /home/spark/.ivy2/cache
[2025-12-14T19:51:05.311+0000] {subprocess.py:93} INFO - The jars for the packages stored in: /home/spark/.ivy2/jars
[2025-12-14T19:51:05.319+0000] {subprocess.py:93} INFO - org.apache.spark#spark-sql-kafka-0-10_2.12 added as a dependency
[2025-12-14T19:51:05.321+0000] {subprocess.py:93} INFO - org.apache.spark#spark-avro_2.12 added as a dependency
[2025-12-14T19:51:05.323+0000] {subprocess.py:93} INFO - :: resolving dependencies :: org.apache.spark#spark-submit-parent-505cb07a-2764-4b4d-a277-ceeb7da3a324;1.0
[2025-12-14T19:51:05.326+0000] {subprocess.py:93} INFO - 	confs: [default]
[2025-12-14T19:51:09.795+0000] {subprocess.py:93} INFO - Exception in thread "main" java.io.FileNotFoundException: /home/spark/.ivy2/cache/resolved-org.apache.spark-spark-submit-parent-505cb07a-2764-4b4d-a277-ceeb7da3a324-1.0.xml (No such file or directory)
[2025-12-14T19:51:09.796+0000] {subprocess.py:93} INFO - 	at java.base/java.io.FileOutputStream.open0(Native Method)
[2025-12-14T19:51:09.797+0000] {subprocess.py:93} INFO - 	at java.base/java.io.FileOutputStream.open(Unknown Source)
[2025-12-14T19:51:09.798+0000] {subprocess.py:93} INFO - 	at java.base/java.io.FileOutputStream.<init>(Unknown Source)
[2025-12-14T19:51:09.799+0000] {subprocess.py:93} INFO - 	at java.base/java.io.FileOutputStream.<init>(Unknown Source)
[2025-12-14T19:51:09.800+0000] {subprocess.py:93} INFO - 	at org.apache.ivy.plugins.parser.xml.XmlModuleDescriptorWriter.write(XmlModuleDescriptorWriter.java:71)
[2025-12-14T19:51:09.801+0000] {subprocess.py:93} INFO - 	at org.apache.ivy.plugins.parser.xml.XmlModuleDescriptorWriter.write(XmlModuleDescriptorWriter.java:63)
[2025-12-14T19:51:09.801+0000] {subprocess.py:93} INFO - 	at org.apache.ivy.core.module.descriptor.DefaultModuleDescriptor.toIvyFile(DefaultModuleDescriptor.java:553)
[2025-12-14T19:51:09.803+0000] {subprocess.py:93} INFO - 	at org.apache.ivy.core.cache.DefaultResolutionCacheManager.saveResolvedModuleDescriptor(DefaultResolutionCacheManager.java:184)
[2025-12-14T19:51:09.804+0000] {subprocess.py:93} INFO - 	at org.apache.ivy.core.resolve.ResolveEngine.resolve(ResolveEngine.java:259)
[2025-12-14T19:51:09.805+0000] {subprocess.py:93} INFO - 	at org.apache.ivy.Ivy.resolve(Ivy.java:522)
[2025-12-14T19:51:09.806+0000] {subprocess.py:93} INFO - 	at org.apache.spark.deploy.SparkSubmitUtils$.resolveMavenCoordinates(SparkSubmit.scala:1535)
[2025-12-14T19:51:09.806+0000] {subprocess.py:93} INFO - 	at org.apache.spark.util.DependencyUtils$.resolveMavenDependencies(DependencyUtils.scala:185)
[2025-12-14T19:51:09.807+0000] {subprocess.py:93} INFO - 	at org.apache.spark.deploy.SparkSubmit.prepareSubmitEnvironment(SparkSubmit.scala:334)
[2025-12-14T19:51:09.808+0000] {subprocess.py:93} INFO - 	at org.apache.spark.deploy.SparkSubmit.org$apache$spark$deploy$SparkSubmit$$runMain(SparkSubmit.scala:964)
[2025-12-14T19:51:09.808+0000] {subprocess.py:93} INFO - 	at org.apache.spark.deploy.SparkSubmit.doRunMain$1(SparkSubmit.scala:194)
[2025-12-14T19:51:09.809+0000] {subprocess.py:93} INFO - 	at org.apache.spark.deploy.SparkSubmit.submit(SparkSubmit.scala:217)
[2025-12-14T19:51:09.809+0000] {subprocess.py:93} INFO - 	at org.apache.spark.deploy.SparkSubmit.doSubmit(SparkSubmit.scala:91)
[2025-12-14T19:51:09.810+0000] {subprocess.py:93} INFO - 	at org.apache.spark.deploy.SparkSubmit$$anon$2.doSubmit(SparkSubmit.scala:1120)
[2025-12-14T19:51:09.810+0000] {subprocess.py:93} INFO - 	at org.apache.spark.deploy.SparkSubmit$.main(SparkSubmit.scala:1129)
[2025-12-14T19:51:09.811+0000] {subprocess.py:93} INFO - 	at org.apache.spark.deploy.SparkSubmit.main(SparkSubmit.scala)
[2025-12-14T19:51:09.829+0000] {subprocess.py:97} INFO - Command exited with return code 1
[2025-12-14T19:51:09.839+0000] {taskinstance.py:3301} ERROR - Task failed with exception
Traceback (most recent call last):
  File "/home/airflow/.local/lib/python3.12/site-packages/airflow/models/taskinstance.py", line 767, in _execute_task
    result = _execute_callable(context=context, **execute_callable_kwargs)
             ^^^^^^^^^^^^^^^^^^^^^^^^^^^^^^^^^^^^^^^^^^^^^^^^^^^^^^^^^^^^^
  File "/home/airflow/.local/lib/python3.12/site-packages/airflow/models/taskinstance.py", line 733, in _execute_callable
    return ExecutionCallableRunner(
           ^^^^^^^^^^^^^^^^^^^^^^^^
  File "/home/airflow/.local/lib/python3.12/site-packages/airflow/utils/operator_helpers.py", line 252, in run
    return self.func(*args, **kwargs)
           ^^^^^^^^^^^^^^^^^^^^^^^^^^
  File "/home/airflow/.local/lib/python3.12/site-packages/airflow/models/baseoperator.py", line 406, in wrapper
    return func(self, *args, **kwargs)
           ^^^^^^^^^^^^^^^^^^^^^^^^^^^
  File "/home/airflow/.local/lib/python3.12/site-packages/airflow/operators/bash.py", line 249, in execute
    raise AirflowException(
airflow.exceptions.AirflowException: Bash command failed. The command returned a non-zero exit code 1.
[2025-12-14T19:51:09.846+0000] {taskinstance.py:1225} INFO - Marking task as UP_FOR_RETRY. dag_id=batch_layer_pipeline, task_id=run_batch_layer, run_id=manual__2025-12-14T19:50:55.627432+00:00, execution_date=20251214T195055, start_date=20251214T195101, end_date=20251214T195109
[2025-12-14T19:51:09.868+0000] {taskinstance.py:340} INFO - ::group::Post task execution logs
[2025-12-14T19:51:09.869+0000] {standard_task_runner.py:124} ERROR - Failed to execute job 4 for task run_batch_layer (Bash command failed. The command returned a non-zero exit code 1.; 120)
Traceback (most recent call last):
  File "/home/airflow/.local/lib/python3.12/site-packages/airflow/task/task_runner/standard_task_runner.py", line 117, in _start_by_fork
    ret = args.func(args, dag=self.dag)
          ^^^^^^^^^^^^^^^^^^^^^^^^^^^^^
  File "/home/airflow/.local/lib/python3.12/site-packages/airflow/cli/cli_config.py", line 49, in command
    return func(*args, **kwargs)
           ^^^^^^^^^^^^^^^^^^^^^
  File "/home/airflow/.local/lib/python3.12/site-packages/airflow/utils/cli.py", line 115, in wrapper
    return f(*args, **kwargs)
           ^^^^^^^^^^^^^^^^^^
  File "/home/airflow/.local/lib/python3.12/site-packages/airflow/cli/commands/task_command.py", line 483, in task_run
    task_return_code = _run_task_by_selected_method(args, _dag, ti)
                       ^^^^^^^^^^^^^^^^^^^^^^^^^^^^^^^^^^^^^^^^^^^^
  File "/home/airflow/.local/lib/python3.12/site-packages/airflow/cli/commands/task_command.py", line 256, in _run_task_by_selected_method
    return _run_raw_task(args, ti)
           ^^^^^^^^^^^^^^^^^^^^^^^
  File "/home/airflow/.local/lib/python3.12/site-packages/airflow/cli/commands/task_command.py", line 341, in _run_raw_task
    return ti._run_raw_task(
           ^^^^^^^^^^^^^^^^^
  File "/home/airflow/.local/lib/python3.12/site-packages/airflow/utils/session.py", line 97, in wrapper
    return func(*args, session=session, **kwargs)
           ^^^^^^^^^^^^^^^^^^^^^^^^^^^^^^^^^^^^^^
  File "/home/airflow/.local/lib/python3.12/site-packages/airflow/models/taskinstance.py", line 2995, in _run_raw_task
    return _run_raw_task(
           ^^^^^^^^^^^^^^
  File "/home/airflow/.local/lib/python3.12/site-packages/airflow/models/taskinstance.py", line 273, in _run_raw_task
    TaskInstance._execute_task_with_callbacks(
  File "/home/airflow/.local/lib/python3.12/site-packages/airflow/models/taskinstance.py", line 3149, in _execute_task_with_callbacks
    result = self._execute_task(context, task_orig)
             ^^^^^^^^^^^^^^^^^^^^^^^^^^^^^^^^^^^^^^
  File "/home/airflow/.local/lib/python3.12/site-packages/airflow/models/taskinstance.py", line 3173, in _execute_task
    return _execute_task(self, context, task_orig)
           ^^^^^^^^^^^^^^^^^^^^^^^^^^^^^^^^^^^^^^^
  File "/home/airflow/.local/lib/python3.12/site-packages/airflow/models/taskinstance.py", line 767, in _execute_task
    result = _execute_callable(context=context, **execute_callable_kwargs)
             ^^^^^^^^^^^^^^^^^^^^^^^^^^^^^^^^^^^^^^^^^^^^^^^^^^^^^^^^^^^^^
  File "/home/airflow/.local/lib/python3.12/site-packages/airflow/models/taskinstance.py", line 733, in _execute_callable
    return ExecutionCallableRunner(
           ^^^^^^^^^^^^^^^^^^^^^^^^
  File "/home/airflow/.local/lib/python3.12/site-packages/airflow/utils/operator_helpers.py", line 252, in run
    return self.func(*args, **kwargs)
           ^^^^^^^^^^^^^^^^^^^^^^^^^^
  File "/home/airflow/.local/lib/python3.12/site-packages/airflow/models/baseoperator.py", line 406, in wrapper
    return func(self, *args, **kwargs)
           ^^^^^^^^^^^^^^^^^^^^^^^^^^^
  File "/home/airflow/.local/lib/python3.12/site-packages/airflow/operators/bash.py", line 249, in execute
    raise AirflowException(
airflow.exceptions.AirflowException: Bash command failed. The command returned a non-zero exit code 1.
[2025-12-14T19:51:09.904+0000] {local_task_job_runner.py:261} INFO - Task exited with return code 1
[2025-12-14T19:51:09.931+0000] {taskinstance.py:3891} INFO - 0 downstream tasks scheduled from follow-on schedule check
[2025-12-14T19:51:09.932+0000] {local_task_job_runner.py:240} INFO - ::endgroup::
