[2025-12-15T00:01:02.940+0000] {local_task_job_runner.py:123} INFO - ::group::Pre task execution logs
[2025-12-15T00:01:02.953+0000] {taskinstance.py:2603} INFO - Dependencies all met for dep_context=non-requeueable deps ti=<TaskInstance: batch_layer_pipeline.verify_avro_parquet scheduled__2025-12-14T23:00:00+00:00 [queued]>
[2025-12-15T00:01:02.962+0000] {taskinstance.py:2603} INFO - Dependencies all met for dep_context=requeueable deps ti=<TaskInstance: batch_layer_pipeline.verify_avro_parquet scheduled__2025-12-14T23:00:00+00:00 [queued]>
[2025-12-15T00:01:02.965+0000] {taskinstance.py:2856} INFO - Starting attempt 1 of 2
[2025-12-15T00:01:02.986+0000] {taskinstance.py:2879} INFO - Executing <Task(BashOperator): verify_avro_parquet> on 2025-12-14 23:00:00+00:00
[2025-12-15T00:01:02.992+0000] {standard_task_runner.py:72} INFO - Started process 404 to run task
[2025-12-15T00:01:02.996+0000] {standard_task_runner.py:104} INFO - Running: ['airflow', 'tasks', 'run', 'batch_layer_pipeline', 'verify_avro_parquet', 'scheduled__2025-12-14T23:00:00+00:00', '--job-id', '16', '--raw', '--subdir', 'DAGS_FOLDER/batch_pipeline_dag.py', '--cfg-path', '/tmp/tmpwrqxgdpz']
[2025-12-15T00:01:02.999+0000] {standard_task_runner.py:105} INFO - Job 16: Subtask verify_avro_parquet
[2025-12-15T00:01:03.048+0000] {task_command.py:467} INFO - Running <TaskInstance: batch_layer_pipeline.verify_avro_parquet scheduled__2025-12-14T23:00:00+00:00 [running]> on host 137ed86f2410
[2025-12-15T00:01:03.246+0000] {taskinstance.py:3122} INFO - Exporting env vars: AIRFLOW_CTX_DAG_OWNER='airflow' AIRFLOW_CTX_DAG_ID='batch_layer_pipeline' AIRFLOW_CTX_TASK_ID='verify_avro_parquet' AIRFLOW_CTX_EXECUTION_DATE='2025-12-14T23:00:00+00:00' AIRFLOW_CTX_TRY_NUMBER='1' AIRFLOW_CTX_DAG_RUN_ID='scheduled__2025-12-14T23:00:00+00:00'
[2025-12-15T00:01:03.248+0000] {taskinstance.py:731} INFO - ::endgroup::
[2025-12-15T00:01:03.293+0000] {subprocess.py:63} INFO - Tmp dir root location: /tmp
[2025-12-15T00:01:03.296+0000] {subprocess.py:75} INFO - Running command: ['/usr/bin/bash', '-c', '\n        docker exec spark-master         /opt/spark/bin/spark-submit         --master spark://spark-master:7077         --packages org.apache.spark:spark-avro_2.12:3.5.0         /opt/spark/jobs/verify_avro_parquet.py\n        ']
[2025-12-15T00:01:03.315+0000] {subprocess.py:86} INFO - Output:
[2025-12-15T00:01:07.961+0000] {subprocess.py:93} INFO - :: loading settings :: url = jar:file:/opt/spark/jars/ivy-2.5.1.jar!/org/apache/ivy/core/settings/ivysettings.xml
[2025-12-15T00:01:08.149+0000] {subprocess.py:93} INFO - Ivy Default Cache set to: /home/spark/.ivy2/cache
[2025-12-15T00:01:08.150+0000] {subprocess.py:93} INFO - The jars for the packages stored in: /home/spark/.ivy2/jars
[2025-12-15T00:01:08.164+0000] {subprocess.py:93} INFO - org.apache.spark#spark-avro_2.12 added as a dependency
[2025-12-15T00:01:08.166+0000] {subprocess.py:93} INFO - :: resolving dependencies :: org.apache.spark#spark-submit-parent-8588f97d-7e5d-4798-8f78-f6cc5c9ebf2e;1.0
[2025-12-15T00:01:08.168+0000] {subprocess.py:93} INFO - 	confs: [default]
[2025-12-15T00:01:08.471+0000] {subprocess.py:93} INFO - 	found org.apache.spark#spark-avro_2.12;3.5.0 in central
[2025-12-15T00:01:08.526+0000] {subprocess.py:93} INFO - 	found org.tukaani#xz;1.9 in central
[2025-12-15T00:01:08.568+0000] {subprocess.py:93} INFO - :: resolution report :: resolve 387ms :: artifacts dl 11ms
[2025-12-15T00:01:08.569+0000] {subprocess.py:93} INFO - 	:: modules in use:
[2025-12-15T00:01:08.571+0000] {subprocess.py:93} INFO - 	org.apache.spark#spark-avro_2.12;3.5.0 from central in [default]
[2025-12-15T00:01:08.572+0000] {subprocess.py:93} INFO - 	org.tukaani#xz;1.9 from central in [default]
[2025-12-15T00:01:08.572+0000] {subprocess.py:93} INFO - 	---------------------------------------------------------------------
[2025-12-15T00:01:08.573+0000] {subprocess.py:93} INFO - 	|                  |            modules            ||   artifacts   |
[2025-12-15T00:01:08.574+0000] {subprocess.py:93} INFO - 	|       conf       | number| search|dwnlded|evicted|| number|dwnlded|
[2025-12-15T00:01:08.576+0000] {subprocess.py:93} INFO - 	---------------------------------------------------------------------
[2025-12-15T00:01:08.577+0000] {subprocess.py:93} INFO - 	|      default     |   2   |   0   |   0   |   0   ||   2   |   0   |
[2025-12-15T00:01:08.577+0000] {subprocess.py:93} INFO - 	---------------------------------------------------------------------
[2025-12-15T00:01:08.578+0000] {subprocess.py:93} INFO - :: retrieving :: org.apache.spark#spark-submit-parent-8588f97d-7e5d-4798-8f78-f6cc5c9ebf2e
[2025-12-15T00:01:08.579+0000] {subprocess.py:93} INFO - 	confs: [default]
[2025-12-15T00:01:08.587+0000] {subprocess.py:93} INFO - 	0 artifacts copied, 2 already retrieved (0kB/11ms)
[2025-12-15T00:01:09.107+0000] {subprocess.py:93} INFO - 25/12/15 00:01:09 WARN NativeCodeLoader: Unable to load native-hadoop library for your platform... using builtin-java classes where applicable
[2025-12-15T00:01:10.717+0000] {subprocess.py:93} INFO - 25/12/15 00:01:10 INFO SparkContext: Running Spark version 3.5.0
[2025-12-15T00:01:10.718+0000] {subprocess.py:93} INFO - 25/12/15 00:01:10 INFO SparkContext: OS info Linux, 5.15.167.4-microsoft-standard-WSL2, amd64
[2025-12-15T00:01:10.720+0000] {subprocess.py:93} INFO - 25/12/15 00:01:10 INFO SparkContext: Java version 11.0.20.1
[2025-12-15T00:01:10.767+0000] {subprocess.py:93} INFO - 25/12/15 00:01:10 INFO ResourceUtils: ==============================================================
[2025-12-15T00:01:10.769+0000] {subprocess.py:93} INFO - 25/12/15 00:01:10 INFO ResourceUtils: No custom resources configured for spark.driver.
[2025-12-15T00:01:10.771+0000] {subprocess.py:93} INFO - 25/12/15 00:01:10 INFO ResourceUtils: ==============================================================
[2025-12-15T00:01:10.772+0000] {subprocess.py:93} INFO - 25/12/15 00:01:10 INFO SparkContext: Submitted application: Verify AVRO and PARQUET
[2025-12-15T00:01:10.810+0000] {subprocess.py:93} INFO - 25/12/15 00:01:10 INFO ResourceProfile: Default ResourceProfile created, executor resources: Map(memory -> name: memory, amount: 1024, script: , vendor: , offHeap -> name: offHeap, amount: 0, script: , vendor: ), task resources: Map(cpus -> name: cpus, amount: 1.0)
[2025-12-15T00:01:10.838+0000] {subprocess.py:93} INFO - 25/12/15 00:01:10 INFO ResourceProfile: Limiting resource is cpu
[2025-12-15T00:01:10.839+0000] {subprocess.py:93} INFO - 25/12/15 00:01:10 INFO ResourceProfileManager: Added ResourceProfile id: 0
[2025-12-15T00:01:10.920+0000] {subprocess.py:93} INFO - 25/12/15 00:01:10 INFO SecurityManager: Changing view acls to: spark
[2025-12-15T00:01:10.922+0000] {subprocess.py:93} INFO - 25/12/15 00:01:10 INFO SecurityManager: Changing modify acls to: spark
[2025-12-15T00:01:10.925+0000] {subprocess.py:93} INFO - 25/12/15 00:01:10 INFO SecurityManager: Changing view acls groups to:
[2025-12-15T00:01:10.926+0000] {subprocess.py:93} INFO - 25/12/15 00:01:10 INFO SecurityManager: Changing modify acls groups to:
[2025-12-15T00:01:10.928+0000] {subprocess.py:93} INFO - 25/12/15 00:01:10 INFO SecurityManager: SecurityManager: authentication disabled; ui acls disabled; users with view permissions: spark; groups with view permissions: EMPTY; users with modify permissions: spark; groups with modify permissions: EMPTY
[2025-12-15T00:01:11.401+0000] {subprocess.py:93} INFO - 25/12/15 00:01:11 INFO Utils: Successfully started service 'sparkDriver' on port 37751.
[2025-12-15T00:01:11.474+0000] {subprocess.py:93} INFO - 25/12/15 00:01:11 INFO SparkEnv: Registering MapOutputTracker
[2025-12-15T00:01:11.544+0000] {subprocess.py:93} INFO - 25/12/15 00:01:11 INFO SparkEnv: Registering BlockManagerMaster
[2025-12-15T00:01:11.580+0000] {subprocess.py:93} INFO - 25/12/15 00:01:11 INFO BlockManagerMasterEndpoint: Using org.apache.spark.storage.DefaultTopologyMapper for getting topology information
[2025-12-15T00:01:11.582+0000] {subprocess.py:93} INFO - 25/12/15 00:01:11 INFO BlockManagerMasterEndpoint: BlockManagerMasterEndpoint up
[2025-12-15T00:01:11.591+0000] {subprocess.py:93} INFO - 25/12/15 00:01:11 INFO SparkEnv: Registering BlockManagerMasterHeartbeat
[2025-12-15T00:01:11.630+0000] {subprocess.py:93} INFO - 25/12/15 00:01:11 INFO DiskBlockManager: Created local directory at /tmp/blockmgr-20f3d21b-5251-4fe7-bc8b-8332d5e74edf
[2025-12-15T00:01:11.656+0000] {subprocess.py:93} INFO - 25/12/15 00:01:11 INFO MemoryStore: MemoryStore started with capacity 434.4 MiB
[2025-12-15T00:01:11.689+0000] {subprocess.py:93} INFO - 25/12/15 00:01:11 INFO SparkEnv: Registering OutputCommitCoordinator
[2025-12-15T00:01:11.970+0000] {subprocess.py:93} INFO - 25/12/15 00:01:11 INFO JettyUtils: Start Jetty 0.0.0.0:4040 for SparkUI
[2025-12-15T00:01:12.094+0000] {subprocess.py:93} INFO - 25/12/15 00:01:12 INFO Utils: Successfully started service 'SparkUI' on port 4040.
[2025-12-15T00:01:12.196+0000] {subprocess.py:93} INFO - 25/12/15 00:01:12 INFO SparkContext: Added JAR file:///home/spark/.ivy2/jars/org.apache.spark_spark-avro_2.12-3.5.0.jar at spark://a2bac326dd73:37751/jars/org.apache.spark_spark-avro_2.12-3.5.0.jar with timestamp 1765756870703
[2025-12-15T00:01:12.197+0000] {subprocess.py:93} INFO - 25/12/15 00:01:12 INFO SparkContext: Added JAR file:///home/spark/.ivy2/jars/org.tukaani_xz-1.9.jar at spark://a2bac326dd73:37751/jars/org.tukaani_xz-1.9.jar with timestamp 1765756870703
[2025-12-15T00:01:12.201+0000] {subprocess.py:93} INFO - 25/12/15 00:01:12 INFO SparkContext: Added file file:///home/spark/.ivy2/jars/org.apache.spark_spark-avro_2.12-3.5.0.jar at spark://a2bac326dd73:37751/files/org.apache.spark_spark-avro_2.12-3.5.0.jar with timestamp 1765756870703
[2025-12-15T00:01:12.207+0000] {subprocess.py:93} INFO - 25/12/15 00:01:12 INFO Utils: Copying /home/spark/.ivy2/jars/org.apache.spark_spark-avro_2.12-3.5.0.jar to /tmp/spark-84c17855-76d0-4fc0-a2cd-2895f819c61b/userFiles-ac86ff95-000c-41ed-8214-9bd6370a068b/org.apache.spark_spark-avro_2.12-3.5.0.jar
[2025-12-15T00:01:12.222+0000] {subprocess.py:93} INFO - 25/12/15 00:01:12 INFO SparkContext: Added file file:///home/spark/.ivy2/jars/org.tukaani_xz-1.9.jar at spark://a2bac326dd73:37751/files/org.tukaani_xz-1.9.jar with timestamp 1765756870703
[2025-12-15T00:01:12.223+0000] {subprocess.py:93} INFO - 25/12/15 00:01:12 INFO Utils: Copying /home/spark/.ivy2/jars/org.tukaani_xz-1.9.jar to /tmp/spark-84c17855-76d0-4fc0-a2cd-2895f819c61b/userFiles-ac86ff95-000c-41ed-8214-9bd6370a068b/org.tukaani_xz-1.9.jar
[2025-12-15T00:01:12.357+0000] {subprocess.py:93} INFO - 25/12/15 00:01:12 INFO StandaloneAppClient$ClientEndpoint: Connecting to master spark://spark-master:7077...
[2025-12-15T00:01:12.421+0000] {subprocess.py:93} INFO - 25/12/15 00:01:12 INFO TransportClientFactory: Successfully created connection to spark-master/172.19.0.7:7077 after 41 ms (0 ms spent in bootstraps)
[2025-12-15T00:01:12.601+0000] {subprocess.py:93} INFO - 25/12/15 00:01:12 INFO StandaloneSchedulerBackend: Connected to Spark cluster with app ID app-20251215000112-0009
[2025-12-15T00:01:12.614+0000] {subprocess.py:93} INFO - 25/12/15 00:01:12 INFO StandaloneAppClient$ClientEndpoint: Executor added: app-20251215000112-0009/0 on worker-20251214211957-172.19.0.8-45289 (172.19.0.8:45289) with 2 core(s)
[2025-12-15T00:01:12.628+0000] {subprocess.py:93} INFO - 25/12/15 00:01:12 INFO StandaloneSchedulerBackend: Granted executor ID app-20251215000112-0009/0 on hostPort 172.19.0.8:45289 with 2 core(s), 1024.0 MiB RAM
[2025-12-15T00:01:12.637+0000] {subprocess.py:93} INFO - 25/12/15 00:01:12 INFO Utils: Successfully started service 'org.apache.spark.network.netty.NettyBlockTransferService' on port 36859.
[2025-12-15T00:01:12.638+0000] {subprocess.py:93} INFO - 25/12/15 00:01:12 INFO NettyBlockTransferService: Server created on a2bac326dd73:36859
[2025-12-15T00:01:12.643+0000] {subprocess.py:93} INFO - 25/12/15 00:01:12 INFO BlockManager: Using org.apache.spark.storage.RandomBlockReplicationPolicy for block replication policy
[2025-12-15T00:01:12.655+0000] {subprocess.py:93} INFO - 25/12/15 00:01:12 INFO BlockManagerMaster: Registering BlockManager BlockManagerId(driver, a2bac326dd73, 36859, None)
[2025-12-15T00:01:12.662+0000] {subprocess.py:93} INFO - 25/12/15 00:01:12 INFO BlockManagerMasterEndpoint: Registering block manager a2bac326dd73:36859 with 434.4 MiB RAM, BlockManagerId(driver, a2bac326dd73, 36859, None)
[2025-12-15T00:01:12.667+0000] {subprocess.py:93} INFO - 25/12/15 00:01:12 INFO BlockManagerMaster: Registered BlockManager BlockManagerId(driver, a2bac326dd73, 36859, None)
[2025-12-15T00:01:12.670+0000] {subprocess.py:93} INFO - 25/12/15 00:01:12 INFO BlockManager: Initialized BlockManager: BlockManagerId(driver, a2bac326dd73, 36859, None)
[2025-12-15T00:01:12.757+0000] {subprocess.py:93} INFO - 25/12/15 00:01:12 INFO StandaloneAppClient$ClientEndpoint: Executor updated: app-20251215000112-0009/0 is now RUNNING
[2025-12-15T00:01:13.191+0000] {subprocess.py:93} INFO - 25/12/15 00:01:13 INFO StandaloneSchedulerBackend: SchedulerBackend is ready for scheduling beginning after reached minRegisteredResourcesRatio: 0.0
[2025-12-15T00:01:13.621+0000] {subprocess.py:93} INFO - ======================================================================
[2025-12-15T00:01:13.622+0000] {subprocess.py:93} INFO - 🔍 VÉRIFICATION DES TABLES HIVE
[2025-12-15T00:01:13.623+0000] {subprocess.py:93} INFO - ======================================================================
[2025-12-15T00:01:13.624+0000] {subprocess.py:93} INFO - 
[2025-12-15T00:01:13.625+0000] {subprocess.py:93} INFO - ======================================================================
[2025-12-15T00:01:13.626+0000] {subprocess.py:93} INFO - 📦 VÉRIFICATION : exchange_rates_master (AVRO)
[2025-12-15T00:01:13.626+0000] {subprocess.py:93} INFO - ======================================================================
[2025-12-15T00:01:13.627+0000] {subprocess.py:93} INFO - 
[2025-12-15T00:01:13.628+0000] {subprocess.py:93} INFO - ======================================================================
[2025-12-15T00:01:13.628+0000] {subprocess.py:93} INFO - 📊 Vérification : exchange_rates_master (AVRO)
[2025-12-15T00:01:13.629+0000] {subprocess.py:93} INFO - ======================================================================
[2025-12-15T00:01:33.690+0000] {subprocess.py:93} INFO - ⚠️ La table 'exchange_rates_master' existe mais est vide
[2025-12-15T00:01:33.691+0000] {subprocess.py:93} INFO - ℹ️ Attendez que des données soient envoyées à Kafka
[2025-12-15T00:01:33.692+0000] {subprocess.py:93} INFO - 
[2025-12-15T00:01:33.693+0000] {subprocess.py:93} INFO - ======================================================================
[2025-12-15T00:01:33.693+0000] {subprocess.py:93} INFO - 📦 VÉRIFICATION : exchange_rates_daily_avg (PARQUET)
[2025-12-15T00:01:33.694+0000] {subprocess.py:93} INFO - ======================================================================
[2025-12-15T00:01:33.697+0000] {subprocess.py:93} INFO - 
[2025-12-15T00:01:33.698+0000] {subprocess.py:93} INFO - ======================================================================
[2025-12-15T00:01:33.698+0000] {subprocess.py:93} INFO - 📊 Vérification : exchange_rates_daily_avg (PARQUET)
[2025-12-15T00:01:33.699+0000] {subprocess.py:93} INFO - ======================================================================
[2025-12-15T00:01:34.759+0000] {subprocess.py:93} INFO - ⚠️ La table 'exchange_rates_daily_avg' existe mais est vide
[2025-12-15T00:01:34.760+0000] {subprocess.py:93} INFO - ℹ️ Attendez que des données soient envoyées à Kafka
[2025-12-15T00:01:34.763+0000] {subprocess.py:93} INFO - 
[2025-12-15T00:01:34.764+0000] {subprocess.py:93} INFO - ======================================================================
[2025-12-15T00:01:34.765+0000] {subprocess.py:93} INFO - 📋 RÉSUMÉ FINAL
[2025-12-15T00:01:34.765+0000] {subprocess.py:93} INFO - ======================================================================
[2025-12-15T00:01:34.766+0000] {subprocess.py:93} INFO - exchange_rates_master (AVRO)      : ✅ OK (0 enregistrements)
[2025-12-15T00:01:34.767+0000] {subprocess.py:93} INFO - exchange_rates_daily_avg (PARQUET): ✅ OK (0 enregistrements)
[2025-12-15T00:01:34.768+0000] {subprocess.py:93} INFO - ======================================================================
[2025-12-15T00:01:34.769+0000] {subprocess.py:93} INFO - 
[2025-12-15T00:01:34.770+0000] {subprocess.py:93} INFO - ℹ️ INFO : Les tables existent mais sont vides.
[2025-12-15T00:01:34.770+0000] {subprocess.py:93} INFO -    Le batch_layer a été exécuté mais n'a trouvé aucune donnée dans Kafka.
[2025-12-15T00:01:34.771+0000] {subprocess.py:93} INFO - 
[2025-12-15T00:01:34.771+0000] {subprocess.py:93} INFO - 💡 SUGGESTION :
[2025-12-15T00:01:34.772+0000] {subprocess.py:93} INFO -    1. Vérifiez que le producer envoie bien des données
[2025-12-15T00:01:34.773+0000] {subprocess.py:93} INFO -    2. Vérifiez le nom du topic Kafka
[2025-12-15T00:01:34.773+0000] {subprocess.py:93} INFO -    3. Attendez quelques secondes et relancez le batch_layer
[2025-12-15T00:01:35.297+0000] {subprocess.py:93} INFO - 
[2025-12-15T00:01:35.299+0000] {subprocess.py:93} INFO - ✅ Vérification terminée avec succès !
[2025-12-15T00:01:35.300+0000] {subprocess.py:93} INFO - ======================================================================
[2025-12-15T00:01:35.549+0000] {subprocess.py:97} INFO - Command exited with return code 0
[2025-12-15T00:01:35.592+0000] {taskinstance.py:340} INFO - ::group::Post task execution logs
[2025-12-15T00:01:35.594+0000] {taskinstance.py:352} INFO - Marking task as SUCCESS. dag_id=batch_layer_pipeline, task_id=verify_avro_parquet, run_id=scheduled__2025-12-14T23:00:00+00:00, execution_date=20251214T230000, start_date=20251215T000102, end_date=20251215T000135
[2025-12-15T00:01:35.649+0000] {local_task_job_runner.py:261} INFO - Task exited with return code 0
[2025-12-15T00:01:35.693+0000] {taskinstance.py:3891} INFO - 1 downstream tasks scheduled from follow-on schedule check
[2025-12-15T00:01:35.703+0000] {local_task_job_runner.py:240} INFO - ::endgroup::
