[2025-12-14T19:21:22.014+0000] {taskinstance.py:1956} INFO - Dependencies all met for dep_context=non-requeueable deps ti=<TaskInstance: batch_layer_pipeline.run_batch_layer manual__2025-12-14T19:21:16.921975+00:00 [queued]>
[2025-12-14T19:21:22.023+0000] {taskinstance.py:1956} INFO - Dependencies all met for dep_context=requeueable deps ti=<TaskInstance: batch_layer_pipeline.run_batch_layer manual__2025-12-14T19:21:16.921975+00:00 [queued]>
[2025-12-14T19:21:22.024+0000] {taskinstance.py:2170} INFO - Starting attempt 1 of 2
[2025-12-14T19:21:22.042+0000] {taskinstance.py:2191} INFO - Executing <Task(BashOperator): run_batch_layer> on 2025-12-14 19:21:16.921975+00:00
[2025-12-14T19:21:22.046+0000] {standard_task_runner.py:60} INFO - Started process 121 to run task
[2025-12-14T19:21:22.050+0000] {standard_task_runner.py:87} INFO - Running: ['airflow', 'tasks', 'run', 'batch_layer_pipeline', 'run_batch_layer', 'manual__2025-12-14T19:21:16.921975+00:00', '--job-id', '4', '--raw', '--subdir', 'DAGS_FOLDER/batch_pipeline_dag.py', '--cfg-path', '/tmp/tmpyhhixpm5']
[2025-12-14T19:21:22.052+0000] {standard_task_runner.py:88} INFO - Job 4: Subtask run_batch_layer
[2025-12-14T19:21:22.096+0000] {task_command.py:423} INFO - Running <TaskInstance: batch_layer_pipeline.run_batch_layer manual__2025-12-14T19:21:16.921975+00:00 [running]> on host d6e07605b213
[2025-12-14T19:21:22.173+0000] {taskinstance.py:2480} INFO - Exporting env vars: AIRFLOW_CTX_DAG_OWNER='airflow' AIRFLOW_CTX_DAG_ID='batch_layer_pipeline' AIRFLOW_CTX_TASK_ID='run_batch_layer' AIRFLOW_CTX_EXECUTION_DATE='2025-12-14T19:21:16.921975+00:00' AIRFLOW_CTX_TRY_NUMBER='1' AIRFLOW_CTX_DAG_RUN_ID='manual__2025-12-14T19:21:16.921975+00:00'
[2025-12-14T19:21:22.175+0000] {subprocess.py:63} INFO - Tmp dir root location: /tmp
[2025-12-14T19:21:22.176+0000] {subprocess.py:75} INFO - Running command: ['/usr/bin/bash', '-c', '\n        docker exec spark-master         /opt/spark/bin/spark-submit         --master spark://spark-master:7077         --driver-memory 1g         --executor-memory 1g         --packages org.apache.spark:spark-sql-kafka-0-10_2.12:3.5.0,org.apache.spark:spark-avro_2.12:3.5.0         /opt/spark/jobs/batch_layer.py\n        ']
[2025-12-14T19:21:22.183+0000] {subprocess.py:86} INFO - Output:
[2025-12-14T19:21:22.209+0000] {subprocess.py:93} INFO - Error response from daemon: client version 1.43 is too old. Minimum supported API version is 1.44, please upgrade your client to a newer version
[2025-12-14T19:21:22.212+0000] {subprocess.py:97} INFO - Command exited with return code 1
[2025-12-14T19:21:22.226+0000] {taskinstance.py:2698} ERROR - Task failed with exception
Traceback (most recent call last):
  File "/home/airflow/.local/lib/python3.8/site-packages/airflow/models/taskinstance.py", line 433, in _execute_task
    result = execute_callable(context=context, **execute_callable_kwargs)
  File "/home/airflow/.local/lib/python3.8/site-packages/airflow/operators/bash.py", line 212, in execute
    raise AirflowException(
airflow.exceptions.AirflowException: Bash command failed. The command returned a non-zero exit code 1.
[2025-12-14T19:21:22.230+0000] {taskinstance.py:1138} INFO - Marking task as UP_FOR_RETRY. dag_id=batch_layer_pipeline, task_id=run_batch_layer, execution_date=20251214T192116, start_date=20251214T192122, end_date=20251214T192122
[2025-12-14T19:21:22.255+0000] {standard_task_runner.py:107} ERROR - Failed to execute job 4 for task run_batch_layer (Bash command failed. The command returned a non-zero exit code 1.; 121)
[2025-12-14T19:21:22.302+0000] {local_task_job_runner.py:234} INFO - Task exited with return code 1
[2025-12-14T19:21:22.332+0000] {taskinstance.py:3280} INFO - 0 downstream tasks scheduled from follow-on schedule check
