[2025-12-14T16:49:31.072+0000] {taskinstance.py:1103} INFO - Dependencies all met for dep_context=non-requeueable deps ti=<TaskInstance: exchange_rates_batch_layer.spark_batch_layer manual__2025-12-14T16:49:25.487587+00:00 [queued]>
[2025-12-14T16:49:31.083+0000] {taskinstance.py:1103} INFO - Dependencies all met for dep_context=requeueable deps ti=<TaskInstance: exchange_rates_batch_layer.spark_batch_layer manual__2025-12-14T16:49:25.487587+00:00 [queued]>
[2025-12-14T16:49:31.084+0000] {taskinstance.py:1308} INFO - Starting attempt 1 of 2
[2025-12-14T16:49:31.108+0000] {taskinstance.py:1327} INFO - Executing <Task(SparkSubmitOperator): spark_batch_layer> on 2025-12-14 16:49:25.487587+00:00
[2025-12-14T16:49:31.112+0000] {standard_task_runner.py:57} INFO - Started process 262 to run task
[2025-12-14T16:49:31.117+0000] {standard_task_runner.py:84} INFO - Running: ['airflow', 'tasks', 'run', 'exchange_rates_batch_layer', 'spark_batch_layer', 'manual__2025-12-14T16:49:25.487587+00:00', '--job-id', '11', '--raw', '--subdir', 'DAGS_FOLDER/exchange_rates_batch_dag.py', '--cfg-path', '/tmp/tmpy2w7tsd_']
[2025-12-14T16:49:31.118+0000] {standard_task_runner.py:85} INFO - Job 11: Subtask spark_batch_layer
[2025-12-14T16:49:31.184+0000] {task_command.py:410} INFO - Running <TaskInstance: exchange_rates_batch_layer.spark_batch_layer manual__2025-12-14T16:49:25.487587+00:00 [running]> on host 0a6cd546f6b5
[2025-12-14T16:49:31.330+0000] {taskinstance.py:1547} INFO - Exporting env vars: AIRFLOW_CTX_DAG_OWNER='airflow' AIRFLOW_CTX_DAG_ID='exchange_rates_batch_layer' AIRFLOW_CTX_TASK_ID='spark_batch_layer' AIRFLOW_CTX_EXECUTION_DATE='2025-12-14T16:49:25.487587+00:00' AIRFLOW_CTX_TRY_NUMBER='1' AIRFLOW_CTX_DAG_RUN_ID='manual__2025-12-14T16:49:25.487587+00:00'
[2025-12-14T16:49:31.336+0000] {base.py:73} INFO - Using connection ID 'spark_default' for task execution.
[2025-12-14T16:49:31.339+0000] {spark_submit.py:339} INFO - Spark-Submit cmd: spark-submit --master spark-master:7077 --packages org.apache.spark:spark-sql-kafka-0-10_2.12:3.5.0 --executor-memory 2g --driver-memory 1g --name ExchangeRatesBatchLayer --verbose /opt/spark/jobs/batch_layer.py
[2025-12-14T16:49:34.740+0000] {spark_submit.py:490} INFO - Using properties file: null
[2025-12-14T16:49:34.953+0000] {spark_submit.py:490} INFO - Parsed arguments:
[2025-12-14T16:49:34.954+0000] {spark_submit.py:490} INFO - master                  spark-master:7077
[2025-12-14T16:49:34.954+0000] {spark_submit.py:490} INFO - remote                  null
[2025-12-14T16:49:34.955+0000] {spark_submit.py:490} INFO - deployMode              null
[2025-12-14T16:49:34.955+0000] {spark_submit.py:490} INFO - executorMemory          2g
[2025-12-14T16:49:34.956+0000] {spark_submit.py:490} INFO - executorCores           null
[2025-12-14T16:49:34.956+0000] {spark_submit.py:490} INFO - totalExecutorCores      null
[2025-12-14T16:49:34.957+0000] {spark_submit.py:490} INFO - propertiesFile          null
[2025-12-14T16:49:34.957+0000] {spark_submit.py:490} INFO - driverMemory            1g
[2025-12-14T16:49:34.957+0000] {spark_submit.py:490} INFO - driverCores             null
[2025-12-14T16:49:34.958+0000] {spark_submit.py:490} INFO - driverExtraClassPath    null
[2025-12-14T16:49:34.958+0000] {spark_submit.py:490} INFO - driverExtraLibraryPath  null
[2025-12-14T16:49:34.958+0000] {spark_submit.py:490} INFO - driverExtraJavaOptions  null
[2025-12-14T16:49:34.959+0000] {spark_submit.py:490} INFO - supervise               false
[2025-12-14T16:49:34.959+0000] {spark_submit.py:490} INFO - queue                   null
[2025-12-14T16:49:34.960+0000] {spark_submit.py:490} INFO - numExecutors            null
[2025-12-14T16:49:34.960+0000] {spark_submit.py:490} INFO - files                   null
[2025-12-14T16:49:34.961+0000] {spark_submit.py:490} INFO - pyFiles                 null
[2025-12-14T16:49:34.961+0000] {spark_submit.py:490} INFO - archives                null
[2025-12-14T16:49:34.962+0000] {spark_submit.py:490} INFO - mainClass               null
[2025-12-14T16:49:34.962+0000] {spark_submit.py:490} INFO - primaryResource         file:/opt/spark/jobs/batch_layer.py
[2025-12-14T16:49:34.963+0000] {spark_submit.py:490} INFO - name                    ExchangeRatesBatchLayer
[2025-12-14T16:49:34.963+0000] {spark_submit.py:490} INFO - childArgs               []
[2025-12-14T16:49:34.964+0000] {spark_submit.py:490} INFO - jars                    null
[2025-12-14T16:49:34.964+0000] {spark_submit.py:490} INFO - packages                org.apache.spark:spark-sql-kafka-0-10_2.12:3.5.0
[2025-12-14T16:49:34.965+0000] {spark_submit.py:490} INFO - packagesExclusions      null
[2025-12-14T16:49:34.965+0000] {spark_submit.py:490} INFO - repositories            null
[2025-12-14T16:49:34.966+0000] {spark_submit.py:490} INFO - verbose                 true
[2025-12-14T16:49:34.966+0000] {spark_submit.py:490} INFO - 
[2025-12-14T16:49:34.966+0000] {spark_submit.py:490} INFO - Spark properties used, including those specified through
[2025-12-14T16:49:34.967+0000] {spark_submit.py:490} INFO - --conf and those from the properties file null:
[2025-12-14T16:49:34.967+0000] {spark_submit.py:490} INFO - (spark.driver.memory,1g)
[2025-12-14T16:49:34.968+0000] {spark_submit.py:490} INFO - 
[2025-12-14T16:49:34.968+0000] {spark_submit.py:490} INFO - 
[2025-12-14T16:49:35.168+0000] {spark_submit.py:490} INFO - :: loading settings :: url = jar:file:/home/airflow/.local/lib/python3.7/site-packages/pyspark/jars/ivy-2.5.1.jar!/org/apache/ivy/core/settings/ivysettings.xml
[2025-12-14T16:49:35.364+0000] {spark_submit.py:490} INFO - Ivy Default Cache set to: /home/airflow/.ivy2/cache
[2025-12-14T16:49:35.365+0000] {spark_submit.py:490} INFO - The jars for the packages stored in: /home/airflow/.ivy2/jars
[2025-12-14T16:49:35.372+0000] {spark_submit.py:490} INFO - org.apache.spark#spark-sql-kafka-0-10_2.12 added as a dependency
[2025-12-14T16:49:35.374+0000] {spark_submit.py:490} INFO - :: resolving dependencies :: org.apache.spark#spark-submit-parent-b3f02a52-544d-4208-bc40-87f26483db86;1.0
[2025-12-14T16:49:35.374+0000] {spark_submit.py:490} INFO - confs: [default]
[2025-12-14T16:49:39.096+0000] {spark_submit.py:490} INFO - found org.apache.spark#spark-sql-kafka-0-10_2.12;3.5.0 in central
[2025-12-14T16:49:39.639+0000] {spark_submit.py:490} INFO - found org.apache.spark#spark-token-provider-kafka-0-10_2.12;3.5.0 in central
[2025-12-14T16:49:39.959+0000] {spark_submit.py:490} INFO - found org.apache.kafka#kafka-clients;3.4.1 in central
[2025-12-14T16:49:40.361+0000] {spark_submit.py:490} INFO - found org.lz4#lz4-java;1.8.0 in central
[2025-12-14T16:49:40.741+0000] {spark_submit.py:490} INFO - found org.xerial.snappy#snappy-java;1.1.10.3 in central
[2025-12-14T16:49:42.242+0000] {spark_submit.py:490} INFO - found org.slf4j#slf4j-api;2.0.7 in central
[2025-12-14T16:49:44.372+0000] {spark_submit.py:490} INFO - found org.apache.hadoop#hadoop-client-runtime;3.3.4 in central
[2025-12-14T16:49:44.718+0000] {spark_submit.py:490} INFO - found org.apache.hadoop#hadoop-client-api;3.3.4 in central
[2025-12-14T16:49:46.787+0000] {spark_submit.py:490} INFO - found commons-logging#commons-logging;1.1.3 in central
[2025-12-14T16:49:46.980+0000] {spark_submit.py:490} INFO - found com.google.code.findbugs#jsr305;3.0.0 in central
[2025-12-14T16:49:49.511+0000] {spark_submit.py:490} INFO - found org.apache.commons#commons-pool2;2.11.1 in central
[2025-12-14T16:49:49.635+0000] {spark_submit.py:490} INFO - downloading https://repo1.maven.org/maven2/org/apache/spark/spark-sql-kafka-0-10_2.12/3.5.0/spark-sql-kafka-0-10_2.12-3.5.0.jar ...
[2025-12-14T16:49:50.059+0000] {spark_submit.py:490} INFO - [SUCCESSFUL ] org.apache.spark#spark-sql-kafka-0-10_2.12;3.5.0!spark-sql-kafka-0-10_2.12.jar (534ms)
[2025-12-14T16:49:50.140+0000] {spark_submit.py:490} INFO - downloading https://repo1.maven.org/maven2/org/apache/spark/spark-token-provider-kafka-0-10_2.12/3.5.0/spark-token-provider-kafka-0-10_2.12-3.5.0.jar ...
[2025-12-14T16:49:50.228+0000] {spark_submit.py:490} INFO - [SUCCESSFUL ] org.apache.spark#spark-token-provider-kafka-0-10_2.12;3.5.0!spark-token-provider-kafka-0-10_2.12.jar (166ms)
[2025-12-14T16:49:50.300+0000] {spark_submit.py:490} INFO - downloading https://repo1.maven.org/maven2/org/apache/kafka/kafka-clients/3.4.1/kafka-clients-3.4.1.jar ...
[2025-12-14T16:49:55.897+0000] {spark_submit.py:490} INFO - [SUCCESSFUL ] org.apache.kafka#kafka-clients;3.4.1!kafka-clients.jar (5667ms)
[2025-12-14T16:49:56.036+0000] {spark_submit.py:490} INFO - downloading https://repo1.maven.org/maven2/com/google/code/findbugs/jsr305/3.0.0/jsr305-3.0.0.jar ...
[2025-12-14T16:49:56.251+0000] {spark_submit.py:490} INFO - [SUCCESSFUL ] com.google.code.findbugs#jsr305;3.0.0!jsr305.jar (352ms)
[2025-12-14T16:49:56.324+0000] {spark_submit.py:490} INFO - downloading https://repo1.maven.org/maven2/org/apache/commons/commons-pool2/2.11.1/commons-pool2-2.11.1.jar ...
[2025-12-14T16:49:56.530+0000] {spark_submit.py:490} INFO - [SUCCESSFUL ] org.apache.commons#commons-pool2;2.11.1!commons-pool2.jar (278ms)
[2025-12-14T16:49:56.611+0000] {spark_submit.py:490} INFO - downloading https://repo1.maven.org/maven2/org/apache/hadoop/hadoop-client-runtime/3.3.4/hadoop-client-runtime-3.3.4.jar ...
[2025-12-14T16:50:36.892+0000] {spark_submit.py:490} INFO - [SUCCESSFUL ] org.apache.hadoop#hadoop-client-runtime;3.3.4!hadoop-client-runtime.jar (40361ms)
[2025-12-14T16:50:37.270+0000] {spark_submit.py:490} INFO - downloading https://repo1.maven.org/maven2/org/lz4/lz4-java/1.8.0/lz4-java-1.8.0.jar ...
[2025-12-14T16:50:38.851+0000] {spark_submit.py:490} INFO - [SUCCESSFUL ] org.lz4#lz4-java;1.8.0!lz4-java.jar (1956ms)
[2025-12-14T16:50:38.962+0000] {spark_submit.py:490} INFO - downloading https://repo1.maven.org/maven2/org/xerial/snappy/snappy-java/1.1.10.3/snappy-java-1.1.10.3.jar ...
[2025-12-14T16:50:41.038+0000] {spark_submit.py:490} INFO - [SUCCESSFUL ] org.xerial.snappy#snappy-java;1.1.10.3!snappy-java.jar(bundle) (2185ms)
[2025-12-14T16:50:41.125+0000] {spark_submit.py:490} INFO - downloading https://repo1.maven.org/maven2/org/slf4j/slf4j-api/2.0.7/slf4j-api-2.0.7.jar ...
[2025-12-14T16:50:41.264+0000] {spark_submit.py:490} INFO - [SUCCESSFUL ] org.slf4j#slf4j-api;2.0.7!slf4j-api.jar (224ms)
[2025-12-14T16:50:41.372+0000] {spark_submit.py:490} INFO - downloading https://repo1.maven.org/maven2/org/apache/hadoop/hadoop-client-api/3.3.4/hadoop-client-api-3.3.4.jar ...
[2025-12-14T16:51:04.581+0000] {spark_submit.py:490} INFO - [SUCCESSFUL ] org.apache.hadoop#hadoop-client-api;3.3.4!hadoop-client-api.jar (23316ms)
[2025-12-14T16:51:04.678+0000] {spark_submit.py:490} INFO - downloading https://repo1.maven.org/maven2/commons-logging/commons-logging/1.1.3/commons-logging-1.1.3.jar ...
[2025-12-14T16:51:04.865+0000] {spark_submit.py:490} INFO - [SUCCESSFUL ] commons-logging#commons-logging;1.1.3!commons-logging.jar (283ms)
[2025-12-14T16:51:04.866+0000] {spark_submit.py:490} INFO - :: resolution report :: resolve 14150ms :: artifacts dl 75341ms
[2025-12-14T16:51:04.866+0000] {spark_submit.py:490} INFO - :: modules in use:
[2025-12-14T16:51:04.867+0000] {spark_submit.py:490} INFO - com.google.code.findbugs#jsr305;3.0.0 from central in [default]
[2025-12-14T16:51:04.867+0000] {spark_submit.py:490} INFO - commons-logging#commons-logging;1.1.3 from central in [default]
[2025-12-14T16:51:04.868+0000] {spark_submit.py:490} INFO - org.apache.commons#commons-pool2;2.11.1 from central in [default]
[2025-12-14T16:51:04.868+0000] {spark_submit.py:490} INFO - org.apache.hadoop#hadoop-client-api;3.3.4 from central in [default]
[2025-12-14T16:51:04.869+0000] {spark_submit.py:490} INFO - org.apache.hadoop#hadoop-client-runtime;3.3.4 from central in [default]
[2025-12-14T16:51:04.870+0000] {spark_submit.py:490} INFO - org.apache.kafka#kafka-clients;3.4.1 from central in [default]
[2025-12-14T16:51:04.870+0000] {spark_submit.py:490} INFO - org.apache.spark#spark-sql-kafka-0-10_2.12;3.5.0 from central in [default]
[2025-12-14T16:51:04.870+0000] {spark_submit.py:490} INFO - org.apache.spark#spark-token-provider-kafka-0-10_2.12;3.5.0 from central in [default]
[2025-12-14T16:51:04.871+0000] {spark_submit.py:490} INFO - org.lz4#lz4-java;1.8.0 from central in [default]
[2025-12-14T16:51:04.871+0000] {spark_submit.py:490} INFO - org.slf4j#slf4j-api;2.0.7 from central in [default]
[2025-12-14T16:51:04.872+0000] {spark_submit.py:490} INFO - org.xerial.snappy#snappy-java;1.1.10.3 from central in [default]
[2025-12-14T16:51:04.872+0000] {spark_submit.py:490} INFO - ---------------------------------------------------------------------
[2025-12-14T16:51:04.873+0000] {spark_submit.py:490} INFO - |                  |            modules            ||   artifacts   |
[2025-12-14T16:51:04.873+0000] {spark_submit.py:490} INFO - |       conf       | number| search|dwnlded|evicted|| number|dwnlded|
[2025-12-14T16:51:04.874+0000] {spark_submit.py:490} INFO - ---------------------------------------------------------------------
[2025-12-14T16:51:04.874+0000] {spark_submit.py:490} INFO - |      default     |   11  |   11  |   11  |   0   ||   11  |   11  |
[2025-12-14T16:51:04.875+0000] {spark_submit.py:490} INFO - ---------------------------------------------------------------------
[2025-12-14T16:51:04.877+0000] {spark_submit.py:490} INFO - :: retrieving :: org.apache.spark#spark-submit-parent-b3f02a52-544d-4208-bc40-87f26483db86
[2025-12-14T16:51:04.877+0000] {spark_submit.py:490} INFO - confs: [default]
[2025-12-14T16:51:04.941+0000] {spark_submit.py:490} INFO - 11 artifacts copied, 0 already retrieved (56767kB/63ms)
[2025-12-14T16:51:05.202+0000] {spark_submit.py:490} INFO - 25/12/14 16:51:05 WARN NativeCodeLoader: Unable to load native-hadoop library for your platform... using builtin-java classes where applicable
[2025-12-14T16:51:05.424+0000] {spark_submit.py:490} INFO - Main class:
[2025-12-14T16:51:05.425+0000] {spark_submit.py:490} INFO - org.apache.spark.deploy.PythonRunner
[2025-12-14T16:51:05.426+0000] {spark_submit.py:490} INFO - Arguments:
[2025-12-14T16:51:05.427+0000] {spark_submit.py:490} INFO - file:/opt/spark/jobs/batch_layer.py
[2025-12-14T16:51:05.427+0000] {spark_submit.py:490} INFO - file:///home/airflow/.ivy2/jars/org.apache.spark_spark-sql-kafka-0-10_2.12-3.5.0.jar,file:///home/airflow/.ivy2/jars/org.apache.spark_spark-token-provider-kafka-0-10_2.12-3.5.0.jar,file:///home/airflow/.ivy2/jars/org.apache.kafka_kafka-clients-3.4.1.jar,file:///home/airflow/.ivy2/jars/com.google.code.findbugs_jsr305-3.0.0.jar,file:///home/airflow/.ivy2/jars/org.apache.commons_commons-pool2-2.11.1.jar,file:///home/airflow/.ivy2/jars/org.apache.hadoop_hadoop-client-runtime-3.3.4.jar,file:///home/airflow/.ivy2/jars/org.lz4_lz4-java-1.8.0.jar,file:///home/airflow/.ivy2/jars/org.xerial.snappy_snappy-java-1.1.10.3.jar,file:///home/airflow/.ivy2/jars/org.slf4j_slf4j-api-2.0.7.jar,file:///home/airflow/.ivy2/jars/org.apache.hadoop_hadoop-client-api-3.3.4.jar,file:///home/airflow/.ivy2/jars/commons-logging_commons-logging-1.1.3.jar
[2025-12-14T16:51:05.431+0000] {spark_submit.py:490} INFO - Spark config:
[2025-12-14T16:51:05.431+0000] {spark_submit.py:490} INFO - (spark.app.name,ExchangeRatesBatchLayer)
[2025-12-14T16:51:05.432+0000] {spark_submit.py:490} INFO - (spark.app.submitTime,1765731065404)
[2025-12-14T16:51:05.432+0000] {spark_submit.py:490} INFO - (spark.driver.memory,1g)
[2025-12-14T16:51:05.433+0000] {spark_submit.py:490} INFO - (spark.executor.memory,2g)
[2025-12-14T16:51:05.433+0000] {spark_submit.py:490} INFO - (spark.files,*********(redacted))
[2025-12-14T16:51:05.433+0000] {spark_submit.py:490} INFO - (spark.jars,*********(redacted))
[2025-12-14T16:51:05.434+0000] {spark_submit.py:490} INFO - (spark.master,spark-master:7077)
[2025-12-14T16:51:05.434+0000] {spark_submit.py:490} INFO - (spark.repl.local.jars,*********(redacted))
[2025-12-14T16:51:05.435+0000] {spark_submit.py:490} INFO - (spark.submit.deployMode,client)
[2025-12-14T16:51:05.435+0000] {spark_submit.py:490} INFO - (spark.submit.pyFiles,*********(redacted))
[2025-12-14T16:51:05.436+0000] {spark_submit.py:490} INFO - Classpath elements:
[2025-12-14T16:51:05.436+0000] {spark_submit.py:490} INFO - file:///home/airflow/.ivy2/jars/org.apache.spark_spark-sql-kafka-0-10_2.12-3.5.0.jar
[2025-12-14T16:51:05.437+0000] {spark_submit.py:490} INFO - file:///home/airflow/.ivy2/jars/org.apache.spark_spark-token-provider-kafka-0-10_2.12-3.5.0.jar
[2025-12-14T16:51:05.437+0000] {spark_submit.py:490} INFO - file:///home/airflow/.ivy2/jars/org.apache.kafka_kafka-clients-3.4.1.jar
[2025-12-14T16:51:05.437+0000] {spark_submit.py:490} INFO - file:///home/airflow/.ivy2/jars/com.google.code.findbugs_jsr305-3.0.0.jar
[2025-12-14T16:51:05.438+0000] {spark_submit.py:490} INFO - file:///home/airflow/.ivy2/jars/org.apache.commons_commons-pool2-2.11.1.jar
[2025-12-14T16:51:05.438+0000] {spark_submit.py:490} INFO - file:///home/airflow/.ivy2/jars/org.apache.hadoop_hadoop-client-runtime-3.3.4.jar
[2025-12-14T16:51:05.439+0000] {spark_submit.py:490} INFO - file:///home/airflow/.ivy2/jars/org.lz4_lz4-java-1.8.0.jar
[2025-12-14T16:51:05.439+0000] {spark_submit.py:490} INFO - file:///home/airflow/.ivy2/jars/org.xerial.snappy_snappy-java-1.1.10.3.jar
[2025-12-14T16:51:05.440+0000] {spark_submit.py:490} INFO - file:///home/airflow/.ivy2/jars/org.slf4j_slf4j-api-2.0.7.jar
[2025-12-14T16:51:05.440+0000] {spark_submit.py:490} INFO - file:///home/airflow/.ivy2/jars/org.apache.hadoop_hadoop-client-api-3.3.4.jar
[2025-12-14T16:51:05.440+0000] {spark_submit.py:490} INFO - file:///home/airflow/.ivy2/jars/commons-logging_commons-logging-1.1.3.jar
[2025-12-14T16:51:05.444+0000] {spark_submit.py:490} INFO - 
[2025-12-14T16:51:05.445+0000] {spark_submit.py:490} INFO - 
[2025-12-14T16:51:05.637+0000] {spark_submit.py:490} INFO - python3: can't open file '/opt/spark/jobs/batch_layer.py': [Errno 2] No such file or directory
[2025-12-14T16:51:05.659+0000] {spark_submit.py:490} INFO - 25/12/14 16:51:05 INFO ShutdownHookManager: Shutdown hook called
[2025-12-14T16:51:05.660+0000] {spark_submit.py:490} INFO - 25/12/14 16:51:05 INFO ShutdownHookManager: Deleting directory /tmp/spark-88fe7055-0923-40d0-9f37-9d7ce49037e9
[2025-12-14T16:51:05.725+0000] {taskinstance.py:1824} ERROR - Task failed with exception
Traceback (most recent call last):
  File "/home/airflow/.local/lib/python3.7/site-packages/airflow/providers/apache/spark/operators/spark_submit.py", line 157, in execute
    self._hook.submit(self._application)
  File "/home/airflow/.local/lib/python3.7/site-packages/airflow/providers/apache/spark/hooks/spark_submit.py", line 422, in submit
    f"Cannot execute: {self._mask_cmd(spark_submit_cmd)}. Error code is: {returncode}."
airflow.exceptions.AirflowException: Cannot execute: spark-submit --master spark-master:7077 --packages org.apache.spark:spark-sql-kafka-0-10_2.12:3.5.0 --executor-memory 2g --driver-memory 1g --name ExchangeRatesBatchLayer --verbose /opt/spark/jobs/batch_layer.py. Error code is: 2.
[2025-12-14T16:51:05.734+0000] {taskinstance.py:1350} INFO - Marking task as UP_FOR_RETRY. dag_id=exchange_rates_batch_layer, task_id=spark_batch_layer, execution_date=20251214T164925, start_date=20251214T164931, end_date=20251214T165105
[2025-12-14T16:51:05.759+0000] {standard_task_runner.py:109} ERROR - Failed to execute job 11 for task spark_batch_layer (Cannot execute: spark-submit --master spark-master:7077 --packages org.apache.spark:spark-sql-kafka-0-10_2.12:3.5.0 --executor-memory 2g --driver-memory 1g --name ExchangeRatesBatchLayer --verbose /opt/spark/jobs/batch_layer.py. Error code is: 2.; 262)
[2025-12-14T16:51:05.786+0000] {local_task_job_runner.py:225} INFO - Task exited with return code 1
[2025-12-14T16:51:05.812+0000] {taskinstance.py:2653} INFO - 0 downstream tasks scheduled from follow-on schedule check
