[2025-12-14T16:56:09.628+0000] {taskinstance.py:1103} INFO - Dependencies all met for dep_context=non-requeueable deps ti=<TaskInstance: exchange_rates_batch_layer.spark_batch_layer manual__2025-12-14T16:49:25.487587+00:00 [queued]>
[2025-12-14T16:56:09.637+0000] {taskinstance.py:1103} INFO - Dependencies all met for dep_context=requeueable deps ti=<TaskInstance: exchange_rates_batch_layer.spark_batch_layer manual__2025-12-14T16:49:25.487587+00:00 [queued]>
[2025-12-14T16:56:09.638+0000] {taskinstance.py:1308} INFO - Starting attempt 2 of 2
[2025-12-14T16:56:09.658+0000] {taskinstance.py:1327} INFO - Executing <Task(SparkSubmitOperator): spark_batch_layer> on 2025-12-14 16:49:25.487587+00:00
[2025-12-14T16:56:09.662+0000] {standard_task_runner.py:57} INFO - Started process 358 to run task
[2025-12-14T16:56:09.666+0000] {standard_task_runner.py:84} INFO - Running: ['airflow', 'tasks', 'run', 'exchange_rates_batch_layer', 'spark_batch_layer', 'manual__2025-12-14T16:49:25.487587+00:00', '--job-id', '12', '--raw', '--subdir', 'DAGS_FOLDER/exchange_rates_batch_dag.py', '--cfg-path', '/tmp/tmppqfr3yvf']
[2025-12-14T16:56:09.668+0000] {standard_task_runner.py:85} INFO - Job 12: Subtask spark_batch_layer
[2025-12-14T16:56:09.715+0000] {task_command.py:410} INFO - Running <TaskInstance: exchange_rates_batch_layer.spark_batch_layer manual__2025-12-14T16:49:25.487587+00:00 [running]> on host 0a6cd546f6b5
[2025-12-14T16:56:09.802+0000] {taskinstance.py:1547} INFO - Exporting env vars: AIRFLOW_CTX_DAG_OWNER='airflow' AIRFLOW_CTX_DAG_ID='exchange_rates_batch_layer' AIRFLOW_CTX_TASK_ID='spark_batch_layer' AIRFLOW_CTX_EXECUTION_DATE='2025-12-14T16:49:25.487587+00:00' AIRFLOW_CTX_TRY_NUMBER='2' AIRFLOW_CTX_DAG_RUN_ID='manual__2025-12-14T16:49:25.487587+00:00'
[2025-12-14T16:56:09.809+0000] {base.py:73} INFO - Using connection ID 'spark_default' for task execution.
[2025-12-14T16:56:09.810+0000] {spark_submit.py:339} INFO - Spark-Submit cmd: spark-submit --master spark-master:7077 --packages org.apache.spark:spark-sql-kafka-0-10_2.12:3.5.0 --executor-memory 2g --driver-memory 1g --name ExchangeRatesBatchLayer --verbose /opt/spark/jobs/batch_layer.py
[2025-12-14T16:56:12.140+0000] {spark_submit.py:490} INFO - Using properties file: null
[2025-12-14T16:56:12.381+0000] {spark_submit.py:490} INFO - Parsed arguments:
[2025-12-14T16:56:12.382+0000] {spark_submit.py:490} INFO - master                  spark-master:7077
[2025-12-14T16:56:12.382+0000] {spark_submit.py:490} INFO - remote                  null
[2025-12-14T16:56:12.383+0000] {spark_submit.py:490} INFO - deployMode              null
[2025-12-14T16:56:12.383+0000] {spark_submit.py:490} INFO - executorMemory          2g
[2025-12-14T16:56:12.384+0000] {spark_submit.py:490} INFO - executorCores           null
[2025-12-14T16:56:12.384+0000] {spark_submit.py:490} INFO - totalExecutorCores      null
[2025-12-14T16:56:12.385+0000] {spark_submit.py:490} INFO - propertiesFile          null
[2025-12-14T16:56:12.385+0000] {spark_submit.py:490} INFO - driverMemory            1g
[2025-12-14T16:56:12.386+0000] {spark_submit.py:490} INFO - driverCores             null
[2025-12-14T16:56:12.386+0000] {spark_submit.py:490} INFO - driverExtraClassPath    null
[2025-12-14T16:56:12.386+0000] {spark_submit.py:490} INFO - driverExtraLibraryPath  null
[2025-12-14T16:56:12.387+0000] {spark_submit.py:490} INFO - driverExtraJavaOptions  null
[2025-12-14T16:56:12.387+0000] {spark_submit.py:490} INFO - supervise               false
[2025-12-14T16:56:12.387+0000] {spark_submit.py:490} INFO - queue                   null
[2025-12-14T16:56:12.388+0000] {spark_submit.py:490} INFO - numExecutors            null
[2025-12-14T16:56:12.388+0000] {spark_submit.py:490} INFO - files                   null
[2025-12-14T16:56:12.388+0000] {spark_submit.py:490} INFO - pyFiles                 null
[2025-12-14T16:56:12.389+0000] {spark_submit.py:490} INFO - archives                null
[2025-12-14T16:56:12.389+0000] {spark_submit.py:490} INFO - mainClass               null
[2025-12-14T16:56:12.389+0000] {spark_submit.py:490} INFO - primaryResource         file:/opt/spark/jobs/batch_layer.py
[2025-12-14T16:56:12.390+0000] {spark_submit.py:490} INFO - name                    ExchangeRatesBatchLayer
[2025-12-14T16:56:12.390+0000] {spark_submit.py:490} INFO - childArgs               []
[2025-12-14T16:56:12.390+0000] {spark_submit.py:490} INFO - jars                    null
[2025-12-14T16:56:12.391+0000] {spark_submit.py:490} INFO - packages                org.apache.spark:spark-sql-kafka-0-10_2.12:3.5.0
[2025-12-14T16:56:12.391+0000] {spark_submit.py:490} INFO - packagesExclusions      null
[2025-12-14T16:56:12.392+0000] {spark_submit.py:490} INFO - repositories            null
[2025-12-14T16:56:12.392+0000] {spark_submit.py:490} INFO - verbose                 true
[2025-12-14T16:56:12.393+0000] {spark_submit.py:490} INFO - 
[2025-12-14T16:56:12.393+0000] {spark_submit.py:490} INFO - Spark properties used, including those specified through
[2025-12-14T16:56:12.393+0000] {spark_submit.py:490} INFO - --conf and those from the properties file null:
[2025-12-14T16:56:12.394+0000] {spark_submit.py:490} INFO - (spark.driver.memory,1g)
[2025-12-14T16:56:12.394+0000] {spark_submit.py:490} INFO - 
[2025-12-14T16:56:12.394+0000] {spark_submit.py:490} INFO - 
[2025-12-14T16:56:12.564+0000] {spark_submit.py:490} INFO - :: loading settings :: url = jar:file:/home/airflow/.local/lib/python3.7/site-packages/pyspark/jars/ivy-2.5.1.jar!/org/apache/ivy/core/settings/ivysettings.xml
[2025-12-14T16:56:12.756+0000] {spark_submit.py:490} INFO - Ivy Default Cache set to: /home/airflow/.ivy2/cache
[2025-12-14T16:56:12.757+0000] {spark_submit.py:490} INFO - The jars for the packages stored in: /home/airflow/.ivy2/jars
[2025-12-14T16:56:12.764+0000] {spark_submit.py:490} INFO - org.apache.spark#spark-sql-kafka-0-10_2.12 added as a dependency
[2025-12-14T16:56:12.766+0000] {spark_submit.py:490} INFO - :: resolving dependencies :: org.apache.spark#spark-submit-parent-30d1915c-4b17-47b4-a859-e87544cb045b;1.0
[2025-12-14T16:56:12.766+0000] {spark_submit.py:490} INFO - confs: [default]
[2025-12-14T16:56:12.997+0000] {spark_submit.py:490} INFO - found org.apache.spark#spark-sql-kafka-0-10_2.12;3.5.0 in central
[2025-12-14T16:56:13.176+0000] {spark_submit.py:490} INFO - found org.apache.spark#spark-token-provider-kafka-0-10_2.12;3.5.0 in central
[2025-12-14T16:56:13.245+0000] {spark_submit.py:490} INFO - found org.apache.kafka#kafka-clients;3.4.1 in central
[2025-12-14T16:56:13.310+0000] {spark_submit.py:490} INFO - found org.lz4#lz4-java;1.8.0 in central
[2025-12-14T16:56:13.387+0000] {spark_submit.py:490} INFO - found org.xerial.snappy#snappy-java;1.1.10.3 in central
[2025-12-14T16:56:13.440+0000] {spark_submit.py:490} INFO - found org.slf4j#slf4j-api;2.0.7 in central
[2025-12-14T16:56:13.485+0000] {spark_submit.py:490} INFO - found org.apache.hadoop#hadoop-client-runtime;3.3.4 in central
[2025-12-14T16:56:13.525+0000] {spark_submit.py:490} INFO - found org.apache.hadoop#hadoop-client-api;3.3.4 in central
[2025-12-14T16:56:13.559+0000] {spark_submit.py:490} INFO - found commons-logging#commons-logging;1.1.3 in central
[2025-12-14T16:56:13.589+0000] {spark_submit.py:490} INFO - found com.google.code.findbugs#jsr305;3.0.0 in central
[2025-12-14T16:56:13.617+0000] {spark_submit.py:490} INFO - found org.apache.commons#commons-pool2;2.11.1 in central
[2025-12-14T16:56:13.658+0000] {spark_submit.py:490} INFO - :: resolution report :: resolve 869ms :: artifacts dl 23ms
[2025-12-14T16:56:13.659+0000] {spark_submit.py:490} INFO - :: modules in use:
[2025-12-14T16:56:13.660+0000] {spark_submit.py:490} INFO - com.google.code.findbugs#jsr305;3.0.0 from central in [default]
[2025-12-14T16:56:13.660+0000] {spark_submit.py:490} INFO - commons-logging#commons-logging;1.1.3 from central in [default]
[2025-12-14T16:56:13.661+0000] {spark_submit.py:490} INFO - org.apache.commons#commons-pool2;2.11.1 from central in [default]
[2025-12-14T16:56:13.661+0000] {spark_submit.py:490} INFO - org.apache.hadoop#hadoop-client-api;3.3.4 from central in [default]
[2025-12-14T16:56:13.661+0000] {spark_submit.py:490} INFO - org.apache.hadoop#hadoop-client-runtime;3.3.4 from central in [default]
[2025-12-14T16:56:13.662+0000] {spark_submit.py:490} INFO - org.apache.kafka#kafka-clients;3.4.1 from central in [default]
[2025-12-14T16:56:13.662+0000] {spark_submit.py:490} INFO - org.apache.spark#spark-sql-kafka-0-10_2.12;3.5.0 from central in [default]
[2025-12-14T16:56:13.663+0000] {spark_submit.py:490} INFO - org.apache.spark#spark-token-provider-kafka-0-10_2.12;3.5.0 from central in [default]
[2025-12-14T16:56:13.663+0000] {spark_submit.py:490} INFO - org.lz4#lz4-java;1.8.0 from central in [default]
[2025-12-14T16:56:13.664+0000] {spark_submit.py:490} INFO - org.slf4j#slf4j-api;2.0.7 from central in [default]
[2025-12-14T16:56:13.665+0000] {spark_submit.py:490} INFO - org.xerial.snappy#snappy-java;1.1.10.3 from central in [default]
[2025-12-14T16:56:13.665+0000] {spark_submit.py:490} INFO - ---------------------------------------------------------------------
[2025-12-14T16:56:13.666+0000] {spark_submit.py:490} INFO - |                  |            modules            ||   artifacts   |
[2025-12-14T16:56:13.666+0000] {spark_submit.py:490} INFO - |       conf       | number| search|dwnlded|evicted|| number|dwnlded|
[2025-12-14T16:56:13.667+0000] {spark_submit.py:490} INFO - ---------------------------------------------------------------------
[2025-12-14T16:56:13.668+0000] {spark_submit.py:490} INFO - |      default     |   11  |   0   |   0   |   0   ||   11  |   0   |
[2025-12-14T16:56:13.668+0000] {spark_submit.py:490} INFO - ---------------------------------------------------------------------
[2025-12-14T16:56:13.679+0000] {spark_submit.py:490} INFO - :: retrieving :: org.apache.spark#spark-submit-parent-30d1915c-4b17-47b4-a859-e87544cb045b
[2025-12-14T16:56:13.679+0000] {spark_submit.py:490} INFO - confs: [default]
[2025-12-14T16:56:13.695+0000] {spark_submit.py:490} INFO - 0 artifacts copied, 11 already retrieved (0kB/16ms)
[2025-12-14T16:56:14.154+0000] {spark_submit.py:490} INFO - 25/12/14 16:56:14 WARN NativeCodeLoader: Unable to load native-hadoop library for your platform... using builtin-java classes where applicable
[2025-12-14T16:56:14.433+0000] {spark_submit.py:490} INFO - Main class:
[2025-12-14T16:56:14.433+0000] {spark_submit.py:490} INFO - org.apache.spark.deploy.PythonRunner
[2025-12-14T16:56:14.434+0000] {spark_submit.py:490} INFO - Arguments:
[2025-12-14T16:56:14.435+0000] {spark_submit.py:490} INFO - file:/opt/spark/jobs/batch_layer.py
[2025-12-14T16:56:14.435+0000] {spark_submit.py:490} INFO - file:///home/airflow/.ivy2/jars/org.apache.spark_spark-sql-kafka-0-10_2.12-3.5.0.jar,file:///home/airflow/.ivy2/jars/org.apache.spark_spark-token-provider-kafka-0-10_2.12-3.5.0.jar,file:///home/airflow/.ivy2/jars/org.apache.kafka_kafka-clients-3.4.1.jar,file:///home/airflow/.ivy2/jars/com.google.code.findbugs_jsr305-3.0.0.jar,file:///home/airflow/.ivy2/jars/org.apache.commons_commons-pool2-2.11.1.jar,file:///home/airflow/.ivy2/jars/org.apache.hadoop_hadoop-client-runtime-3.3.4.jar,file:///home/airflow/.ivy2/jars/org.lz4_lz4-java-1.8.0.jar,file:///home/airflow/.ivy2/jars/org.xerial.snappy_snappy-java-1.1.10.3.jar,file:///home/airflow/.ivy2/jars/org.slf4j_slf4j-api-2.0.7.jar,file:///home/airflow/.ivy2/jars/org.apache.hadoop_hadoop-client-api-3.3.4.jar,file:///home/airflow/.ivy2/jars/commons-logging_commons-logging-1.1.3.jar
[2025-12-14T16:56:14.440+0000] {spark_submit.py:490} INFO - Spark config:
[2025-12-14T16:56:14.440+0000] {spark_submit.py:490} INFO - (spark.app.name,ExchangeRatesBatchLayer)
[2025-12-14T16:56:14.441+0000] {spark_submit.py:490} INFO - (spark.app.submitTime,1765731374408)
[2025-12-14T16:56:14.441+0000] {spark_submit.py:490} INFO - (spark.driver.memory,1g)
[2025-12-14T16:56:14.441+0000] {spark_submit.py:490} INFO - (spark.executor.memory,2g)
[2025-12-14T16:56:14.442+0000] {spark_submit.py:490} INFO - (spark.files,*********(redacted))
[2025-12-14T16:56:14.442+0000] {spark_submit.py:490} INFO - (spark.jars,*********(redacted))
[2025-12-14T16:56:14.442+0000] {spark_submit.py:490} INFO - (spark.master,spark-master:7077)
[2025-12-14T16:56:14.443+0000] {spark_submit.py:490} INFO - (spark.repl.local.jars,*********(redacted))
[2025-12-14T16:56:14.443+0000] {spark_submit.py:490} INFO - (spark.submit.deployMode,client)
[2025-12-14T16:56:14.444+0000] {spark_submit.py:490} INFO - (spark.submit.pyFiles,*********(redacted))
[2025-12-14T16:56:14.444+0000] {spark_submit.py:490} INFO - Classpath elements:
[2025-12-14T16:56:14.444+0000] {spark_submit.py:490} INFO - file:///home/airflow/.ivy2/jars/org.apache.spark_spark-sql-kafka-0-10_2.12-3.5.0.jar
[2025-12-14T16:56:14.445+0000] {spark_submit.py:490} INFO - file:///home/airflow/.ivy2/jars/org.apache.spark_spark-token-provider-kafka-0-10_2.12-3.5.0.jar
[2025-12-14T16:56:14.445+0000] {spark_submit.py:490} INFO - file:///home/airflow/.ivy2/jars/org.apache.kafka_kafka-clients-3.4.1.jar
[2025-12-14T16:56:14.445+0000] {spark_submit.py:490} INFO - file:///home/airflow/.ivy2/jars/com.google.code.findbugs_jsr305-3.0.0.jar
[2025-12-14T16:56:14.446+0000] {spark_submit.py:490} INFO - file:///home/airflow/.ivy2/jars/org.apache.commons_commons-pool2-2.11.1.jar
[2025-12-14T16:56:14.446+0000] {spark_submit.py:490} INFO - file:///home/airflow/.ivy2/jars/org.apache.hadoop_hadoop-client-runtime-3.3.4.jar
[2025-12-14T16:56:14.446+0000] {spark_submit.py:490} INFO - file:///home/airflow/.ivy2/jars/org.lz4_lz4-java-1.8.0.jar
[2025-12-14T16:56:14.447+0000] {spark_submit.py:490} INFO - file:///home/airflow/.ivy2/jars/org.xerial.snappy_snappy-java-1.1.10.3.jar
[2025-12-14T16:56:14.447+0000] {spark_submit.py:490} INFO - file:///home/airflow/.ivy2/jars/org.slf4j_slf4j-api-2.0.7.jar
[2025-12-14T16:56:14.447+0000] {spark_submit.py:490} INFO - file:///home/airflow/.ivy2/jars/org.apache.hadoop_hadoop-client-api-3.3.4.jar
[2025-12-14T16:56:14.448+0000] {spark_submit.py:490} INFO - file:///home/airflow/.ivy2/jars/commons-logging_commons-logging-1.1.3.jar
[2025-12-14T16:56:14.448+0000] {spark_submit.py:490} INFO - 
[2025-12-14T16:56:14.448+0000] {spark_submit.py:490} INFO - 
[2025-12-14T16:56:14.671+0000] {spark_submit.py:490} INFO - python3: can't open file '/opt/spark/jobs/batch_layer.py': [Errno 2] No such file or directory
[2025-12-14T16:56:14.705+0000] {spark_submit.py:490} INFO - 25/12/14 16:56:14 INFO ShutdownHookManager: Shutdown hook called
[2025-12-14T16:56:14.710+0000] {spark_submit.py:490} INFO - 25/12/14 16:56:14 INFO ShutdownHookManager: Deleting directory /tmp/spark-936f5c1a-38c1-4de3-ba52-142aec887ff8
[2025-12-14T16:56:14.781+0000] {taskinstance.py:1824} ERROR - Task failed with exception
Traceback (most recent call last):
  File "/home/airflow/.local/lib/python3.7/site-packages/airflow/providers/apache/spark/operators/spark_submit.py", line 157, in execute
    self._hook.submit(self._application)
  File "/home/airflow/.local/lib/python3.7/site-packages/airflow/providers/apache/spark/hooks/spark_submit.py", line 422, in submit
    f"Cannot execute: {self._mask_cmd(spark_submit_cmd)}. Error code is: {returncode}."
airflow.exceptions.AirflowException: Cannot execute: spark-submit --master spark-master:7077 --packages org.apache.spark:spark-sql-kafka-0-10_2.12:3.5.0 --executor-memory 2g --driver-memory 1g --name ExchangeRatesBatchLayer --verbose /opt/spark/jobs/batch_layer.py. Error code is: 2.
[2025-12-14T16:56:14.786+0000] {taskinstance.py:1350} INFO - Marking task as FAILED. dag_id=exchange_rates_batch_layer, task_id=spark_batch_layer, execution_date=20251214T164925, start_date=20251214T165609, end_date=20251214T165614
[2025-12-14T16:56:14.816+0000] {standard_task_runner.py:109} ERROR - Failed to execute job 12 for task spark_batch_layer (Cannot execute: spark-submit --master spark-master:7077 --packages org.apache.spark:spark-sql-kafka-0-10_2.12:3.5.0 --executor-memory 2g --driver-memory 1g --name ExchangeRatesBatchLayer --verbose /opt/spark/jobs/batch_layer.py. Error code is: 2.; 358)
[2025-12-14T16:56:14.831+0000] {local_task_job_runner.py:225} INFO - Task exited with return code 1
[2025-12-14T16:56:14.848+0000] {taskinstance.py:2653} INFO - 0 downstream tasks scheduled from follow-on schedule check
