[2025-12-15T09:31:53.084+0000] {local_task_job_runner.py:123} INFO - ::group::Pre task execution logs
[2025-12-15T09:31:53.341+0000] {taskinstance.py:2603} INFO - Dependencies all met for dep_context=non-requeueable deps ti=<TaskInstance: batch_layer_pipeline.verify_avro_parquet scheduled__2025-12-15T08:00:00+00:00 [queued]>
[2025-12-15T09:31:53.474+0000] {taskinstance.py:2603} INFO - Dependencies all met for dep_context=requeueable deps ti=<TaskInstance: batch_layer_pipeline.verify_avro_parquet scheduled__2025-12-15T08:00:00+00:00 [queued]>
[2025-12-15T09:31:53.532+0000] {taskinstance.py:2856} INFO - Starting attempt 1 of 2
[2025-12-15T09:31:53.651+0000] {taskinstance.py:2879} INFO - Executing <Task(BashOperator): verify_avro_parquet> on 2025-12-15 08:00:00+00:00
[2025-12-15T09:31:53.670+0000] {standard_task_runner.py:72} INFO - Started process 474 to run task
[2025-12-15T09:31:53.685+0000] {standard_task_runner.py:104} INFO - Running: ['airflow', 'tasks', 'run', 'batch_layer_pipeline', 'verify_avro_parquet', 'scheduled__2025-12-15T08:00:00+00:00', '--job-id', '19', '--raw', '--subdir', 'DAGS_FOLDER/batch_pipeline_dag.py', '--cfg-path', '/tmp/tmp6m4e1vsu']
[2025-12-15T09:31:53.689+0000] {standard_task_runner.py:105} INFO - Job 19: Subtask verify_avro_parquet
[2025-12-15T09:31:54.075+0000] {task_command.py:467} INFO - Running <TaskInstance: batch_layer_pipeline.verify_avro_parquet scheduled__2025-12-15T08:00:00+00:00 [running]> on host 137ed86f2410
[2025-12-15T09:31:54.711+0000] {taskinstance.py:3122} INFO - Exporting env vars: AIRFLOW_CTX_DAG_OWNER='airflow' AIRFLOW_CTX_DAG_ID='batch_layer_pipeline' AIRFLOW_CTX_TASK_ID='verify_avro_parquet' AIRFLOW_CTX_EXECUTION_DATE='2025-12-15T08:00:00+00:00' AIRFLOW_CTX_TRY_NUMBER='1' AIRFLOW_CTX_DAG_RUN_ID='scheduled__2025-12-15T08:00:00+00:00'
[2025-12-15T09:31:54.713+0000] {taskinstance.py:731} INFO - ::endgroup::
[2025-12-15T09:31:54.800+0000] {subprocess.py:63} INFO - Tmp dir root location: /tmp
[2025-12-15T09:31:54.806+0000] {subprocess.py:75} INFO - Running command: ['/usr/bin/bash', '-c', '\n        docker exec spark-master         /opt/spark/bin/spark-submit         --master spark://spark-master:7077         --packages org.apache.spark:spark-avro_2.12:3.5.0         /opt/spark/jobs/verify_avro_parquet.py\n        ']
[2025-12-15T09:31:54.828+0000] {subprocess.py:86} INFO - Output:
[2025-12-15T09:32:08.991+0000] {subprocess.py:93} INFO - :: loading settings :: url = jar:file:/opt/spark/jars/ivy-2.5.1.jar!/org/apache/ivy/core/settings/ivysettings.xml
[2025-12-15T09:32:09.616+0000] {subprocess.py:93} INFO - Ivy Default Cache set to: /home/spark/.ivy2/cache
[2025-12-15T09:32:09.620+0000] {subprocess.py:93} INFO - The jars for the packages stored in: /home/spark/.ivy2/jars
[2025-12-15T09:32:09.623+0000] {subprocess.py:93} INFO - org.apache.spark#spark-avro_2.12 added as a dependency
[2025-12-15T09:32:09.626+0000] {subprocess.py:93} INFO - :: resolving dependencies :: org.apache.spark#spark-submit-parent-a966eee5-3760-4201-917b-191a2003fd96;1.0
[2025-12-15T09:32:09.642+0000] {subprocess.py:93} INFO - 	confs: [default]
[2025-12-15T09:32:10.963+0000] {subprocess.py:93} INFO - 	found org.apache.spark#spark-avro_2.12;3.5.0 in central
[2025-12-15T09:32:11.242+0000] {subprocess.py:93} INFO - 	found org.tukaani#xz;1.9 in central
[2025-12-15T09:32:11.337+0000] {subprocess.py:93} INFO - :: resolution report :: resolve 1569ms :: artifacts dl 49ms
[2025-12-15T09:32:11.363+0000] {subprocess.py:93} INFO - 	:: modules in use:
[2025-12-15T09:32:11.376+0000] {subprocess.py:93} INFO - 	org.apache.spark#spark-avro_2.12;3.5.0 from central in [default]
[2025-12-15T09:32:11.423+0000] {subprocess.py:93} INFO - 	org.tukaani#xz;1.9 from central in [default]
[2025-12-15T09:32:11.539+0000] {subprocess.py:93} INFO - 	---------------------------------------------------------------------
[2025-12-15T09:32:11.556+0000] {subprocess.py:93} INFO - 	|                  |            modules            ||   artifacts   |
[2025-12-15T09:32:11.564+0000] {subprocess.py:93} INFO - 	|       conf       | number| search|dwnlded|evicted|| number|dwnlded|
[2025-12-15T09:32:11.569+0000] {subprocess.py:93} INFO - 	---------------------------------------------------------------------
[2025-12-15T09:32:11.570+0000] {subprocess.py:93} INFO - 	|      default     |   2   |   0   |   0   |   0   ||   2   |   0   |
[2025-12-15T09:32:11.603+0000] {subprocess.py:93} INFO - 	---------------------------------------------------------------------
[2025-12-15T09:32:11.629+0000] {subprocess.py:93} INFO - :: retrieving :: org.apache.spark#spark-submit-parent-a966eee5-3760-4201-917b-191a2003fd96
[2025-12-15T09:32:11.633+0000] {subprocess.py:93} INFO - 	confs: [default]
[2025-12-15T09:32:11.685+0000] {subprocess.py:93} INFO - 	0 artifacts copied, 2 already retrieved (0kB/46ms)
[2025-12-15T09:32:12.829+0000] {subprocess.py:93} INFO - 25/12/15 09:32:12 WARN NativeCodeLoader: Unable to load native-hadoop library for your platform... using builtin-java classes where applicable
[2025-12-15T09:32:15.729+0000] {subprocess.py:93} INFO - 25/12/15 09:32:15 INFO SparkContext: Running Spark version 3.5.0
[2025-12-15T09:32:15.733+0000] {subprocess.py:93} INFO - 25/12/15 09:32:15 INFO SparkContext: OS info Linux, 5.15.167.4-microsoft-standard-WSL2, amd64
[2025-12-15T09:32:15.737+0000] {subprocess.py:93} INFO - 25/12/15 09:32:15 INFO SparkContext: Java version 11.0.20.1
[2025-12-15T09:32:15.852+0000] {subprocess.py:93} INFO - 25/12/15 09:32:15 INFO ResourceUtils: ==============================================================
[2025-12-15T09:32:15.856+0000] {subprocess.py:93} INFO - 25/12/15 09:32:15 INFO ResourceUtils: No custom resources configured for spark.driver.
[2025-12-15T09:32:15.858+0000] {subprocess.py:93} INFO - 25/12/15 09:32:15 INFO ResourceUtils: ==============================================================
[2025-12-15T09:32:15.859+0000] {subprocess.py:93} INFO - 25/12/15 09:32:15 INFO SparkContext: Submitted application: Verify AVRO and PARQUET
[2025-12-15T09:32:16.048+0000] {subprocess.py:93} INFO - 25/12/15 09:32:16 INFO ResourceProfile: Default ResourceProfile created, executor resources: Map(memory -> name: memory, amount: 1024, script: , vendor: , offHeap -> name: offHeap, amount: 0, script: , vendor: ), task resources: Map(cpus -> name: cpus, amount: 1.0)
[2025-12-15T09:32:16.111+0000] {subprocess.py:93} INFO - 25/12/15 09:32:16 INFO ResourceProfile: Limiting resource is cpu
[2025-12-15T09:32:16.127+0000] {subprocess.py:93} INFO - 25/12/15 09:32:16 INFO ResourceProfileManager: Added ResourceProfile id: 0
[2025-12-15T09:32:16.346+0000] {subprocess.py:93} INFO - 25/12/15 09:32:16 INFO SecurityManager: Changing view acls to: spark
[2025-12-15T09:32:16.362+0000] {subprocess.py:93} INFO - 25/12/15 09:32:16 INFO SecurityManager: Changing modify acls to: spark
[2025-12-15T09:32:16.369+0000] {subprocess.py:93} INFO - 25/12/15 09:32:16 INFO SecurityManager: Changing view acls groups to:
[2025-12-15T09:32:16.378+0000] {subprocess.py:93} INFO - 25/12/15 09:32:16 INFO SecurityManager: Changing modify acls groups to:
[2025-12-15T09:32:16.379+0000] {subprocess.py:93} INFO - 25/12/15 09:32:16 INFO SecurityManager: SecurityManager: authentication disabled; ui acls disabled; users with view permissions: spark; groups with view permissions: EMPTY; users with modify permissions: spark; groups with modify permissions: EMPTY
[2025-12-15T09:32:17.912+0000] {subprocess.py:93} INFO - 25/12/15 09:32:17 INFO Utils: Successfully started service 'sparkDriver' on port 44745.
[2025-12-15T09:32:17.988+0000] {subprocess.py:93} INFO - 25/12/15 09:32:17 INFO SparkEnv: Registering MapOutputTracker
[2025-12-15T09:32:18.294+0000] {subprocess.py:93} INFO - 25/12/15 09:32:18 INFO SparkEnv: Registering BlockManagerMaster
[2025-12-15T09:32:18.461+0000] {subprocess.py:93} INFO - 25/12/15 09:32:18 INFO BlockManagerMasterEndpoint: Using org.apache.spark.storage.DefaultTopologyMapper for getting topology information
[2025-12-15T09:32:18.488+0000] {subprocess.py:93} INFO - 25/12/15 09:32:18 INFO BlockManagerMasterEndpoint: BlockManagerMasterEndpoint up
[2025-12-15T09:32:18.496+0000] {subprocess.py:93} INFO - 25/12/15 09:32:18 INFO SparkEnv: Registering BlockManagerMasterHeartbeat
[2025-12-15T09:32:18.630+0000] {subprocess.py:93} INFO - 25/12/15 09:32:18 INFO DiskBlockManager: Created local directory at /tmp/blockmgr-c16b29ec-5800-4148-b779-142972615348
[2025-12-15T09:32:18.736+0000] {subprocess.py:93} INFO - 25/12/15 09:32:18 INFO MemoryStore: MemoryStore started with capacity 434.4 MiB
[2025-12-15T09:32:18.887+0000] {subprocess.py:93} INFO - 25/12/15 09:32:18 INFO SparkEnv: Registering OutputCommitCoordinator
[2025-12-15T09:32:19.559+0000] {subprocess.py:93} INFO - 25/12/15 09:32:19 INFO JettyUtils: Start Jetty 0.0.0.0:4040 for SparkUI
[2025-12-15T09:32:19.764+0000] {subprocess.py:93} INFO - 25/12/15 09:32:19 INFO Utils: Successfully started service 'SparkUI' on port 4040.
[2025-12-15T09:32:19.890+0000] {subprocess.py:93} INFO - 25/12/15 09:32:19 INFO SparkContext: Added JAR file:///home/spark/.ivy2/jars/org.apache.spark_spark-avro_2.12-3.5.0.jar at spark://a2bac326dd73:44745/jars/org.apache.spark_spark-avro_2.12-3.5.0.jar with timestamp 1765791135703
[2025-12-15T09:32:19.891+0000] {subprocess.py:93} INFO - 25/12/15 09:32:19 INFO SparkContext: Added JAR file:///home/spark/.ivy2/jars/org.tukaani_xz-1.9.jar at spark://a2bac326dd73:44745/jars/org.tukaani_xz-1.9.jar with timestamp 1765791135703
[2025-12-15T09:32:19.895+0000] {subprocess.py:93} INFO - 25/12/15 09:32:19 INFO SparkContext: Added file file:///home/spark/.ivy2/jars/org.apache.spark_spark-avro_2.12-3.5.0.jar at spark://a2bac326dd73:44745/files/org.apache.spark_spark-avro_2.12-3.5.0.jar with timestamp 1765791135703
[2025-12-15T09:32:19.903+0000] {subprocess.py:93} INFO - 25/12/15 09:32:19 INFO Utils: Copying /home/spark/.ivy2/jars/org.apache.spark_spark-avro_2.12-3.5.0.jar to /tmp/spark-2cbb591b-0d7a-47a2-a30e-608fadd25a87/userFiles-c3347ebc-e67c-4b63-b4f4-e581c61cd47e/org.apache.spark_spark-avro_2.12-3.5.0.jar
[2025-12-15T09:32:19.918+0000] {subprocess.py:93} INFO - 25/12/15 09:32:19 INFO SparkContext: Added file file:///home/spark/.ivy2/jars/org.tukaani_xz-1.9.jar at spark://a2bac326dd73:44745/files/org.tukaani_xz-1.9.jar with timestamp 1765791135703
[2025-12-15T09:32:19.919+0000] {subprocess.py:93} INFO - 25/12/15 09:32:19 INFO Utils: Copying /home/spark/.ivy2/jars/org.tukaani_xz-1.9.jar to /tmp/spark-2cbb591b-0d7a-47a2-a30e-608fadd25a87/userFiles-c3347ebc-e67c-4b63-b4f4-e581c61cd47e/org.tukaani_xz-1.9.jar
[2025-12-15T09:32:20.114+0000] {subprocess.py:93} INFO - 25/12/15 09:32:20 INFO StandaloneAppClient$ClientEndpoint: Connecting to master spark://spark-master:7077...
[2025-12-15T09:32:20.361+0000] {subprocess.py:93} INFO - 25/12/15 09:32:20 INFO TransportClientFactory: Successfully created connection to spark-master/172.19.0.7:7077 after 151 ms (0 ms spent in bootstraps)
[2025-12-15T09:32:20.765+0000] {subprocess.py:93} INFO - 25/12/15 09:32:20 INFO StandaloneSchedulerBackend: Connected to Spark cluster with app ID app-20251215093220-0011
[2025-12-15T09:32:20.799+0000] {subprocess.py:93} INFO - 25/12/15 09:32:20 INFO StandaloneAppClient$ClientEndpoint: Executor added: app-20251215093220-0011/0 on worker-20251214211957-172.19.0.8-45289 (172.19.0.8:45289) with 2 core(s)
[2025-12-15T09:32:20.803+0000] {subprocess.py:93} INFO - 25/12/15 09:32:20 INFO StandaloneSchedulerBackend: Granted executor ID app-20251215093220-0011/0 on hostPort 172.19.0.8:45289 with 2 core(s), 1024.0 MiB RAM
[2025-12-15T09:32:20.858+0000] {subprocess.py:93} INFO - 25/12/15 09:32:20 INFO Utils: Successfully started service 'org.apache.spark.network.netty.NettyBlockTransferService' on port 34989.
[2025-12-15T09:32:20.859+0000] {subprocess.py:93} INFO - 25/12/15 09:32:20 INFO NettyBlockTransferService: Server created on a2bac326dd73:34989
[2025-12-15T09:32:20.860+0000] {subprocess.py:93} INFO - 25/12/15 09:32:20 INFO BlockManager: Using org.apache.spark.storage.RandomBlockReplicationPolicy for block replication policy
[2025-12-15T09:32:20.937+0000] {subprocess.py:93} INFO - 25/12/15 09:32:20 INFO BlockManagerMaster: Registering BlockManager BlockManagerId(driver, a2bac326dd73, 34989, None)
[2025-12-15T09:32:20.954+0000] {subprocess.py:93} INFO - 25/12/15 09:32:20 INFO BlockManagerMasterEndpoint: Registering block manager a2bac326dd73:34989 with 434.4 MiB RAM, BlockManagerId(driver, a2bac326dd73, 34989, None)
[2025-12-15T09:32:20.970+0000] {subprocess.py:93} INFO - 25/12/15 09:32:20 INFO BlockManagerMaster: Registered BlockManager BlockManagerId(driver, a2bac326dd73, 34989, None)
[2025-12-15T09:32:20.974+0000] {subprocess.py:93} INFO - 25/12/15 09:32:20 INFO BlockManager: Initialized BlockManager: BlockManagerId(driver, a2bac326dd73, 34989, None)
[2025-12-15T09:32:21.318+0000] {subprocess.py:93} INFO - 25/12/15 09:32:21 INFO StandaloneAppClient$ClientEndpoint: Executor updated: app-20251215093220-0011/0 is now RUNNING
[2025-12-15T09:32:22.715+0000] {subprocess.py:93} INFO - 25/12/15 09:32:22 INFO StandaloneSchedulerBackend: SchedulerBackend is ready for scheduling beginning after reached minRegisteredResourcesRatio: 0.0
[2025-12-15T09:32:23.913+0000] {subprocess.py:93} INFO - ======================================================================
[2025-12-15T09:32:23.928+0000] {subprocess.py:93} INFO - 🔍 VÉRIFICATION DES TABLES HIVE
[2025-12-15T09:32:23.935+0000] {subprocess.py:93} INFO - ======================================================================
[2025-12-15T09:32:23.964+0000] {subprocess.py:93} INFO - 
[2025-12-15T09:32:23.982+0000] {subprocess.py:93} INFO - ======================================================================
[2025-12-15T09:32:23.991+0000] {subprocess.py:93} INFO - 📦 VÉRIFICATION : exchange_rates_master (AVRO)
[2025-12-15T09:32:23.999+0000] {subprocess.py:93} INFO - ======================================================================
[2025-12-15T09:32:24.009+0000] {subprocess.py:93} INFO - 
[2025-12-15T09:32:24.014+0000] {subprocess.py:93} INFO - ======================================================================
[2025-12-15T09:32:24.019+0000] {subprocess.py:93} INFO - 📊 Vérification : exchange_rates_master (AVRO)
[2025-12-15T09:32:24.036+0000] {subprocess.py:93} INFO - ======================================================================
[2025-12-15T09:33:14.359+0000] {subprocess.py:93} INFO - ⚠️ La table 'exchange_rates_master' existe mais est vide
[2025-12-15T09:33:14.360+0000] {subprocess.py:93} INFO - ℹ️ Attendez que des données soient envoyées à Kafka
[2025-12-15T09:33:14.361+0000] {subprocess.py:93} INFO - 
[2025-12-15T09:33:14.385+0000] {subprocess.py:93} INFO - ======================================================================
[2025-12-15T09:33:14.388+0000] {subprocess.py:93} INFO - 📦 VÉRIFICATION : exchange_rates_daily_avg (PARQUET)
[2025-12-15T09:33:14.389+0000] {subprocess.py:93} INFO - ======================================================================
[2025-12-15T09:33:14.390+0000] {subprocess.py:93} INFO - 
[2025-12-15T09:33:14.392+0000] {subprocess.py:93} INFO - ======================================================================
[2025-12-15T09:33:14.393+0000] {subprocess.py:93} INFO - 📊 Vérification : exchange_rates_daily_avg (PARQUET)
[2025-12-15T09:33:14.393+0000] {subprocess.py:93} INFO - ======================================================================
[2025-12-15T09:33:16.419+0000] {subprocess.py:93} INFO - ⚠️ La table 'exchange_rates_daily_avg' existe mais est vide
[2025-12-15T09:33:16.424+0000] {subprocess.py:93} INFO - ℹ️ Attendez que des données soient envoyées à Kafka
[2025-12-15T09:33:16.425+0000] {subprocess.py:93} INFO - 
[2025-12-15T09:33:16.427+0000] {subprocess.py:93} INFO - ======================================================================
[2025-12-15T09:33:16.428+0000] {subprocess.py:93} INFO - 📋 RÉSUMÉ FINAL
[2025-12-15T09:33:16.429+0000] {subprocess.py:93} INFO - ======================================================================
[2025-12-15T09:33:16.440+0000] {subprocess.py:93} INFO - exchange_rates_master (AVRO)      : ✅ OK (0 enregistrements)
[2025-12-15T09:33:16.444+0000] {subprocess.py:93} INFO - exchange_rates_daily_avg (PARQUET): ✅ OK (0 enregistrements)
[2025-12-15T09:33:16.449+0000] {subprocess.py:93} INFO - ======================================================================
[2025-12-15T09:33:16.452+0000] {subprocess.py:93} INFO - 
[2025-12-15T09:33:16.453+0000] {subprocess.py:93} INFO - ℹ️ INFO : Les tables existent mais sont vides.
[2025-12-15T09:33:16.454+0000] {subprocess.py:93} INFO -    Le batch_layer a été exécuté mais n'a trouvé aucune donnée dans Kafka.
[2025-12-15T09:33:16.455+0000] {subprocess.py:93} INFO - 
[2025-12-15T09:33:16.456+0000] {subprocess.py:93} INFO - 💡 SUGGESTION :
[2025-12-15T09:33:16.457+0000] {subprocess.py:93} INFO -    1. Vérifiez que le producer envoie bien des données
[2025-12-15T09:33:16.458+0000] {subprocess.py:93} INFO -    2. Vérifiez le nom du topic Kafka
[2025-12-15T09:33:16.459+0000] {subprocess.py:93} INFO -    3. Attendez quelques secondes et relancez le batch_layer
[2025-12-15T09:33:17.260+0000] {subprocess.py:93} INFO - 
[2025-12-15T09:33:17.266+0000] {subprocess.py:93} INFO - ✅ Vérification terminée avec succès !
[2025-12-15T09:33:17.269+0000] {subprocess.py:93} INFO - ======================================================================
[2025-12-15T09:33:17.574+0000] {subprocess.py:97} INFO - Command exited with return code 0
[2025-12-15T09:33:17.623+0000] {taskinstance.py:340} INFO - ::group::Post task execution logs
[2025-12-15T09:33:17.624+0000] {taskinstance.py:352} INFO - Marking task as SUCCESS. dag_id=batch_layer_pipeline, task_id=verify_avro_parquet, run_id=scheduled__2025-12-15T08:00:00+00:00, execution_date=20251215T080000, start_date=20251215T093153, end_date=20251215T093317
[2025-12-15T09:33:17.688+0000] {local_task_job_runner.py:261} INFO - Task exited with return code 0
[2025-12-15T09:33:17.837+0000] {taskinstance.py:3891} INFO - 1 downstream tasks scheduled from follow-on schedule check
[2025-12-15T09:33:17.850+0000] {local_task_job_runner.py:240} INFO - ::endgroup::
[2025-12-15T09:40:29.937+0000] {local_task_job_runner.py:123} INFO - ::group::Pre task execution logs
[2025-12-15T09:40:29.991+0000] {taskinstance.py:2603} INFO - Dependencies all met for dep_context=non-requeueable deps ti=<TaskInstance: batch_layer_pipeline.verify_avro_parquet scheduled__2025-12-15T08:00:00+00:00 [queued]>
[2025-12-15T09:40:30.010+0000] {taskinstance.py:2603} INFO - Dependencies all met for dep_context=requeueable deps ti=<TaskInstance: batch_layer_pipeline.verify_avro_parquet scheduled__2025-12-15T08:00:00+00:00 [queued]>
[2025-12-15T09:40:30.011+0000] {taskinstance.py:2856} INFO - Starting attempt 1 of 2
[2025-12-15T09:40:30.037+0000] {taskinstance.py:2879} INFO - Executing <Task(BashOperator): verify_avro_parquet> on 2025-12-15 08:00:00+00:00
[2025-12-15T09:40:30.042+0000] {standard_task_runner.py:72} INFO - Started process 115 to run task
[2025-12-15T09:40:30.046+0000] {standard_task_runner.py:104} INFO - Running: ['airflow', 'tasks', 'run', 'batch_layer_pipeline', 'verify_avro_parquet', 'scheduled__2025-12-15T08:00:00+00:00', '--job-id', '4', '--raw', '--subdir', 'DAGS_FOLDER/batch_pipeline_dag.py', '--cfg-path', '/tmp/tmp62ekuksk']
[2025-12-15T09:40:30.048+0000] {standard_task_runner.py:105} INFO - Job 4: Subtask verify_avro_parquet
[2025-12-15T09:40:30.107+0000] {task_command.py:467} INFO - Running <TaskInstance: batch_layer_pipeline.verify_avro_parquet scheduled__2025-12-15T08:00:00+00:00 [running]> on host 79e4a0297251
[2025-12-15T09:40:30.218+0000] {taskinstance.py:3122} INFO - Exporting env vars: AIRFLOW_CTX_DAG_OWNER='airflow' AIRFLOW_CTX_DAG_ID='batch_layer_pipeline' AIRFLOW_CTX_TASK_ID='verify_avro_parquet' AIRFLOW_CTX_EXECUTION_DATE='2025-12-15T08:00:00+00:00' AIRFLOW_CTX_TRY_NUMBER='1' AIRFLOW_CTX_DAG_RUN_ID='scheduled__2025-12-15T08:00:00+00:00'
[2025-12-15T09:40:30.219+0000] {taskinstance.py:731} INFO - ::endgroup::
[2025-12-15T09:40:30.259+0000] {subprocess.py:63} INFO - Tmp dir root location: /tmp
[2025-12-15T09:40:30.262+0000] {subprocess.py:75} INFO - Running command: ['/usr/bin/bash', '-c', '\n        docker exec spark-master         /opt/spark/bin/spark-submit         --master spark://spark-master:7077         --packages org.apache.spark:spark-avro_2.12:3.5.0         /opt/spark/jobs/verify_avro_parquet.py\n        ']
[2025-12-15T09:40:30.287+0000] {subprocess.py:86} INFO - Output:
[2025-12-15T09:40:36.686+0000] {subprocess.py:93} INFO - :: loading settings :: url = jar:file:/opt/spark/jars/ivy-2.5.1.jar!/org/apache/ivy/core/settings/ivysettings.xml
[2025-12-15T09:40:36.886+0000] {subprocess.py:93} INFO - Ivy Default Cache set to: /home/spark/.ivy2/cache
[2025-12-15T09:40:36.887+0000] {subprocess.py:93} INFO - The jars for the packages stored in: /home/spark/.ivy2/jars
[2025-12-15T09:40:36.897+0000] {subprocess.py:93} INFO - org.apache.spark#spark-avro_2.12 added as a dependency
[2025-12-15T09:40:36.907+0000] {subprocess.py:93} INFO - :: resolving dependencies :: org.apache.spark#spark-submit-parent-e745865a-c13b-4d31-95d8-f9f63b0b207e;1.0
[2025-12-15T09:40:36.908+0000] {subprocess.py:93} INFO - 	confs: [default]
[2025-12-15T09:40:37.477+0000] {subprocess.py:93} INFO - 	found org.apache.spark#spark-avro_2.12;3.5.0 in central
[2025-12-15T09:40:37.557+0000] {subprocess.py:93} INFO - 	found org.tukaani#xz;1.9 in central
[2025-12-15T09:40:37.627+0000] {subprocess.py:93} INFO - :: resolution report :: resolve 693ms :: artifacts dl 25ms
[2025-12-15T09:40:37.629+0000] {subprocess.py:93} INFO - 	:: modules in use:
[2025-12-15T09:40:37.641+0000] {subprocess.py:93} INFO - 	org.apache.spark#spark-avro_2.12;3.5.0 from central in [default]
[2025-12-15T09:40:37.643+0000] {subprocess.py:93} INFO - 	org.tukaani#xz;1.9 from central in [default]
[2025-12-15T09:40:37.645+0000] {subprocess.py:93} INFO - 	---------------------------------------------------------------------
[2025-12-15T09:40:37.657+0000] {subprocess.py:93} INFO - 	|                  |            modules            ||   artifacts   |
[2025-12-15T09:40:37.658+0000] {subprocess.py:93} INFO - 	|       conf       | number| search|dwnlded|evicted|| number|dwnlded|
[2025-12-15T09:40:37.661+0000] {subprocess.py:93} INFO - 	---------------------------------------------------------------------
[2025-12-15T09:40:37.662+0000] {subprocess.py:93} INFO - 	|      default     |   2   |   0   |   0   |   0   ||   2   |   0   |
[2025-12-15T09:40:37.664+0000] {subprocess.py:93} INFO - 	---------------------------------------------------------------------
[2025-12-15T09:40:37.666+0000] {subprocess.py:93} INFO - :: retrieving :: org.apache.spark#spark-submit-parent-e745865a-c13b-4d31-95d8-f9f63b0b207e
[2025-12-15T09:40:37.670+0000] {subprocess.py:93} INFO - 	confs: [default]
[2025-12-15T09:40:37.682+0000] {subprocess.py:93} INFO - 	0 artifacts copied, 2 already retrieved (0kB/27ms)
[2025-12-15T09:40:38.637+0000] {subprocess.py:93} INFO - 25/12/15 09:40:38 WARN NativeCodeLoader: Unable to load native-hadoop library for your platform... using builtin-java classes where applicable
[2025-12-15T09:40:41.114+0000] {subprocess.py:93} INFO - 25/12/15 09:40:41 INFO SparkContext: Running Spark version 3.5.0
[2025-12-15T09:40:41.116+0000] {subprocess.py:93} INFO - 25/12/15 09:40:41 INFO SparkContext: OS info Linux, 5.15.167.4-microsoft-standard-WSL2, amd64
[2025-12-15T09:40:41.117+0000] {subprocess.py:93} INFO - 25/12/15 09:40:41 INFO SparkContext: Java version 11.0.20.1
[2025-12-15T09:40:41.165+0000] {subprocess.py:93} INFO - 25/12/15 09:40:41 INFO ResourceUtils: ==============================================================
[2025-12-15T09:40:41.169+0000] {subprocess.py:93} INFO - 25/12/15 09:40:41 INFO ResourceUtils: No custom resources configured for spark.driver.
[2025-12-15T09:40:41.171+0000] {subprocess.py:93} INFO - 25/12/15 09:40:41 INFO ResourceUtils: ==============================================================
[2025-12-15T09:40:41.172+0000] {subprocess.py:93} INFO - 25/12/15 09:40:41 INFO SparkContext: Submitted application: Verify AVRO and PARQUET
[2025-12-15T09:40:41.275+0000] {subprocess.py:93} INFO - 25/12/15 09:40:41 INFO ResourceProfile: Default ResourceProfile created, executor resources: Map(memory -> name: memory, amount: 1024, script: , vendor: , offHeap -> name: offHeap, amount: 0, script: , vendor: ), task resources: Map(cpus -> name: cpus, amount: 1.0)
[2025-12-15T09:40:41.301+0000] {subprocess.py:93} INFO - 25/12/15 09:40:41 INFO ResourceProfile: Limiting resource is cpu
[2025-12-15T09:40:41.303+0000] {subprocess.py:93} INFO - 25/12/15 09:40:41 INFO ResourceProfileManager: Added ResourceProfile id: 0
[2025-12-15T09:40:41.394+0000] {subprocess.py:93} INFO - 25/12/15 09:40:41 INFO SecurityManager: Changing view acls to: spark
[2025-12-15T09:40:41.396+0000] {subprocess.py:93} INFO - 25/12/15 09:40:41 INFO SecurityManager: Changing modify acls to: spark
[2025-12-15T09:40:41.398+0000] {subprocess.py:93} INFO - 25/12/15 09:40:41 INFO SecurityManager: Changing view acls groups to:
[2025-12-15T09:40:41.401+0000] {subprocess.py:93} INFO - 25/12/15 09:40:41 INFO SecurityManager: Changing modify acls groups to:
[2025-12-15T09:40:41.402+0000] {subprocess.py:93} INFO - 25/12/15 09:40:41 INFO SecurityManager: SecurityManager: authentication disabled; ui acls disabled; users with view permissions: spark; groups with view permissions: EMPTY; users with modify permissions: spark; groups with modify permissions: EMPTY
[2025-12-15T09:40:41.874+0000] {subprocess.py:93} INFO - 25/12/15 09:40:41 INFO Utils: Successfully started service 'sparkDriver' on port 38769.
[2025-12-15T09:40:41.954+0000] {subprocess.py:93} INFO - 25/12/15 09:40:41 INFO SparkEnv: Registering MapOutputTracker
[2025-12-15T09:40:42.043+0000] {subprocess.py:93} INFO - 25/12/15 09:40:42 INFO SparkEnv: Registering BlockManagerMaster
[2025-12-15T09:40:42.092+0000] {subprocess.py:93} INFO - 25/12/15 09:40:42 INFO BlockManagerMasterEndpoint: Using org.apache.spark.storage.DefaultTopologyMapper for getting topology information
[2025-12-15T09:40:42.098+0000] {subprocess.py:93} INFO - 25/12/15 09:40:42 INFO BlockManagerMasterEndpoint: BlockManagerMasterEndpoint up
[2025-12-15T09:40:42.106+0000] {subprocess.py:93} INFO - 25/12/15 09:40:42 INFO SparkEnv: Registering BlockManagerMasterHeartbeat
[2025-12-15T09:40:42.147+0000] {subprocess.py:93} INFO - 25/12/15 09:40:42 INFO DiskBlockManager: Created local directory at /tmp/blockmgr-c630aeb5-a1eb-4b66-9889-09d6ba3ee064
[2025-12-15T09:40:42.180+0000] {subprocess.py:93} INFO - 25/12/15 09:40:42 INFO MemoryStore: MemoryStore started with capacity 434.4 MiB
[2025-12-15T09:40:42.228+0000] {subprocess.py:93} INFO - 25/12/15 09:40:42 INFO SparkEnv: Registering OutputCommitCoordinator
[2025-12-15T09:40:42.533+0000] {subprocess.py:93} INFO - 25/12/15 09:40:42 INFO JettyUtils: Start Jetty 0.0.0.0:4040 for SparkUI
[2025-12-15T09:40:42.658+0000] {subprocess.py:93} INFO - 25/12/15 09:40:42 INFO Utils: Successfully started service 'SparkUI' on port 4040.
[2025-12-15T09:40:42.740+0000] {subprocess.py:93} INFO - 25/12/15 09:40:42 INFO SparkContext: Added JAR file:///home/spark/.ivy2/jars/org.apache.spark_spark-avro_2.12-3.5.0.jar at spark://b454207e355c:38769/jars/org.apache.spark_spark-avro_2.12-3.5.0.jar with timestamp 1765791641101
[2025-12-15T09:40:42.742+0000] {subprocess.py:93} INFO - 25/12/15 09:40:42 INFO SparkContext: Added JAR file:///home/spark/.ivy2/jars/org.tukaani_xz-1.9.jar at spark://b454207e355c:38769/jars/org.tukaani_xz-1.9.jar with timestamp 1765791641101
[2025-12-15T09:40:42.753+0000] {subprocess.py:93} INFO - 25/12/15 09:40:42 INFO SparkContext: Added file file:///home/spark/.ivy2/jars/org.apache.spark_spark-avro_2.12-3.5.0.jar at spark://b454207e355c:38769/files/org.apache.spark_spark-avro_2.12-3.5.0.jar with timestamp 1765791641101
[2025-12-15T09:40:42.756+0000] {subprocess.py:93} INFO - 25/12/15 09:40:42 INFO Utils: Copying /home/spark/.ivy2/jars/org.apache.spark_spark-avro_2.12-3.5.0.jar to /tmp/spark-0fe48fe5-64a8-4633-901a-1f14c36f3891/userFiles-4c3ba61b-d65e-40cf-a01f-203d71e2aa61/org.apache.spark_spark-avro_2.12-3.5.0.jar
[2025-12-15T09:40:42.783+0000] {subprocess.py:93} INFO - 25/12/15 09:40:42 INFO SparkContext: Added file file:///home/spark/.ivy2/jars/org.tukaani_xz-1.9.jar at spark://b454207e355c:38769/files/org.tukaani_xz-1.9.jar with timestamp 1765791641101
[2025-12-15T09:40:42.784+0000] {subprocess.py:93} INFO - 25/12/15 09:40:42 INFO Utils: Copying /home/spark/.ivy2/jars/org.tukaani_xz-1.9.jar to /tmp/spark-0fe48fe5-64a8-4633-901a-1f14c36f3891/userFiles-4c3ba61b-d65e-40cf-a01f-203d71e2aa61/org.tukaani_xz-1.9.jar
[2025-12-15T09:40:42.932+0000] {subprocess.py:93} INFO - 25/12/15 09:40:42 INFO StandaloneAppClient$ClientEndpoint: Connecting to master spark://spark-master:7077...
[2025-12-15T09:40:43.014+0000] {subprocess.py:93} INFO - 25/12/15 09:40:43 INFO TransportClientFactory: Successfully created connection to spark-master/172.19.0.7:7077 after 43 ms (0 ms spent in bootstraps)
[2025-12-15T09:40:43.300+0000] {subprocess.py:93} INFO - 25/12/15 09:40:43 INFO StandaloneSchedulerBackend: Connected to Spark cluster with app ID app-20251215094043-0001
[2025-12-15T09:40:43.304+0000] {subprocess.py:93} INFO - 25/12/15 09:40:43 INFO StandaloneAppClient$ClientEndpoint: Executor added: app-20251215094043-0001/0 on worker-20251215093605-172.19.0.10-40687 (172.19.0.10:40687) with 2 core(s)
[2025-12-15T09:40:43.316+0000] {subprocess.py:93} INFO - 25/12/15 09:40:43 INFO StandaloneSchedulerBackend: Granted executor ID app-20251215094043-0001/0 on hostPort 172.19.0.10:40687 with 2 core(s), 1024.0 MiB RAM
[2025-12-15T09:40:43.417+0000] {subprocess.py:93} INFO - 25/12/15 09:40:43 INFO Utils: Successfully started service 'org.apache.spark.network.netty.NettyBlockTransferService' on port 33567.
[2025-12-15T09:40:43.422+0000] {subprocess.py:93} INFO - 25/12/15 09:40:43 INFO NettyBlockTransferService: Server created on b454207e355c:33567
[2025-12-15T09:40:43.425+0000] {subprocess.py:93} INFO - 25/12/15 09:40:43 INFO BlockManager: Using org.apache.spark.storage.RandomBlockReplicationPolicy for block replication policy
[2025-12-15T09:40:43.475+0000] {subprocess.py:93} INFO - 25/12/15 09:40:43 INFO BlockManagerMaster: Registering BlockManager BlockManagerId(driver, b454207e355c, 33567, None)
[2025-12-15T09:40:43.490+0000] {subprocess.py:93} INFO - 25/12/15 09:40:43 INFO BlockManagerMasterEndpoint: Registering block manager b454207e355c:33567 with 434.4 MiB RAM, BlockManagerId(driver, b454207e355c, 33567, None)
[2025-12-15T09:40:43.513+0000] {subprocess.py:93} INFO - 25/12/15 09:40:43 INFO BlockManagerMaster: Registered BlockManager BlockManagerId(driver, b454207e355c, 33567, None)
[2025-12-15T09:40:43.535+0000] {subprocess.py:93} INFO - 25/12/15 09:40:43 INFO BlockManager: Initialized BlockManager: BlockManagerId(driver, b454207e355c, 33567, None)
[2025-12-15T09:40:43.569+0000] {subprocess.py:93} INFO - 25/12/15 09:40:43 INFO StandaloneAppClient$ClientEndpoint: Executor updated: app-20251215094043-0001/0 is now RUNNING
[2025-12-15T09:40:44.191+0000] {subprocess.py:93} INFO - 25/12/15 09:40:44 INFO StandaloneSchedulerBackend: SchedulerBackend is ready for scheduling beginning after reached minRegisteredResourcesRatio: 0.0
[2025-12-15T09:40:44.741+0000] {subprocess.py:93} INFO - ======================================================================
[2025-12-15T09:40:44.746+0000] {subprocess.py:93} INFO - 🔍 VÉRIFICATION DES TABLES HIVE
[2025-12-15T09:40:44.747+0000] {subprocess.py:93} INFO - ======================================================================
[2025-12-15T09:40:44.748+0000] {subprocess.py:93} INFO - 
[2025-12-15T09:40:44.749+0000] {subprocess.py:93} INFO - ======================================================================
[2025-12-15T09:40:44.750+0000] {subprocess.py:93} INFO - 📦 VÉRIFICATION : exchange_rates_master (AVRO)
[2025-12-15T09:40:44.750+0000] {subprocess.py:93} INFO - ======================================================================
[2025-12-15T09:40:44.751+0000] {subprocess.py:93} INFO - 
[2025-12-15T09:40:44.753+0000] {subprocess.py:93} INFO - ======================================================================
[2025-12-15T09:40:44.754+0000] {subprocess.py:93} INFO - 📊 Vérification : exchange_rates_master (AVRO)
[2025-12-15T09:40:44.754+0000] {subprocess.py:93} INFO - ======================================================================
[2025-12-15T09:41:15.261+0000] {subprocess.py:93} INFO - ⚠️ La table 'exchange_rates_master' existe mais est vide
[2025-12-15T09:41:15.263+0000] {subprocess.py:93} INFO - ℹ️ Attendez que des données soient envoyées à Kafka
[2025-12-15T09:41:15.265+0000] {subprocess.py:93} INFO - 
[2025-12-15T09:41:15.269+0000] {subprocess.py:93} INFO - ======================================================================
[2025-12-15T09:41:15.271+0000] {subprocess.py:93} INFO - 📦 VÉRIFICATION : exchange_rates_daily_avg (PARQUET)
[2025-12-15T09:41:15.272+0000] {subprocess.py:93} INFO - ======================================================================
[2025-12-15T09:41:15.273+0000] {subprocess.py:93} INFO - 
[2025-12-15T09:41:15.275+0000] {subprocess.py:93} INFO - ======================================================================
[2025-12-15T09:41:15.278+0000] {subprocess.py:93} INFO - 📊 Vérification : exchange_rates_daily_avg (PARQUET)
[2025-12-15T09:41:15.287+0000] {subprocess.py:93} INFO - ======================================================================
[2025-12-15T09:41:17.638+0000] {subprocess.py:93} INFO - ⚠️ La table 'exchange_rates_daily_avg' existe mais est vide
[2025-12-15T09:41:17.640+0000] {subprocess.py:93} INFO - ℹ️ Attendez que des données soient envoyées à Kafka
[2025-12-15T09:41:17.641+0000] {subprocess.py:93} INFO - 
[2025-12-15T09:41:17.642+0000] {subprocess.py:93} INFO - ======================================================================
[2025-12-15T09:41:17.643+0000] {subprocess.py:93} INFO - 📋 RÉSUMÉ FINAL
[2025-12-15T09:41:17.644+0000] {subprocess.py:93} INFO - ======================================================================
[2025-12-15T09:41:17.645+0000] {subprocess.py:93} INFO - exchange_rates_master (AVRO)      : ✅ OK (0 enregistrements)
[2025-12-15T09:41:17.646+0000] {subprocess.py:93} INFO - exchange_rates_daily_avg (PARQUET): ✅ OK (0 enregistrements)
[2025-12-15T09:41:17.647+0000] {subprocess.py:93} INFO - ======================================================================
[2025-12-15T09:41:17.648+0000] {subprocess.py:93} INFO - 
[2025-12-15T09:41:17.650+0000] {subprocess.py:93} INFO - ℹ️ INFO : Les tables existent mais sont vides.
[2025-12-15T09:41:17.650+0000] {subprocess.py:93} INFO -    Le batch_layer a été exécuté mais n'a trouvé aucune donnée dans Kafka.
[2025-12-15T09:41:17.651+0000] {subprocess.py:93} INFO - 
[2025-12-15T09:41:17.652+0000] {subprocess.py:93} INFO - 💡 SUGGESTION :
[2025-12-15T09:41:17.653+0000] {subprocess.py:93} INFO -    1. Vérifiez que le producer envoie bien des données
[2025-12-15T09:41:17.654+0000] {subprocess.py:93} INFO -    2. Vérifiez le nom du topic Kafka
[2025-12-15T09:41:17.655+0000] {subprocess.py:93} INFO -    3. Attendez quelques secondes et relancez le batch_layer
[2025-12-15T09:41:17.922+0000] {subprocess.py:93} INFO - 
[2025-12-15T09:41:17.925+0000] {subprocess.py:93} INFO - ✅ Vérification terminée avec succès !
[2025-12-15T09:41:17.948+0000] {subprocess.py:93} INFO - ======================================================================
[2025-12-15T09:41:18.111+0000] {subprocess.py:97} INFO - Command exited with return code 0
[2025-12-15T09:41:18.226+0000] {taskinstance.py:340} INFO - ::group::Post task execution logs
[2025-12-15T09:41:18.235+0000] {taskinstance.py:352} INFO - Marking task as SUCCESS. dag_id=batch_layer_pipeline, task_id=verify_avro_parquet, run_id=scheduled__2025-12-15T08:00:00+00:00, execution_date=20251215T080000, start_date=20251215T094029, end_date=20251215T094118
[2025-12-15T09:41:18.430+0000] {local_task_job_runner.py:261} INFO - Task exited with return code 0
[2025-12-15T09:41:18.484+0000] {taskinstance.py:3891} INFO - 1 downstream tasks scheduled from follow-on schedule check
[2025-12-15T09:41:18.555+0000] {local_task_job_runner.py:240} INFO - ::endgroup::
