[2025-12-14T21:29:57.834+0000] {local_task_job_runner.py:123} INFO - ::group::Pre task execution logs
[2025-12-14T21:29:57.848+0000] {taskinstance.py:2603} INFO - Dependencies all met for dep_context=non-requeueable deps ti=<TaskInstance: batch_layer_pipeline.verify_avro_parquet scheduled__2025-12-14T20:00:00+00:00 [queued]>
[2025-12-14T21:29:57.855+0000] {taskinstance.py:2603} INFO - Dependencies all met for dep_context=requeueable deps ti=<TaskInstance: batch_layer_pipeline.verify_avro_parquet scheduled__2025-12-14T20:00:00+00:00 [queued]>
[2025-12-14T21:29:57.856+0000] {taskinstance.py:2856} INFO - Starting attempt 1 of 2
[2025-12-14T21:29:57.878+0000] {taskinstance.py:2879} INFO - Executing <Task(BashOperator): verify_avro_parquet> on 2025-12-14 20:00:00+00:00
[2025-12-14T21:29:57.883+0000] {standard_task_runner.py:72} INFO - Started process 144 to run task
[2025-12-14T21:29:57.886+0000] {standard_task_runner.py:104} INFO - Running: ['airflow', 'tasks', 'run', 'batch_layer_pipeline', 'verify_avro_parquet', 'scheduled__2025-12-14T20:00:00+00:00', '--job-id', '5', '--raw', '--subdir', 'DAGS_FOLDER/batch_pipeline_dag.py', '--cfg-path', '/tmp/tmpupls_7yg']
[2025-12-14T21:29:57.889+0000] {standard_task_runner.py:105} INFO - Job 5: Subtask verify_avro_parquet
[2025-12-14T21:29:57.941+0000] {task_command.py:467} INFO - Running <TaskInstance: batch_layer_pipeline.verify_avro_parquet scheduled__2025-12-14T20:00:00+00:00 [running]> on host 137ed86f2410
[2025-12-14T21:29:58.043+0000] {taskinstance.py:3122} INFO - Exporting env vars: AIRFLOW_CTX_DAG_OWNER='airflow' AIRFLOW_CTX_DAG_ID='batch_layer_pipeline' AIRFLOW_CTX_TASK_ID='verify_avro_parquet' AIRFLOW_CTX_EXECUTION_DATE='2025-12-14T20:00:00+00:00' AIRFLOW_CTX_TRY_NUMBER='1' AIRFLOW_CTX_DAG_RUN_ID='scheduled__2025-12-14T20:00:00+00:00'
[2025-12-14T21:29:58.044+0000] {taskinstance.py:731} INFO - ::endgroup::
[2025-12-14T21:29:58.069+0000] {subprocess.py:63} INFO - Tmp dir root location: /tmp
[2025-12-14T21:29:58.070+0000] {subprocess.py:75} INFO - Running command: ['/usr/bin/bash', '-c', '\n        docker exec spark-master         /opt/spark/bin/spark-submit         --master spark://spark-master:7077         --packages org.apache.spark:spark-avro_2.12:3.5.0         /opt/spark/jobs/verify_avro_parquet.py\n        ']
[2025-12-14T21:29:58.083+0000] {subprocess.py:86} INFO - Output:
[2025-12-14T21:30:01.767+0000] {subprocess.py:93} INFO - :: loading settings :: url = jar:file:/opt/spark/jars/ivy-2.5.1.jar!/org/apache/ivy/core/settings/ivysettings.xml
[2025-12-14T21:30:01.934+0000] {subprocess.py:93} INFO - Ivy Default Cache set to: /home/spark/.ivy2/cache
[2025-12-14T21:30:01.937+0000] {subprocess.py:93} INFO - The jars for the packages stored in: /home/spark/.ivy2/jars
[2025-12-14T21:30:01.950+0000] {subprocess.py:93} INFO - org.apache.spark#spark-avro_2.12 added as a dependency
[2025-12-14T21:30:01.965+0000] {subprocess.py:93} INFO - :: resolving dependencies :: org.apache.spark#spark-submit-parent-82249f75-8706-4e90-a501-fdd48c218fee;1.0
[2025-12-14T21:30:01.969+0000] {subprocess.py:93} INFO - 	confs: [default]
[2025-12-14T21:30:02.374+0000] {subprocess.py:93} INFO - 	found org.apache.spark#spark-avro_2.12;3.5.0 in central
[2025-12-14T21:30:02.425+0000] {subprocess.py:93} INFO - 	found org.tukaani#xz;1.9 in central
[2025-12-14T21:30:02.461+0000] {subprocess.py:93} INFO - :: resolution report :: resolve 498ms :: artifacts dl 9ms
[2025-12-14T21:30:02.464+0000] {subprocess.py:93} INFO - 	:: modules in use:
[2025-12-14T21:30:02.465+0000] {subprocess.py:93} INFO - 	org.apache.spark#spark-avro_2.12;3.5.0 from central in [default]
[2025-12-14T21:30:02.468+0000] {subprocess.py:93} INFO - 	org.tukaani#xz;1.9 from central in [default]
[2025-12-14T21:30:02.469+0000] {subprocess.py:93} INFO - 	---------------------------------------------------------------------
[2025-12-14T21:30:02.470+0000] {subprocess.py:93} INFO - 	|                  |            modules            ||   artifacts   |
[2025-12-14T21:30:02.470+0000] {subprocess.py:93} INFO - 	|       conf       | number| search|dwnlded|evicted|| number|dwnlded|
[2025-12-14T21:30:02.471+0000] {subprocess.py:93} INFO - 	---------------------------------------------------------------------
[2025-12-14T21:30:02.472+0000] {subprocess.py:93} INFO - 	|      default     |   2   |   0   |   0   |   0   ||   2   |   0   |
[2025-12-14T21:30:02.472+0000] {subprocess.py:93} INFO - 	---------------------------------------------------------------------
[2025-12-14T21:30:02.477+0000] {subprocess.py:93} INFO - :: retrieving :: org.apache.spark#spark-submit-parent-82249f75-8706-4e90-a501-fdd48c218fee
[2025-12-14T21:30:02.478+0000] {subprocess.py:93} INFO - 	confs: [default]
[2025-12-14T21:30:02.489+0000] {subprocess.py:93} INFO - 	0 artifacts copied, 2 already retrieved (0kB/12ms)
[2025-12-14T21:30:02.966+0000] {subprocess.py:93} INFO - 25/12/14 21:30:02 WARN NativeCodeLoader: Unable to load native-hadoop library for your platform... using builtin-java classes where applicable
[2025-12-14T21:30:04.342+0000] {subprocess.py:93} INFO - 25/12/14 21:30:04 INFO SparkContext: Running Spark version 3.5.0
[2025-12-14T21:30:04.347+0000] {subprocess.py:93} INFO - 25/12/14 21:30:04 INFO SparkContext: OS info Linux, 5.15.167.4-microsoft-standard-WSL2, amd64
[2025-12-14T21:30:04.348+0000] {subprocess.py:93} INFO - 25/12/14 21:30:04 INFO SparkContext: Java version 11.0.20.1
[2025-12-14T21:30:04.422+0000] {subprocess.py:93} INFO - 25/12/14 21:30:04 INFO ResourceUtils: ==============================================================
[2025-12-14T21:30:04.423+0000] {subprocess.py:93} INFO - 25/12/14 21:30:04 INFO ResourceUtils: No custom resources configured for spark.driver.
[2025-12-14T21:30:04.424+0000] {subprocess.py:93} INFO - 25/12/14 21:30:04 INFO ResourceUtils: ==============================================================
[2025-12-14T21:30:04.425+0000] {subprocess.py:93} INFO - 25/12/14 21:30:04 INFO SparkContext: Submitted application: Verify AVRO and PARQUET
[2025-12-14T21:30:04.460+0000] {subprocess.py:93} INFO - 25/12/14 21:30:04 INFO ResourceProfile: Default ResourceProfile created, executor resources: Map(memory -> name: memory, amount: 1024, script: , vendor: , offHeap -> name: offHeap, amount: 0, script: , vendor: ), task resources: Map(cpus -> name: cpus, amount: 1.0)
[2025-12-14T21:30:04.483+0000] {subprocess.py:93} INFO - 25/12/14 21:30:04 INFO ResourceProfile: Limiting resource is cpu
[2025-12-14T21:30:04.486+0000] {subprocess.py:93} INFO - 25/12/14 21:30:04 INFO ResourceProfileManager: Added ResourceProfile id: 0
[2025-12-14T21:30:04.568+0000] {subprocess.py:93} INFO - 25/12/14 21:30:04 INFO SecurityManager: Changing view acls to: spark
[2025-12-14T21:30:04.570+0000] {subprocess.py:93} INFO - 25/12/14 21:30:04 INFO SecurityManager: Changing modify acls to: spark
[2025-12-14T21:30:04.572+0000] {subprocess.py:93} INFO - 25/12/14 21:30:04 INFO SecurityManager: Changing view acls groups to:
[2025-12-14T21:30:04.574+0000] {subprocess.py:93} INFO - 25/12/14 21:30:04 INFO SecurityManager: Changing modify acls groups to:
[2025-12-14T21:30:04.575+0000] {subprocess.py:93} INFO - 25/12/14 21:30:04 INFO SecurityManager: SecurityManager: authentication disabled; ui acls disabled; users with view permissions: spark; groups with view permissions: EMPTY; users with modify permissions: spark; groups with modify permissions: EMPTY
[2025-12-14T21:30:05.317+0000] {subprocess.py:93} INFO - 25/12/14 21:30:05 INFO Utils: Successfully started service 'sparkDriver' on port 46523.
[2025-12-14T21:30:05.415+0000] {subprocess.py:93} INFO - 25/12/14 21:30:05 INFO SparkEnv: Registering MapOutputTracker
[2025-12-14T21:30:05.465+0000] {subprocess.py:93} INFO - 25/12/14 21:30:05 INFO SparkEnv: Registering BlockManagerMaster
[2025-12-14T21:30:05.500+0000] {subprocess.py:93} INFO - 25/12/14 21:30:05 INFO BlockManagerMasterEndpoint: Using org.apache.spark.storage.DefaultTopologyMapper for getting topology information
[2025-12-14T21:30:05.501+0000] {subprocess.py:93} INFO - 25/12/14 21:30:05 INFO BlockManagerMasterEndpoint: BlockManagerMasterEndpoint up
[2025-12-14T21:30:05.508+0000] {subprocess.py:93} INFO - 25/12/14 21:30:05 INFO SparkEnv: Registering BlockManagerMasterHeartbeat
[2025-12-14T21:30:05.536+0000] {subprocess.py:93} INFO - 25/12/14 21:30:05 INFO DiskBlockManager: Created local directory at /tmp/blockmgr-c32ae17e-7a77-46e4-8e12-01327216c2c6
[2025-12-14T21:30:05.562+0000] {subprocess.py:93} INFO - 25/12/14 21:30:05 INFO MemoryStore: MemoryStore started with capacity 434.4 MiB
[2025-12-14T21:30:05.592+0000] {subprocess.py:93} INFO - 25/12/14 21:30:05 INFO SparkEnv: Registering OutputCommitCoordinator
[2025-12-14T21:30:05.827+0000] {subprocess.py:93} INFO - 25/12/14 21:30:05 INFO JettyUtils: Start Jetty 0.0.0.0:4040 for SparkUI
[2025-12-14T21:30:05.912+0000] {subprocess.py:93} INFO - 25/12/14 21:30:05 INFO Utils: Successfully started service 'SparkUI' on port 4040.
[2025-12-14T21:30:05.974+0000] {subprocess.py:93} INFO - 25/12/14 21:30:05 INFO SparkContext: Added JAR file:///home/spark/.ivy2/jars/org.apache.spark_spark-avro_2.12-3.5.0.jar at spark://a2bac326dd73:46523/jars/org.apache.spark_spark-avro_2.12-3.5.0.jar with timestamp 1765747804312
[2025-12-14T21:30:05.976+0000] {subprocess.py:93} INFO - 25/12/14 21:30:05 INFO SparkContext: Added JAR file:///home/spark/.ivy2/jars/org.tukaani_xz-1.9.jar at spark://a2bac326dd73:46523/jars/org.tukaani_xz-1.9.jar with timestamp 1765747804312
[2025-12-14T21:30:05.983+0000] {subprocess.py:93} INFO - 25/12/14 21:30:05 INFO SparkContext: Added file file:///home/spark/.ivy2/jars/org.apache.spark_spark-avro_2.12-3.5.0.jar at spark://a2bac326dd73:46523/files/org.apache.spark_spark-avro_2.12-3.5.0.jar with timestamp 1765747804312
[2025-12-14T21:30:05.986+0000] {subprocess.py:93} INFO - 25/12/14 21:30:05 INFO Utils: Copying /home/spark/.ivy2/jars/org.apache.spark_spark-avro_2.12-3.5.0.jar to /tmp/spark-24cc82ff-e1c2-41e6-b450-b847c78e6601/userFiles-945ddee3-9b5e-4d91-8b80-4c1c83b352d9/org.apache.spark_spark-avro_2.12-3.5.0.jar
[2025-12-14T21:30:06.007+0000] {subprocess.py:93} INFO - 25/12/14 21:30:06 INFO SparkContext: Added file file:///home/spark/.ivy2/jars/org.tukaani_xz-1.9.jar at spark://a2bac326dd73:46523/files/org.tukaani_xz-1.9.jar with timestamp 1765747804312
[2025-12-14T21:30:06.008+0000] {subprocess.py:93} INFO - 25/12/14 21:30:06 INFO Utils: Copying /home/spark/.ivy2/jars/org.tukaani_xz-1.9.jar to /tmp/spark-24cc82ff-e1c2-41e6-b450-b847c78e6601/userFiles-945ddee3-9b5e-4d91-8b80-4c1c83b352d9/org.tukaani_xz-1.9.jar
[2025-12-14T21:30:06.136+0000] {subprocess.py:93} INFO - 25/12/14 21:30:06 INFO StandaloneAppClient$ClientEndpoint: Connecting to master spark://spark-master:7077...
[2025-12-14T21:30:06.205+0000] {subprocess.py:93} INFO - 25/12/14 21:30:06 INFO TransportClientFactory: Successfully created connection to spark-master/172.19.0.7:7077 after 47 ms (0 ms spent in bootstraps)
[2025-12-14T21:30:06.359+0000] {subprocess.py:93} INFO - 25/12/14 21:30:06 INFO StandaloneSchedulerBackend: Connected to Spark cluster with app ID app-20251214213006-0001
[2025-12-14T21:30:06.407+0000] {subprocess.py:93} INFO - 25/12/14 21:30:06 INFO Utils: Successfully started service 'org.apache.spark.network.netty.NettyBlockTransferService' on port 43511.
[2025-12-14T21:30:06.422+0000] {subprocess.py:93} INFO - 25/12/14 21:30:06 INFO NettyBlockTransferService: Server created on a2bac326dd73:43511
[2025-12-14T21:30:06.425+0000] {subprocess.py:93} INFO - 25/12/14 21:30:06 INFO BlockManager: Using org.apache.spark.storage.RandomBlockReplicationPolicy for block replication policy
[2025-12-14T21:30:06.445+0000] {subprocess.py:93} INFO - 25/12/14 21:30:06 INFO StandaloneAppClient$ClientEndpoint: Executor added: app-20251214213006-0001/0 on worker-20251214211957-172.19.0.8-45289 (172.19.0.8:45289) with 2 core(s)
[2025-12-14T21:30:06.507+0000] {subprocess.py:93} INFO - 25/12/14 21:30:06 INFO StandaloneSchedulerBackend: Granted executor ID app-20251214213006-0001/0 on hostPort 172.19.0.8:45289 with 2 core(s), 1024.0 MiB RAM
[2025-12-14T21:30:06.561+0000] {subprocess.py:93} INFO - 25/12/14 21:30:06 INFO BlockManagerMaster: Registering BlockManager BlockManagerId(driver, a2bac326dd73, 43511, None)
[2025-12-14T21:30:06.568+0000] {subprocess.py:93} INFO - 25/12/14 21:30:06 INFO BlockManagerMasterEndpoint: Registering block manager a2bac326dd73:43511 with 434.4 MiB RAM, BlockManagerId(driver, a2bac326dd73, 43511, None)
[2025-12-14T21:30:06.614+0000] {subprocess.py:93} INFO - 25/12/14 21:30:06 INFO BlockManagerMaster: Registered BlockManager BlockManagerId(driver, a2bac326dd73, 43511, None)
[2025-12-14T21:30:06.622+0000] {subprocess.py:93} INFO - 25/12/14 21:30:06 INFO BlockManager: Initialized BlockManager: BlockManagerId(driver, a2bac326dd73, 43511, None)
[2025-12-14T21:30:06.628+0000] {subprocess.py:93} INFO - 25/12/14 21:30:06 INFO StandaloneAppClient$ClientEndpoint: Executor updated: app-20251214213006-0001/0 is now RUNNING
[2025-12-14T21:30:07.442+0000] {subprocess.py:93} INFO - 25/12/14 21:30:07 INFO StandaloneSchedulerBackend: SchedulerBackend is ready for scheduling beginning after reached minRegisteredResourcesRatio: 0.0
[2025-12-14T21:30:07.749+0000] {subprocess.py:93} INFO - ======================================================================
[2025-12-14T21:30:07.750+0000] {subprocess.py:93} INFO - 🔍 VÉRIFICATION DES TABLES HIVE
[2025-12-14T21:30:07.751+0000] {subprocess.py:93} INFO - ======================================================================
[2025-12-14T21:30:07.752+0000] {subprocess.py:93} INFO - 
[2025-12-14T21:30:07.752+0000] {subprocess.py:93} INFO - ======================================================================
[2025-12-14T21:30:07.753+0000] {subprocess.py:93} INFO - 📦 VÉRIFICATION : exchange_rates_master (AVRO)
[2025-12-14T21:30:07.753+0000] {subprocess.py:93} INFO - ======================================================================
[2025-12-14T21:30:07.754+0000] {subprocess.py:93} INFO - 
[2025-12-14T21:30:07.755+0000] {subprocess.py:93} INFO - ======================================================================
[2025-12-14T21:30:07.755+0000] {subprocess.py:93} INFO - 📊 Vérification : exchange_rates_master (AVRO)
[2025-12-14T21:30:07.756+0000] {subprocess.py:93} INFO - ======================================================================
[2025-12-14T21:30:31.259+0000] {subprocess.py:93} INFO - ⚠️ La table 'exchange_rates_master' existe mais est vide
[2025-12-14T21:30:31.260+0000] {subprocess.py:93} INFO - ℹ️ Attendez que des données soient envoyées à Kafka
[2025-12-14T21:30:31.262+0000] {subprocess.py:93} INFO - 
[2025-12-14T21:30:31.267+0000] {subprocess.py:93} INFO - ======================================================================
[2025-12-14T21:30:31.294+0000] {subprocess.py:93} INFO - 📦 VÉRIFICATION : exchange_rates_daily_avg (PARQUET)
[2025-12-14T21:30:31.311+0000] {subprocess.py:93} INFO - ======================================================================
[2025-12-14T21:30:31.314+0000] {subprocess.py:93} INFO - 
[2025-12-14T21:30:31.317+0000] {subprocess.py:93} INFO - ======================================================================
[2025-12-14T21:30:31.327+0000] {subprocess.py:93} INFO - 📊 Vérification : exchange_rates_daily_avg (PARQUET)
[2025-12-14T21:30:31.344+0000] {subprocess.py:93} INFO - ======================================================================
[2025-12-14T21:30:32.309+0000] {subprocess.py:93} INFO - ⚠️ La table 'exchange_rates_daily_avg' existe mais est vide
[2025-12-14T21:30:32.310+0000] {subprocess.py:93} INFO - ℹ️ Attendez que des données soient envoyées à Kafka
[2025-12-14T21:30:32.311+0000] {subprocess.py:93} INFO - 
[2025-12-14T21:30:32.312+0000] {subprocess.py:93} INFO - ======================================================================
[2025-12-14T21:30:32.315+0000] {subprocess.py:93} INFO - 📋 RÉSUMÉ FINAL
[2025-12-14T21:30:32.318+0000] {subprocess.py:93} INFO - ======================================================================
[2025-12-14T21:30:32.321+0000] {subprocess.py:93} INFO - exchange_rates_master (AVRO)      : ✅ OK (0 enregistrements)
[2025-12-14T21:30:32.322+0000] {subprocess.py:93} INFO - exchange_rates_daily_avg (PARQUET): ✅ OK (0 enregistrements)
[2025-12-14T21:30:32.323+0000] {subprocess.py:93} INFO - ======================================================================
[2025-12-14T21:30:32.323+0000] {subprocess.py:93} INFO - 
[2025-12-14T21:30:32.324+0000] {subprocess.py:93} INFO - ℹ️ INFO : Les tables existent mais sont vides.
[2025-12-14T21:30:32.325+0000] {subprocess.py:93} INFO -    Le batch_layer a été exécuté mais n'a trouvé aucune donnée dans Kafka.
[2025-12-14T21:30:32.327+0000] {subprocess.py:93} INFO - 
[2025-12-14T21:30:32.328+0000] {subprocess.py:93} INFO - 💡 SUGGESTION :
[2025-12-14T21:30:32.328+0000] {subprocess.py:93} INFO -    1. Vérifiez que le producer envoie bien des données
[2025-12-14T21:30:32.329+0000] {subprocess.py:93} INFO -    2. Vérifiez le nom du topic Kafka
[2025-12-14T21:30:32.330+0000] {subprocess.py:93} INFO -    3. Attendez quelques secondes et relancez le batch_layer
[2025-12-14T21:30:32.572+0000] {subprocess.py:93} INFO - 
[2025-12-14T21:30:32.583+0000] {subprocess.py:93} INFO - ✅ Vérification terminée avec succès !
[2025-12-14T21:30:32.594+0000] {subprocess.py:93} INFO - ======================================================================
[2025-12-14T21:30:32.731+0000] {subprocess.py:97} INFO - Command exited with return code 0
[2025-12-14T21:30:32.769+0000] {taskinstance.py:340} INFO - ::group::Post task execution logs
[2025-12-14T21:30:32.770+0000] {taskinstance.py:352} INFO - Marking task as SUCCESS. dag_id=batch_layer_pipeline, task_id=verify_avro_parquet, run_id=scheduled__2025-12-14T20:00:00+00:00, execution_date=20251214T200000, start_date=20251214T212957, end_date=20251214T213032
[2025-12-14T21:30:32.812+0000] {local_task_job_runner.py:261} INFO - Task exited with return code 0
[2025-12-14T21:30:32.857+0000] {taskinstance.py:3891} INFO - 1 downstream tasks scheduled from follow-on schedule check
[2025-12-14T21:30:32.897+0000] {standard_task_runner.py:217} INFO - Process not found (most likely exited), stop collecting metrics
[2025-12-14T21:30:32.898+0000] {local_task_job_runner.py:240} INFO - ::endgroup::
