[2025-12-15T09:30:08.135+0000] {local_task_job_runner.py:123} INFO - ::group::Pre task execution logs
[2025-12-15T09:30:08.205+0000] {taskinstance.py:2603} INFO - Dependencies all met for dep_context=non-requeueable deps ti=<TaskInstance: batch_layer_pipeline.run_batch_layer scheduled__2025-12-15T08:00:00+00:00 [queued]>
[2025-12-15T09:30:08.251+0000] {taskinstance.py:2603} INFO - Dependencies all met for dep_context=requeueable deps ti=<TaskInstance: batch_layer_pipeline.run_batch_layer scheduled__2025-12-15T08:00:00+00:00 [queued]>
[2025-12-15T09:30:08.261+0000] {taskinstance.py:2856} INFO - Starting attempt 1 of 2
[2025-12-15T09:30:08.367+0000] {taskinstance.py:2879} INFO - Executing <Task(BashOperator): run_batch_layer> on 2025-12-15 08:00:00+00:00
[2025-12-15T09:30:08.381+0000] {standard_task_runner.py:104} INFO - Running: ['airflow', 'tasks', 'run', 'batch_layer_pipeline', 'run_batch_layer', 'scheduled__2025-12-15T08:00:00+00:00', '--job-id', '18', '--raw', '--subdir', 'DAGS_FOLDER/batch_pipeline_dag.py', '--cfg-path', '/tmp/tmpvtkjmoek']
[2025-12-15T09:30:08.384+0000] {standard_task_runner.py:72} INFO - Started process 456 to run task
[2025-12-15T09:30:08.385+0000] {standard_task_runner.py:105} INFO - Job 18: Subtask run_batch_layer
[2025-12-15T09:30:08.653+0000] {task_command.py:467} INFO - Running <TaskInstance: batch_layer_pipeline.run_batch_layer scheduled__2025-12-15T08:00:00+00:00 [running]> on host 137ed86f2410
[2025-12-15T09:30:09.178+0000] {taskinstance.py:3122} INFO - Exporting env vars: AIRFLOW_CTX_DAG_OWNER='airflow' AIRFLOW_CTX_DAG_ID='batch_layer_pipeline' AIRFLOW_CTX_TASK_ID='run_batch_layer' AIRFLOW_CTX_EXECUTION_DATE='2025-12-15T08:00:00+00:00' AIRFLOW_CTX_TRY_NUMBER='1' AIRFLOW_CTX_DAG_RUN_ID='scheduled__2025-12-15T08:00:00+00:00'
[2025-12-15T09:30:09.180+0000] {taskinstance.py:731} INFO - ::endgroup::
[2025-12-15T09:30:09.227+0000] {subprocess.py:63} INFO - Tmp dir root location: /tmp
[2025-12-15T09:30:09.252+0000] {subprocess.py:75} INFO - Running command: ['/usr/bin/bash', '-c', '\n        docker exec spark-master         /opt/spark/bin/spark-submit         --master spark://spark-master:7077         --driver-memory 1g         --executor-memory 1g         --packages org.apache.spark:spark-sql-kafka-0-10_2.12:3.5.0,org.apache.spark:spark-avro_2.12:3.5.0         /opt/spark/jobs/batch_layer.py\n        ']
[2025-12-15T09:30:09.275+0000] {subprocess.py:86} INFO - Output:
[2025-12-15T09:30:21.430+0000] {subprocess.py:93} INFO - :: loading settings :: url = jar:file:/opt/spark/jars/ivy-2.5.1.jar!/org/apache/ivy/core/settings/ivysettings.xml
[2025-12-15T09:30:21.812+0000] {subprocess.py:93} INFO - Ivy Default Cache set to: /home/spark/.ivy2/cache
[2025-12-15T09:30:21.814+0000] {subprocess.py:93} INFO - The jars for the packages stored in: /home/spark/.ivy2/jars
[2025-12-15T09:30:21.833+0000] {subprocess.py:93} INFO - org.apache.spark#spark-sql-kafka-0-10_2.12 added as a dependency
[2025-12-15T09:30:21.838+0000] {subprocess.py:93} INFO - org.apache.spark#spark-avro_2.12 added as a dependency
[2025-12-15T09:30:21.841+0000] {subprocess.py:93} INFO - :: resolving dependencies :: org.apache.spark#spark-submit-parent-946b6d94-50d4-47ff-9b60-2e972c4c2f8d;1.0
[2025-12-15T09:30:21.842+0000] {subprocess.py:93} INFO - 	confs: [default]
[2025-12-15T09:30:22.689+0000] {subprocess.py:93} INFO - 	found org.apache.spark#spark-sql-kafka-0-10_2.12;3.5.0 in central
[2025-12-15T09:30:23.256+0000] {subprocess.py:93} INFO - 	found org.apache.spark#spark-token-provider-kafka-0-10_2.12;3.5.0 in central
[2025-12-15T09:30:23.674+0000] {subprocess.py:93} INFO - 	found org.apache.kafka#kafka-clients;3.4.1 in central
[2025-12-15T09:30:23.900+0000] {subprocess.py:93} INFO - 	found org.lz4#lz4-java;1.8.0 in central
[2025-12-15T09:30:24.348+0000] {subprocess.py:93} INFO - 	found org.xerial.snappy#snappy-java;1.1.10.3 in central
[2025-12-15T09:30:24.451+0000] {subprocess.py:93} INFO - 	found org.slf4j#slf4j-api;2.0.7 in central
[2025-12-15T09:30:24.660+0000] {subprocess.py:93} INFO - 	found org.apache.hadoop#hadoop-client-runtime;3.3.4 in central
[2025-12-15T09:30:24.754+0000] {subprocess.py:93} INFO - 	found org.apache.hadoop#hadoop-client-api;3.3.4 in central
[2025-12-15T09:30:24.875+0000] {subprocess.py:93} INFO - 	found commons-logging#commons-logging;1.1.3 in central
[2025-12-15T09:30:24.945+0000] {subprocess.py:93} INFO - 	found com.google.code.findbugs#jsr305;3.0.0 in central
[2025-12-15T09:30:25.004+0000] {subprocess.py:93} INFO - 	found org.apache.commons#commons-pool2;2.11.1 in central
[2025-12-15T09:30:25.219+0000] {subprocess.py:93} INFO - 	found org.apache.spark#spark-avro_2.12;3.5.0 in central
[2025-12-15T09:30:25.267+0000] {subprocess.py:93} INFO - 	found org.tukaani#xz;1.9 in central
[2025-12-15T09:30:25.423+0000] {subprocess.py:93} INFO - :: resolution report :: resolve 3489ms :: artifacts dl 72ms
[2025-12-15T09:30:25.426+0000] {subprocess.py:93} INFO - 	:: modules in use:
[2025-12-15T09:30:25.428+0000] {subprocess.py:93} INFO - 	com.google.code.findbugs#jsr305;3.0.0 from central in [default]
[2025-12-15T09:30:25.429+0000] {subprocess.py:93} INFO - 	commons-logging#commons-logging;1.1.3 from central in [default]
[2025-12-15T09:30:25.430+0000] {subprocess.py:93} INFO - 	org.apache.commons#commons-pool2;2.11.1 from central in [default]
[2025-12-15T09:30:25.431+0000] {subprocess.py:93} INFO - 	org.apache.hadoop#hadoop-client-api;3.3.4 from central in [default]
[2025-12-15T09:30:25.446+0000] {subprocess.py:93} INFO - 	org.apache.hadoop#hadoop-client-runtime;3.3.4 from central in [default]
[2025-12-15T09:30:25.447+0000] {subprocess.py:93} INFO - 	org.apache.kafka#kafka-clients;3.4.1 from central in [default]
[2025-12-15T09:30:25.448+0000] {subprocess.py:93} INFO - 	org.apache.spark#spark-avro_2.12;3.5.0 from central in [default]
[2025-12-15T09:30:25.449+0000] {subprocess.py:93} INFO - 	org.apache.spark#spark-sql-kafka-0-10_2.12;3.5.0 from central in [default]
[2025-12-15T09:30:25.463+0000] {subprocess.py:93} INFO - 	org.apache.spark#spark-token-provider-kafka-0-10_2.12;3.5.0 from central in [default]
[2025-12-15T09:30:25.464+0000] {subprocess.py:93} INFO - 	org.lz4#lz4-java;1.8.0 from central in [default]
[2025-12-15T09:30:25.465+0000] {subprocess.py:93} INFO - 	org.slf4j#slf4j-api;2.0.7 from central in [default]
[2025-12-15T09:30:25.465+0000] {subprocess.py:93} INFO - 	org.tukaani#xz;1.9 from central in [default]
[2025-12-15T09:30:25.484+0000] {subprocess.py:93} INFO - 	org.xerial.snappy#snappy-java;1.1.10.3 from central in [default]
[2025-12-15T09:30:25.485+0000] {subprocess.py:93} INFO - 	---------------------------------------------------------------------
[2025-12-15T09:30:25.486+0000] {subprocess.py:93} INFO - 	|                  |            modules            ||   artifacts   |
[2025-12-15T09:30:25.487+0000] {subprocess.py:93} INFO - 	|       conf       | number| search|dwnlded|evicted|| number|dwnlded|
[2025-12-15T09:30:25.499+0000] {subprocess.py:93} INFO - 	---------------------------------------------------------------------
[2025-12-15T09:30:25.516+0000] {subprocess.py:93} INFO - 	|      default     |   13  |   0   |   0   |   0   ||   13  |   0   |
[2025-12-15T09:30:25.519+0000] {subprocess.py:93} INFO - 	---------------------------------------------------------------------
[2025-12-15T09:30:25.532+0000] {subprocess.py:93} INFO - :: retrieving :: org.apache.spark#spark-submit-parent-946b6d94-50d4-47ff-9b60-2e972c4c2f8d
[2025-12-15T09:30:25.542+0000] {subprocess.py:93} INFO - 	confs: [default]
[2025-12-15T09:30:25.613+0000] {subprocess.py:93} INFO - 	0 artifacts copied, 13 already retrieved (0kB/85ms)
[2025-12-15T09:30:26.719+0000] {subprocess.py:93} INFO - 25/12/15 09:30:26 WARN NativeCodeLoader: Unable to load native-hadoop library for your platform... using builtin-java classes where applicable
[2025-12-15T09:30:31.733+0000] {subprocess.py:93} INFO - 25/12/15 09:30:31 INFO SparkContext: Running Spark version 3.5.0
[2025-12-15T09:30:31.811+0000] {subprocess.py:93} INFO - 25/12/15 09:30:31 INFO SparkContext: OS info Linux, 5.15.167.4-microsoft-standard-WSL2, amd64
[2025-12-15T09:30:31.862+0000] {subprocess.py:93} INFO - 25/12/15 09:30:31 INFO SparkContext: Java version 11.0.20.1
[2025-12-15T09:30:32.110+0000] {subprocess.py:93} INFO - 25/12/15 09:30:32 INFO ResourceUtils: ==============================================================
[2025-12-15T09:30:32.126+0000] {subprocess.py:93} INFO - 25/12/15 09:30:32 INFO ResourceUtils: No custom resources configured for spark.driver.
[2025-12-15T09:30:32.157+0000] {subprocess.py:93} INFO - 25/12/15 09:30:32 INFO ResourceUtils: ==============================================================
[2025-12-15T09:30:32.171+0000] {subprocess.py:93} INFO - 25/12/15 09:30:32 INFO SparkContext: Submitted application: ExchangeRatesBatchLayer
[2025-12-15T09:30:32.597+0000] {subprocess.py:93} INFO - 25/12/15 09:30:32 INFO ResourceProfile: Default ResourceProfile created, executor resources: Map(memory -> name: memory, amount: 1024, script: , vendor: , offHeap -> name: offHeap, amount: 0, script: , vendor: ), task resources: Map(cpus -> name: cpus, amount: 1.0)
[2025-12-15T09:30:32.757+0000] {subprocess.py:93} INFO - 25/12/15 09:30:32 INFO ResourceProfile: Limiting resource is cpu
[2025-12-15T09:30:32.774+0000] {subprocess.py:93} INFO - 25/12/15 09:30:32 INFO ResourceProfileManager: Added ResourceProfile id: 0
[2025-12-15T09:30:33.447+0000] {subprocess.py:93} INFO - 25/12/15 09:30:33 INFO SecurityManager: Changing view acls to: spark
[2025-12-15T09:30:33.462+0000] {subprocess.py:93} INFO - 25/12/15 09:30:33 INFO SecurityManager: Changing modify acls to: spark
[2025-12-15T09:30:33.478+0000] {subprocess.py:93} INFO - 25/12/15 09:30:33 INFO SecurityManager: Changing view acls groups to:
[2025-12-15T09:30:33.498+0000] {subprocess.py:93} INFO - 25/12/15 09:30:33 INFO SecurityManager: Changing modify acls groups to:
[2025-12-15T09:30:33.500+0000] {subprocess.py:93} INFO - 25/12/15 09:30:33 INFO SecurityManager: SecurityManager: authentication disabled; ui acls disabled; users with view permissions: spark; groups with view permissions: EMPTY; users with modify permissions: spark; groups with modify permissions: EMPTY
[2025-12-15T09:30:35.816+0000] {subprocess.py:93} INFO - 25/12/15 09:30:35 INFO Utils: Successfully started service 'sparkDriver' on port 42001.
[2025-12-15T09:30:36.075+0000] {subprocess.py:93} INFO - 25/12/15 09:30:36 INFO SparkEnv: Registering MapOutputTracker
[2025-12-15T09:30:36.334+0000] {subprocess.py:93} INFO - 25/12/15 09:30:36 INFO SparkEnv: Registering BlockManagerMaster
[2025-12-15T09:30:36.476+0000] {subprocess.py:93} INFO - 25/12/15 09:30:36 INFO BlockManagerMasterEndpoint: Using org.apache.spark.storage.DefaultTopologyMapper for getting topology information
[2025-12-15T09:30:36.491+0000] {subprocess.py:93} INFO - 25/12/15 09:30:36 INFO BlockManagerMasterEndpoint: BlockManagerMasterEndpoint up
[2025-12-15T09:30:36.510+0000] {subprocess.py:93} INFO - 25/12/15 09:30:36 INFO SparkEnv: Registering BlockManagerMasterHeartbeat
[2025-12-15T09:30:36.754+0000] {subprocess.py:93} INFO - 25/12/15 09:30:36 INFO DiskBlockManager: Created local directory at /tmp/blockmgr-4f7395f6-bfd6-4412-a373-0e85111c28b7
[2025-12-15T09:30:36.826+0000] {subprocess.py:93} INFO - 25/12/15 09:30:36 INFO MemoryStore: MemoryStore started with capacity 434.4 MiB
[2025-12-15T09:30:36.918+0000] {subprocess.py:93} INFO - 25/12/15 09:30:36 INFO SparkEnv: Registering OutputCommitCoordinator
[2025-12-15T09:30:38.052+0000] {subprocess.py:93} INFO - 25/12/15 09:30:37 INFO JettyUtils: Start Jetty 0.0.0.0:4040 for SparkUI
[2025-12-15T09:30:38.370+0000] {subprocess.py:93} INFO - 25/12/15 09:30:38 INFO Utils: Successfully started service 'SparkUI' on port 4040.
[2025-12-15T09:30:38.697+0000] {subprocess.py:93} INFO - 25/12/15 09:30:38 INFO SparkContext: Added JAR file:///home/spark/.ivy2/jars/org.apache.spark_spark-sql-kafka-0-10_2.12-3.5.0.jar at spark://a2bac326dd73:42001/jars/org.apache.spark_spark-sql-kafka-0-10_2.12-3.5.0.jar with timestamp 1765791031601
[2025-12-15T09:30:38.736+0000] {subprocess.py:93} INFO - 25/12/15 09:30:38 INFO SparkContext: Added JAR file:///home/spark/.ivy2/jars/org.apache.spark_spark-avro_2.12-3.5.0.jar at spark://a2bac326dd73:42001/jars/org.apache.spark_spark-avro_2.12-3.5.0.jar with timestamp 1765791031601
[2025-12-15T09:30:38.748+0000] {subprocess.py:93} INFO - 25/12/15 09:30:38 INFO SparkContext: Added JAR file:///home/spark/.ivy2/jars/org.apache.spark_spark-token-provider-kafka-0-10_2.12-3.5.0.jar at spark://a2bac326dd73:42001/jars/org.apache.spark_spark-token-provider-kafka-0-10_2.12-3.5.0.jar with timestamp 1765791031601
[2025-12-15T09:30:38.762+0000] {subprocess.py:93} INFO - 25/12/15 09:30:38 INFO SparkContext: Added JAR file:///home/spark/.ivy2/jars/org.apache.kafka_kafka-clients-3.4.1.jar at spark://a2bac326dd73:42001/jars/org.apache.kafka_kafka-clients-3.4.1.jar with timestamp 1765791031601
[2025-12-15T09:30:38.765+0000] {subprocess.py:93} INFO - 25/12/15 09:30:38 INFO SparkContext: Added JAR file:///home/spark/.ivy2/jars/com.google.code.findbugs_jsr305-3.0.0.jar at spark://a2bac326dd73:42001/jars/com.google.code.findbugs_jsr305-3.0.0.jar with timestamp 1765791031601
[2025-12-15T09:30:38.766+0000] {subprocess.py:93} INFO - 25/12/15 09:30:38 INFO SparkContext: Added JAR file:///home/spark/.ivy2/jars/org.apache.commons_commons-pool2-2.11.1.jar at spark://a2bac326dd73:42001/jars/org.apache.commons_commons-pool2-2.11.1.jar with timestamp 1765791031601
[2025-12-15T09:30:38.768+0000] {subprocess.py:93} INFO - 25/12/15 09:30:38 INFO SparkContext: Added JAR file:///home/spark/.ivy2/jars/org.apache.hadoop_hadoop-client-runtime-3.3.4.jar at spark://a2bac326dd73:42001/jars/org.apache.hadoop_hadoop-client-runtime-3.3.4.jar with timestamp 1765791031601
[2025-12-15T09:30:38.769+0000] {subprocess.py:93} INFO - 25/12/15 09:30:38 INFO SparkContext: Added JAR file:///home/spark/.ivy2/jars/org.lz4_lz4-java-1.8.0.jar at spark://a2bac326dd73:42001/jars/org.lz4_lz4-java-1.8.0.jar with timestamp 1765791031601
[2025-12-15T09:30:38.780+0000] {subprocess.py:93} INFO - 25/12/15 09:30:38 INFO SparkContext: Added JAR file:///home/spark/.ivy2/jars/org.xerial.snappy_snappy-java-1.1.10.3.jar at spark://a2bac326dd73:42001/jars/org.xerial.snappy_snappy-java-1.1.10.3.jar with timestamp 1765791031601
[2025-12-15T09:30:38.784+0000] {subprocess.py:93} INFO - 25/12/15 09:30:38 INFO SparkContext: Added JAR file:///home/spark/.ivy2/jars/org.slf4j_slf4j-api-2.0.7.jar at spark://a2bac326dd73:42001/jars/org.slf4j_slf4j-api-2.0.7.jar with timestamp 1765791031601
[2025-12-15T09:30:38.800+0000] {subprocess.py:93} INFO - 25/12/15 09:30:38 INFO SparkContext: Added JAR file:///home/spark/.ivy2/jars/org.apache.hadoop_hadoop-client-api-3.3.4.jar at spark://a2bac326dd73:42001/jars/org.apache.hadoop_hadoop-client-api-3.3.4.jar with timestamp 1765791031601
[2025-12-15T09:30:38.805+0000] {subprocess.py:93} INFO - 25/12/15 09:30:38 INFO SparkContext: Added JAR file:///home/spark/.ivy2/jars/commons-logging_commons-logging-1.1.3.jar at spark://a2bac326dd73:42001/jars/commons-logging_commons-logging-1.1.3.jar with timestamp 1765791031601
[2025-12-15T09:30:38.816+0000] {subprocess.py:93} INFO - 25/12/15 09:30:38 INFO SparkContext: Added JAR file:///home/spark/.ivy2/jars/org.tukaani_xz-1.9.jar at spark://a2bac326dd73:42001/jars/org.tukaani_xz-1.9.jar with timestamp 1765791031601
[2025-12-15T09:30:38.818+0000] {subprocess.py:93} INFO - 25/12/15 09:30:38 INFO SparkContext: Added file file:///home/spark/.ivy2/jars/org.apache.spark_spark-sql-kafka-0-10_2.12-3.5.0.jar at spark://a2bac326dd73:42001/files/org.apache.spark_spark-sql-kafka-0-10_2.12-3.5.0.jar with timestamp 1765791031601
[2025-12-15T09:30:38.819+0000] {subprocess.py:93} INFO - 25/12/15 09:30:38 INFO Utils: Copying /home/spark/.ivy2/jars/org.apache.spark_spark-sql-kafka-0-10_2.12-3.5.0.jar to /tmp/spark-51337fd0-1257-48ba-a03e-0de47e97ed66/userFiles-2284e08b-2a20-4e8d-b636-46dc864916e9/org.apache.spark_spark-sql-kafka-0-10_2.12-3.5.0.jar
[2025-12-15T09:30:38.820+0000] {subprocess.py:93} INFO - 25/12/15 09:30:38 INFO SparkContext: Added file file:///home/spark/.ivy2/jars/org.apache.spark_spark-avro_2.12-3.5.0.jar at spark://a2bac326dd73:42001/files/org.apache.spark_spark-avro_2.12-3.5.0.jar with timestamp 1765791031601
[2025-12-15T09:30:38.821+0000] {subprocess.py:93} INFO - 25/12/15 09:30:38 INFO Utils: Copying /home/spark/.ivy2/jars/org.apache.spark_spark-avro_2.12-3.5.0.jar to /tmp/spark-51337fd0-1257-48ba-a03e-0de47e97ed66/userFiles-2284e08b-2a20-4e8d-b636-46dc864916e9/org.apache.spark_spark-avro_2.12-3.5.0.jar
[2025-12-15T09:30:38.822+0000] {subprocess.py:93} INFO - 25/12/15 09:30:38 INFO SparkContext: Added file file:///home/spark/.ivy2/jars/org.apache.spark_spark-token-provider-kafka-0-10_2.12-3.5.0.jar at spark://a2bac326dd73:42001/files/org.apache.spark_spark-token-provider-kafka-0-10_2.12-3.5.0.jar with timestamp 1765791031601
[2025-12-15T09:30:38.822+0000] {subprocess.py:93} INFO - 25/12/15 09:30:38 INFO Utils: Copying /home/spark/.ivy2/jars/org.apache.spark_spark-token-provider-kafka-0-10_2.12-3.5.0.jar to /tmp/spark-51337fd0-1257-48ba-a03e-0de47e97ed66/userFiles-2284e08b-2a20-4e8d-b636-46dc864916e9/org.apache.spark_spark-token-provider-kafka-0-10_2.12-3.5.0.jar
[2025-12-15T09:30:38.823+0000] {subprocess.py:93} INFO - 25/12/15 09:30:38 INFO SparkContext: Added file file:///home/spark/.ivy2/jars/org.apache.kafka_kafka-clients-3.4.1.jar at spark://a2bac326dd73:42001/files/org.apache.kafka_kafka-clients-3.4.1.jar with timestamp 1765791031601
[2025-12-15T09:30:38.828+0000] {subprocess.py:93} INFO - 25/12/15 09:30:38 INFO Utils: Copying /home/spark/.ivy2/jars/org.apache.kafka_kafka-clients-3.4.1.jar to /tmp/spark-51337fd0-1257-48ba-a03e-0de47e97ed66/userFiles-2284e08b-2a20-4e8d-b636-46dc864916e9/org.apache.kafka_kafka-clients-3.4.1.jar
[2025-12-15T09:30:38.853+0000] {subprocess.py:93} INFO - 25/12/15 09:30:38 INFO SparkContext: Added file file:///home/spark/.ivy2/jars/com.google.code.findbugs_jsr305-3.0.0.jar at spark://a2bac326dd73:42001/files/com.google.code.findbugs_jsr305-3.0.0.jar with timestamp 1765791031601
[2025-12-15T09:30:38.854+0000] {subprocess.py:93} INFO - 25/12/15 09:30:38 INFO Utils: Copying /home/spark/.ivy2/jars/com.google.code.findbugs_jsr305-3.0.0.jar to /tmp/spark-51337fd0-1257-48ba-a03e-0de47e97ed66/userFiles-2284e08b-2a20-4e8d-b636-46dc864916e9/com.google.code.findbugs_jsr305-3.0.0.jar
[2025-12-15T09:30:38.877+0000] {subprocess.py:93} INFO - 25/12/15 09:30:38 INFO SparkContext: Added file file:///home/spark/.ivy2/jars/org.apache.commons_commons-pool2-2.11.1.jar at spark://a2bac326dd73:42001/files/org.apache.commons_commons-pool2-2.11.1.jar with timestamp 1765791031601
[2025-12-15T09:30:38.885+0000] {subprocess.py:93} INFO - 25/12/15 09:30:38 INFO Utils: Copying /home/spark/.ivy2/jars/org.apache.commons_commons-pool2-2.11.1.jar to /tmp/spark-51337fd0-1257-48ba-a03e-0de47e97ed66/userFiles-2284e08b-2a20-4e8d-b636-46dc864916e9/org.apache.commons_commons-pool2-2.11.1.jar
[2025-12-15T09:30:38.909+0000] {subprocess.py:93} INFO - 25/12/15 09:30:38 INFO SparkContext: Added file file:///home/spark/.ivy2/jars/org.apache.hadoop_hadoop-client-runtime-3.3.4.jar at spark://a2bac326dd73:42001/files/org.apache.hadoop_hadoop-client-runtime-3.3.4.jar with timestamp 1765791031601
[2025-12-15T09:30:38.923+0000] {subprocess.py:93} INFO - 25/12/15 09:30:38 INFO Utils: Copying /home/spark/.ivy2/jars/org.apache.hadoop_hadoop-client-runtime-3.3.4.jar to /tmp/spark-51337fd0-1257-48ba-a03e-0de47e97ed66/userFiles-2284e08b-2a20-4e8d-b636-46dc864916e9/org.apache.hadoop_hadoop-client-runtime-3.3.4.jar
[2025-12-15T09:30:39.297+0000] {subprocess.py:93} INFO - 25/12/15 09:30:39 INFO SparkContext: Added file file:///home/spark/.ivy2/jars/org.lz4_lz4-java-1.8.0.jar at spark://a2bac326dd73:42001/files/org.lz4_lz4-java-1.8.0.jar with timestamp 1765791031601
[2025-12-15T09:30:39.320+0000] {subprocess.py:93} INFO - 25/12/15 09:30:39 INFO Utils: Copying /home/spark/.ivy2/jars/org.lz4_lz4-java-1.8.0.jar to /tmp/spark-51337fd0-1257-48ba-a03e-0de47e97ed66/userFiles-2284e08b-2a20-4e8d-b636-46dc864916e9/org.lz4_lz4-java-1.8.0.jar
[2025-12-15T09:30:39.321+0000] {subprocess.py:93} INFO - 25/12/15 09:30:39 INFO SparkContext: Added file file:///home/spark/.ivy2/jars/org.xerial.snappy_snappy-java-1.1.10.3.jar at spark://a2bac326dd73:42001/files/org.xerial.snappy_snappy-java-1.1.10.3.jar with timestamp 1765791031601
[2025-12-15T09:30:39.322+0000] {subprocess.py:93} INFO - 25/12/15 09:30:39 INFO Utils: Copying /home/spark/.ivy2/jars/org.xerial.snappy_snappy-java-1.1.10.3.jar to /tmp/spark-51337fd0-1257-48ba-a03e-0de47e97ed66/userFiles-2284e08b-2a20-4e8d-b636-46dc864916e9/org.xerial.snappy_snappy-java-1.1.10.3.jar
[2025-12-15T09:30:39.457+0000] {subprocess.py:93} INFO - 25/12/15 09:30:39 INFO SparkContext: Added file file:///home/spark/.ivy2/jars/org.slf4j_slf4j-api-2.0.7.jar at spark://a2bac326dd73:42001/files/org.slf4j_slf4j-api-2.0.7.jar with timestamp 1765791031601
[2025-12-15T09:30:39.458+0000] {subprocess.py:93} INFO - 25/12/15 09:30:39 INFO Utils: Copying /home/spark/.ivy2/jars/org.slf4j_slf4j-api-2.0.7.jar to /tmp/spark-51337fd0-1257-48ba-a03e-0de47e97ed66/userFiles-2284e08b-2a20-4e8d-b636-46dc864916e9/org.slf4j_slf4j-api-2.0.7.jar
[2025-12-15T09:30:39.472+0000] {subprocess.py:93} INFO - 25/12/15 09:30:39 INFO SparkContext: Added file file:///home/spark/.ivy2/jars/org.apache.hadoop_hadoop-client-api-3.3.4.jar at spark://a2bac326dd73:42001/files/org.apache.hadoop_hadoop-client-api-3.3.4.jar with timestamp 1765791031601
[2025-12-15T09:30:39.473+0000] {subprocess.py:93} INFO - 25/12/15 09:30:39 INFO Utils: Copying /home/spark/.ivy2/jars/org.apache.hadoop_hadoop-client-api-3.3.4.jar to /tmp/spark-51337fd0-1257-48ba-a03e-0de47e97ed66/userFiles-2284e08b-2a20-4e8d-b636-46dc864916e9/org.apache.hadoop_hadoop-client-api-3.3.4.jar
[2025-12-15T09:30:39.747+0000] {subprocess.py:93} INFO - 25/12/15 09:30:39 INFO SparkContext: Added file file:///home/spark/.ivy2/jars/commons-logging_commons-logging-1.1.3.jar at spark://a2bac326dd73:42001/files/commons-logging_commons-logging-1.1.3.jar with timestamp 1765791031601
[2025-12-15T09:30:39.763+0000] {subprocess.py:93} INFO - 25/12/15 09:30:39 INFO Utils: Copying /home/spark/.ivy2/jars/commons-logging_commons-logging-1.1.3.jar to /tmp/spark-51337fd0-1257-48ba-a03e-0de47e97ed66/userFiles-2284e08b-2a20-4e8d-b636-46dc864916e9/commons-logging_commons-logging-1.1.3.jar
[2025-12-15T09:30:39.778+0000] {subprocess.py:93} INFO - 25/12/15 09:30:39 INFO SparkContext: Added file file:///home/spark/.ivy2/jars/org.tukaani_xz-1.9.jar at spark://a2bac326dd73:42001/files/org.tukaani_xz-1.9.jar with timestamp 1765791031601
[2025-12-15T09:30:39.794+0000] {subprocess.py:93} INFO - 25/12/15 09:30:39 INFO Utils: Copying /home/spark/.ivy2/jars/org.tukaani_xz-1.9.jar to /tmp/spark-51337fd0-1257-48ba-a03e-0de47e97ed66/userFiles-2284e08b-2a20-4e8d-b636-46dc864916e9/org.tukaani_xz-1.9.jar
[2025-12-15T09:30:40.274+0000] {subprocess.py:93} INFO - 25/12/15 09:30:40 INFO StandaloneAppClient$ClientEndpoint: Connecting to master spark://spark-master:7077...
[2025-12-15T09:30:40.609+0000] {subprocess.py:93} INFO - 25/12/15 09:30:40 INFO TransportClientFactory: Successfully created connection to spark-master/172.19.0.7:7077 after 274 ms (0 ms spent in bootstraps)
[2025-12-15T09:30:41.284+0000] {subprocess.py:93} INFO - 25/12/15 09:30:41 INFO StandaloneSchedulerBackend: Connected to Spark cluster with app ID app-20251215093041-0010
[2025-12-15T09:30:41.324+0000] {subprocess.py:93} INFO - 25/12/15 09:30:41 INFO StandaloneAppClient$ClientEndpoint: Executor added: app-20251215093041-0010/0 on worker-20251214211957-172.19.0.8-45289 (172.19.0.8:45289) with 2 core(s)
[2025-12-15T09:30:41.347+0000] {subprocess.py:93} INFO - 25/12/15 09:30:41 INFO StandaloneSchedulerBackend: Granted executor ID app-20251215093041-0010/0 on hostPort 172.19.0.8:45289 with 2 core(s), 1024.0 MiB RAM
[2025-12-15T09:30:41.358+0000] {subprocess.py:93} INFO - 25/12/15 09:30:41 INFO Utils: Successfully started service 'org.apache.spark.network.netty.NettyBlockTransferService' on port 36999.
[2025-12-15T09:30:41.359+0000] {subprocess.py:93} INFO - 25/12/15 09:30:41 INFO NettyBlockTransferService: Server created on a2bac326dd73:36999
[2025-12-15T09:30:41.369+0000] {subprocess.py:93} INFO - 25/12/15 09:30:41 INFO BlockManager: Using org.apache.spark.storage.RandomBlockReplicationPolicy for block replication policy
[2025-12-15T09:30:41.416+0000] {subprocess.py:93} INFO - 25/12/15 09:30:41 INFO BlockManagerMaster: Registering BlockManager BlockManagerId(driver, a2bac326dd73, 36999, None)
[2025-12-15T09:30:41.430+0000] {subprocess.py:93} INFO - 25/12/15 09:30:41 INFO BlockManagerMasterEndpoint: Registering block manager a2bac326dd73:36999 with 434.4 MiB RAM, BlockManagerId(driver, a2bac326dd73, 36999, None)
[2025-12-15T09:30:41.446+0000] {subprocess.py:93} INFO - 25/12/15 09:30:41 INFO BlockManagerMaster: Registered BlockManager BlockManagerId(driver, a2bac326dd73, 36999, None)
[2025-12-15T09:30:41.448+0000] {subprocess.py:93} INFO - 25/12/15 09:30:41 INFO BlockManager: Initialized BlockManager: BlockManagerId(driver, a2bac326dd73, 36999, None)
[2025-12-15T09:30:41.797+0000] {subprocess.py:93} INFO - 25/12/15 09:30:41 INFO StandaloneAppClient$ClientEndpoint: Executor updated: app-20251215093041-0010/0 is now RUNNING
[2025-12-15T09:30:43.035+0000] {subprocess.py:93} INFO - 25/12/15 09:30:42 INFO StandaloneSchedulerBackend: SchedulerBackend is ready for scheduling beginning after reached minRegisteredResourcesRatio: 0.0
[2025-12-15T09:31:12.049+0000] {subprocess.py:93} INFO - 25/12/15 09:31:12 WARN HiveConf: HiveConf of name hive.stats.jdbc.timeout does not exist
[2025-12-15T09:31:12.050+0000] {subprocess.py:93} INFO - 25/12/15 09:31:12 WARN HiveConf: HiveConf of name hive.stats.retries.wait does not exist
[2025-12-15T09:31:20.262+0000] {subprocess.py:93} INFO - 25/12/15 09:31:19 WARN ObjectStore: Version information not found in metastore. hive.metastore.schema.verification is not enabled so recording the schema version 2.3.0
[2025-12-15T09:31:20.308+0000] {subprocess.py:93} INFO - 25/12/15 09:31:19 WARN ObjectStore: setMetaStoreSchemaVersion called but recording version is disabled: version = 2.3.0, comment = Set by MetaStore UNKNOWN@172.19.0.7
[2025-12-15T09:31:22.427+0000] {subprocess.py:93} INFO - 25/12/15 09:31:22 WARN SessionState: METASTORE_FILTER_HOOK will be ignored, since hive.security.authorization.manager is set to instance of HiveAuthorizerFactory.
[2025-12-15T09:31:23.250+0000] {subprocess.py:93} INFO - 25/12/15 09:31:23 WARN AdminClientConfig: These configurations '[key.deserializer, value.deserializer, enable.auto.commit, max.poll.records, auto.offset.reset]' were supplied but are not used yet.
[2025-12-15T09:31:35.657+0000] {subprocess.py:93} INFO - 25/12/15 09:31:35 WARN HiveConf: HiveConf of name hive.internal.ss.authz.settings.applied.marker does not exist
[2025-12-15T09:31:35.659+0000] {subprocess.py:93} INFO - 25/12/15 09:31:35 WARN HiveConf: HiveConf of name hive.stats.jdbc.timeout does not exist
[2025-12-15T09:31:35.661+0000] {subprocess.py:93} INFO - 25/12/15 09:31:35 WARN HiveConf: HiveConf of name hive.stats.retries.wait does not exist
[2025-12-15T09:31:36.321+0000] {subprocess.py:93} INFO - 25/12/15 09:31:36 WARN ObjectStore: Failed to get database global_temp, returning NoSuchObjectException
[2025-12-15T09:31:36.326+0000] {subprocess.py:93} INFO - ✅ Données insérées dans exchange_rates_master (AVRO)
[2025-12-15T09:31:40.335+0000] {subprocess.py:93} INFO - ✅ Batch view exchange_rates_daily_avg créée (PARQUET)
[2025-12-15T09:31:40.670+0000] {subprocess.py:93} INFO - 🚀 Batch Layer terminé avec succès
[2025-12-15T09:31:41.040+0000] {subprocess.py:97} INFO - Command exited with return code 0
[2025-12-15T09:31:41.097+0000] {taskinstance.py:340} INFO - ::group::Post task execution logs
[2025-12-15T09:31:41.099+0000] {taskinstance.py:352} INFO - Marking task as SUCCESS. dag_id=batch_layer_pipeline, task_id=run_batch_layer, run_id=scheduled__2025-12-15T08:00:00+00:00, execution_date=20251215T080000, start_date=20251215T093008, end_date=20251215T093141
[2025-12-15T09:31:41.205+0000] {local_task_job_runner.py:261} INFO - Task exited with return code 0
[2025-12-15T09:31:41.310+0000] {taskinstance.py:3891} INFO - 1 downstream tasks scheduled from follow-on schedule check
[2025-12-15T09:31:41.319+0000] {local_task_job_runner.py:240} INFO - ::endgroup::
[2025-12-15T09:38:41.403+0000] {local_task_job_runner.py:123} INFO - ::group::Pre task execution logs
[2025-12-15T09:38:41.438+0000] {taskinstance.py:2603} INFO - Dependencies all met for dep_context=non-requeueable deps ti=<TaskInstance: batch_layer_pipeline.run_batch_layer scheduled__2025-12-15T08:00:00+00:00 [queued]>
[2025-12-15T09:38:41.457+0000] {taskinstance.py:2603} INFO - Dependencies all met for dep_context=requeueable deps ti=<TaskInstance: batch_layer_pipeline.run_batch_layer scheduled__2025-12-15T08:00:00+00:00 [queued]>
[2025-12-15T09:38:41.458+0000] {taskinstance.py:2856} INFO - Starting attempt 1 of 2
[2025-12-15T09:38:41.497+0000] {taskinstance.py:2879} INFO - Executing <Task(BashOperator): run_batch_layer> on 2025-12-15 08:00:00+00:00
[2025-12-15T09:38:41.503+0000] {standard_task_runner.py:72} INFO - Started process 98 to run task
[2025-12-15T09:38:41.509+0000] {standard_task_runner.py:104} INFO - Running: ['airflow', 'tasks', 'run', 'batch_layer_pipeline', 'run_batch_layer', 'scheduled__2025-12-15T08:00:00+00:00', '--job-id', '3', '--raw', '--subdir', 'DAGS_FOLDER/batch_pipeline_dag.py', '--cfg-path', '/tmp/tmpaapjjxbt']
[2025-12-15T09:38:41.513+0000] {standard_task_runner.py:105} INFO - Job 3: Subtask run_batch_layer
[2025-12-15T09:38:41.582+0000] {task_command.py:467} INFO - Running <TaskInstance: batch_layer_pipeline.run_batch_layer scheduled__2025-12-15T08:00:00+00:00 [running]> on host 79e4a0297251
[2025-12-15T09:38:41.748+0000] {taskinstance.py:3122} INFO - Exporting env vars: AIRFLOW_CTX_DAG_OWNER='airflow' AIRFLOW_CTX_DAG_ID='batch_layer_pipeline' AIRFLOW_CTX_TASK_ID='run_batch_layer' AIRFLOW_CTX_EXECUTION_DATE='2025-12-15T08:00:00+00:00' AIRFLOW_CTX_TRY_NUMBER='1' AIRFLOW_CTX_DAG_RUN_ID='scheduled__2025-12-15T08:00:00+00:00'
[2025-12-15T09:38:41.750+0000] {taskinstance.py:731} INFO - ::endgroup::
[2025-12-15T09:38:41.875+0000] {subprocess.py:63} INFO - Tmp dir root location: /tmp
[2025-12-15T09:38:41.878+0000] {subprocess.py:75} INFO - Running command: ['/usr/bin/bash', '-c', '\n        docker exec spark-master         /opt/spark/bin/spark-submit         --master spark://spark-master:7077         --driver-memory 1g         --executor-memory 1g         --packages org.apache.spark:spark-sql-kafka-0-10_2.12:3.5.0,org.apache.spark:spark-avro_2.12:3.5.0         /opt/spark/jobs/batch_layer.py\n        ']
[2025-12-15T09:38:41.891+0000] {subprocess.py:86} INFO - Output:
[2025-12-15T09:38:47.604+0000] {subprocess.py:93} INFO - :: loading settings :: url = jar:file:/opt/spark/jars/ivy-2.5.1.jar!/org/apache/ivy/core/settings/ivysettings.xml
[2025-12-15T09:38:47.873+0000] {subprocess.py:93} INFO - Ivy Default Cache set to: /home/spark/.ivy2/cache
[2025-12-15T09:38:47.873+0000] {subprocess.py:93} INFO - The jars for the packages stored in: /home/spark/.ivy2/jars
[2025-12-15T09:38:47.882+0000] {subprocess.py:93} INFO - org.apache.spark#spark-sql-kafka-0-10_2.12 added as a dependency
[2025-12-15T09:38:47.883+0000] {subprocess.py:93} INFO - org.apache.spark#spark-avro_2.12 added as a dependency
[2025-12-15T09:38:47.887+0000] {subprocess.py:93} INFO - :: resolving dependencies :: org.apache.spark#spark-submit-parent-a9e6ab73-901a-4b6c-8082-bffbce41b839;1.0
[2025-12-15T09:38:47.888+0000] {subprocess.py:93} INFO - 	confs: [default]
[2025-12-15T09:38:53.795+0000] {subprocess.py:93} INFO - 	found org.apache.spark#spark-sql-kafka-0-10_2.12;3.5.0 in central
[2025-12-15T09:38:54.889+0000] {subprocess.py:93} INFO - 	found org.apache.spark#spark-token-provider-kafka-0-10_2.12;3.5.0 in central
[2025-12-15T09:38:55.206+0000] {subprocess.py:93} INFO - 	found org.apache.kafka#kafka-clients;3.4.1 in central
[2025-12-15T09:38:55.560+0000] {subprocess.py:93} INFO - 	found org.lz4#lz4-java;1.8.0 in central
[2025-12-15T09:38:55.979+0000] {subprocess.py:93} INFO - 	found org.xerial.snappy#snappy-java;1.1.10.3 in central
[2025-12-15T09:38:58.128+0000] {subprocess.py:93} INFO - 	found org.slf4j#slf4j-api;2.0.7 in central
[2025-12-15T09:38:59.747+0000] {subprocess.py:93} INFO - 	found org.apache.hadoop#hadoop-client-runtime;3.3.4 in central
[2025-12-15T09:39:00.004+0000] {subprocess.py:93} INFO - 	found org.apache.hadoop#hadoop-client-api;3.3.4 in central
[2025-12-15T09:39:01.955+0000] {subprocess.py:93} INFO - 	found commons-logging#commons-logging;1.1.3 in central
[2025-12-15T09:39:02.136+0000] {subprocess.py:93} INFO - 	found com.google.code.findbugs#jsr305;3.0.0 in central
[2025-12-15T09:39:04.716+0000] {subprocess.py:93} INFO - 	found org.apache.commons#commons-pool2;2.11.1 in central
[2025-12-15T09:39:04.969+0000] {subprocess.py:93} INFO - 	found org.apache.spark#spark-avro_2.12;3.5.0 in central
[2025-12-15T09:39:05.320+0000] {subprocess.py:93} INFO - 	found org.tukaani#xz;1.9 in central
[2025-12-15T09:39:05.566+0000] {subprocess.py:93} INFO - downloading https://repo1.maven.org/maven2/org/apache/spark/spark-sql-kafka-0-10_2.12/3.5.0/spark-sql-kafka-0-10_2.12-3.5.0.jar ...
[2025-12-15T09:39:05.953+0000] {subprocess.py:93} INFO - 	[SUCCESSFUL ] org.apache.spark#spark-sql-kafka-0-10_2.12;3.5.0!spark-sql-kafka-0-10_2.12.jar (584ms)
[2025-12-15T09:39:06.021+0000] {subprocess.py:93} INFO - downloading https://repo1.maven.org/maven2/org/apache/spark/spark-avro_2.12/3.5.0/spark-avro_2.12-3.5.0.jar ...
[2025-12-15T09:39:06.228+0000] {subprocess.py:93} INFO - 	[SUCCESSFUL ] org.apache.spark#spark-avro_2.12;3.5.0!spark-avro_2.12.jar (275ms)
[2025-12-15T09:39:06.310+0000] {subprocess.py:93} INFO - downloading https://repo1.maven.org/maven2/org/apache/spark/spark-token-provider-kafka-0-10_2.12/3.5.0/spark-token-provider-kafka-0-10_2.12-3.5.0.jar ...
[2025-12-15T09:39:06.405+0000] {subprocess.py:93} INFO - 	[SUCCESSFUL ] org.apache.spark#spark-token-provider-kafka-0-10_2.12;3.5.0!spark-token-provider-kafka-0-10_2.12.jar (173ms)
[2025-12-15T09:39:06.479+0000] {subprocess.py:93} INFO - downloading https://repo1.maven.org/maven2/org/apache/kafka/kafka-clients/3.4.1/kafka-clients-3.4.1.jar ...
[2025-12-15T09:39:08.215+0000] {subprocess.py:93} INFO - 	[SUCCESSFUL ] org.apache.kafka#kafka-clients;3.4.1!kafka-clients.jar (1808ms)
[2025-12-15T09:39:08.293+0000] {subprocess.py:93} INFO - downloading https://repo1.maven.org/maven2/com/google/code/findbugs/jsr305/3.0.0/jsr305-3.0.0.jar ...
[2025-12-15T09:39:08.433+0000] {subprocess.py:93} INFO - 	[SUCCESSFUL ] com.google.code.findbugs#jsr305;3.0.0!jsr305.jar (207ms)
[2025-12-15T09:39:08.511+0000] {subprocess.py:93} INFO - downloading https://repo1.maven.org/maven2/org/apache/commons/commons-pool2/2.11.1/commons-pool2-2.11.1.jar ...
[2025-12-15T09:39:09.555+0000] {subprocess.py:93} INFO - 	[SUCCESSFUL ] org.apache.commons#commons-pool2;2.11.1!commons-pool2.jar (1114ms)
[2025-12-15T09:39:09.635+0000] {subprocess.py:93} INFO - downloading https://repo1.maven.org/maven2/org/apache/hadoop/hadoop-client-runtime/3.3.4/hadoop-client-runtime-3.3.4.jar ...
[2025-12-15T09:39:17.429+0000] {subprocess.py:93} INFO - 	[SUCCESSFUL ] org.apache.hadoop#hadoop-client-runtime;3.3.4!hadoop-client-runtime.jar (7878ms)
[2025-12-15T09:39:17.537+0000] {subprocess.py:93} INFO - downloading https://repo1.maven.org/maven2/org/lz4/lz4-java/1.8.0/lz4-java-1.8.0.jar ...
[2025-12-15T09:39:17.960+0000] {subprocess.py:93} INFO - 	[SUCCESSFUL ] org.lz4#lz4-java;1.8.0!lz4-java.jar (529ms)
[2025-12-15T09:39:18.029+0000] {subprocess.py:93} INFO - downloading https://repo1.maven.org/maven2/org/xerial/snappy/snappy-java/1.1.10.3/snappy-java-1.1.10.3.jar ...
[2025-12-15T09:39:18.721+0000] {subprocess.py:93} INFO - 	[SUCCESSFUL ] org.xerial.snappy#snappy-java;1.1.10.3!snappy-java.jar(bundle) (749ms)
[2025-12-15T09:39:18.794+0000] {subprocess.py:93} INFO - downloading https://repo1.maven.org/maven2/org/slf4j/slf4j-api/2.0.7/slf4j-api-2.0.7.jar ...
[2025-12-15T09:39:18.940+0000] {subprocess.py:93} INFO - 	[SUCCESSFUL ] org.slf4j#slf4j-api;2.0.7!slf4j-api.jar (217ms)
[2025-12-15T09:39:19.029+0000] {subprocess.py:93} INFO - downloading https://repo1.maven.org/maven2/org/apache/hadoop/hadoop-client-api/3.3.4/hadoop-client-api-3.3.4.jar ...
[2025-12-15T09:39:23.368+0000] {subprocess.py:93} INFO - 	[SUCCESSFUL ] org.apache.hadoop#hadoop-client-api;3.3.4!hadoop-client-api.jar (4434ms)
[2025-12-15T09:39:23.438+0000] {subprocess.py:93} INFO - downloading https://repo1.maven.org/maven2/commons-logging/commons-logging/1.1.3/commons-logging-1.1.3.jar ...
[2025-12-15T09:39:23.616+0000] {subprocess.py:93} INFO - 	[SUCCESSFUL ] commons-logging#commons-logging;1.1.3!commons-logging.jar (246ms)
[2025-12-15T09:39:23.686+0000] {subprocess.py:93} INFO - downloading https://repo1.maven.org/maven2/org/tukaani/xz/1.9/xz-1.9.jar ...
[2025-12-15T09:39:23.792+0000] {subprocess.py:93} INFO - 	[SUCCESSFUL ] org.tukaani#xz;1.9!xz.jar (168ms)
[2025-12-15T09:39:23.794+0000] {subprocess.py:93} INFO - :: resolution report :: resolve 17473ms :: artifacts dl 18429ms
[2025-12-15T09:39:23.799+0000] {subprocess.py:93} INFO - 	:: modules in use:
[2025-12-15T09:39:23.801+0000] {subprocess.py:93} INFO - 	com.google.code.findbugs#jsr305;3.0.0 from central in [default]
[2025-12-15T09:39:23.803+0000] {subprocess.py:93} INFO - 	commons-logging#commons-logging;1.1.3 from central in [default]
[2025-12-15T09:39:23.806+0000] {subprocess.py:93} INFO - 	org.apache.commons#commons-pool2;2.11.1 from central in [default]
[2025-12-15T09:39:23.809+0000] {subprocess.py:93} INFO - 	org.apache.hadoop#hadoop-client-api;3.3.4 from central in [default]
[2025-12-15T09:39:23.810+0000] {subprocess.py:93} INFO - 	org.apache.hadoop#hadoop-client-runtime;3.3.4 from central in [default]
[2025-12-15T09:39:23.811+0000] {subprocess.py:93} INFO - 	org.apache.kafka#kafka-clients;3.4.1 from central in [default]
[2025-12-15T09:39:23.813+0000] {subprocess.py:93} INFO - 	org.apache.spark#spark-avro_2.12;3.5.0 from central in [default]
[2025-12-15T09:39:23.815+0000] {subprocess.py:93} INFO - 	org.apache.spark#spark-sql-kafka-0-10_2.12;3.5.0 from central in [default]
[2025-12-15T09:39:23.816+0000] {subprocess.py:93} INFO - 	org.apache.spark#spark-token-provider-kafka-0-10_2.12;3.5.0 from central in [default]
[2025-12-15T09:39:23.818+0000] {subprocess.py:93} INFO - 	org.lz4#lz4-java;1.8.0 from central in [default]
[2025-12-15T09:39:23.820+0000] {subprocess.py:93} INFO - 	org.slf4j#slf4j-api;2.0.7 from central in [default]
[2025-12-15T09:39:23.830+0000] {subprocess.py:93} INFO - 	org.tukaani#xz;1.9 from central in [default]
[2025-12-15T09:39:23.832+0000] {subprocess.py:93} INFO - 	org.xerial.snappy#snappy-java;1.1.10.3 from central in [default]
[2025-12-15T09:39:23.834+0000] {subprocess.py:93} INFO - 	---------------------------------------------------------------------
[2025-12-15T09:39:23.837+0000] {subprocess.py:93} INFO - 	|                  |            modules            ||   artifacts   |
[2025-12-15T09:39:23.849+0000] {subprocess.py:93} INFO - 	|       conf       | number| search|dwnlded|evicted|| number|dwnlded|
[2025-12-15T09:39:23.851+0000] {subprocess.py:93} INFO - 	---------------------------------------------------------------------
[2025-12-15T09:39:23.859+0000] {subprocess.py:93} INFO - 	|      default     |   13  |   13  |   13  |   0   ||   13  |   13  |
[2025-12-15T09:39:23.862+0000] {subprocess.py:93} INFO - 	---------------------------------------------------------------------
[2025-12-15T09:39:23.865+0000] {subprocess.py:93} INFO - :: retrieving :: org.apache.spark#spark-submit-parent-a9e6ab73-901a-4b6c-8082-bffbce41b839
[2025-12-15T09:39:23.876+0000] {subprocess.py:93} INFO - 	confs: [default]
[2025-12-15T09:39:23.983+0000] {subprocess.py:93} INFO - 	13 artifacts copied, 0 already retrieved (57081kB/148ms)
[2025-12-15T09:39:24.764+0000] {subprocess.py:93} INFO - 25/12/15 09:39:24 WARN NativeCodeLoader: Unable to load native-hadoop library for your platform... using builtin-java classes where applicable
[2025-12-15T09:39:29.364+0000] {subprocess.py:93} INFO - 25/12/15 09:39:29 INFO SparkContext: Running Spark version 3.5.0
[2025-12-15T09:39:29.366+0000] {subprocess.py:93} INFO - 25/12/15 09:39:29 INFO SparkContext: OS info Linux, 5.15.167.4-microsoft-standard-WSL2, amd64
[2025-12-15T09:39:29.376+0000] {subprocess.py:93} INFO - 25/12/15 09:39:29 INFO SparkContext: Java version 11.0.20.1
[2025-12-15T09:39:29.499+0000] {subprocess.py:93} INFO - 25/12/15 09:39:29 INFO ResourceUtils: ==============================================================
[2025-12-15T09:39:29.512+0000] {subprocess.py:93} INFO - 25/12/15 09:39:29 INFO ResourceUtils: No custom resources configured for spark.driver.
[2025-12-15T09:39:29.520+0000] {subprocess.py:93} INFO - 25/12/15 09:39:29 INFO ResourceUtils: ==============================================================
[2025-12-15T09:39:29.523+0000] {subprocess.py:93} INFO - 25/12/15 09:39:29 INFO SparkContext: Submitted application: ExchangeRatesBatchLayer
[2025-12-15T09:39:29.663+0000] {subprocess.py:93} INFO - 25/12/15 09:39:29 INFO ResourceProfile: Default ResourceProfile created, executor resources: Map(memory -> name: memory, amount: 1024, script: , vendor: , offHeap -> name: offHeap, amount: 0, script: , vendor: ), task resources: Map(cpus -> name: cpus, amount: 1.0)
[2025-12-15T09:39:29.740+0000] {subprocess.py:93} INFO - 25/12/15 09:39:29 INFO ResourceProfile: Limiting resource is cpu
[2025-12-15T09:39:29.756+0000] {subprocess.py:93} INFO - 25/12/15 09:39:29 INFO ResourceProfileManager: Added ResourceProfile id: 0
[2025-12-15T09:39:29.869+0000] {subprocess.py:93} INFO - 25/12/15 09:39:29 INFO SecurityManager: Changing view acls to: spark
[2025-12-15T09:39:29.871+0000] {subprocess.py:93} INFO - 25/12/15 09:39:29 INFO SecurityManager: Changing modify acls to: spark
[2025-12-15T09:39:29.874+0000] {subprocess.py:93} INFO - 25/12/15 09:39:29 INFO SecurityManager: Changing view acls groups to:
[2025-12-15T09:39:29.875+0000] {subprocess.py:93} INFO - 25/12/15 09:39:29 INFO SecurityManager: Changing modify acls groups to:
[2025-12-15T09:39:29.876+0000] {subprocess.py:93} INFO - 25/12/15 09:39:29 INFO SecurityManager: SecurityManager: authentication disabled; ui acls disabled; users with view permissions: spark; groups with view permissions: EMPTY; users with modify permissions: spark; groups with modify permissions: EMPTY
[2025-12-15T09:39:30.394+0000] {subprocess.py:93} INFO - 25/12/15 09:39:30 INFO Utils: Successfully started service 'sparkDriver' on port 42671.
[2025-12-15T09:39:30.457+0000] {subprocess.py:93} INFO - 25/12/15 09:39:30 INFO SparkEnv: Registering MapOutputTracker
[2025-12-15T09:39:30.521+0000] {subprocess.py:93} INFO - 25/12/15 09:39:30 INFO SparkEnv: Registering BlockManagerMaster
[2025-12-15T09:39:30.555+0000] {subprocess.py:93} INFO - 25/12/15 09:39:30 INFO BlockManagerMasterEndpoint: Using org.apache.spark.storage.DefaultTopologyMapper for getting topology information
[2025-12-15T09:39:30.556+0000] {subprocess.py:93} INFO - 25/12/15 09:39:30 INFO BlockManagerMasterEndpoint: BlockManagerMasterEndpoint up
[2025-12-15T09:39:30.566+0000] {subprocess.py:93} INFO - 25/12/15 09:39:30 INFO SparkEnv: Registering BlockManagerMasterHeartbeat
[2025-12-15T09:39:30.630+0000] {subprocess.py:93} INFO - 25/12/15 09:39:30 INFO DiskBlockManager: Created local directory at /tmp/blockmgr-fb4a05a0-7119-47e2-bd8a-2dc2f417e83b
[2025-12-15T09:39:30.712+0000] {subprocess.py:93} INFO - 25/12/15 09:39:30 INFO MemoryStore: MemoryStore started with capacity 434.4 MiB
[2025-12-15T09:39:30.755+0000] {subprocess.py:93} INFO - 25/12/15 09:39:30 INFO SparkEnv: Registering OutputCommitCoordinator
[2025-12-15T09:39:31.053+0000] {subprocess.py:93} INFO - 25/12/15 09:39:31 INFO JettyUtils: Start Jetty 0.0.0.0:4040 for SparkUI
[2025-12-15T09:39:31.170+0000] {subprocess.py:93} INFO - 25/12/15 09:39:31 INFO Utils: Successfully started service 'SparkUI' on port 4040.
[2025-12-15T09:39:31.288+0000] {subprocess.py:93} INFO - 25/12/15 09:39:31 INFO SparkContext: Added JAR file:///home/spark/.ivy2/jars/org.apache.spark_spark-sql-kafka-0-10_2.12-3.5.0.jar at spark://b454207e355c:42671/jars/org.apache.spark_spark-sql-kafka-0-10_2.12-3.5.0.jar with timestamp 1765791569314
[2025-12-15T09:39:31.289+0000] {subprocess.py:93} INFO - 25/12/15 09:39:31 INFO SparkContext: Added JAR file:///home/spark/.ivy2/jars/org.apache.spark_spark-avro_2.12-3.5.0.jar at spark://b454207e355c:42671/jars/org.apache.spark_spark-avro_2.12-3.5.0.jar with timestamp 1765791569314
[2025-12-15T09:39:31.308+0000] {subprocess.py:93} INFO - 25/12/15 09:39:31 INFO SparkContext: Added JAR file:///home/spark/.ivy2/jars/org.apache.spark_spark-token-provider-kafka-0-10_2.12-3.5.0.jar at spark://b454207e355c:42671/jars/org.apache.spark_spark-token-provider-kafka-0-10_2.12-3.5.0.jar with timestamp 1765791569314
[2025-12-15T09:39:31.309+0000] {subprocess.py:93} INFO - 25/12/15 09:39:31 INFO SparkContext: Added JAR file:///home/spark/.ivy2/jars/org.apache.kafka_kafka-clients-3.4.1.jar at spark://b454207e355c:42671/jars/org.apache.kafka_kafka-clients-3.4.1.jar with timestamp 1765791569314
[2025-12-15T09:39:31.309+0000] {subprocess.py:93} INFO - 25/12/15 09:39:31 INFO SparkContext: Added JAR file:///home/spark/.ivy2/jars/com.google.code.findbugs_jsr305-3.0.0.jar at spark://b454207e355c:42671/jars/com.google.code.findbugs_jsr305-3.0.0.jar with timestamp 1765791569314
[2025-12-15T09:39:31.311+0000] {subprocess.py:93} INFO - 25/12/15 09:39:31 INFO SparkContext: Added JAR file:///home/spark/.ivy2/jars/org.apache.commons_commons-pool2-2.11.1.jar at spark://b454207e355c:42671/jars/org.apache.commons_commons-pool2-2.11.1.jar with timestamp 1765791569314
[2025-12-15T09:39:31.312+0000] {subprocess.py:93} INFO - 25/12/15 09:39:31 INFO SparkContext: Added JAR file:///home/spark/.ivy2/jars/org.apache.hadoop_hadoop-client-runtime-3.3.4.jar at spark://b454207e355c:42671/jars/org.apache.hadoop_hadoop-client-runtime-3.3.4.jar with timestamp 1765791569314
[2025-12-15T09:39:31.313+0000] {subprocess.py:93} INFO - 25/12/15 09:39:31 INFO SparkContext: Added JAR file:///home/spark/.ivy2/jars/org.lz4_lz4-java-1.8.0.jar at spark://b454207e355c:42671/jars/org.lz4_lz4-java-1.8.0.jar with timestamp 1765791569314
[2025-12-15T09:39:31.313+0000] {subprocess.py:93} INFO - 25/12/15 09:39:31 INFO SparkContext: Added JAR file:///home/spark/.ivy2/jars/org.xerial.snappy_snappy-java-1.1.10.3.jar at spark://b454207e355c:42671/jars/org.xerial.snappy_snappy-java-1.1.10.3.jar with timestamp 1765791569314
[2025-12-15T09:39:31.315+0000] {subprocess.py:93} INFO - 25/12/15 09:39:31 INFO SparkContext: Added JAR file:///home/spark/.ivy2/jars/org.slf4j_slf4j-api-2.0.7.jar at spark://b454207e355c:42671/jars/org.slf4j_slf4j-api-2.0.7.jar with timestamp 1765791569314
[2025-12-15T09:39:31.317+0000] {subprocess.py:93} INFO - 25/12/15 09:39:31 INFO SparkContext: Added JAR file:///home/spark/.ivy2/jars/org.apache.hadoop_hadoop-client-api-3.3.4.jar at spark://b454207e355c:42671/jars/org.apache.hadoop_hadoop-client-api-3.3.4.jar with timestamp 1765791569314
[2025-12-15T09:39:31.318+0000] {subprocess.py:93} INFO - 25/12/15 09:39:31 INFO SparkContext: Added JAR file:///home/spark/.ivy2/jars/commons-logging_commons-logging-1.1.3.jar at spark://b454207e355c:42671/jars/commons-logging_commons-logging-1.1.3.jar with timestamp 1765791569314
[2025-12-15T09:39:31.319+0000] {subprocess.py:93} INFO - 25/12/15 09:39:31 INFO SparkContext: Added JAR file:///home/spark/.ivy2/jars/org.tukaani_xz-1.9.jar at spark://b454207e355c:42671/jars/org.tukaani_xz-1.9.jar with timestamp 1765791569314
[2025-12-15T09:39:31.330+0000] {subprocess.py:93} INFO - 25/12/15 09:39:31 INFO SparkContext: Added file file:///home/spark/.ivy2/jars/org.apache.spark_spark-sql-kafka-0-10_2.12-3.5.0.jar at spark://b454207e355c:42671/files/org.apache.spark_spark-sql-kafka-0-10_2.12-3.5.0.jar with timestamp 1765791569314
[2025-12-15T09:39:31.342+0000] {subprocess.py:93} INFO - 25/12/15 09:39:31 INFO Utils: Copying /home/spark/.ivy2/jars/org.apache.spark_spark-sql-kafka-0-10_2.12-3.5.0.jar to /tmp/spark-b08fd7d3-775e-48b3-b5a9-c74cae4e38d3/userFiles-acbe7bb1-78eb-418d-bd77-10cfdc3ac2e4/org.apache.spark_spark-sql-kafka-0-10_2.12-3.5.0.jar
[2025-12-15T09:39:31.412+0000] {subprocess.py:93} INFO - 25/12/15 09:39:31 INFO SparkContext: Added file file:///home/spark/.ivy2/jars/org.apache.spark_spark-avro_2.12-3.5.0.jar at spark://b454207e355c:42671/files/org.apache.spark_spark-avro_2.12-3.5.0.jar with timestamp 1765791569314
[2025-12-15T09:39:31.419+0000] {subprocess.py:93} INFO - 25/12/15 09:39:31 INFO Utils: Copying /home/spark/.ivy2/jars/org.apache.spark_spark-avro_2.12-3.5.0.jar to /tmp/spark-b08fd7d3-775e-48b3-b5a9-c74cae4e38d3/userFiles-acbe7bb1-78eb-418d-bd77-10cfdc3ac2e4/org.apache.spark_spark-avro_2.12-3.5.0.jar
[2025-12-15T09:39:31.441+0000] {subprocess.py:93} INFO - 25/12/15 09:39:31 INFO SparkContext: Added file file:///home/spark/.ivy2/jars/org.apache.spark_spark-token-provider-kafka-0-10_2.12-3.5.0.jar at spark://b454207e355c:42671/files/org.apache.spark_spark-token-provider-kafka-0-10_2.12-3.5.0.jar with timestamp 1765791569314
[2025-12-15T09:39:31.442+0000] {subprocess.py:93} INFO - 25/12/15 09:39:31 INFO Utils: Copying /home/spark/.ivy2/jars/org.apache.spark_spark-token-provider-kafka-0-10_2.12-3.5.0.jar to /tmp/spark-b08fd7d3-775e-48b3-b5a9-c74cae4e38d3/userFiles-acbe7bb1-78eb-418d-bd77-10cfdc3ac2e4/org.apache.spark_spark-token-provider-kafka-0-10_2.12-3.5.0.jar
[2025-12-15T09:39:31.444+0000] {subprocess.py:93} INFO - 25/12/15 09:39:31 INFO SparkContext: Added file file:///home/spark/.ivy2/jars/org.apache.kafka_kafka-clients-3.4.1.jar at spark://b454207e355c:42671/files/org.apache.kafka_kafka-clients-3.4.1.jar with timestamp 1765791569314
[2025-12-15T09:39:31.446+0000] {subprocess.py:93} INFO - 25/12/15 09:39:31 INFO Utils: Copying /home/spark/.ivy2/jars/org.apache.kafka_kafka-clients-3.4.1.jar to /tmp/spark-b08fd7d3-775e-48b3-b5a9-c74cae4e38d3/userFiles-acbe7bb1-78eb-418d-bd77-10cfdc3ac2e4/org.apache.kafka_kafka-clients-3.4.1.jar
[2025-12-15T09:39:31.504+0000] {subprocess.py:93} INFO - 25/12/15 09:39:31 INFO SparkContext: Added file file:///home/spark/.ivy2/jars/com.google.code.findbugs_jsr305-3.0.0.jar at spark://b454207e355c:42671/files/com.google.code.findbugs_jsr305-3.0.0.jar with timestamp 1765791569314
[2025-12-15T09:39:31.505+0000] {subprocess.py:93} INFO - 25/12/15 09:39:31 INFO Utils: Copying /home/spark/.ivy2/jars/com.google.code.findbugs_jsr305-3.0.0.jar to /tmp/spark-b08fd7d3-775e-48b3-b5a9-c74cae4e38d3/userFiles-acbe7bb1-78eb-418d-bd77-10cfdc3ac2e4/com.google.code.findbugs_jsr305-3.0.0.jar
[2025-12-15T09:39:31.527+0000] {subprocess.py:93} INFO - 25/12/15 09:39:31 INFO SparkContext: Added file file:///home/spark/.ivy2/jars/org.apache.commons_commons-pool2-2.11.1.jar at spark://b454207e355c:42671/files/org.apache.commons_commons-pool2-2.11.1.jar with timestamp 1765791569314
[2025-12-15T09:39:31.529+0000] {subprocess.py:93} INFO - 25/12/15 09:39:31 INFO Utils: Copying /home/spark/.ivy2/jars/org.apache.commons_commons-pool2-2.11.1.jar to /tmp/spark-b08fd7d3-775e-48b3-b5a9-c74cae4e38d3/userFiles-acbe7bb1-78eb-418d-bd77-10cfdc3ac2e4/org.apache.commons_commons-pool2-2.11.1.jar
[2025-12-15T09:39:31.580+0000] {subprocess.py:93} INFO - 25/12/15 09:39:31 INFO SparkContext: Added file file:///home/spark/.ivy2/jars/org.apache.hadoop_hadoop-client-runtime-3.3.4.jar at spark://b454207e355c:42671/files/org.apache.hadoop_hadoop-client-runtime-3.3.4.jar with timestamp 1765791569314
[2025-12-15T09:39:31.582+0000] {subprocess.py:93} INFO - 25/12/15 09:39:31 INFO Utils: Copying /home/spark/.ivy2/jars/org.apache.hadoop_hadoop-client-runtime-3.3.4.jar to /tmp/spark-b08fd7d3-775e-48b3-b5a9-c74cae4e38d3/userFiles-acbe7bb1-78eb-418d-bd77-10cfdc3ac2e4/org.apache.hadoop_hadoop-client-runtime-3.3.4.jar
[2025-12-15T09:39:31.731+0000] {subprocess.py:93} INFO - 25/12/15 09:39:31 INFO SparkContext: Added file file:///home/spark/.ivy2/jars/org.lz4_lz4-java-1.8.0.jar at spark://b454207e355c:42671/files/org.lz4_lz4-java-1.8.0.jar with timestamp 1765791569314
[2025-12-15T09:39:31.733+0000] {subprocess.py:93} INFO - 25/12/15 09:39:31 INFO Utils: Copying /home/spark/.ivy2/jars/org.lz4_lz4-java-1.8.0.jar to /tmp/spark-b08fd7d3-775e-48b3-b5a9-c74cae4e38d3/userFiles-acbe7bb1-78eb-418d-bd77-10cfdc3ac2e4/org.lz4_lz4-java-1.8.0.jar
[2025-12-15T09:39:31.766+0000] {subprocess.py:93} INFO - 25/12/15 09:39:31 INFO SparkContext: Added file file:///home/spark/.ivy2/jars/org.xerial.snappy_snappy-java-1.1.10.3.jar at spark://b454207e355c:42671/files/org.xerial.snappy_snappy-java-1.1.10.3.jar with timestamp 1765791569314
[2025-12-15T09:39:31.772+0000] {subprocess.py:93} INFO - 25/12/15 09:39:31 INFO Utils: Copying /home/spark/.ivy2/jars/org.xerial.snappy_snappy-java-1.1.10.3.jar to /tmp/spark-b08fd7d3-775e-48b3-b5a9-c74cae4e38d3/userFiles-acbe7bb1-78eb-418d-bd77-10cfdc3ac2e4/org.xerial.snappy_snappy-java-1.1.10.3.jar
[2025-12-15T09:39:31.837+0000] {subprocess.py:93} INFO - 25/12/15 09:39:31 INFO SparkContext: Added file file:///home/spark/.ivy2/jars/org.slf4j_slf4j-api-2.0.7.jar at spark://b454207e355c:42671/files/org.slf4j_slf4j-api-2.0.7.jar with timestamp 1765791569314
[2025-12-15T09:39:31.849+0000] {subprocess.py:93} INFO - 25/12/15 09:39:31 INFO Utils: Copying /home/spark/.ivy2/jars/org.slf4j_slf4j-api-2.0.7.jar to /tmp/spark-b08fd7d3-775e-48b3-b5a9-c74cae4e38d3/userFiles-acbe7bb1-78eb-418d-bd77-10cfdc3ac2e4/org.slf4j_slf4j-api-2.0.7.jar
[2025-12-15T09:39:31.889+0000] {subprocess.py:93} INFO - 25/12/15 09:39:31 INFO SparkContext: Added file file:///home/spark/.ivy2/jars/org.apache.hadoop_hadoop-client-api-3.3.4.jar at spark://b454207e355c:42671/files/org.apache.hadoop_hadoop-client-api-3.3.4.jar with timestamp 1765791569314
[2025-12-15T09:39:31.893+0000] {subprocess.py:93} INFO - 25/12/15 09:39:31 INFO Utils: Copying /home/spark/.ivy2/jars/org.apache.hadoop_hadoop-client-api-3.3.4.jar to /tmp/spark-b08fd7d3-775e-48b3-b5a9-c74cae4e38d3/userFiles-acbe7bb1-78eb-418d-bd77-10cfdc3ac2e4/org.apache.hadoop_hadoop-client-api-3.3.4.jar
[2025-12-15T09:39:32.040+0000] {subprocess.py:93} INFO - 25/12/15 09:39:32 INFO SparkContext: Added file file:///home/spark/.ivy2/jars/commons-logging_commons-logging-1.1.3.jar at spark://b454207e355c:42671/files/commons-logging_commons-logging-1.1.3.jar with timestamp 1765791569314
[2025-12-15T09:39:32.041+0000] {subprocess.py:93} INFO - 25/12/15 09:39:32 INFO Utils: Copying /home/spark/.ivy2/jars/commons-logging_commons-logging-1.1.3.jar to /tmp/spark-b08fd7d3-775e-48b3-b5a9-c74cae4e38d3/userFiles-acbe7bb1-78eb-418d-bd77-10cfdc3ac2e4/commons-logging_commons-logging-1.1.3.jar
[2025-12-15T09:39:32.051+0000] {subprocess.py:93} INFO - 25/12/15 09:39:32 INFO SparkContext: Added file file:///home/spark/.ivy2/jars/org.tukaani_xz-1.9.jar at spark://b454207e355c:42671/files/org.tukaani_xz-1.9.jar with timestamp 1765791569314
[2025-12-15T09:39:32.052+0000] {subprocess.py:93} INFO - 25/12/15 09:39:32 INFO Utils: Copying /home/spark/.ivy2/jars/org.tukaani_xz-1.9.jar to /tmp/spark-b08fd7d3-775e-48b3-b5a9-c74cae4e38d3/userFiles-acbe7bb1-78eb-418d-bd77-10cfdc3ac2e4/org.tukaani_xz-1.9.jar
[2025-12-15T09:39:32.199+0000] {subprocess.py:93} INFO - 25/12/15 09:39:32 INFO StandaloneAppClient$ClientEndpoint: Connecting to master spark://spark-master:7077...
[2025-12-15T09:39:32.275+0000] {subprocess.py:93} INFO - 25/12/15 09:39:32 INFO TransportClientFactory: Successfully created connection to spark-master/172.19.0.7:7077 after 50 ms (0 ms spent in bootstraps)
[2025-12-15T09:39:32.646+0000] {subprocess.py:93} INFO - 25/12/15 09:39:32 INFO StandaloneSchedulerBackend: Connected to Spark cluster with app ID app-20251215093932-0000
[2025-12-15T09:39:32.688+0000] {subprocess.py:93} INFO - 25/12/15 09:39:32 INFO Utils: Successfully started service 'org.apache.spark.network.netty.NettyBlockTransferService' on port 46883.
[2025-12-15T09:39:32.689+0000] {subprocess.py:93} INFO - 25/12/15 09:39:32 INFO NettyBlockTransferService: Server created on b454207e355c:46883
[2025-12-15T09:39:32.694+0000] {subprocess.py:93} INFO - 25/12/15 09:39:32 INFO BlockManager: Using org.apache.spark.storage.RandomBlockReplicationPolicy for block replication policy
[2025-12-15T09:39:32.711+0000] {subprocess.py:93} INFO - 25/12/15 09:39:32 INFO BlockManagerMaster: Registering BlockManager BlockManagerId(driver, b454207e355c, 46883, None)
[2025-12-15T09:39:32.717+0000] {subprocess.py:93} INFO - 25/12/15 09:39:32 INFO BlockManagerMasterEndpoint: Registering block manager b454207e355c:46883 with 434.4 MiB RAM, BlockManagerId(driver, b454207e355c, 46883, None)
[2025-12-15T09:39:32.725+0000] {subprocess.py:93} INFO - 25/12/15 09:39:32 INFO BlockManagerMaster: Registered BlockManager BlockManagerId(driver, b454207e355c, 46883, None)
[2025-12-15T09:39:32.728+0000] {subprocess.py:93} INFO - 25/12/15 09:39:32 INFO BlockManager: Initialized BlockManager: BlockManagerId(driver, b454207e355c, 46883, None)
[2025-12-15T09:39:32.788+0000] {subprocess.py:93} INFO - 25/12/15 09:39:32 INFO StandaloneAppClient$ClientEndpoint: Executor added: app-20251215093932-0000/0 on worker-20251215093605-172.19.0.10-40687 (172.19.0.10:40687) with 2 core(s)
[2025-12-15T09:39:32.806+0000] {subprocess.py:93} INFO - 25/12/15 09:39:32 INFO StandaloneSchedulerBackend: Granted executor ID app-20251215093932-0000/0 on hostPort 172.19.0.10:40687 with 2 core(s), 1024.0 MiB RAM
[2025-12-15T09:39:33.252+0000] {subprocess.py:93} INFO - 25/12/15 09:39:33 INFO StandaloneAppClient$ClientEndpoint: Executor updated: app-20251215093932-0000/0 is now RUNNING
[2025-12-15T09:39:33.538+0000] {subprocess.py:93} INFO - 25/12/15 09:39:33 INFO StandaloneSchedulerBackend: SchedulerBackend is ready for scheduling beginning after reached minRegisteredResourcesRatio: 0.0
[2025-12-15T09:39:46.562+0000] {subprocess.py:93} INFO - 25/12/15 09:39:46 WARN HiveConf: HiveConf of name hive.stats.jdbc.timeout does not exist
[2025-12-15T09:39:46.566+0000] {subprocess.py:93} INFO - 25/12/15 09:39:46 WARN HiveConf: HiveConf of name hive.stats.retries.wait does not exist
[2025-12-15T09:39:55.863+0000] {subprocess.py:93} INFO - 25/12/15 09:39:55 WARN ObjectStore: Version information not found in metastore. hive.metastore.schema.verification is not enabled so recording the schema version 2.3.0
[2025-12-15T09:39:55.864+0000] {subprocess.py:93} INFO - 25/12/15 09:39:55 WARN ObjectStore: setMetaStoreSchemaVersion called but recording version is disabled: version = 2.3.0, comment = Set by MetaStore UNKNOWN@172.19.0.7
[2025-12-15T09:39:55.907+0000] {subprocess.py:93} INFO - 25/12/15 09:39:55 WARN ObjectStore: Failed to get database default, returning NoSuchObjectException
[2025-12-15T09:39:56.807+0000] {subprocess.py:93} INFO - 25/12/15 09:39:56 WARN SessionState: METASTORE_FILTER_HOOK will be ignored, since hive.security.authorization.manager is set to instance of HiveAuthorizerFactory.
[2025-12-15T09:39:57.115+0000] {subprocess.py:93} INFO - 25/12/15 09:39:57 WARN HiveConf: HiveConf of name hive.internal.ss.authz.settings.applied.marker does not exist
[2025-12-15T09:39:57.117+0000] {subprocess.py:93} INFO - 25/12/15 09:39:57 WARN HiveConf: HiveConf of name hive.stats.jdbc.timeout does not exist
[2025-12-15T09:39:57.118+0000] {subprocess.py:93} INFO - 25/12/15 09:39:57 WARN HiveConf: HiveConf of name hive.stats.retries.wait does not exist
[2025-12-15T09:39:57.154+0000] {subprocess.py:93} INFO - 25/12/15 09:39:57 WARN HiveMetaStore: Location: file:/opt/spark/work-dir/spark-warehouse/exchange_rates_master specified for non-external table:exchange_rates_master
[2025-12-15T09:39:59.361+0000] {subprocess.py:93} INFO - 25/12/15 09:39:59 WARN AdminClientConfig: These configurations '[key.deserializer, value.deserializer, enable.auto.commit, max.poll.records, auto.offset.reset]' were supplied but are not used yet.
[2025-12-15T09:40:14.313+0000] {subprocess.py:93} INFO - 25/12/15 09:40:14 WARN ObjectStore: Failed to get database global_temp, returning NoSuchObjectException
[2025-12-15T09:40:14.321+0000] {subprocess.py:93} INFO - ✅ Données insérées dans exchange_rates_master (AVRO)
[2025-12-15T09:40:14.400+0000] {subprocess.py:93} INFO - 25/12/15 09:40:14 WARN HiveMetaStore: Location: file:/opt/spark/work-dir/spark-warehouse/exchange_rates_daily_avg specified for non-external table:exchange_rates_daily_avg
[2025-12-15T09:40:20.623+0000] {subprocess.py:93} INFO - ✅ Batch view exchange_rates_daily_avg créée (PARQUET)
[2025-12-15T09:40:21.248+0000] {subprocess.py:93} INFO - 🚀 Batch Layer terminé avec succès
[2025-12-15T09:40:21.509+0000] {subprocess.py:97} INFO - Command exited with return code 0
[2025-12-15T09:40:21.541+0000] {taskinstance.py:340} INFO - ::group::Post task execution logs
[2025-12-15T09:40:21.542+0000] {taskinstance.py:352} INFO - Marking task as SUCCESS. dag_id=batch_layer_pipeline, task_id=run_batch_layer, run_id=scheduled__2025-12-15T08:00:00+00:00, execution_date=20251215T080000, start_date=20251215T093841, end_date=20251215T094021
[2025-12-15T09:40:21.587+0000] {local_task_job_runner.py:261} INFO - Task exited with return code 0
[2025-12-15T09:40:21.622+0000] {taskinstance.py:3891} INFO - 1 downstream tasks scheduled from follow-on schedule check
[2025-12-15T09:40:21.628+0000] {local_task_job_runner.py:240} INFO - ::endgroup::
